[0.018s] Invoking command in '/home/ekambehl/chess_ws/build/realsense2_camera': CMAKE_PREFIX_PATH=/home/ekambehl/chess_ws/install/realsense2_camera_msgs:/home/ekambehl/chess_ws/install/realsense2_description:/home/ekambehl/chess_ws/install/realsense2_camera:/home/ekambehl/ros_ws/install/realsense2_description:/home/ekambehl/ros_ws/install/realsense2_camera:/home/ekambehl/ros_ws/install/realsense2_camera_msgs:/home/ekambehl/ros2_ws/install/realsense2_description:/home/ekambehl/ros2_ws/install/realsense2_camera_msgs:/home/ekambehl/chess_ws/install/my_chess_controller:/home/ekambehl/ros_ws/install/my_robot_camera_driver:/home/ekambehl/ros2_ws/install/my_robot_camera_driver:/opt/ros/humble LD_LIBRARY_PATH=/home/ekambehl/chess_ws/install/realsense2_camera_msgs/lib:/home/ekambehl/chess_ws/install/realsense2_camera/lib:/home/ekambehl/ros_ws/install/realsense2_camera/lib:/home/ekambehl/ros_ws/install/realsense2_camera_msgs/lib:/home/ekambehl/ros2_ws/install/realsense2_camera_msgs/lib:/opt/ros/humble/opt/rviz_ogre_vendor/lib:/opt/ros/humble/lib/x86_64-linux-gnu:/opt/ros/humble/lib /usr/bin/cmake --build /home/ekambehl/chess_ws/build/realsense2_camera -- -j16 -l16
[0.046s] -- Create Release Build.
[0.046s] -- Found ament_cmake: 1.3.3 (/opt/ros/humble/share/ament_cmake/cmake)
[0.187s] -- Found builtin_interfaces: 1.2.1 (/opt/ros/humble/share/builtin_interfaces/cmake)
[0.207s] -- Found rosidl_generator_c: 3.1.4 (/opt/ros/humble/share/rosidl_generator_c/cmake)
[0.209s] -- Found rosidl_adapter: 3.1.4 (/opt/ros/humble/share/rosidl_adapter/cmake)
[0.214s] -- Found rosidl_generator_cpp: 3.1.4 (/opt/ros/humble/share/rosidl_generator_cpp/cmake)
[0.223s] -- Using all available rosidl_typesupport_c: rosidl_typesupport_fastrtps_c;rosidl_typesupport_introspection_c
[0.235s] -- Using all available rosidl_typesupport_cpp: rosidl_typesupport_fastrtps_cpp;rosidl_typesupport_introspection_cpp
[0.247s] -- Found cv_bridge: 3.2.1 (/opt/ros/humble/share/cv_bridge/cmake)
[0.420s] -- Found image_transport: 3.1.5 (/opt/ros/humble/share/image_transport/cmake)
[0.462s] -- Found rmw_implementation_cmake: 6.1.1 (/opt/ros/humble/share/rmw_implementation_cmake/cmake)
[0.463s] -- Found rmw_fastrtps_cpp: 6.2.2 (/opt/ros/humble/share/rmw_fastrtps_cpp/cmake)
[0.557s] -- Using RMW implementation 'rmw_fastrtps_cpp' as default
[0.711s] -- Found rclcpp_components: 16.0.2 (/opt/ros/humble/share/rclcpp_components/cmake)
[0.758s] -- Found realsense2_camera_msgs: 4.51.1 (/home/ekambehl/chess_ws/install/realsense2_camera_msgs/share/realsense2_camera_msgs/cmake)
[0.805s] -- Found nav_msgs: 4.2.2 (/opt/ros/humble/share/nav_msgs/cmake)
[0.872s] -- Found tf2_ros: 0.25.1 (/opt/ros/humble/share/tf2_ros/cmake)
[1.088s] -- Found diagnostic_updater: 3.0.0 (/opt/ros/humble/share/diagnostic_updater/cmake)
[1.143s] -- Build for ROS2 Humble
[1.233s] -- Configuring done
[1.254s] -- Generating done
[1.256s] -- Build files have been written to: /home/ekambehl/chess_ws/build/realsense2_camera
[1.281s] [35m[1mConsolidate compiler generated dependencies of target realsense2_camera_node[0m
[1.292s] [35m[1mConsolidate compiler generated dependencies of target realsense2_camera[0m
[1.298s] [  6%] [32mBuilding CXX object CMakeFiles/realsense2_camera_node.dir/rclcpp_components/node_main_realsense2_camera_node.cpp.o[0m
[1.343s] [ 12%] [32mBuilding CXX object CMakeFiles/realsense2_camera.dir/src/realsense_node_factory.cpp.o[0m
[1.345s] [ 18%] [32mBuilding CXX object CMakeFiles/realsense2_camera.dir/src/base_realsense_node.cpp.o[0m
[1.346s] [ 25%] [32mBuilding CXX object CMakeFiles/realsense2_camera.dir/src/t265_realsense_node.cpp.o[0m
[1.347s] [ 31%] [32mBuilding CXX object CMakeFiles/realsense2_camera.dir/src/parameters.cpp.o[0m
[1.348s] [ 37%] [32mBuilding CXX object CMakeFiles/realsense2_camera.dir/src/rs_node_setup.cpp.o[0m
[1.349s] [ 43%] [32mBuilding CXX object CMakeFiles/realsense2_camera.dir/src/ros_sensor.cpp.o[0m
[1.351s] [ 50%] [32mBuilding CXX object CMakeFiles/realsense2_camera.dir/src/ros_utils.cpp.o[0m
[1.353s] [ 56%] [32mBuilding CXX object CMakeFiles/realsense2_camera.dir/src/dynamic_params.cpp.o[0m
[1.354s] [ 62%] [32mBuilding CXX object CMakeFiles/realsense2_camera.dir/src/sensor_params.cpp.o[0m
[1.355s] [ 68%] [32mBuilding CXX object CMakeFiles/realsense2_camera.dir/src/named_filter.cpp.o[0m
[1.355s] [ 75%] [32mBuilding CXX object CMakeFiles/realsense2_camera.dir/src/profile_manager.cpp.o[0m
[1.357s] [ 81%] [32mBuilding CXX object CMakeFiles/realsense2_camera.dir/src/image_publisher.cpp.o[0m
[1.358s] [ 87%] [32mBuilding CXX object CMakeFiles/realsense2_camera.dir/src/ros_param_backend_foxy.cpp.o[0m
[8.510s] [ 93%] [32m[1mLinking CXX executable realsense2_camera_node[0m
[8.728s] [ 93%] Built target realsense2_camera_node
[21.181s] [100%] [32m[1mLinking CXX shared library librealsense2_camera.so[0m
[21.557s] [100%] Built target realsense2_camera
[21.569s] Invoked command in '/home/ekambehl/chess_ws/build/realsense2_camera' returned '0': CMAKE_PREFIX_PATH=/home/ekambehl/chess_ws/install/realsense2_camera_msgs:/home/ekambehl/chess_ws/install/realsense2_description:/home/ekambehl/chess_ws/install/realsense2_camera:/home/ekambehl/ros_ws/install/realsense2_description:/home/ekambehl/ros_ws/install/realsense2_camera:/home/ekambehl/ros_ws/install/realsense2_camera_msgs:/home/ekambehl/ros2_ws/install/realsense2_description:/home/ekambehl/ros2_ws/install/realsense2_camera_msgs:/home/ekambehl/chess_ws/install/my_chess_controller:/home/ekambehl/ros_ws/install/my_robot_camera_driver:/home/ekambehl/ros2_ws/install/my_robot_camera_driver:/opt/ros/humble LD_LIBRARY_PATH=/home/ekambehl/chess_ws/install/realsense2_camera_msgs/lib:/home/ekambehl/chess_ws/install/realsense2_camera/lib:/home/ekambehl/ros_ws/install/realsense2_camera/lib:/home/ekambehl/ros_ws/install/realsense2_camera_msgs/lib:/home/ekambehl/ros2_ws/install/realsense2_camera_msgs/lib:/opt/ros/humble/opt/rviz_ogre_vendor/lib:/opt/ros/humble/lib/x86_64-linux-gnu:/opt/ros/humble/lib /usr/bin/cmake --build /home/ekambehl/chess_ws/build/realsense2_camera -- -j16 -l16
[21.622s] Invoking command in '/home/ekambehl/chess_ws/build/realsense2_camera': CMAKE_PREFIX_PATH=/home/ekambehl/chess_ws/install/realsense2_camera_msgs:/home/ekambehl/chess_ws/install/realsense2_description:/home/ekambehl/chess_ws/install/realsense2_camera:/home/ekambehl/ros_ws/install/realsense2_description:/home/ekambehl/ros_ws/install/realsense2_camera:/home/ekambehl/ros_ws/install/realsense2_camera_msgs:/home/ekambehl/ros2_ws/install/realsense2_description:/home/ekambehl/ros2_ws/install/realsense2_camera_msgs:/home/ekambehl/chess_ws/install/my_chess_controller:/home/ekambehl/ros_ws/install/my_robot_camera_driver:/home/ekambehl/ros2_ws/install/my_robot_camera_driver:/opt/ros/humble LD_LIBRARY_PATH=/home/ekambehl/chess_ws/install/realsense2_camera_msgs/lib:/home/ekambehl/chess_ws/install/realsense2_camera/lib:/home/ekambehl/ros_ws/install/realsense2_camera/lib:/home/ekambehl/ros_ws/install/realsense2_camera_msgs/lib:/home/ekambehl/ros2_ws/install/realsense2_camera_msgs/lib:/opt/ros/humble/opt/rviz_ogre_vendor/lib:/opt/ros/humble/lib/x86_64-linux-gnu:/opt/ros/humble/lib /usr/bin/cmake --install /home/ekambehl/chess_ws/build/realsense2_camera
[21.629s] -- Install configuration: "Release"
[21.629s] -- Installing: /home/ekambehl/chess_ws/install/realsense2_camera/lib/realsense2_camera/realsense2_camera_node
[21.629s] -- Set runtime path of "/home/ekambehl/chess_ws/install/realsense2_camera/lib/realsense2_camera/realsense2_camera_node" to ""
[21.630s] -- Installing: /home/ekambehl/chess_ws/install/realsense2_camera/lib/librealsense2_camera.so
[21.633s] -- Set runtime path of "/home/ekambehl/chess_ws/install/realsense2_camera/lib/librealsense2_camera.so" to ""
[21.633s] -- Up-to-date: /home/ekambehl/chess_ws/install/realsense2_camera/include
[21.634s] -- Up-to-date: /home/ekambehl/chess_ws/install/realsense2_camera/include/named_filter.h
[21.634s] -- Up-to-date: /home/ekambehl/chess_ws/install/realsense2_camera/include/dynamic_params.h
[21.634s] -- Up-to-date: /home/ekambehl/chess_ws/install/realsense2_camera/include/sensor_params.h
[21.634s] -- Up-to-date: /home/ekambehl/chess_ws/install/realsense2_camera/include/ros_param_backend.h
[21.634s] -- Up-to-date: /home/ekambehl/chess_ws/install/realsense2_camera/include/ros_sensor.h
[21.634s] -- Up-to-date: /home/ekambehl/chess_ws/install/realsense2_camera/include/image_publisher.h
[21.634s] -- Up-to-date: /home/ekambehl/chess_ws/install/realsense2_camera/include/ros_utils.h
[21.634s] -- Up-to-date: /home/ekambehl/chess_ws/install/realsense2_camera/include/realsense_node_factory.h
[21.634s] -- Up-to-date: /home/ekambehl/chess_ws/install/realsense2_camera/include/profile_manager.h
[21.634s] -- Up-to-date: /home/ekambehl/chess_ws/install/realsense2_camera/include/t265_realsense_node.h
[21.635s] -- Up-to-date: /home/ekambehl/chess_ws/install/realsense2_camera/include/base_realsense_node.h
[21.635s] -- Up-to-date: /home/ekambehl/chess_ws/install/realsense2_camera/include/constants.h
[21.635s] -- Up-to-date: /home/ekambehl/chess_ws/install/realsense2_camera/share/realsense2_camera/launch
[21.635s] -- Up-to-date: /home/ekambehl/chess_ws/install/realsense2_camera/share/realsense2_camera/launch/rs_multi_camera_launch.py
[21.635s] -- Up-to-date: /home/ekambehl/chess_ws/install/realsense2_camera/share/realsense2_camera/launch/default.rviz
[21.635s] -- Up-to-date: /home/ekambehl/chess_ws/install/realsense2_camera/share/realsense2_camera/launch/rs_d400_and_t265_launch.py
[21.635s] -- Up-to-date: /home/ekambehl/chess_ws/install/realsense2_camera/share/realsense2_camera/launch/rs_launch.py
[21.635s] -- Up-to-date: /home/ekambehl/chess_ws/install/realsense2_camera/share/realsense2_camera/launch/rs_intra_process_demo_launch.py
[21.635s] -- Up-to-date: /home/ekambehl/chess_ws/install/realsense2_camera/share/realsense2_camera/environment/library_path.sh
[21.635s] -- Installing: /home/ekambehl/chess_ws/install/realsense2_camera/share/realsense2_camera/environment/library_path.dsv
[21.635s] -- Up-to-date: /home/ekambehl/chess_ws/install/realsense2_camera/share/ament_index/resource_index/package_run_dependencies/realsense2_camera
[21.635s] -- Installing: /home/ekambehl/chess_ws/install/realsense2_camera/share/ament_index/resource_index/parent_prefix_path/realsense2_camera
[21.635s] -- Up-to-date: /home/ekambehl/chess_ws/install/realsense2_camera/share/realsense2_camera/environment/ament_prefix_path.sh
[21.635s] -- Installing: /home/ekambehl/chess_ws/install/realsense2_camera/share/realsense2_camera/environment/ament_prefix_path.dsv
[21.636s] -- Up-to-date: /home/ekambehl/chess_ws/install/realsense2_camera/share/realsense2_camera/environment/path.sh
[21.636s] -- Installing: /home/ekambehl/chess_ws/install/realsense2_camera/share/realsense2_camera/environment/path.dsv
[21.636s] -- Up-to-date: /home/ekambehl/chess_ws/install/realsense2_camera/share/realsense2_camera/local_setup.bash
[21.636s] -- Up-to-date: /home/ekambehl/chess_ws/install/realsense2_camera/share/realsense2_camera/local_setup.sh
[21.636s] -- Up-to-date: /home/ekambehl/chess_ws/install/realsense2_camera/share/realsense2_camera/local_setup.zsh
[21.636s] -- Installing: /home/ekambehl/chess_ws/install/realsense2_camera/share/realsense2_camera/local_setup.dsv
[21.636s] -- Installing: /home/ekambehl/chess_ws/install/realsense2_camera/share/realsense2_camera/package.dsv
[21.636s] -- Up-to-date: /home/ekambehl/chess_ws/install/realsense2_camera/share/ament_index/resource_index/packages/realsense2_camera
[21.636s] -- Up-to-date: /home/ekambehl/chess_ws/install/realsense2_camera/share/ament_index/resource_index/rclcpp_components/realsense2_camera
[21.636s] -- Up-to-date: /home/ekambehl/chess_ws/install/realsense2_camera/share/realsense2_camera/cmake/ament_cmake_export_include_directories-extras.cmake
[21.636s] -- Up-to-date: /home/ekambehl/chess_ws/install/realsense2_camera/share/realsense2_camera/cmake/ament_cmake_export_libraries-extras.cmake
[21.637s] -- Up-to-date: /home/ekambehl/chess_ws/install/realsense2_camera/share/realsense2_camera/cmake/ament_cmake_export_dependencies-extras.cmake
[21.637s] -- Up-to-date: /home/ekambehl/chess_ws/install/realsense2_camera/share/realsense2_camera/cmake/realsense2_cameraConfig.cmake
[21.637s] -- Up-to-date: /home/ekambehl/chess_ws/install/realsense2_camera/share/realsense2_camera/cmake/realsense2_cameraConfig-version.cmake
[21.637s] -- Up-to-date: /home/ekambehl/chess_ws/install/realsense2_camera/share/realsense2_camera/package.xml
[21.639s] Invoked command in '/home/ekambehl/chess_ws/build/realsense2_camera' returned '0': CMAKE_PREFIX_PATH=/home/ekambehl/chess_ws/install/realsense2_camera_msgs:/home/ekambehl/chess_ws/install/realsense2_description:/home/ekambehl/chess_ws/install/realsense2_camera:/home/ekambehl/ros_ws/install/realsense2_description:/home/ekambehl/ros_ws/install/realsense2_camera:/home/ekambehl/ros_ws/install/realsense2_camera_msgs:/home/ekambehl/ros2_ws/install/realsense2_description:/home/ekambehl/ros2_ws/install/realsense2_camera_msgs:/home/ekambehl/chess_ws/install/my_chess_controller:/home/ekambehl/ros_ws/install/my_robot_camera_driver:/home/ekambehl/ros2_ws/install/my_robot_camera_driver:/opt/ros/humble LD_LIBRARY_PATH=/home/ekambehl/chess_ws/install/realsense2_camera_msgs/lib:/home/ekambehl/chess_ws/install/realsense2_camera/lib:/home/ekambehl/ros_ws/install/realsense2_camera/lib:/home/ekambehl/ros_ws/install/realsense2_camera_msgs/lib:/home/ekambehl/ros2_ws/install/realsense2_camera_msgs/lib:/opt/ros/humble/opt/rviz_ogre_vendor/lib:/opt/ros/humble/lib/x86_64-linux-gnu:/opt/ros/humble/lib /usr/bin/cmake --install /home/ekambehl/chess_ws/build/realsense2_camera
