[0.009s] Invoking command in '/home/ekambehl/chess_ws/src/build/realsense2_camera': AMENT_PREFIX_PATH=/home/ekambehl/chess_ws/src/install/realsense2_camera_msgs:${AMENT_PREFIX_PATH} CMAKE_PREFIX_PATH=/home/ekambehl/chess_ws/src/install/realsense2_camera_msgs:/home/ekambehl/chess_ws/install/realsense2_description:/home/ekambehl/chess_ws/install/realsense2_camera:/home/ekambehl/chess_ws/install/realsense2_camera_msgs:/home/ekambehl/ros_ws/install/realsense2_description:/home/ekambehl/ros_ws/install/realsense2_camera:/home/ekambehl/ros_ws/install/realsense2_camera_msgs:/home/ekambehl/ros2_ws/install/realsense2_description:/home/ekambehl/ros2_ws/install/realsense2_camera_msgs:/home/ekambehl/ros_ws/install/my_robot_camera_driver:/home/ekambehl/ros2_ws/install/my_robot_camera_driver:/opt/ros/humble LD_LIBRARY_PATH=/home/ekambehl/chess_ws/src/install/realsense2_camera_msgs/lib:${LD_LIBRARY_PATH} PYTHONPATH=/home/ekambehl/chess_ws/src/install/realsense2_camera_msgs/local/lib/python3.10/dist-packages:${PYTHONPATH} /usr/bin/cmake /home/ekambehl/chess_ws/src/realsense-ros/realsense2_camera -DCMAKE_INSTALL_PREFIX=/home/ekambehl/chess_ws/src/install/realsense2_camera
[0.040s] -- The C compiler identification is GNU 11.3.0
[0.071s] -- The CXX compiler identification is GNU 11.3.0
[0.076s] -- Detecting C compiler ABI info
[0.113s] -- Detecting C compiler ABI info - done
[0.118s] -- Check for working C compiler: /usr/bin/cc - skipped
[0.118s] -- Detecting C compile features
[0.118s] -- Detecting C compile features - done
[0.120s] -- Detecting CXX compiler ABI info
[0.164s] -- Detecting CXX compiler ABI info - done
[0.168s] -- Check for working CXX compiler: /usr/bin/c++ - skipped
[0.168s] -- Detecting CXX compile features
[0.169s] -- Detecting CXX compile features - done
[0.169s] -- Create Release Build.
[0.170s] -- Found ament_cmake: 1.3.3 (/opt/ros/humble/share/ament_cmake/cmake)
[0.278s] -- Found Python3: /usr/bin/python3.10 (found version "3.10.6") found components: Interpreter 
[0.338s] -- Found builtin_interfaces: 1.2.1 (/opt/ros/humble/share/builtin_interfaces/cmake)
[0.361s] -- Found rosidl_generator_c: 3.1.4 (/opt/ros/humble/share/rosidl_generator_c/cmake)
[0.365s] -- Found rosidl_adapter: 3.1.4 (/opt/ros/humble/share/rosidl_adapter/cmake)
[0.370s] -- Found rosidl_generator_cpp: 3.1.4 (/opt/ros/humble/share/rosidl_generator_cpp/cmake)
[0.379s] -- Using all available rosidl_typesupport_c: rosidl_typesupport_fastrtps_c;rosidl_typesupport_introspection_c
[0.394s] -- Using all available rosidl_typesupport_cpp: rosidl_typesupport_fastrtps_cpp;rosidl_typesupport_introspection_cpp
[0.406s] -- Found cv_bridge: 3.2.1 (/opt/ros/humble/share/cv_bridge/cmake)
[0.538s] -- Found image_transport: 3.1.5 (/opt/ros/humble/share/image_transport/cmake)
[0.580s] -- Found rmw_implementation_cmake: 6.1.1 (/opt/ros/humble/share/rmw_implementation_cmake/cmake)
[0.582s] -- Found rmw_fastrtps_cpp: 6.2.2 (/opt/ros/humble/share/rmw_fastrtps_cpp/cmake)
[0.636s] -- Found OpenSSL: /usr/lib/x86_64-linux-gnu/libcrypto.so (found version "3.0.2")  
[0.651s] -- Found FastRTPS: /opt/ros/humble/include  
[0.680s] -- Using RMW implementation 'rmw_fastrtps_cpp' as default
[0.686s] -- Looking for pthread.h
[0.727s] -- Looking for pthread.h - found
[0.727s] -- Performing Test CMAKE_HAVE_LIBC_PTHREAD
[0.771s] -- Performing Test CMAKE_HAVE_LIBC_PTHREAD - Success
[0.771s] -- Found Threads: TRUE  
[0.885s] -- Found rclcpp_components: 16.0.2 (/opt/ros/humble/share/rclcpp_components/cmake)
[0.919s] -- Found realsense2_camera_msgs: 4.51.1 (/home/ekambehl/chess_ws/src/install/realsense2_camera_msgs/share/realsense2_camera_msgs/cmake)
[0.954s] -- Found nav_msgs: 4.2.2 (/opt/ros/humble/share/nav_msgs/cmake)
[1.006s] -- Found tf2_ros: 0.25.1 (/opt/ros/humble/share/tf2_ros/cmake)
[1.177s] -- Found diagnostic_updater: 3.0.0 (/opt/ros/humble/share/diagnostic_updater/cmake)
[1.223s] -- Build for ROS2 Humble
[1.291s] -- Configuring done
[1.305s] -- Generating done
[1.306s] -- Build files have been written to: /home/ekambehl/chess_ws/src/build/realsense2_camera
[1.314s] Invoked command in '/home/ekambehl/chess_ws/src/build/realsense2_camera' returned '0': AMENT_PREFIX_PATH=/home/ekambehl/chess_ws/src/install/realsense2_camera_msgs:${AMENT_PREFIX_PATH} CMAKE_PREFIX_PATH=/home/ekambehl/chess_ws/src/install/realsense2_camera_msgs:/home/ekambehl/chess_ws/install/realsense2_description:/home/ekambehl/chess_ws/install/realsense2_camera:/home/ekambehl/chess_ws/install/realsense2_camera_msgs:/home/ekambehl/ros_ws/install/realsense2_description:/home/ekambehl/ros_ws/install/realsense2_camera:/home/ekambehl/ros_ws/install/realsense2_camera_msgs:/home/ekambehl/ros2_ws/install/realsense2_description:/home/ekambehl/ros2_ws/install/realsense2_camera_msgs:/home/ekambehl/ros_ws/install/my_robot_camera_driver:/home/ekambehl/ros2_ws/install/my_robot_camera_driver:/opt/ros/humble LD_LIBRARY_PATH=/home/ekambehl/chess_ws/src/install/realsense2_camera_msgs/lib:${LD_LIBRARY_PATH} PYTHONPATH=/home/ekambehl/chess_ws/src/install/realsense2_camera_msgs/local/lib/python3.10/dist-packages:${PYTHONPATH} /usr/bin/cmake /home/ekambehl/chess_ws/src/realsense-ros/realsense2_camera -DCMAKE_INSTALL_PREFIX=/home/ekambehl/chess_ws/src/install/realsense2_camera
[1.315s] Invoking command in '/home/ekambehl/chess_ws/src/build/realsense2_camera': AMENT_PREFIX_PATH=/home/ekambehl/chess_ws/src/install/realsense2_camera_msgs:${AMENT_PREFIX_PATH} CMAKE_PREFIX_PATH=/home/ekambehl/chess_ws/src/install/realsense2_camera_msgs:/home/ekambehl/chess_ws/install/realsense2_description:/home/ekambehl/chess_ws/install/realsense2_camera:/home/ekambehl/chess_ws/install/realsense2_camera_msgs:/home/ekambehl/ros_ws/install/realsense2_description:/home/ekambehl/ros_ws/install/realsense2_camera:/home/ekambehl/ros_ws/install/realsense2_camera_msgs:/home/ekambehl/ros2_ws/install/realsense2_description:/home/ekambehl/ros2_ws/install/realsense2_camera_msgs:/home/ekambehl/ros_ws/install/my_robot_camera_driver:/home/ekambehl/ros2_ws/install/my_robot_camera_driver:/opt/ros/humble LD_LIBRARY_PATH=/home/ekambehl/chess_ws/src/install/realsense2_camera_msgs/lib:${LD_LIBRARY_PATH} PYTHONPATH=/home/ekambehl/chess_ws/src/install/realsense2_camera_msgs/local/lib/python3.10/dist-packages:${PYTHONPATH} /usr/bin/cmake --build /home/ekambehl/chess_ws/src/build/realsense2_camera -- -j16 -l16
[1.346s] [  6%] [32mBuilding CXX object CMakeFiles/realsense2_camera_node.dir/rclcpp_components/node_main_realsense2_camera_node.cpp.o[0m
[1.346s] [ 18%] [32mBuilding CXX object CMakeFiles/realsense2_camera.dir/src/realsense_node_factory.cpp.o[0m
[1.346s] [ 18%] [32mBuilding CXX object CMakeFiles/realsense2_camera.dir/src/t265_realsense_node.cpp.o[0m
[1.346s] [ 25%] [32mBuilding CXX object CMakeFiles/realsense2_camera.dir/src/base_realsense_node.cpp.o[0m
[1.346s] [ 31%] [32mBuilding CXX object CMakeFiles/realsense2_camera.dir/src/parameters.cpp.o[0m
[1.347s] [ 37%] [32mBuilding CXX object CMakeFiles/realsense2_camera.dir/src/ros_sensor.cpp.o[0m
[1.348s] [ 50%] [32mBuilding CXX object CMakeFiles/realsense2_camera.dir/src/profile_manager.cpp.o[0m
[1.348s] [ 62%] [32mBuilding CXX object CMakeFiles/realsense2_camera.dir/src/ros_utils.cpp.o[0m
[1.348s] [ 62%] [32mBuilding CXX object CMakeFiles/realsense2_camera.dir/src/rs_node_setup.cpp.o[0m
[1.348s] [ 62%] [32mBuilding CXX object CMakeFiles/realsense2_camera.dir/src/sensor_params.cpp.o[0m
[1.348s] [ 68%] [32mBuilding CXX object CMakeFiles/realsense2_camera.dir/src/image_publisher.cpp.o[0m
[1.348s] [ 75%] [32mBuilding CXX object CMakeFiles/realsense2_camera.dir/src/ros_param_backend_foxy.cpp.o[0m
[1.348s] [ 81%] [32mBuilding CXX object CMakeFiles/realsense2_camera.dir/src/dynamic_params.cpp.o[0m
[1.348s] [ 87%] [32mBuilding CXX object CMakeFiles/realsense2_camera.dir/src/named_filter.cpp.o[0m
[5.488s] [ 93%] [32m[1mLinking CXX executable realsense2_camera_node[0m
[5.605s] [ 93%] Built target realsense2_camera_node
[13.644s] [100%] [32m[1mLinking CXX shared library librealsense2_camera.so[0m
[13.883s] [100%] Built target realsense2_camera
[13.893s] Invoked command in '/home/ekambehl/chess_ws/src/build/realsense2_camera' returned '0': AMENT_PREFIX_PATH=/home/ekambehl/chess_ws/src/install/realsense2_camera_msgs:${AMENT_PREFIX_PATH} CMAKE_PREFIX_PATH=/home/ekambehl/chess_ws/src/install/realsense2_camera_msgs:/home/ekambehl/chess_ws/install/realsense2_description:/home/ekambehl/chess_ws/install/realsense2_camera:/home/ekambehl/chess_ws/install/realsense2_camera_msgs:/home/ekambehl/ros_ws/install/realsense2_description:/home/ekambehl/ros_ws/install/realsense2_camera:/home/ekambehl/ros_ws/install/realsense2_camera_msgs:/home/ekambehl/ros2_ws/install/realsense2_description:/home/ekambehl/ros2_ws/install/realsense2_camera_msgs:/home/ekambehl/ros_ws/install/my_robot_camera_driver:/home/ekambehl/ros2_ws/install/my_robot_camera_driver:/opt/ros/humble LD_LIBRARY_PATH=/home/ekambehl/chess_ws/src/install/realsense2_camera_msgs/lib:${LD_LIBRARY_PATH} PYTHONPATH=/home/ekambehl/chess_ws/src/install/realsense2_camera_msgs/local/lib/python3.10/dist-packages:${PYTHONPATH} /usr/bin/cmake --build /home/ekambehl/chess_ws/src/build/realsense2_camera -- -j16 -l16
[13.923s] Invoking command in '/home/ekambehl/chess_ws/src/build/realsense2_camera': AMENT_PREFIX_PATH=/home/ekambehl/chess_ws/src/install/realsense2_camera_msgs:${AMENT_PREFIX_PATH} CMAKE_PREFIX_PATH=/home/ekambehl/chess_ws/src/install/realsense2_camera_msgs:/home/ekambehl/chess_ws/install/realsense2_description:/home/ekambehl/chess_ws/install/realsense2_camera:/home/ekambehl/chess_ws/install/realsense2_camera_msgs:/home/ekambehl/ros_ws/install/realsense2_description:/home/ekambehl/ros_ws/install/realsense2_camera:/home/ekambehl/ros_ws/install/realsense2_camera_msgs:/home/ekambehl/ros2_ws/install/realsense2_description:/home/ekambehl/ros2_ws/install/realsense2_camera_msgs:/home/ekambehl/ros_ws/install/my_robot_camera_driver:/home/ekambehl/ros2_ws/install/my_robot_camera_driver:/opt/ros/humble LD_LIBRARY_PATH=/home/ekambehl/chess_ws/src/install/realsense2_camera_msgs/lib:${LD_LIBRARY_PATH} PYTHONPATH=/home/ekambehl/chess_ws/src/install/realsense2_camera_msgs/local/lib/python3.10/dist-packages:${PYTHONPATH} /usr/bin/cmake --install /home/ekambehl/chess_ws/src/build/realsense2_camera
[13.926s] -- Install configuration: "Release"
[13.926s] -- Installing: /home/ekambehl/chess_ws/src/install/realsense2_camera/lib/realsense2_camera/realsense2_camera_node
[13.927s] -- Set runtime path of "/home/ekambehl/chess_ws/src/install/realsense2_camera/lib/realsense2_camera/realsense2_camera_node" to ""
[13.927s] -- Installing: /home/ekambehl/chess_ws/src/install/realsense2_camera/lib/librealsense2_camera.so
[13.929s] -- Set runtime path of "/home/ekambehl/chess_ws/src/install/realsense2_camera/lib/librealsense2_camera.so" to ""
[13.929s] -- Installing: /home/ekambehl/chess_ws/src/install/realsense2_camera/include
[13.929s] -- Installing: /home/ekambehl/chess_ws/src/install/realsense2_camera/include/named_filter.h
[13.929s] -- Installing: /home/ekambehl/chess_ws/src/install/realsense2_camera/include/dynamic_params.h
[13.929s] -- Installing: /home/ekambehl/chess_ws/src/install/realsense2_camera/include/sensor_params.h
[13.929s] -- Installing: /home/ekambehl/chess_ws/src/install/realsense2_camera/include/ros_param_backend.h
[13.929s] -- Installing: /home/ekambehl/chess_ws/src/install/realsense2_camera/include/ros_sensor.h
[13.929s] -- Installing: /home/ekambehl/chess_ws/src/install/realsense2_camera/include/image_publisher.h
[13.929s] -- Installing: /home/ekambehl/chess_ws/src/install/realsense2_camera/include/ros_utils.h
[13.929s] -- Installing: /home/ekambehl/chess_ws/src/install/realsense2_camera/include/realsense_node_factory.h
[13.929s] -- Installing: /home/ekambehl/chess_ws/src/install/realsense2_camera/include/profile_manager.h
[13.929s] -- Installing: /home/ekambehl/chess_ws/src/install/realsense2_camera/include/t265_realsense_node.h
[13.929s] -- Installing: /home/ekambehl/chess_ws/src/install/realsense2_camera/include/base_realsense_node.h
[13.929s] -- Installing: /home/ekambehl/chess_ws/src/install/realsense2_camera/include/constants.h
[13.929s] -- Installing: /home/ekambehl/chess_ws/src/install/realsense2_camera/share/realsense2_camera/launch
[13.929s] -- Installing: /home/ekambehl/chess_ws/src/install/realsense2_camera/share/realsense2_camera/launch/rs_multi_camera_launch.py
[13.930s] -- Installing: /home/ekambehl/chess_ws/src/install/realsense2_camera/share/realsense2_camera/launch/default.rviz
[13.930s] -- Installing: /home/ekambehl/chess_ws/src/install/realsense2_camera/share/realsense2_camera/launch/rs_d400_and_t265_launch.py
[13.930s] -- Installing: /home/ekambehl/chess_ws/src/install/realsense2_camera/share/realsense2_camera/launch/rs_launch.py
[13.930s] -- Installing: /home/ekambehl/chess_ws/src/install/realsense2_camera/share/realsense2_camera/launch/rs_intra_process_demo_launch.py
[13.930s] -- Installing: /home/ekambehl/chess_ws/src/install/realsense2_camera/share/realsense2_camera/environment/library_path.sh
[13.930s] -- Installing: /home/ekambehl/chess_ws/src/install/realsense2_camera/share/realsense2_camera/environment/library_path.dsv
[13.930s] -- Installing: /home/ekambehl/chess_ws/src/install/realsense2_camera/share/ament_index/resource_index/package_run_dependencies/realsense2_camera
[13.930s] -- Installing: /home/ekambehl/chess_ws/src/install/realsense2_camera/share/ament_index/resource_index/parent_prefix_path/realsense2_camera
[13.930s] -- Installing: /home/ekambehl/chess_ws/src/install/realsense2_camera/share/realsense2_camera/environment/ament_prefix_path.sh
[13.930s] -- Installing: /home/ekambehl/chess_ws/src/install/realsense2_camera/share/realsense2_camera/environment/ament_prefix_path.dsv
[13.930s] -- Installing: /home/ekambehl/chess_ws/src/install/realsense2_camera/share/realsense2_camera/environment/path.sh
[13.930s] -- Installing: /home/ekambehl/chess_ws/src/install/realsense2_camera/share/realsense2_camera/environment/path.dsv
[13.930s] -- Installing: /home/ekambehl/chess_ws/src/install/realsense2_camera/share/realsense2_camera/local_setup.bash
[13.930s] -- Installing: /home/ekambehl/chess_ws/src/install/realsense2_camera/share/realsense2_camera/local_setup.sh
[13.930s] -- Installing: /home/ekambehl/chess_ws/src/install/realsense2_camera/share/realsense2_camera/local_setup.zsh
[13.930s] -- Installing: /home/ekambehl/chess_ws/src/install/realsense2_camera/share/realsense2_camera/local_setup.dsv
[13.930s] -- Installing: /home/ekambehl/chess_ws/src/install/realsense2_camera/share/realsense2_camera/package.dsv
[13.930s] -- Installing: /home/ekambehl/chess_ws/src/install/realsense2_camera/share/ament_index/resource_index/packages/realsense2_camera
[13.930s] -- Installing: /home/ekambehl/chess_ws/src/install/realsense2_camera/share/ament_index/resource_index/rclcpp_components/realsense2_camera
[13.930s] -- Installing: /home/ekambehl/chess_ws/src/install/realsense2_camera/share/realsense2_camera/cmake/ament_cmake_export_include_directories-extras.cmake
[13.930s] -- Installing: /home/ekambehl/chess_ws/src/install/realsense2_camera/share/realsense2_camera/cmake/ament_cmake_export_libraries-extras.cmake
[13.930s] -- Installing: /home/ekambehl/chess_ws/src/install/realsense2_camera/share/realsense2_camera/cmake/ament_cmake_export_dependencies-extras.cmake
[13.931s] -- Installing: /home/ekambehl/chess_ws/src/install/realsense2_camera/share/realsense2_camera/cmake/realsense2_cameraConfig.cmake
[13.931s] -- Installing: /home/ekambehl/chess_ws/src/install/realsense2_camera/share/realsense2_camera/cmake/realsense2_cameraConfig-version.cmake
[13.931s] -- Installing: /home/ekambehl/chess_ws/src/install/realsense2_camera/share/realsense2_camera/package.xml
[13.933s] Invoked command in '/home/ekambehl/chess_ws/src/build/realsense2_camera' returned '0': AMENT_PREFIX_PATH=/home/ekambehl/chess_ws/src/install/realsense2_camera_msgs:${AMENT_PREFIX_PATH} CMAKE_PREFIX_PATH=/home/ekambehl/chess_ws/src/install/realsense2_camera_msgs:/home/ekambehl/chess_ws/install/realsense2_description:/home/ekambehl/chess_ws/install/realsense2_camera:/home/ekambehl/chess_ws/install/realsense2_camera_msgs:/home/ekambehl/ros_ws/install/realsense2_description:/home/ekambehl/ros_ws/install/realsense2_camera:/home/ekambehl/ros_ws/install/realsense2_camera_msgs:/home/ekambehl/ros2_ws/install/realsense2_description:/home/ekambehl/ros2_ws/install/realsense2_camera_msgs:/home/ekambehl/ros_ws/install/my_robot_camera_driver:/home/ekambehl/ros2_ws/install/my_robot_camera_driver:/opt/ros/humble LD_LIBRARY_PATH=/home/ekambehl/chess_ws/src/install/realsense2_camera_msgs/lib:${LD_LIBRARY_PATH} PYTHONPATH=/home/ekambehl/chess_ws/src/install/realsense2_camera_msgs/local/lib/python3.10/dist-packages:${PYTHONPATH} /usr/bin/cmake --install /home/ekambehl/chess_ws/src/build/realsense2_camera
