[0.091s] DEBUG:colcon:Command line arguments: ['/usr/bin/colcon', 'list', '-p', '--base-paths', '/home/ekambehl/chess_ws']
[0.091s] DEBUG:colcon:Parsed command line arguments: Namespace(log_base=None, log_level=None, verb_name='list', build_base='build', ignore_user_meta=False, metas=['./colcon.meta'], base_paths=['/home/ekambehl/chess_ws'], packages_ignore=None, packages_ignore_regex=None, paths=None, packages_up_to=None, packages_up_to_regex=None, packages_above=None, packages_above_and_dependencies=None, packages_above_depth=None, packages_select_by_dep=None, packages_skip_by_dep=None, packages_skip_up_to=None, packages_select_build_failed=False, packages_skip_build_finished=False, packages_select_test_failures=False, packages_skip_test_passed=False, packages_select=None, packages_skip=None, packages_select_regex=None, packages_skip_regex=None, packages_start=None, packages_end=None, allow_overriding=[], topological_order=False, names_only=False, paths_only=True, topological_graph=False, topological_graph_dot=False, topological_graph_density=False, topological_graph_legend=False, topological_graph_dot_cluster=False, topological_graph_dot_include_skipped=False, verb_parser=<colcon_defaults.argument_parser.defaults.DefaultArgumentsDecorator object at 0x7fe2fd7021d0>, verb_extension=<colcon_package_information.verb.list.ListVerb object at 0x7fe2fd862920>, main=<bound method ListVerb.main of <colcon_package_information.verb.list.ListVerb object at 0x7fe2fd862920>>)
[0.105s] Level 1:colcon.colcon_core.package_discovery:discover_packages(colcon_meta) check parameters
[0.106s] Level 1:colcon.colcon_core.package_discovery:discover_packages(recursive) check parameters
[0.106s] Level 1:colcon.colcon_core.package_discovery:discover_packages(ignore) check parameters
[0.106s] Level 1:colcon.colcon_core.package_discovery:discover_packages(path) check parameters
[0.106s] Level 1:colcon.colcon_core.package_discovery:discover_packages(recursive) discover
[0.106s] INFO:colcon.colcon_core.package_discovery:Crawling recursively for packages in '/home/ekambehl/chess_ws'
[0.106s] Level 1:colcon.colcon_core.package_identification:_identify(/home/ekambehl/chess_ws) by extensions ['ignore', 'ignore_ament_install']
[0.106s] Level 1:colcon.colcon_core.package_identification:_identify(/home/ekambehl/chess_ws) by extension 'ignore'
[0.106s] Level 1:colcon.colcon_core.package_identification:_identify(/home/ekambehl/chess_ws) by extension 'ignore_ament_install'
[0.106s] Level 1:colcon.colcon_core.package_identification:_identify(/home/ekambehl/chess_ws) by extensions ['colcon_pkg']
[0.106s] Level 1:colcon.colcon_core.package_identification:_identify(/home/ekambehl/chess_ws) by extension 'colcon_pkg'
[0.106s] Level 1:colcon.colcon_core.package_identification:_identify(/home/ekambehl/chess_ws) by extensions ['colcon_meta']
[0.106s] Level 1:colcon.colcon_core.package_identification:_identify(/home/ekambehl/chess_ws) by extension 'colcon_meta'
[0.106s] Level 1:colcon.colcon_core.package_identification:_identify(/home/ekambehl/chess_ws) by extensions ['ros']
[0.106s] Level 1:colcon.colcon_core.package_identification:_identify(/home/ekambehl/chess_ws) by extension 'ros'
[0.119s] Level 1:colcon.colcon_core.package_identification:_identify(/home/ekambehl/chess_ws) by extensions ['cmake', 'python']
[0.119s] Level 1:colcon.colcon_core.package_identification:_identify(/home/ekambehl/chess_ws) by extension 'cmake'
[0.119s] Level 1:colcon.colcon_core.package_identification:_identify(/home/ekambehl/chess_ws) by extension 'python'
[0.119s] Level 1:colcon.colcon_core.package_identification:_identify(/home/ekambehl/chess_ws) by extensions ['python_setup_py']
[0.119s] Level 1:colcon.colcon_core.package_identification:_identify(/home/ekambehl/chess_ws) by extension 'python_setup_py'
[0.119s] Level 1:colcon.colcon_core.package_identification:_identify(/home/ekambehl/chess_ws/build) by extensions ['ignore', 'ignore_ament_install']
[0.119s] Level 1:colcon.colcon_core.package_identification:_identify(/home/ekambehl/chess_ws/build) by extension 'ignore'
[0.119s] Level 1:colcon.colcon_core.package_identification:_identify(/home/ekambehl/chess_ws/build) ignored
[0.119s] Level 1:colcon.colcon_core.package_identification:_identify(/home/ekambehl/chess_ws/install) by extensions ['ignore', 'ignore_ament_install']
[0.119s] Level 1:colcon.colcon_core.package_identification:_identify(/home/ekambehl/chess_ws/install) by extension 'ignore'
[0.119s] Level 1:colcon.colcon_core.package_identification:_identify(/home/ekambehl/chess_ws/install) ignored
[0.119s] Level 1:colcon.colcon_core.package_identification:_identify(/home/ekambehl/chess_ws/log) by extensions ['ignore', 'ignore_ament_install']
[0.119s] Level 1:colcon.colcon_core.package_identification:_identify(/home/ekambehl/chess_ws/log) by extension 'ignore'
[0.119s] Level 1:colcon.colcon_core.package_identification:_identify(/home/ekambehl/chess_ws/log) ignored
[0.119s] Level 1:colcon.colcon_core.package_identification:_identify(/home/ekambehl/chess_ws/src) by extensions ['ignore', 'ignore_ament_install']
[0.119s] Level 1:colcon.colcon_core.package_identification:_identify(/home/ekambehl/chess_ws/src) by extension 'ignore'
[0.119s] Level 1:colcon.colcon_core.package_identification:_identify(/home/ekambehl/chess_ws/src) by extension 'ignore_ament_install'
[0.120s] Level 1:colcon.colcon_core.package_identification:_identify(/home/ekambehl/chess_ws/src) by extensions ['colcon_pkg']
[0.120s] Level 1:colcon.colcon_core.package_identification:_identify(/home/ekambehl/chess_ws/src) by extension 'colcon_pkg'
[0.120s] Level 1:colcon.colcon_core.package_identification:_identify(/home/ekambehl/chess_ws/src) by extensions ['colcon_meta']
[0.120s] Level 1:colcon.colcon_core.package_identification:_identify(/home/ekambehl/chess_ws/src) by extension 'colcon_meta'
[0.120s] Level 1:colcon.colcon_core.package_identification:_identify(/home/ekambehl/chess_ws/src) by extensions ['ros']
[0.120s] Level 1:colcon.colcon_core.package_identification:_identify(/home/ekambehl/chess_ws/src) by extension 'ros'
[0.120s] Level 1:colcon.colcon_core.package_identification:_identify(/home/ekambehl/chess_ws/src) by extensions ['cmake', 'python']
[0.120s] Level 1:colcon.colcon_core.package_identification:_identify(/home/ekambehl/chess_ws/src) by extension 'cmake'
[0.120s] Level 1:colcon.colcon_core.package_identification:_identify(/home/ekambehl/chess_ws/src) by extension 'python'
[0.120s] Level 1:colcon.colcon_core.package_identification:_identify(/home/ekambehl/chess_ws/src) by extensions ['python_setup_py']
[0.120s] Level 1:colcon.colcon_core.package_identification:_identify(/home/ekambehl/chess_ws/src) by extension 'python_setup_py'
[0.120s] Level 1:colcon.colcon_core.package_identification:_identify(/home/ekambehl/chess_ws/src/realsense-ros) by extensions ['ignore', 'ignore_ament_install']
[0.120s] Level 1:colcon.colcon_core.package_identification:_identify(/home/ekambehl/chess_ws/src/realsense-ros) by extension 'ignore'
[0.120s] Level 1:colcon.colcon_core.package_identification:_identify(/home/ekambehl/chess_ws/src/realsense-ros) by extension 'ignore_ament_install'
[0.120s] Level 1:colcon.colcon_core.package_identification:_identify(/home/ekambehl/chess_ws/src/realsense-ros) by extensions ['colcon_pkg']
[0.120s] Level 1:colcon.colcon_core.package_identification:_identify(/home/ekambehl/chess_ws/src/realsense-ros) by extension 'colcon_pkg'
[0.120s] Level 1:colcon.colcon_core.package_identification:_identify(/home/ekambehl/chess_ws/src/realsense-ros) by extensions ['colcon_meta']
[0.120s] Level 1:colcon.colcon_core.package_identification:_identify(/home/ekambehl/chess_ws/src/realsense-ros) by extension 'colcon_meta'
[0.120s] Level 1:colcon.colcon_core.package_identification:_identify(/home/ekambehl/chess_ws/src/realsense-ros) by extensions ['ros']
[0.120s] Level 1:colcon.colcon_core.package_identification:_identify(/home/ekambehl/chess_ws/src/realsense-ros) by extension 'ros'
[0.120s] Level 1:colcon.colcon_core.package_identification:_identify(/home/ekambehl/chess_ws/src/realsense-ros) by extensions ['cmake', 'python']
[0.120s] Level 1:colcon.colcon_core.package_identification:_identify(/home/ekambehl/chess_ws/src/realsense-ros) by extension 'cmake'
[0.120s] Level 1:colcon.colcon_core.package_identification:_identify(/home/ekambehl/chess_ws/src/realsense-ros) by extension 'python'
[0.120s] Level 1:colcon.colcon_core.package_identification:_identify(/home/ekambehl/chess_ws/src/realsense-ros) by extensions ['python_setup_py']
[0.120s] Level 1:colcon.colcon_core.package_identification:_identify(/home/ekambehl/chess_ws/src/realsense-ros) by extension 'python_setup_py'
[0.120s] Level 1:colcon.colcon_core.package_identification:_identify(/home/ekambehl/chess_ws/src/realsense-ros/realsense2_camera) by extensions ['ignore', 'ignore_ament_install']
[0.120s] Level 1:colcon.colcon_core.package_identification:_identify(/home/ekambehl/chess_ws/src/realsense-ros/realsense2_camera) by extension 'ignore'
[0.120s] Level 1:colcon.colcon_core.package_identification:_identify(/home/ekambehl/chess_ws/src/realsense-ros/realsense2_camera) by extension 'ignore_ament_install'
[0.120s] Level 1:colcon.colcon_core.package_identification:_identify(/home/ekambehl/chess_ws/src/realsense-ros/realsense2_camera) by extensions ['colcon_pkg']
[0.120s] Level 1:colcon.colcon_core.package_identification:_identify(/home/ekambehl/chess_ws/src/realsense-ros/realsense2_camera) by extension 'colcon_pkg'
[0.120s] Level 1:colcon.colcon_core.package_identification:_identify(/home/ekambehl/chess_ws/src/realsense-ros/realsense2_camera) by extensions ['colcon_meta']
[0.120s] Level 1:colcon.colcon_core.package_identification:_identify(/home/ekambehl/chess_ws/src/realsense-ros/realsense2_camera) by extension 'colcon_meta'
[0.120s] Level 1:colcon.colcon_core.package_identification:_identify(/home/ekambehl/chess_ws/src/realsense-ros/realsense2_camera) by extensions ['ros']
[0.120s] Level 1:colcon.colcon_core.package_identification:_identify(/home/ekambehl/chess_ws/src/realsense-ros/realsense2_camera) by extension 'ros'
[0.123s] DEBUG:colcon.colcon_core.package_identification:Package '/home/ekambehl/chess_ws/src/realsense-ros/realsense2_camera' with type 'ros.ament_cmake' and name 'realsense2_camera'
[0.123s] Level 1:colcon.colcon_core.package_identification:_identify(/home/ekambehl/chess_ws/src/realsense-ros/realsense2_camera_msgs) by extensions ['ignore', 'ignore_ament_install']
[0.123s] Level 1:colcon.colcon_core.package_identification:_identify(/home/ekambehl/chess_ws/src/realsense-ros/realsense2_camera_msgs) by extension 'ignore'
[0.123s] Level 1:colcon.colcon_core.package_identification:_identify(/home/ekambehl/chess_ws/src/realsense-ros/realsense2_camera_msgs) by extension 'ignore_ament_install'
[0.123s] Level 1:colcon.colcon_core.package_identification:_identify(/home/ekambehl/chess_ws/src/realsense-ros/realsense2_camera_msgs) by extensions ['colcon_pkg']
[0.123s] Level 1:colcon.colcon_core.package_identification:_identify(/home/ekambehl/chess_ws/src/realsense-ros/realsense2_camera_msgs) by extension 'colcon_pkg'
[0.123s] Level 1:colcon.colcon_core.package_identification:_identify(/home/ekambehl/chess_ws/src/realsense-ros/realsense2_camera_msgs) by extensions ['colcon_meta']
[0.123s] Level 1:colcon.colcon_core.package_identification:_identify(/home/ekambehl/chess_ws/src/realsense-ros/realsense2_camera_msgs) by extension 'colcon_meta'
[0.123s] Level 1:colcon.colcon_core.package_identification:_identify(/home/ekambehl/chess_ws/src/realsense-ros/realsense2_camera_msgs) by extensions ['ros']
[0.123s] Level 1:colcon.colcon_core.package_identification:_identify(/home/ekambehl/chess_ws/src/realsense-ros/realsense2_camera_msgs) by extension 'ros'
[0.124s] DEBUG:colcon.colcon_core.package_identification:Package '/home/ekambehl/chess_ws/src/realsense-ros/realsense2_camera_msgs' with type 'ros.ament_cmake' and name 'realsense2_camera_msgs'
[0.124s] Level 1:colcon.colcon_core.package_identification:_identify(/home/ekambehl/chess_ws/src/realsense-ros/realsense2_description) by extensions ['ignore', 'ignore_ament_install']
[0.124s] Level 1:colcon.colcon_core.package_identification:_identify(/home/ekambehl/chess_ws/src/realsense-ros/realsense2_description) by extension 'ignore'
[0.124s] Level 1:colcon.colcon_core.package_identification:_identify(/home/ekambehl/chess_ws/src/realsense-ros/realsense2_description) by extension 'ignore_ament_install'
[0.124s] Level 1:colcon.colcon_core.package_identification:_identify(/home/ekambehl/chess_ws/src/realsense-ros/realsense2_description) by extensions ['colcon_pkg']
[0.124s] Level 1:colcon.colcon_core.package_identification:_identify(/home/ekambehl/chess_ws/src/realsense-ros/realsense2_description) by extension 'colcon_pkg'
[0.124s] Level 1:colcon.colcon_core.package_identification:_identify(/home/ekambehl/chess_ws/src/realsense-ros/realsense2_description) by extensions ['colcon_meta']
[0.124s] Level 1:colcon.colcon_core.package_identification:_identify(/home/ekambehl/chess_ws/src/realsense-ros/realsense2_description) by extension 'colcon_meta'
[0.124s] Level 1:colcon.colcon_core.package_identification:_identify(/home/ekambehl/chess_ws/src/realsense-ros/realsense2_description) by extensions ['ros']
[0.124s] Level 1:colcon.colcon_core.package_identification:_identify(/home/ekambehl/chess_ws/src/realsense-ros/realsense2_description) by extension 'ros'
[0.124s] DEBUG:colcon.colcon_core.package_identification:Package '/home/ekambehl/chess_ws/src/realsense-ros/realsense2_description' with type 'ros.ament_cmake' and name 'realsense2_description'
[0.124s] Level 1:colcon.colcon_core.package_identification:_identify(/home/ekambehl/chess_ws/src/realsense-ros/scripts) by extensions ['ignore', 'ignore_ament_install']
[0.124s] Level 1:colcon.colcon_core.package_identification:_identify(/home/ekambehl/chess_ws/src/realsense-ros/scripts) by extension 'ignore'
[0.124s] Level 1:colcon.colcon_core.package_identification:_identify(/home/ekambehl/chess_ws/src/realsense-ros/scripts) by extension 'ignore_ament_install'
[0.125s] Level 1:colcon.colcon_core.package_identification:_identify(/home/ekambehl/chess_ws/src/realsense-ros/scripts) by extensions ['colcon_pkg']
[0.125s] Level 1:colcon.colcon_core.package_identification:_identify(/home/ekambehl/chess_ws/src/realsense-ros/scripts) by extension 'colcon_pkg'
[0.125s] Level 1:colcon.colcon_core.package_identification:_identify(/home/ekambehl/chess_ws/src/realsense-ros/scripts) by extensions ['colcon_meta']
[0.125s] Level 1:colcon.colcon_core.package_identification:_identify(/home/ekambehl/chess_ws/src/realsense-ros/scripts) by extension 'colcon_meta'
[0.125s] Level 1:colcon.colcon_core.package_identification:_identify(/home/ekambehl/chess_ws/src/realsense-ros/scripts) by extensions ['ros']
[0.125s] Level 1:colcon.colcon_core.package_identification:_identify(/home/ekambehl/chess_ws/src/realsense-ros/scripts) by extension 'ros'
[0.125s] Level 1:colcon.colcon_core.package_identification:_identify(/home/ekambehl/chess_ws/src/realsense-ros/scripts) by extensions ['cmake', 'python']
[0.125s] Level 1:colcon.colcon_core.package_identification:_identify(/home/ekambehl/chess_ws/src/realsense-ros/scripts) by extension 'cmake'
[0.125s] Level 1:colcon.colcon_core.package_identification:_identify(/home/ekambehl/chess_ws/src/realsense-ros/scripts) by extension 'python'
[0.125s] Level 1:colcon.colcon_core.package_identification:_identify(/home/ekambehl/chess_ws/src/realsense-ros/scripts) by extensions ['python_setup_py']
[0.125s] Level 1:colcon.colcon_core.package_identification:_identify(/home/ekambehl/chess_ws/src/realsense-ros/scripts) by extension 'python_setup_py'
[0.125s] Level 1:colcon.colcon_core.package_discovery:discover_packages(recursive) using defaults
