[0.414s] Invoking command in '/home/ekambehl/chess_ws/src/my_chess_controller': PYTHONPATH=/home/ekambehl/chess_ws/build/my_chess_controller/prefix_override:/home/ekambehl/chess_ws/install/my_chess_controller/lib/python3.10/site-packages:${PYTHONPATH} /usr/bin/python3 setup.py egg_info --egg-base ../../build/my_chess_controller build --build-base /home/ekambehl/chess_ws/build/my_chess_controller/build install --record /home/ekambehl/chess_ws/build/my_chess_controller/install.log --single-version-externally-managed
[0.586s] running egg_info
[0.586s] writing ../../build/my_chess_controller/my_chess_controller.egg-info/PKG-INFO
[0.586s] writing dependency_links to ../../build/my_chess_controller/my_chess_controller.egg-info/dependency_links.txt
[0.586s] writing entry points to ../../build/my_chess_controller/my_chess_controller.egg-info/entry_points.txt
[0.586s] writing requirements to ../../build/my_chess_controller/my_chess_controller.egg-info/requires.txt
[0.586s] writing top-level names to ../../build/my_chess_controller/my_chess_controller.egg-info/top_level.txt
[0.587s] reading manifest file '../../build/my_chess_controller/my_chess_controller.egg-info/SOURCES.txt'
[0.588s] writing manifest file '../../build/my_chess_controller/my_chess_controller.egg-info/SOURCES.txt'
[0.588s] running build
[0.588s] running build_py
[0.588s] running install
[0.588s] running install_lib
[0.589s] running install_data
[0.589s] running install_egg_info
[0.590s] removing '/home/ekambehl/chess_ws/install/my_chess_controller/lib/python3.10/site-packages/my_chess_controller-0.0.0-py3.10.egg-info' (and everything under it)
[0.590s] Copying ../../build/my_chess_controller/my_chess_controller.egg-info to /home/ekambehl/chess_ws/install/my_chess_controller/lib/python3.10/site-packages/my_chess_controller-0.0.0-py3.10.egg-info
[0.591s] running install_scripts
[0.603s] Installing blue_pieces script to /home/ekambehl/chess_ws/install/my_chess_controller/lib/my_chess_controller
[0.603s] Installing board_state script to /home/ekambehl/chess_ws/install/my_chess_controller/lib/my_chess_controller
[0.603s] Installing key_board script to /home/ekambehl/chess_ws/install/my_chess_controller/lib/my_chess_controller
[0.603s] Installing my_listner script to /home/ekambehl/chess_ws/install/my_chess_controller/lib/my_chess_controller
[0.603s] Installing red_pieces script to /home/ekambehl/chess_ws/install/my_chess_controller/lib/my_chess_controller
[0.603s] writing list of installed files to '/home/ekambehl/chess_ws/build/my_chess_controller/install.log'
[0.619s] Invoked command in '/home/ekambehl/chess_ws/src/my_chess_controller' returned '0': PYTHONPATH=/home/ekambehl/chess_ws/build/my_chess_controller/prefix_override:/home/ekambehl/chess_ws/install/my_chess_controller/lib/python3.10/site-packages:${PYTHONPATH} /usr/bin/python3 setup.py egg_info --egg-base ../../build/my_chess_controller build --build-base /home/ekambehl/chess_ws/build/my_chess_controller/build install --record /home/ekambehl/chess_ws/build/my_chess_controller/install.log --single-version-externally-managed
