running egg_info
writing ../../build/my_chess_controller/my_chess_controller.egg-info/PKG-INFO
writing dependency_links to ../../build/my_chess_controller/my_chess_controller.egg-info/dependency_links.txt
writing entry points to ../../build/my_chess_controller/my_chess_controller.egg-info/entry_points.txt
writing requirements to ../../build/my_chess_controller/my_chess_controller.egg-info/requires.txt
writing top-level names to ../../build/my_chess_controller/my_chess_controller.egg-info/top_level.txt
reading manifest file '../../build/my_chess_controller/my_chess_controller.egg-info/SOURCES.txt'
writing manifest file '../../build/my_chess_controller/my_chess_controller.egg-info/SOURCES.txt'
running build
running build_py
copying my_chess_controller/chess_pieces.py -> /home/ekambehl/chess_ws/build/my_chess_controller/build/lib/my_chess_controller
copying my_chess_controller/board_state.py -> /home/ekambehl/chess_ws/build/my_chess_controller/build/lib/my_chess_controller
copying my_chess_controller/blue_chess.py -> /home/ekambehl/chess_ws/build/my_chess_controller/build/lib/my_chess_controller
running install
running install_lib
copying /home/ekambehl/chess_ws/build/my_chess_controller/build/lib/my_chess_controller/chess_pieces.py -> /home/ekambehl/chess_ws/install/my_chess_controller/lib/python3.10/site-packages/my_chess_controller
copying /home/ekambehl/chess_ws/build/my_chess_controller/build/lib/my_chess_controller/board_state.py -> /home/ekambehl/chess_ws/install/my_chess_controller/lib/python3.10/site-packages/my_chess_controller
copying /home/ekambehl/chess_ws/build/my_chess_controller/build/lib/my_chess_controller/blue_chess.py -> /home/ekambehl/chess_ws/install/my_chess_controller/lib/python3.10/site-packages/my_chess_controller
byte-compiling /home/ekambehl/chess_ws/install/my_chess_controller/lib/python3.10/site-packages/my_chess_controller/chess_pieces.py to chess_pieces.cpython-310.pyc
byte-compiling /home/ekambehl/chess_ws/install/my_chess_controller/lib/python3.10/site-packages/my_chess_controller/board_state.py to board_state.cpython-310.pyc
byte-compiling /home/ekambehl/chess_ws/install/my_chess_controller/lib/python3.10/site-packages/my_chess_controller/blue_chess.py to blue_chess.cpython-310.pyc
running install_data
running install_egg_info
removing '/home/ekambehl/chess_ws/install/my_chess_controller/lib/python3.10/site-packages/my_chess_controller-0.0.0-py3.10.egg-info' (and everything under it)
Copying ../../build/my_chess_controller/my_chess_controller.egg-info to /home/ekambehl/chess_ws/install/my_chess_controller/lib/python3.10/site-packages/my_chess_controller-0.0.0-py3.10.egg-info
running install_scripts
Installing blue_pieces script to /home/ekambehl/chess_ws/install/my_chess_controller/lib/my_chess_controller
Installing board_state script to /home/ekambehl/chess_ws/install/my_chess_controller/lib/my_chess_controller
Installing my_listner script to /home/ekambehl/chess_ws/install/my_chess_controller/lib/my_chess_controller
Installing red_pieces script to /home/ekambehl/chess_ws/install/my_chess_controller/lib/my_chess_controller
writing list of installed files to '/home/ekambehl/chess_ws/build/my_chess_controller/install.log'
