[0.007s] Invoking command in '/home/ekambehl/chess_ws/build/realsense2_description': AMENT_PREFIX_PATH=/home/ekambehl/chess_ws/install/realsense2_camera_msgs:${AMENT_PREFIX_PATH} CMAKE_PREFIX_PATH=/home/ekambehl/chess_ws/install/realsense2_camera_msgs:/home/ekambehl/ros_ws/install/realsense2_description:/home/ekambehl/ros_ws/install/realsense2_camera:/home/ekambehl/ros_ws/install/realsense2_camera_msgs:/home/ekambehl/ros2_ws/install/realsense2_description:/home/ekambehl/ros2_ws/install/realsense2_camera_msgs:/home/ekambehl/ros_ws/install/my_robot_camera_driver:/home/ekambehl/ros2_ws/install/my_robot_camera_driver:/opt/ros/humble LD_LIBRARY_PATH=/home/ekambehl/chess_ws/install/realsense2_camera_msgs/lib:${LD_LIBRARY_PATH} PYTHONPATH=/home/ekambehl/chess_ws/install/realsense2_camera_msgs/local/lib/python3.10/dist-packages:${PYTHONPATH} /usr/bin/cmake /home/ekambehl/chess_ws/src/realsense-ros/realsense2_description -DCMAKE_INSTALL_PREFIX=/home/ekambehl/chess_ws/install/realsense2_description
[0.041s] -- The C compiler identification is GNU 11.3.0
[0.077s] -- The CXX compiler identification is GNU 11.3.0
[0.082s] -- Detecting C compiler ABI info
[0.124s] -- Detecting C compiler ABI info - done
[0.128s] -- Check for working C compiler: /usr/bin/cc - skipped
[0.128s] -- Detecting C compile features
[0.128s] -- Detecting C compile features - done
[0.130s] -- Detecting CXX compiler ABI info
[0.181s] -- Detecting CXX compiler ABI info - done
[0.186s] -- Check for working CXX compiler: /usr/bin/c++ - skipped
[0.187s] -- Detecting CXX compile features
[0.187s] -- Detecting CXX compile features - done
[0.188s] -- Found ament_cmake: 1.3.3 (/opt/ros/humble/share/ament_cmake/cmake)
[0.305s] -- Found Python3: /usr/bin/python3.10 (found version "3.10.6") found components: Interpreter 
[0.409s] -- Configuring done
[0.410s] -- Generating done
[0.410s] -- Build files have been written to: /home/ekambehl/chess_ws/build/realsense2_description
[0.413s] Invoked command in '/home/ekambehl/chess_ws/build/realsense2_description' returned '0': AMENT_PREFIX_PATH=/home/ekambehl/chess_ws/install/realsense2_camera_msgs:${AMENT_PREFIX_PATH} CMAKE_PREFIX_PATH=/home/ekambehl/chess_ws/install/realsense2_camera_msgs:/home/ekambehl/ros_ws/install/realsense2_description:/home/ekambehl/ros_ws/install/realsense2_camera:/home/ekambehl/ros_ws/install/realsense2_camera_msgs:/home/ekambehl/ros2_ws/install/realsense2_description:/home/ekambehl/ros2_ws/install/realsense2_camera_msgs:/home/ekambehl/ros_ws/install/my_robot_camera_driver:/home/ekambehl/ros2_ws/install/my_robot_camera_driver:/opt/ros/humble LD_LIBRARY_PATH=/home/ekambehl/chess_ws/install/realsense2_camera_msgs/lib:${LD_LIBRARY_PATH} PYTHONPATH=/home/ekambehl/chess_ws/install/realsense2_camera_msgs/local/lib/python3.10/dist-packages:${PYTHONPATH} /usr/bin/cmake /home/ekambehl/chess_ws/src/realsense-ros/realsense2_description -DCMAKE_INSTALL_PREFIX=/home/ekambehl/chess_ws/install/realsense2_description
[0.415s] Invoking command in '/home/ekambehl/chess_ws/build/realsense2_description': AMENT_PREFIX_PATH=/home/ekambehl/chess_ws/install/realsense2_camera_msgs:${AMENT_PREFIX_PATH} CMAKE_PREFIX_PATH=/home/ekambehl/chess_ws/install/realsense2_camera_msgs:/home/ekambehl/ros_ws/install/realsense2_description:/home/ekambehl/ros_ws/install/realsense2_camera:/home/ekambehl/ros_ws/install/realsense2_camera_msgs:/home/ekambehl/ros2_ws/install/realsense2_description:/home/ekambehl/ros2_ws/install/realsense2_camera_msgs:/home/ekambehl/ros_ws/install/my_robot_camera_driver:/home/ekambehl/ros2_ws/install/my_robot_camera_driver:/opt/ros/humble LD_LIBRARY_PATH=/home/ekambehl/chess_ws/install/realsense2_camera_msgs/lib:${LD_LIBRARY_PATH} PYTHONPATH=/home/ekambehl/chess_ws/install/realsense2_camera_msgs/local/lib/python3.10/dist-packages:${PYTHONPATH} /usr/bin/cmake --build /home/ekambehl/chess_ws/build/realsense2_description -- -j16 -l16
[0.436s] Invoked command in '/home/ekambehl/chess_ws/build/realsense2_description' returned '0': AMENT_PREFIX_PATH=/home/ekambehl/chess_ws/install/realsense2_camera_msgs:${AMENT_PREFIX_PATH} CMAKE_PREFIX_PATH=/home/ekambehl/chess_ws/install/realsense2_camera_msgs:/home/ekambehl/ros_ws/install/realsense2_description:/home/ekambehl/ros_ws/install/realsense2_camera:/home/ekambehl/ros_ws/install/realsense2_camera_msgs:/home/ekambehl/ros2_ws/install/realsense2_description:/home/ekambehl/ros2_ws/install/realsense2_camera_msgs:/home/ekambehl/ros_ws/install/my_robot_camera_driver:/home/ekambehl/ros2_ws/install/my_robot_camera_driver:/opt/ros/humble LD_LIBRARY_PATH=/home/ekambehl/chess_ws/install/realsense2_camera_msgs/lib:${LD_LIBRARY_PATH} PYTHONPATH=/home/ekambehl/chess_ws/install/realsense2_camera_msgs/local/lib/python3.10/dist-packages:${PYTHONPATH} /usr/bin/cmake --build /home/ekambehl/chess_ws/build/realsense2_description -- -j16 -l16
[0.449s] Invoking command in '/home/ekambehl/chess_ws/build/realsense2_description': AMENT_PREFIX_PATH=/home/ekambehl/chess_ws/install/realsense2_camera_msgs:${AMENT_PREFIX_PATH} CMAKE_PREFIX_PATH=/home/ekambehl/chess_ws/install/realsense2_camera_msgs:/home/ekambehl/ros_ws/install/realsense2_description:/home/ekambehl/ros_ws/install/realsense2_camera:/home/ekambehl/ros_ws/install/realsense2_camera_msgs:/home/ekambehl/ros2_ws/install/realsense2_description:/home/ekambehl/ros2_ws/install/realsense2_camera_msgs:/home/ekambehl/ros_ws/install/my_robot_camera_driver:/home/ekambehl/ros2_ws/install/my_robot_camera_driver:/opt/ros/humble LD_LIBRARY_PATH=/home/ekambehl/chess_ws/install/realsense2_camera_msgs/lib:${LD_LIBRARY_PATH} PYTHONPATH=/home/ekambehl/chess_ws/install/realsense2_camera_msgs/local/lib/python3.10/dist-packages:${PYTHONPATH} /usr/bin/cmake --install /home/ekambehl/chess_ws/build/realsense2_description
[0.454s] -- Install configuration: ""
[0.454s] -- Installing: /home/ekambehl/chess_ws/install/realsense2_description/share/realsense2_description/launch
[0.454s] -- Installing: /home/ekambehl/chess_ws/install/realsense2_description/share/realsense2_description/launch/view_model.launch.py
[0.454s] -- Installing: /home/ekambehl/chess_ws/install/realsense2_description/share/realsense2_description/launch/launch_utils.py
[0.454s] -- Installing: /home/ekambehl/chess_ws/install/realsense2_description/share/realsense2_description/meshes
[0.454s] -- Installing: /home/ekambehl/chess_ws/install/realsense2_description/share/realsense2_description/meshes/d435.dae
[0.463s] -- Installing: /home/ekambehl/chess_ws/install/realsense2_description/share/realsense2_description/meshes/l515.dae
[0.482s] -- Installing: /home/ekambehl/chess_ws/install/realsense2_description/share/realsense2_description/meshes/plug.stl
[0.482s] -- Installing: /home/ekambehl/chess_ws/install/realsense2_description/share/realsense2_description/meshes/plug_collision.stl
[0.482s] -- Installing: /home/ekambehl/chess_ws/install/realsense2_description/share/realsense2_description/meshes/d415.stl
[0.495s] -- Installing: /home/ekambehl/chess_ws/install/realsense2_description/share/realsense2_description/meshes/d455.stl
[0.496s] -- Installing: /home/ekambehl/chess_ws/install/realsense2_description/share/realsense2_description/rviz
[0.496s] -- Installing: /home/ekambehl/chess_ws/install/realsense2_description/share/realsense2_description/rviz/urdf.rviz
[0.496s] -- Installing: /home/ekambehl/chess_ws/install/realsense2_description/share/realsense2_description/urdf
[0.496s] -- Installing: /home/ekambehl/chess_ws/install/realsense2_description/share/realsense2_description/urdf/_r430.urdf.xacro
[0.496s] -- Installing: /home/ekambehl/chess_ws/install/realsense2_description/share/realsense2_description/urdf/_d435i_imu_modules.urdf.xacro
[0.496s] -- Installing: /home/ekambehl/chess_ws/install/realsense2_description/share/realsense2_description/urdf/_d435i.urdf.xacro
[0.496s] -- Installing: /home/ekambehl/chess_ws/install/realsense2_description/share/realsense2_description/urdf/_d435.urdf.xacro
[0.496s] -- Installing: /home/ekambehl/chess_ws/install/realsense2_description/share/realsense2_description/urdf/test_d435i_camera.urdf.xacro
[0.496s] -- Installing: /home/ekambehl/chess_ws/install/realsense2_description/share/realsense2_description/urdf/test_d435_multiple_cameras.urdf.xacro
[0.496s] -- Installing: /home/ekambehl/chess_ws/install/realsense2_description/share/realsense2_description/urdf/_usb_plug.urdf.xacro
[0.496s] -- Installing: /home/ekambehl/chess_ws/install/realsense2_description/share/realsense2_description/urdf/_r410.urdf.xacro
[0.496s] -- Installing: /home/ekambehl/chess_ws/install/realsense2_description/share/realsense2_description/urdf/_d455.urdf.xacro
[0.496s] -- Installing: /home/ekambehl/chess_ws/install/realsense2_description/share/realsense2_description/urdf/_l515.urdf.xacro
[0.496s] -- Installing: /home/ekambehl/chess_ws/install/realsense2_description/share/realsense2_description/urdf/test_r430_camera.urdf.xacro
[0.496s] -- Installing: /home/ekambehl/chess_ws/install/realsense2_description/share/realsense2_description/urdf/test_d455_camera.urdf.xacro
[0.497s] -- Installing: /home/ekambehl/chess_ws/install/realsense2_description/share/realsense2_description/urdf/test_l515_camera.urdf.xacro
[0.497s] -- Installing: /home/ekambehl/chess_ws/install/realsense2_description/share/realsense2_description/urdf/test_d435_camera.urdf.xacro
[0.497s] -- Installing: /home/ekambehl/chess_ws/install/realsense2_description/share/realsense2_description/urdf/test_r410_camera.urdf.xacro
[0.497s] -- Installing: /home/ekambehl/chess_ws/install/realsense2_description/share/realsense2_description/urdf/_materials.urdf.xacro
[0.497s] -- Installing: /home/ekambehl/chess_ws/install/realsense2_description/share/realsense2_description/urdf/_d415.urdf.xacro
[0.497s] -- Installing: /home/ekambehl/chess_ws/install/realsense2_description/share/realsense2_description/urdf/test_d415_camera.urdf.xacro
[0.497s] -- Installing: /home/ekambehl/chess_ws/install/realsense2_description/share/ament_index/resource_index/package_run_dependencies/realsense2_description
[0.497s] -- Installing: /home/ekambehl/chess_ws/install/realsense2_description/share/ament_index/resource_index/parent_prefix_path/realsense2_description
[0.497s] -- Installing: /home/ekambehl/chess_ws/install/realsense2_description/share/realsense2_description/environment/ament_prefix_path.sh
[0.497s] -- Installing: /home/ekambehl/chess_ws/install/realsense2_description/share/realsense2_description/environment/ament_prefix_path.dsv
[0.497s] -- Installing: /home/ekambehl/chess_ws/install/realsense2_description/share/realsense2_description/environment/path.sh
[0.497s] -- Installing: /home/ekambehl/chess_ws/install/realsense2_description/share/realsense2_description/environment/path.dsv
[0.497s] -- Installing: /home/ekambehl/chess_ws/install/realsense2_description/share/realsense2_description/local_setup.bash
[0.497s] -- Installing: /home/ekambehl/chess_ws/install/realsense2_description/share/realsense2_description/local_setup.sh
[0.497s] -- Installing: /home/ekambehl/chess_ws/install/realsense2_description/share/realsense2_description/local_setup.zsh
[0.497s] -- Installing: /home/ekambehl/chess_ws/install/realsense2_description/share/realsense2_description/local_setup.dsv
[0.497s] -- Installing: /home/ekambehl/chess_ws/install/realsense2_description/share/realsense2_description/package.dsv
[0.497s] -- Installing: /home/ekambehl/chess_ws/install/realsense2_description/share/ament_index/resource_index/packages/realsense2_description
[0.497s] -- Installing: /home/ekambehl/chess_ws/install/realsense2_description/share/realsense2_description/cmake/realsense2_descriptionConfig.cmake
[0.497s] -- Installing: /home/ekambehl/chess_ws/install/realsense2_description/share/realsense2_description/cmake/realsense2_descriptionConfig-version.cmake
[0.497s] -- Installing: /home/ekambehl/chess_ws/install/realsense2_description/share/realsense2_description/package.xml
[0.500s] Invoked command in '/home/ekambehl/chess_ws/build/realsense2_description' returned '0': AMENT_PREFIX_PATH=/home/ekambehl/chess_ws/install/realsense2_camera_msgs:${AMENT_PREFIX_PATH} CMAKE_PREFIX_PATH=/home/ekambehl/chess_ws/install/realsense2_camera_msgs:/home/ekambehl/ros_ws/install/realsense2_description:/home/ekambehl/ros_ws/install/realsense2_camera:/home/ekambehl/ros_ws/install/realsense2_camera_msgs:/home/ekambehl/ros2_ws/install/realsense2_description:/home/ekambehl/ros2_ws/install/realsense2_camera_msgs:/home/ekambehl/ros_ws/install/my_robot_camera_driver:/home/ekambehl/ros2_ws/install/my_robot_camera_driver:/opt/ros/humble LD_LIBRARY_PATH=/home/ekambehl/chess_ws/install/realsense2_camera_msgs/lib:${LD_LIBRARY_PATH} PYTHONPATH=/home/ekambehl/chess_ws/install/realsense2_camera_msgs/local/lib/python3.10/dist-packages:${PYTHONPATH} /usr/bin/cmake --install /home/ekambehl/chess_ws/build/realsense2_description
