[0.782s] Invoking command in '/home/ekambehl/chess_ws/src/my_chess_controller': PYTHONPATH=/home/ekambehl/chess_ws/build/my_chess_controller/prefix_override:/home/ekambehl/chess_ws/install/my_chess_controller/lib/python3.10/site-packages:${PYTHONPATH} /usr/bin/python3 setup.py egg_info --egg-base ../../build/my_chess_controller build --build-base /home/ekambehl/chess_ws/build/my_chess_controller/build install --record /home/ekambehl/chess_ws/build/my_chess_controller/install.log --single-version-externally-managed
[1.121s] running egg_info
[1.122s] writing ../../build/my_chess_controller/my_chess_controller.egg-info/PKG-INFO
[1.122s] writing dependency_links to ../../build/my_chess_controller/my_chess_controller.egg-info/dependency_links.txt
[1.123s] writing entry points to ../../build/my_chess_controller/my_chess_controller.egg-info/entry_points.txt
[1.123s] writing requirements to ../../build/my_chess_controller/my_chess_controller.egg-info/requires.txt
[1.123s] writing top-level names to ../../build/my_chess_controller/my_chess_controller.egg-info/top_level.txt
[1.125s] reading manifest file '../../build/my_chess_controller/my_chess_controller.egg-info/SOURCES.txt'
[1.126s] writing manifest file '../../build/my_chess_controller/my_chess_controller.egg-info/SOURCES.txt'
[1.126s] running build
[1.126s] running build_py
[1.126s] copying my_chess_controller/board_state.py -> /home/ekambehl/chess_ws/build/my_chess_controller/build/lib/my_chess_controller
[1.127s] running install
[1.127s] running install_lib
[1.128s] copying /home/ekambehl/chess_ws/build/my_chess_controller/build/lib/my_chess_controller/board_state.py -> /home/ekambehl/chess_ws/install/my_chess_controller/lib/python3.10/site-packages/my_chess_controller
[1.129s] byte-compiling /home/ekambehl/chess_ws/install/my_chess_controller/lib/python3.10/site-packages/my_chess_controller/board_state.py to board_state.cpython-310.pyc
[1.129s] running install_data
[1.130s] running install_egg_info
[1.131s] removing '/home/ekambehl/chess_ws/install/my_chess_controller/lib/python3.10/site-packages/my_chess_controller-0.0.0-py3.10.egg-info' (and everything under it)
[1.132s] Copying ../../build/my_chess_controller/my_chess_controller.egg-info to /home/ekambehl/chess_ws/install/my_chess_controller/lib/python3.10/site-packages/my_chess_controller-0.0.0-py3.10.egg-info
[1.132s] running install_scripts
[1.150s] Installing board_state script to /home/ekambehl/chess_ws/install/my_chess_controller/lib/my_chess_controller
[1.150s] Installing chess_piece script to /home/ekambehl/chess_ws/install/my_chess_controller/lib/my_chess_controller
[1.150s] Installing my_listner script to /home/ekambehl/chess_ws/install/my_chess_controller/lib/my_chess_controller
[1.150s] writing list of installed files to '/home/ekambehl/chess_ws/build/my_chess_controller/install.log'
[1.174s] Invoked command in '/home/ekambehl/chess_ws/src/my_chess_controller' returned '0': PYTHONPATH=/home/ekambehl/chess_ws/build/my_chess_controller/prefix_override:/home/ekambehl/chess_ws/install/my_chess_controller/lib/python3.10/site-packages:${PYTHONPATH} /usr/bin/python3 setup.py egg_info --egg-base ../../build/my_chess_controller build --build-base /home/ekambehl/chess_ws/build/my_chess_controller/build install --record /home/ekambehl/chess_ws/build/my_chess_controller/install.log --single-version-externally-managed
