[0.008s] Invoking command in '/home/ekambehl/chess_ws/build/realsense2_camera': AMENT_PREFIX_PATH=/home/ekambehl/chess_ws/install/realsense2_camera_msgs:${AMENT_PREFIX_PATH} CMAKE_PREFIX_PATH=/home/ekambehl/chess_ws/install/realsense2_camera_msgs:/home/ekambehl/ros_ws/install/realsense2_description:/home/ekambehl/ros_ws/install/realsense2_camera:/home/ekambehl/ros_ws/install/realsense2_camera_msgs:/home/ekambehl/ros2_ws/install/realsense2_description:/home/ekambehl/ros2_ws/install/realsense2_camera_msgs:/home/ekambehl/ros_ws/install/my_robot_camera_driver:/home/ekambehl/ros2_ws/install/my_robot_camera_driver:/opt/ros/humble LD_LIBRARY_PATH=/home/ekambehl/chess_ws/install/realsense2_camera_msgs/lib:${LD_LIBRARY_PATH} PYTHONPATH=/home/ekambehl/chess_ws/install/realsense2_camera_msgs/local/lib/python3.10/dist-packages:${PYTHONPATH} /usr/bin/cmake /home/ekambehl/chess_ws/src/realsense-ros/realsense2_camera -DCMAKE_INSTALL_PREFIX=/home/ekambehl/chess_ws/install/realsense2_camera
[0.043s] -- The C compiler identification is GNU 11.3.0
[0.078s] -- The CXX compiler identification is GNU 11.3.0
[0.083s] -- Detecting C compiler ABI info
[0.127s] -- Detecting C compiler ABI info - done
[0.131s] -- Check for working C compiler: /usr/bin/cc - skipped
[0.132s] -- Detecting C compile features
[0.132s] -- Detecting C compile features - done
[0.134s] -- Detecting CXX compiler ABI info
[0.184s] -- Detecting CXX compiler ABI info - done
[0.189s] -- Check for working CXX compiler: /usr/bin/c++ - skipped
[0.189s] -- Detecting CXX compile features
[0.189s] -- Detecting CXX compile features - done
[0.190s] -- Create Release Build.
[0.191s] -- Found ament_cmake: 1.3.3 (/opt/ros/humble/share/ament_cmake/cmake)
[0.307s] -- Found Python3: /usr/bin/python3.10 (found version "3.10.6") found components: Interpreter 
[0.367s] -- Found builtin_interfaces: 1.2.1 (/opt/ros/humble/share/builtin_interfaces/cmake)
[0.389s] -- Found rosidl_generator_c: 3.1.4 (/opt/ros/humble/share/rosidl_generator_c/cmake)
[0.392s] -- Found rosidl_adapter: 3.1.4 (/opt/ros/humble/share/rosidl_adapter/cmake)
[0.397s] -- Found rosidl_generator_cpp: 3.1.4 (/opt/ros/humble/share/rosidl_generator_cpp/cmake)
[0.406s] -- Using all available rosidl_typesupport_c: rosidl_typesupport_fastrtps_c;rosidl_typesupport_introspection_c
[0.419s] -- Using all available rosidl_typesupport_cpp: rosidl_typesupport_fastrtps_cpp;rosidl_typesupport_introspection_cpp
[0.431s] -- Found cv_bridge: 3.2.1 (/opt/ros/humble/share/cv_bridge/cmake)
[0.574s] -- Found image_transport: 3.1.5 (/opt/ros/humble/share/image_transport/cmake)
[0.621s] -- Found rmw_implementation_cmake: 6.1.1 (/opt/ros/humble/share/rmw_implementation_cmake/cmake)
[0.623s] -- Found rmw_fastrtps_cpp: 6.2.2 (/opt/ros/humble/share/rmw_fastrtps_cpp/cmake)
[0.685s] -- Found OpenSSL: /usr/lib/x86_64-linux-gnu/libcrypto.so (found version "3.0.2")  
[0.700s] -- Found FastRTPS: /opt/ros/humble/include  
[0.726s] -- Using RMW implementation 'rmw_fastrtps_cpp' as default
[0.733s] -- Looking for pthread.h
[0.773s] -- Looking for pthread.h - found
[0.773s] -- Performing Test CMAKE_HAVE_LIBC_PTHREAD
[0.812s] -- Performing Test CMAKE_HAVE_LIBC_PTHREAD - Success
[0.813s] -- Found Threads: TRUE  
[0.927s] -- Found rclcpp_components: 16.0.2 (/opt/ros/humble/share/rclcpp_components/cmake)
[0.962s] -- Found realsense2_camera_msgs: 4.51.1 (/home/ekambehl/chess_ws/install/realsense2_camera_msgs/share/realsense2_camera_msgs/cmake)
[0.996s] -- Found nav_msgs: 4.2.2 (/opt/ros/humble/share/nav_msgs/cmake)
[1.047s] -- Found tf2_ros: 0.25.1 (/opt/ros/humble/share/tf2_ros/cmake)
[1.216s] -- Found diagnostic_updater: 3.0.0 (/opt/ros/humble/share/diagnostic_updater/cmake)
[1.264s] -- Build for ROS2 Humble
[1.329s] -- Configuring done
[1.343s] -- Generating done
[1.344s] -- Build files have been written to: /home/ekambehl/chess_ws/build/realsense2_camera
[1.352s] Invoked command in '/home/ekambehl/chess_ws/build/realsense2_camera' returned '0': AMENT_PREFIX_PATH=/home/ekambehl/chess_ws/install/realsense2_camera_msgs:${AMENT_PREFIX_PATH} CMAKE_PREFIX_PATH=/home/ekambehl/chess_ws/install/realsense2_camera_msgs:/home/ekambehl/ros_ws/install/realsense2_description:/home/ekambehl/ros_ws/install/realsense2_camera:/home/ekambehl/ros_ws/install/realsense2_camera_msgs:/home/ekambehl/ros2_ws/install/realsense2_description:/home/ekambehl/ros2_ws/install/realsense2_camera_msgs:/home/ekambehl/ros_ws/install/my_robot_camera_driver:/home/ekambehl/ros2_ws/install/my_robot_camera_driver:/opt/ros/humble LD_LIBRARY_PATH=/home/ekambehl/chess_ws/install/realsense2_camera_msgs/lib:${LD_LIBRARY_PATH} PYTHONPATH=/home/ekambehl/chess_ws/install/realsense2_camera_msgs/local/lib/python3.10/dist-packages:${PYTHONPATH} /usr/bin/cmake /home/ekambehl/chess_ws/src/realsense-ros/realsense2_camera -DCMAKE_INSTALL_PREFIX=/home/ekambehl/chess_ws/install/realsense2_camera
[1.352s] Invoking command in '/home/ekambehl/chess_ws/build/realsense2_camera': AMENT_PREFIX_PATH=/home/ekambehl/chess_ws/install/realsense2_camera_msgs:${AMENT_PREFIX_PATH} CMAKE_PREFIX_PATH=/home/ekambehl/chess_ws/install/realsense2_camera_msgs:/home/ekambehl/ros_ws/install/realsense2_description:/home/ekambehl/ros_ws/install/realsense2_camera:/home/ekambehl/ros_ws/install/realsense2_camera_msgs:/home/ekambehl/ros2_ws/install/realsense2_description:/home/ekambehl/ros2_ws/install/realsense2_camera_msgs:/home/ekambehl/ros_ws/install/my_robot_camera_driver:/home/ekambehl/ros2_ws/install/my_robot_camera_driver:/opt/ros/humble LD_LIBRARY_PATH=/home/ekambehl/chess_ws/install/realsense2_camera_msgs/lib:${LD_LIBRARY_PATH} PYTHONPATH=/home/ekambehl/chess_ws/install/realsense2_camera_msgs/local/lib/python3.10/dist-packages:${PYTHONPATH} /usr/bin/cmake --build /home/ekambehl/chess_ws/build/realsense2_camera -- -j16 -l16
[1.379s] [  6%] [32mBuilding CXX object CMakeFiles/realsense2_camera_node.dir/rclcpp_components/node_main_realsense2_camera_node.cpp.o[0m
[1.380s] [ 12%] [32mBuilding CXX object CMakeFiles/realsense2_camera.dir/src/parameters.cpp.o[0m
[1.380s] [ 18%] [32mBuilding CXX object CMakeFiles/realsense2_camera.dir/src/realsense_node_factory.cpp.o[0m
[1.380s] [ 25%] [32mBuilding CXX object CMakeFiles/realsense2_camera.dir/src/t265_realsense_node.cpp.o[0m
[1.380s] [ 31%] [32mBuilding CXX object CMakeFiles/realsense2_camera.dir/src/base_realsense_node.cpp.o[0m
[1.381s] [ 37%] [32mBuilding CXX object CMakeFiles/realsense2_camera.dir/src/rs_node_setup.cpp.o[0m
[1.381s] [ 50%] [32mBuilding CXX object CMakeFiles/realsense2_camera.dir/src/ros_utils.cpp.o[0m
[1.381s] [ 50%] [32mBuilding CXX object CMakeFiles/realsense2_camera.dir/src/ros_sensor.cpp.o[0m
[1.381s] [ 56%] [32mBuilding CXX object CMakeFiles/realsense2_camera.dir/src/dynamic_params.cpp.o[0m
[1.381s] [ 62%] [32mBuilding CXX object CMakeFiles/realsense2_camera.dir/src/sensor_params.cpp.o[0m
[1.381s] [ 75%] [32mBuilding CXX object CMakeFiles/realsense2_camera.dir/src/named_filter.cpp.o[0m
[1.382s] [ 87%] [32mBuilding CXX object CMakeFiles/realsense2_camera.dir/src/image_publisher.cpp.o[0m
[1.382s] [ 87%] [32mBuilding CXX object CMakeFiles/realsense2_camera.dir/src/profile_manager.cpp.o[0m
[1.382s] [ 87%] [32mBuilding CXX object CMakeFiles/realsense2_camera.dir/src/ros_param_backend_foxy.cpp.o[0m
[6.294s] [ 93%] [32m[1mLinking CXX executable realsense2_camera_node[0m
[6.457s] [ 93%] Built target realsense2_camera_node
[14.959s] [100%] [32m[1mLinking CXX shared library librealsense2_camera.so[0m
[15.211s] [100%] Built target realsense2_camera
[15.221s] Invoked command in '/home/ekambehl/chess_ws/build/realsense2_camera' returned '0': AMENT_PREFIX_PATH=/home/ekambehl/chess_ws/install/realsense2_camera_msgs:${AMENT_PREFIX_PATH} CMAKE_PREFIX_PATH=/home/ekambehl/chess_ws/install/realsense2_camera_msgs:/home/ekambehl/ros_ws/install/realsense2_description:/home/ekambehl/ros_ws/install/realsense2_camera:/home/ekambehl/ros_ws/install/realsense2_camera_msgs:/home/ekambehl/ros2_ws/install/realsense2_description:/home/ekambehl/ros2_ws/install/realsense2_camera_msgs:/home/ekambehl/ros_ws/install/my_robot_camera_driver:/home/ekambehl/ros2_ws/install/my_robot_camera_driver:/opt/ros/humble LD_LIBRARY_PATH=/home/ekambehl/chess_ws/install/realsense2_camera_msgs/lib:${LD_LIBRARY_PATH} PYTHONPATH=/home/ekambehl/chess_ws/install/realsense2_camera_msgs/local/lib/python3.10/dist-packages:${PYTHONPATH} /usr/bin/cmake --build /home/ekambehl/chess_ws/build/realsense2_camera -- -j16 -l16
[15.248s] Invoking command in '/home/ekambehl/chess_ws/build/realsense2_camera': AMENT_PREFIX_PATH=/home/ekambehl/chess_ws/install/realsense2_camera_msgs:${AMENT_PREFIX_PATH} CMAKE_PREFIX_PATH=/home/ekambehl/chess_ws/install/realsense2_camera_msgs:/home/ekambehl/ros_ws/install/realsense2_description:/home/ekambehl/ros_ws/install/realsense2_camera:/home/ekambehl/ros_ws/install/realsense2_camera_msgs:/home/ekambehl/ros2_ws/install/realsense2_description:/home/ekambehl/ros2_ws/install/realsense2_camera_msgs:/home/ekambehl/ros_ws/install/my_robot_camera_driver:/home/ekambehl/ros2_ws/install/my_robot_camera_driver:/opt/ros/humble LD_LIBRARY_PATH=/home/ekambehl/chess_ws/install/realsense2_camera_msgs/lib:${LD_LIBRARY_PATH} PYTHONPATH=/home/ekambehl/chess_ws/install/realsense2_camera_msgs/local/lib/python3.10/dist-packages:${PYTHONPATH} /usr/bin/cmake --install /home/ekambehl/chess_ws/build/realsense2_camera
[15.252s] -- Install configuration: "Release"
[15.252s] -- Installing: /home/ekambehl/chess_ws/install/realsense2_camera/lib/realsense2_camera/realsense2_camera_node
[15.252s] -- Set runtime path of "/home/ekambehl/chess_ws/install/realsense2_camera/lib/realsense2_camera/realsense2_camera_node" to ""
[15.252s] -- Installing: /home/ekambehl/chess_ws/install/realsense2_camera/lib/librealsense2_camera.so
[15.254s] -- Set runtime path of "/home/ekambehl/chess_ws/install/realsense2_camera/lib/librealsense2_camera.so" to ""
[15.254s] -- Installing: /home/ekambehl/chess_ws/install/realsense2_camera/include
[15.254s] -- Installing: /home/ekambehl/chess_ws/install/realsense2_camera/include/named_filter.h
[15.254s] -- Installing: /home/ekambehl/chess_ws/install/realsense2_camera/include/dynamic_params.h
[15.254s] -- Installing: /home/ekambehl/chess_ws/install/realsense2_camera/include/sensor_params.h
[15.254s] -- Installing: /home/ekambehl/chess_ws/install/realsense2_camera/include/ros_param_backend.h
[15.254s] -- Installing: /home/ekambehl/chess_ws/install/realsense2_camera/include/ros_sensor.h
[15.255s] -- Installing: /home/ekambehl/chess_ws/install/realsense2_camera/include/image_publisher.h
[15.255s] -- Installing: /home/ekambehl/chess_ws/install/realsense2_camera/include/ros_utils.h
[15.255s] -- Installing: /home/ekambehl/chess_ws/install/realsense2_camera/include/realsense_node_factory.h
[15.255s] -- Installing: /home/ekambehl/chess_ws/install/realsense2_camera/include/profile_manager.h
[15.255s] -- Installing: /home/ekambehl/chess_ws/install/realsense2_camera/include/t265_realsense_node.h
[15.255s] -- Installing: /home/ekambehl/chess_ws/install/realsense2_camera/include/base_realsense_node.h
[15.255s] -- Installing: /home/ekambehl/chess_ws/install/realsense2_camera/include/constants.h
[15.255s] -- Installing: /home/ekambehl/chess_ws/install/realsense2_camera/share/realsense2_camera/launch
[15.255s] -- Installing: /home/ekambehl/chess_ws/install/realsense2_camera/share/realsense2_camera/launch/rs_multi_camera_launch.py
[15.255s] -- Installing: /home/ekambehl/chess_ws/install/realsense2_camera/share/realsense2_camera/launch/default.rviz
[15.255s] -- Installing: /home/ekambehl/chess_ws/install/realsense2_camera/share/realsense2_camera/launch/rs_d400_and_t265_launch.py
[15.255s] -- Installing: /home/ekambehl/chess_ws/install/realsense2_camera/share/realsense2_camera/launch/rs_launch.py
[15.255s] -- Installing: /home/ekambehl/chess_ws/install/realsense2_camera/share/realsense2_camera/launch/rs_intra_process_demo_launch.py
[15.255s] -- Installing: /home/ekambehl/chess_ws/install/realsense2_camera/share/realsense2_camera/environment/library_path.sh
[15.255s] -- Installing: /home/ekambehl/chess_ws/install/realsense2_camera/share/realsense2_camera/environment/library_path.dsv
[15.255s] -- Installing: /home/ekambehl/chess_ws/install/realsense2_camera/share/ament_index/resource_index/package_run_dependencies/realsense2_camera
[15.255s] -- Installing: /home/ekambehl/chess_ws/install/realsense2_camera/share/ament_index/resource_index/parent_prefix_path/realsense2_camera
[15.255s] -- Installing: /home/ekambehl/chess_ws/install/realsense2_camera/share/realsense2_camera/environment/ament_prefix_path.sh
[15.255s] -- Installing: /home/ekambehl/chess_ws/install/realsense2_camera/share/realsense2_camera/environment/ament_prefix_path.dsv
[15.255s] -- Installing: /home/ekambehl/chess_ws/install/realsense2_camera/share/realsense2_camera/environment/path.sh
[15.255s] -- Installing: /home/ekambehl/chess_ws/install/realsense2_camera/share/realsense2_camera/environment/path.dsv
[15.255s] -- Installing: /home/ekambehl/chess_ws/install/realsense2_camera/share/realsense2_camera/local_setup.bash
[15.255s] -- Installing: /home/ekambehl/chess_ws/install/realsense2_camera/share/realsense2_camera/local_setup.sh
[15.255s] -- Installing: /home/ekambehl/chess_ws/install/realsense2_camera/share/realsense2_camera/local_setup.zsh
[15.255s] -- Installing: /home/ekambehl/chess_ws/install/realsense2_camera/share/realsense2_camera/local_setup.dsv
[15.255s] -- Installing: /home/ekambehl/chess_ws/install/realsense2_camera/share/realsense2_camera/package.dsv
[15.256s] -- Installing: /home/ekambehl/chess_ws/install/realsense2_camera/share/ament_index/resource_index/packages/realsense2_camera
[15.256s] -- Installing: /home/ekambehl/chess_ws/install/realsense2_camera/share/ament_index/resource_index/rclcpp_components/realsense2_camera
[15.256s] -- Installing: /home/ekambehl/chess_ws/install/realsense2_camera/share/realsense2_camera/cmake/ament_cmake_export_include_directories-extras.cmake
[15.256s] -- Installing: /home/ekambehl/chess_ws/install/realsense2_camera/share/realsense2_camera/cmake/ament_cmake_export_libraries-extras.cmake
[15.256s] -- Installing: /home/ekambehl/chess_ws/install/realsense2_camera/share/realsense2_camera/cmake/ament_cmake_export_dependencies-extras.cmake
[15.256s] -- Installing: /home/ekambehl/chess_ws/install/realsense2_camera/share/realsense2_camera/cmake/realsense2_cameraConfig.cmake
[15.256s] -- Installing: /home/ekambehl/chess_ws/install/realsense2_camera/share/realsense2_camera/cmake/realsense2_cameraConfig-version.cmake
[15.256s] -- Installing: /home/ekambehl/chess_ws/install/realsense2_camera/share/realsense2_camera/package.xml
[15.258s] Invoked command in '/home/ekambehl/chess_ws/build/realsense2_camera' returned '0': AMENT_PREFIX_PATH=/home/ekambehl/chess_ws/install/realsense2_camera_msgs:${AMENT_PREFIX_PATH} CMAKE_PREFIX_PATH=/home/ekambehl/chess_ws/install/realsense2_camera_msgs:/home/ekambehl/ros_ws/install/realsense2_description:/home/ekambehl/ros_ws/install/realsense2_camera:/home/ekambehl/ros_ws/install/realsense2_camera_msgs:/home/ekambehl/ros2_ws/install/realsense2_description:/home/ekambehl/ros2_ws/install/realsense2_camera_msgs:/home/ekambehl/ros_ws/install/my_robot_camera_driver:/home/ekambehl/ros2_ws/install/my_robot_camera_driver:/opt/ros/humble LD_LIBRARY_PATH=/home/ekambehl/chess_ws/install/realsense2_camera_msgs/lib:${LD_LIBRARY_PATH} PYTHONPATH=/home/ekambehl/chess_ws/install/realsense2_camera_msgs/local/lib/python3.10/dist-packages:${PYTHONPATH} /usr/bin/cmake --install /home/ekambehl/chess_ws/build/realsense2_camera
