running egg_info
creating ../build/my_chess_controller/my_chess_controller.egg-info
writing ../build/my_chess_controller/my_chess_controller.egg-info/PKG-INFO
writing dependency_links to ../build/my_chess_controller/my_chess_controller.egg-info/dependency_links.txt
writing entry points to ../build/my_chess_controller/my_chess_controller.egg-info/entry_points.txt
writing requirements to ../build/my_chess_controller/my_chess_controller.egg-info/requires.txt
writing top-level names to ../build/my_chess_controller/my_chess_controller.egg-info/top_level.txt
writing manifest file '../build/my_chess_controller/my_chess_controller.egg-info/SOURCES.txt'
reading manifest file '../build/my_chess_controller/my_chess_controller.egg-info/SOURCES.txt'
writing manifest file '../build/my_chess_controller/my_chess_controller.egg-info/SOURCES.txt'
running build
running build_py
creating /home/ekambehl/chess_ws/src/build/my_chess_controller/build
creating /home/ekambehl/chess_ws/src/build/my_chess_controller/build/lib
creating /home/ekambehl/chess_ws/src/build/my_chess_controller/build/lib/my_chess_controller
copying my_chess_controller/__init__.py -> /home/ekambehl/chess_ws/src/build/my_chess_controller/build/lib/my_chess_controller
copying my_chess_controller/depth_sub.py -> /home/ekambehl/chess_ws/src/build/my_chess_controller/build/lib/my_chess_controller
running install
running install_lib
creating /home/ekambehl/chess_ws/src/install/my_chess_controller/lib/python3.10/site-packages/my_chess_controller
copying /home/ekambehl/chess_ws/src/build/my_chess_controller/build/lib/my_chess_controller/__init__.py -> /home/ekambehl/chess_ws/src/install/my_chess_controller/lib/python3.10/site-packages/my_chess_controller
copying /home/ekambehl/chess_ws/src/build/my_chess_controller/build/lib/my_chess_controller/depth_sub.py -> /home/ekambehl/chess_ws/src/install/my_chess_controller/lib/python3.10/site-packages/my_chess_controller
byte-compiling /home/ekambehl/chess_ws/src/install/my_chess_controller/lib/python3.10/site-packages/my_chess_controller/__init__.py to __init__.cpython-310.pyc
byte-compiling /home/ekambehl/chess_ws/src/install/my_chess_controller/lib/python3.10/site-packages/my_chess_controller/depth_sub.py to depth_sub.cpython-310.pyc
running install_data
creating /home/ekambehl/chess_ws/src/install/my_chess_controller/share/ament_index
creating /home/ekambehl/chess_ws/src/install/my_chess_controller/share/ament_index/resource_index
creating /home/ekambehl/chess_ws/src/install/my_chess_controller/share/ament_index/resource_index/packages
copying resource/my_chess_controller -> /home/ekambehl/chess_ws/src/install/my_chess_controller/share/ament_index/resource_index/packages
copying package.xml -> /home/ekambehl/chess_ws/src/install/my_chess_controller/share/my_chess_controller
running install_egg_info
Copying ../build/my_chess_controller/my_chess_controller.egg-info to /home/ekambehl/chess_ws/src/install/my_chess_controller/lib/python3.10/site-packages/my_chess_controller-0.0.0-py3.10.egg-info
running install_scripts
Installing my_listner script to /home/ekambehl/chess_ws/src/install/my_chess_controller/lib/my_chess_controller
writing list of installed files to '/home/ekambehl/chess_ws/src/build/my_chess_controller/install.log'
