[0.363s] Invoking command in '/home/ekambehl/chess_ws/src/my_chess_controller': PYTHONPATH=/home/ekambehl/chess_ws/src/build/my_chess_controller/prefix_override:/home/ekambehl/chess_ws/src/install/my_chess_controller/lib/python3.10/site-packages:${PYTHONPATH} /usr/bin/python3 setup.py egg_info --egg-base ../build/my_chess_controller build --build-base /home/ekambehl/chess_ws/src/build/my_chess_controller/build install --record /home/ekambehl/chess_ws/src/build/my_chess_controller/install.log --single-version-externally-managed
[0.508s] running egg_info
[0.509s] creating ../build/my_chess_controller/my_chess_controller.egg-info
[0.509s] writing ../build/my_chess_controller/my_chess_controller.egg-info/PKG-INFO
[0.509s] writing dependency_links to ../build/my_chess_controller/my_chess_controller.egg-info/dependency_links.txt
[0.509s] writing entry points to ../build/my_chess_controller/my_chess_controller.egg-info/entry_points.txt
[0.509s] writing requirements to ../build/my_chess_controller/my_chess_controller.egg-info/requires.txt
[0.509s] writing top-level names to ../build/my_chess_controller/my_chess_controller.egg-info/top_level.txt
[0.509s] writing manifest file '../build/my_chess_controller/my_chess_controller.egg-info/SOURCES.txt'
[0.510s] reading manifest file '../build/my_chess_controller/my_chess_controller.egg-info/SOURCES.txt'
[0.511s] writing manifest file '../build/my_chess_controller/my_chess_controller.egg-info/SOURCES.txt'
[0.511s] running build
[0.511s] running build_py
[0.511s] creating /home/ekambehl/chess_ws/src/build/my_chess_controller/build
[0.511s] creating /home/ekambehl/chess_ws/src/build/my_chess_controller/build/lib
[0.511s] creating /home/ekambehl/chess_ws/src/build/my_chess_controller/build/lib/my_chess_controller
[0.511s] copying my_chess_controller/__init__.py -> /home/ekambehl/chess_ws/src/build/my_chess_controller/build/lib/my_chess_controller
[0.511s] copying my_chess_controller/depth_sub.py -> /home/ekambehl/chess_ws/src/build/my_chess_controller/build/lib/my_chess_controller
[0.511s] running install
[0.511s] running install_lib
[0.512s] creating /home/ekambehl/chess_ws/src/install/my_chess_controller/lib/python3.10/site-packages/my_chess_controller
[0.512s] copying /home/ekambehl/chess_ws/src/build/my_chess_controller/build/lib/my_chess_controller/__init__.py -> /home/ekambehl/chess_ws/src/install/my_chess_controller/lib/python3.10/site-packages/my_chess_controller
[0.512s] copying /home/ekambehl/chess_ws/src/build/my_chess_controller/build/lib/my_chess_controller/depth_sub.py -> /home/ekambehl/chess_ws/src/install/my_chess_controller/lib/python3.10/site-packages/my_chess_controller
[0.512s] byte-compiling /home/ekambehl/chess_ws/src/install/my_chess_controller/lib/python3.10/site-packages/my_chess_controller/__init__.py to __init__.cpython-310.pyc
[0.512s] byte-compiling /home/ekambehl/chess_ws/src/install/my_chess_controller/lib/python3.10/site-packages/my_chess_controller/depth_sub.py to depth_sub.cpython-310.pyc
[0.513s] running install_data
[0.513s] creating /home/ekambehl/chess_ws/src/install/my_chess_controller/share/ament_index
[0.513s] creating /home/ekambehl/chess_ws/src/install/my_chess_controller/share/ament_index/resource_index
[0.513s] creating /home/ekambehl/chess_ws/src/install/my_chess_controller/share/ament_index/resource_index/packages
[0.513s] copying resource/my_chess_controller -> /home/ekambehl/chess_ws/src/install/my_chess_controller/share/ament_index/resource_index/packages
[0.513s] copying package.xml -> /home/ekambehl/chess_ws/src/install/my_chess_controller/share/my_chess_controller
[0.513s] running install_egg_info
[0.514s] Copying ../build/my_chess_controller/my_chess_controller.egg-info to /home/ekambehl/chess_ws/src/install/my_chess_controller/lib/python3.10/site-packages/my_chess_controller-0.0.0-py3.10.egg-info
[0.515s] running install_scripts
[0.527s] Installing my_listner script to /home/ekambehl/chess_ws/src/install/my_chess_controller/lib/my_chess_controller
[0.527s] writing list of installed files to '/home/ekambehl/chess_ws/src/build/my_chess_controller/install.log'
[0.544s] Invoked command in '/home/ekambehl/chess_ws/src/my_chess_controller' returned '0': PYTHONPATH=/home/ekambehl/chess_ws/src/build/my_chess_controller/prefix_override:/home/ekambehl/chess_ws/src/install/my_chess_controller/lib/python3.10/site-packages:${PYTHONPATH} /usr/bin/python3 setup.py egg_info --egg-base ../build/my_chess_controller build --build-base /home/ekambehl/chess_ws/src/build/my_chess_controller/build install --record /home/ekambehl/chess_ws/src/build/my_chess_controller/install.log --single-version-externally-managed
