[0.023s] Invoking command in '/home/ekambehl/chess_ws/build/realsense2_camera_msgs': CMAKE_PREFIX_PATH=${CMAKE_PREFIX_PATH}:/home/ekambehl/chess_ws/install/my_chess_controller:/home/ekambehl/ros_ws/install/my_robot_camera_driver:/home/ekambehl/ros2_ws/install/my_robot_camera_driver:/opt/ros/humble /usr/bin/cmake --build /home/ekambehl/chess_ws/build/realsense2_camera_msgs -- -j16 -l16
[0.075s] [  1%] Built target realsense2_camera_msgs__cpp
[0.078s] [ 12%] Built target realsense2_camera_msgs__rosidl_generator_c
[0.087s] [ 12%] Built target ament_cmake_python_copy_realsense2_camera_msgs
[0.105s] [ 18%] [32mBuilding CXX object CMakeFiles/realsense2_camera_msgs__rosidl_typesupport_cpp.dir/rosidl_typesupport_cpp/realsense2_camera_msgs/msg/extrinsics__type_support.cpp.o[0m
[0.105s] [ 20%] [32mBuilding CXX object CMakeFiles/realsense2_camera_msgs__rosidl_typesupport_introspection_cpp.dir/rosidl_typesupport_introspection_cpp/realsense2_camera_msgs/msg/detail/imu_info__type_support.cpp.o[0m
[0.105s] [ 20%] [32mBuilding CXX object CMakeFiles/realsense2_camera_msgs__rosidl_typesupport_cpp.dir/rosidl_typesupport_cpp/realsense2_camera_msgs/msg/metadata__type_support.cpp.o[0m
[0.105s] [ 21%] [32mBuilding CXX object CMakeFiles/realsense2_camera_msgs__rosidl_typesupport_introspection_cpp.dir/rosidl_typesupport_introspection_cpp/realsense2_camera_msgs/msg/detail/extrinsics__type_support.cpp.o[0m
[0.105s] [ 21%] [32mBuilding CXX object CMakeFiles/realsense2_camera_msgs__rosidl_typesupport_cpp.dir/rosidl_typesupport_cpp/realsense2_camera_msgs/msg/imu_info__type_support.cpp.o[0m
[0.105s] [ 23%] [32mBuilding CXX object CMakeFiles/realsense2_camera_msgs__rosidl_typesupport_introspection_cpp.dir/rosidl_typesupport_introspection_cpp/realsense2_camera_msgs/srv/detail/device_info__type_support.cpp.o[0m
[0.105s] [ 25%] [32mBuilding CXX object CMakeFiles/realsense2_camera_msgs__rosidl_typesupport_introspection_cpp.dir/rosidl_typesupport_introspection_cpp/realsense2_camera_msgs/msg/detail/metadata__type_support.cpp.o[0m
[0.106s] [ 27%] [32mBuilding CXX object CMakeFiles/realsense2_camera_msgs__rosidl_typesupport_cpp.dir/rosidl_typesupport_cpp/realsense2_camera_msgs/srv/device_info__type_support.cpp.o[0m
[0.106s] [ 38%] Built target realsense2_camera_msgs__rosidl_typesupport_c
[0.107s] [ 49%] Built target realsense2_camera_msgs__rosidl_typesupport_introspection_c
[0.108s] [ 50%] [32mBuilding CXX object CMakeFiles/realsense2_camera_msgs__rosidl_typesupport_fastrtps_cpp.dir/rosidl_typesupport_fastrtps_cpp/realsense2_camera_msgs/msg/detail/dds_fastrtps/imu_info__type_support.cpp.o[0m
[0.110s] [ 52%] [32mBuilding CXX object CMakeFiles/realsense2_camera_msgs__rosidl_typesupport_fastrtps_cpp.dir/rosidl_typesupport_fastrtps_cpp/realsense2_camera_msgs/msg/detail/dds_fastrtps/extrinsics__type_support.cpp.o[0m
[0.111s] [ 54%] [32mBuilding CXX object CMakeFiles/realsense2_camera_msgs__rosidl_typesupport_fastrtps_cpp.dir/rosidl_typesupport_fastrtps_cpp/realsense2_camera_msgs/srv/detail/dds_fastrtps/device_info__type_support.cpp.o[0m
[0.111s] [ 56%] [32mBuilding CXX object CMakeFiles/realsense2_camera_msgs__rosidl_typesupport_fastrtps_c.dir/rosidl_typesupport_fastrtps_c/realsense2_camera_msgs/msg/detail/imu_info__type_support_c.cpp.o[0m
[0.116s] [ 58%] [32mBuilding CXX object CMakeFiles/realsense2_camera_msgs__rosidl_typesupport_fastrtps_cpp.dir/rosidl_typesupport_fastrtps_cpp/realsense2_camera_msgs/msg/detail/dds_fastrtps/metadata__type_support.cpp.o[0m
[0.121s] [ 60%] [32mBuilding CXX object CMakeFiles/realsense2_camera_msgs__rosidl_typesupport_fastrtps_c.dir/rosidl_typesupport_fastrtps_c/realsense2_camera_msgs/msg/detail/extrinsics__type_support_c.cpp.o[0m
[0.121s] [ 61%] [32mBuilding CXX object CMakeFiles/realsense2_camera_msgs__rosidl_typesupport_fastrtps_c.dir/rosidl_typesupport_fastrtps_c/realsense2_camera_msgs/msg/detail/metadata__type_support_c.cpp.o[0m
[0.617s] [ 63%] [32mBuilding CXX object CMakeFiles/realsense2_camera_msgs__rosidl_typesupport_fastrtps_c.dir/rosidl_typesupport_fastrtps_c/realsense2_camera_msgs/srv/detail/device_info__type_support_c.cpp.o[0m
[0.696s] [ 65%] [32m[1mLinking CXX shared library librealsense2_camera_msgs__rosidl_typesupport_cpp.so[0m
[0.771s] running egg_info
[0.772s] writing realsense2_camera_msgs.egg-info/PKG-INFO
[0.772s] writing dependency_links to realsense2_camera_msgs.egg-info/dependency_links.txt
[0.773s] writing top-level names to realsense2_camera_msgs.egg-info/top_level.txt
[0.776s] [ 67%] Built target realsense2_camera_msgs__rosidl_typesupport_cpp
[0.779s] reading manifest file 'realsense2_camera_msgs.egg-info/SOURCES.txt'
[0.781s] writing manifest file 'realsense2_camera_msgs.egg-info/SOURCES.txt'
[0.815s] [ 67%] Built target ament_cmake_python_build_realsense2_camera_msgs_egg
[0.957s] [ 69%] [32m[1mLinking CXX shared library librealsense2_camera_msgs__rosidl_typesupport_fastrtps_cpp.so[0m
[0.970s] [ 70%] [32m[1mLinking CXX shared library librealsense2_camera_msgs__rosidl_typesupport_introspection_cpp.so[0m
[1.034s] [ 72%] Built target realsense2_camera_msgs__rosidl_typesupport_fastrtps_cpp
[1.047s] [ 74%] Built target realsense2_camera_msgs__rosidl_typesupport_introspection_cpp
[1.094s] [ 76%] [32m[1mLinking CXX shared library librealsense2_camera_msgs__rosidl_typesupport_fastrtps_c.so[0m
[1.162s] [ 78%] Built target realsense2_camera_msgs__rosidl_typesupport_fastrtps_c
[1.182s] [ 78%] Built target realsense2_camera_msgs
[1.202s] [ 80%] Built target realsense2_camera_msgs__py
[1.224s] [ 81%] [32mBuilding C object CMakeFiles/realsense2_camera_msgs__rosidl_generator_py.dir/rosidl_generator_py/realsense2_camera_msgs/msg/_imu_info_s.c.o[0m
[1.225s] [ 83%] [32mBuilding C object CMakeFiles/realsense2_camera_msgs__rosidl_generator_py.dir/rosidl_generator_py/realsense2_camera_msgs/msg/_extrinsics_s.c.o[0m
[1.225s] [ 85%] [32mBuilding C object CMakeFiles/realsense2_camera_msgs__rosidl_generator_py.dir/rosidl_generator_py/realsense2_camera_msgs/srv/_device_info_s.c.o[0m
[1.225s] [ 87%] [32mBuilding C object CMakeFiles/realsense2_camera_msgs__rosidl_generator_py.dir/rosidl_generator_py/realsense2_camera_msgs/msg/_metadata_s.c.o[0m
[1.345s] [ 89%] [32m[1mLinking C shared library rosidl_generator_py/realsense2_camera_msgs/librealsense2_camera_msgs__rosidl_generator_py.so[0m
[1.384s] [ 89%] Built target realsense2_camera_msgs__rosidl_generator_py
[1.407s] [ 90%] [32mBuilding C object CMakeFiles/realsense2_camera_msgs__rosidl_typesupport_introspection_c__pyext.dir/rosidl_generator_py/realsense2_camera_msgs/_realsense2_camera_msgs_s.ep.rosidl_typesupport_introspection_c.c.o[0m
[1.407s] [ 92%] [32mBuilding C object CMakeFiles/realsense2_camera_msgs__rosidl_typesupport_fastrtps_c__pyext.dir/rosidl_generator_py/realsense2_camera_msgs/_realsense2_camera_msgs_s.ep.rosidl_typesupport_fastrtps_c.c.o[0m
[1.407s] [ 94%] [32mBuilding C object CMakeFiles/realsense2_camera_msgs__rosidl_typesupport_c__pyext.dir/rosidl_generator_py/realsense2_camera_msgs/_realsense2_camera_msgs_s.ep.rosidl_typesupport_c.c.o[0m
[1.521s] [ 98%] [32m[1mLinking C shared library rosidl_generator_py/realsense2_camera_msgs/realsense2_camera_msgs_s__rosidl_typesupport_introspection_c.cpython-310-x86_64-linux-gnu.so[0m
[1.522s] [ 98%] [32m[1mLinking C shared library rosidl_generator_py/realsense2_camera_msgs/realsense2_camera_msgs_s__rosidl_typesupport_c.cpython-310-x86_64-linux-gnu.so[0m
[1.522s] [100%] [32m[1mLinking C shared library rosidl_generator_py/realsense2_camera_msgs/realsense2_camera_msgs_s__rosidl_typesupport_fastrtps_c.cpython-310-x86_64-linux-gnu.so[0m
[1.561s] [100%] Built target realsense2_camera_msgs__rosidl_typesupport_c__pyext
[1.562s] [100%] Built target realsense2_camera_msgs__rosidl_typesupport_fastrtps_c__pyext
[1.563s] [100%] Built target realsense2_camera_msgs__rosidl_typesupport_introspection_c__pyext
[1.573s] Invoked command in '/home/ekambehl/chess_ws/build/realsense2_camera_msgs' returned '0': CMAKE_PREFIX_PATH=${CMAKE_PREFIX_PATH}:/home/ekambehl/chess_ws/install/my_chess_controller:/home/ekambehl/ros_ws/install/my_robot_camera_driver:/home/ekambehl/ros2_ws/install/my_robot_camera_driver:/opt/ros/humble /usr/bin/cmake --build /home/ekambehl/chess_ws/build/realsense2_camera_msgs -- -j16 -l16
[1.678s] Invoking command in '/home/ekambehl/chess_ws/build/realsense2_camera_msgs': CMAKE_PREFIX_PATH=${CMAKE_PREFIX_PATH}:/home/ekambehl/chess_ws/install/my_chess_controller:/home/ekambehl/ros_ws/install/my_robot_camera_driver:/home/ekambehl/ros2_ws/install/my_robot_camera_driver:/opt/ros/humble /usr/bin/cmake --install /home/ekambehl/chess_ws/build/realsense2_camera_msgs
[1.692s] -- Install configuration: ""
[1.692s] -- Up-to-date: /home/ekambehl/chess_ws/install/realsense2_camera_msgs/share/ament_index/resource_index/rosidl_interfaces/realsense2_camera_msgs
[1.692s] -- Up-to-date: /home/ekambehl/chess_ws/install/realsense2_camera_msgs/include/realsense2_camera_msgs/realsense2_camera_msgs
[1.693s] -- Up-to-date: /home/ekambehl/chess_ws/install/realsense2_camera_msgs/include/realsense2_camera_msgs/realsense2_camera_msgs/msg
[1.693s] -- Up-to-date: /home/ekambehl/chess_ws/install/realsense2_camera_msgs/include/realsense2_camera_msgs/realsense2_camera_msgs/msg/rosidl_generator_c__visibility_control.h
[1.693s] -- Up-to-date: /home/ekambehl/chess_ws/install/realsense2_camera_msgs/include/realsense2_camera_msgs/realsense2_camera_msgs/msg/metadata.h
[1.693s] -- Up-to-date: /home/ekambehl/chess_ws/install/realsense2_camera_msgs/include/realsense2_camera_msgs/realsense2_camera_msgs/msg/extrinsics.h
[1.693s] -- Up-to-date: /home/ekambehl/chess_ws/install/realsense2_camera_msgs/include/realsense2_camera_msgs/realsense2_camera_msgs/msg/detail
[1.693s] -- Up-to-date: /home/ekambehl/chess_ws/install/realsense2_camera_msgs/include/realsense2_camera_msgs/realsense2_camera_msgs/msg/detail/extrinsics__struct.h
[1.693s] -- Up-to-date: /home/ekambehl/chess_ws/install/realsense2_camera_msgs/include/realsense2_camera_msgs/realsense2_camera_msgs/msg/detail/metadata__struct.h
[1.693s] -- Up-to-date: /home/ekambehl/chess_ws/install/realsense2_camera_msgs/include/realsense2_camera_msgs/realsense2_camera_msgs/msg/detail/extrinsics__functions.c
[1.693s] -- Up-to-date: /home/ekambehl/chess_ws/install/realsense2_camera_msgs/include/realsense2_camera_msgs/realsense2_camera_msgs/msg/detail/metadata__functions.c
[1.693s] -- Up-to-date: /home/ekambehl/chess_ws/install/realsense2_camera_msgs/include/realsense2_camera_msgs/realsense2_camera_msgs/msg/detail/extrinsics__functions.h
[1.693s] -- Up-to-date: /home/ekambehl/chess_ws/install/realsense2_camera_msgs/include/realsense2_camera_msgs/realsense2_camera_msgs/msg/detail/imu_info__functions.c
[1.693s] -- Up-to-date: /home/ekambehl/chess_ws/install/realsense2_camera_msgs/include/realsense2_camera_msgs/realsense2_camera_msgs/msg/detail/imu_info__struct.h
[1.693s] -- Up-to-date: /home/ekambehl/chess_ws/install/realsense2_camera_msgs/include/realsense2_camera_msgs/realsense2_camera_msgs/msg/detail/imu_info__functions.h
[1.694s] -- Up-to-date: /home/ekambehl/chess_ws/install/realsense2_camera_msgs/include/realsense2_camera_msgs/realsense2_camera_msgs/msg/detail/metadata__functions.h
[1.694s] -- Up-to-date: /home/ekambehl/chess_ws/install/realsense2_camera_msgs/include/realsense2_camera_msgs/realsense2_camera_msgs/msg/detail/extrinsics__type_support.h
[1.694s] -- Up-to-date: /home/ekambehl/chess_ws/install/realsense2_camera_msgs/include/realsense2_camera_msgs/realsense2_camera_msgs/msg/detail/imu_info__type_support.h
[1.694s] -- Up-to-date: /home/ekambehl/chess_ws/install/realsense2_camera_msgs/include/realsense2_camera_msgs/realsense2_camera_msgs/msg/detail/metadata__type_support.h
[1.694s] -- Up-to-date: /home/ekambehl/chess_ws/install/realsense2_camera_msgs/include/realsense2_camera_msgs/realsense2_camera_msgs/msg/imu_info.h
[1.694s] -- Up-to-date: /home/ekambehl/chess_ws/install/realsense2_camera_msgs/include/realsense2_camera_msgs/realsense2_camera_msgs/srv
[1.694s] -- Up-to-date: /home/ekambehl/chess_ws/install/realsense2_camera_msgs/include/realsense2_camera_msgs/realsense2_camera_msgs/srv/device_info.h
[1.694s] -- Up-to-date: /home/ekambehl/chess_ws/install/realsense2_camera_msgs/include/realsense2_camera_msgs/realsense2_camera_msgs/srv/detail
[1.694s] -- Up-to-date: /home/ekambehl/chess_ws/install/realsense2_camera_msgs/include/realsense2_camera_msgs/realsense2_camera_msgs/srv/detail/device_info__struct.h
[1.694s] -- Up-to-date: /home/ekambehl/chess_ws/install/realsense2_camera_msgs/include/realsense2_camera_msgs/realsense2_camera_msgs/srv/detail/device_info__functions.h
[1.694s] -- Up-to-date: /home/ekambehl/chess_ws/install/realsense2_camera_msgs/include/realsense2_camera_msgs/realsense2_camera_msgs/srv/detail/device_info__functions.c
[1.694s] -- Up-to-date: /home/ekambehl/chess_ws/install/realsense2_camera_msgs/include/realsense2_camera_msgs/realsense2_camera_msgs/srv/detail/device_info__type_support.h
[1.694s] -- Up-to-date: /home/ekambehl/chess_ws/install/realsense2_camera_msgs/share/realsense2_camera_msgs/environment/library_path.sh
[1.694s] -- Up-to-date: /home/ekambehl/chess_ws/install/realsense2_camera_msgs/share/realsense2_camera_msgs/environment/library_path.dsv
[1.694s] -- Up-to-date: /home/ekambehl/chess_ws/install/realsense2_camera_msgs/lib/librealsense2_camera_msgs__rosidl_generator_c.so
[1.695s] -- Up-to-date: /home/ekambehl/chess_ws/install/realsense2_camera_msgs/include/realsense2_camera_msgs/realsense2_camera_msgs
[1.695s] -- Up-to-date: /home/ekambehl/chess_ws/install/realsense2_camera_msgs/include/realsense2_camera_msgs/realsense2_camera_msgs/msg
[1.695s] -- Up-to-date: /home/ekambehl/chess_ws/install/realsense2_camera_msgs/include/realsense2_camera_msgs/realsense2_camera_msgs/msg/rosidl_typesupport_fastrtps_c__visibility_control.h
[1.695s] -- Up-to-date: /home/ekambehl/chess_ws/install/realsense2_camera_msgs/include/realsense2_camera_msgs/realsense2_camera_msgs/msg/detail
[1.695s] -- Up-to-date: /home/ekambehl/chess_ws/install/realsense2_camera_msgs/include/realsense2_camera_msgs/realsense2_camera_msgs/msg/detail/metadata__rosidl_typesupport_fastrtps_c.h
[1.695s] -- Up-to-date: /home/ekambehl/chess_ws/install/realsense2_camera_msgs/include/realsense2_camera_msgs/realsense2_camera_msgs/msg/detail/imu_info__rosidl_typesupport_fastrtps_c.h
[1.695s] -- Up-to-date: /home/ekambehl/chess_ws/install/realsense2_camera_msgs/include/realsense2_camera_msgs/realsense2_camera_msgs/msg/detail/extrinsics__rosidl_typesupport_fastrtps_c.h
[1.695s] -- Up-to-date: /home/ekambehl/chess_ws/install/realsense2_camera_msgs/include/realsense2_camera_msgs/realsense2_camera_msgs/srv
[1.695s] -- Up-to-date: /home/ekambehl/chess_ws/install/realsense2_camera_msgs/include/realsense2_camera_msgs/realsense2_camera_msgs/srv/detail
[1.695s] -- Up-to-date: /home/ekambehl/chess_ws/install/realsense2_camera_msgs/include/realsense2_camera_msgs/realsense2_camera_msgs/srv/detail/device_info__rosidl_typesupport_fastrtps_c.h
[1.695s] -- Installing: /home/ekambehl/chess_ws/install/realsense2_camera_msgs/lib/librealsense2_camera_msgs__rosidl_typesupport_fastrtps_c.so
[1.695s] -- Set runtime path of "/home/ekambehl/chess_ws/install/realsense2_camera_msgs/lib/librealsense2_camera_msgs__rosidl_typesupport_fastrtps_c.so" to ""
[1.695s] -- Up-to-date: /home/ekambehl/chess_ws/install/realsense2_camera_msgs/include/realsense2_camera_msgs/realsense2_camera_msgs
[1.695s] -- Up-to-date: /home/ekambehl/chess_ws/install/realsense2_camera_msgs/include/realsense2_camera_msgs/realsense2_camera_msgs/msg
[1.695s] -- Up-to-date: /home/ekambehl/chess_ws/install/realsense2_camera_msgs/include/realsense2_camera_msgs/realsense2_camera_msgs/msg/detail
[1.695s] -- Up-to-date: /home/ekambehl/chess_ws/install/realsense2_camera_msgs/include/realsense2_camera_msgs/realsense2_camera_msgs/msg/detail/metadata__type_support.c
[1.696s] -- Up-to-date: /home/ekambehl/chess_ws/install/realsense2_camera_msgs/include/realsense2_camera_msgs/realsense2_camera_msgs/msg/detail/imu_info__type_support.c
[1.696s] -- Up-to-date: /home/ekambehl/chess_ws/install/realsense2_camera_msgs/include/realsense2_camera_msgs/realsense2_camera_msgs/msg/detail/extrinsics__rosidl_typesupport_introspection_c.h
[1.696s] -- Up-to-date: /home/ekambehl/chess_ws/install/realsense2_camera_msgs/include/realsense2_camera_msgs/realsense2_camera_msgs/msg/detail/imu_info__rosidl_typesupport_introspection_c.h
[1.696s] -- Up-to-date: /home/ekambehl/chess_ws/install/realsense2_camera_msgs/include/realsense2_camera_msgs/realsense2_camera_msgs/msg/detail/metadata__rosidl_typesupport_introspection_c.h
[1.696s] -- Up-to-date: /home/ekambehl/chess_ws/install/realsense2_camera_msgs/include/realsense2_camera_msgs/realsense2_camera_msgs/msg/detail/extrinsics__type_support.c
[1.696s] -- Up-to-date: /home/ekambehl/chess_ws/install/realsense2_camera_msgs/include/realsense2_camera_msgs/realsense2_camera_msgs/msg/rosidl_typesupport_introspection_c__visibility_control.h
[1.696s] -- Up-to-date: /home/ekambehl/chess_ws/install/realsense2_camera_msgs/include/realsense2_camera_msgs/realsense2_camera_msgs/srv
[1.696s] -- Up-to-date: /home/ekambehl/chess_ws/install/realsense2_camera_msgs/include/realsense2_camera_msgs/realsense2_camera_msgs/srv/detail
[1.696s] -- Up-to-date: /home/ekambehl/chess_ws/install/realsense2_camera_msgs/include/realsense2_camera_msgs/realsense2_camera_msgs/srv/detail/device_info__type_support.c
[1.696s] -- Up-to-date: /home/ekambehl/chess_ws/install/realsense2_camera_msgs/include/realsense2_camera_msgs/realsense2_camera_msgs/srv/detail/device_info__rosidl_typesupport_introspection_c.h
[1.696s] -- Up-to-date: /home/ekambehl/chess_ws/install/realsense2_camera_msgs/lib/librealsense2_camera_msgs__rosidl_typesupport_introspection_c.so
[1.696s] -- Up-to-date: /home/ekambehl/chess_ws/install/realsense2_camera_msgs/lib/librealsense2_camera_msgs__rosidl_typesupport_c.so
[1.696s] -- Up-to-date: /home/ekambehl/chess_ws/install/realsense2_camera_msgs/include/realsense2_camera_msgs/realsense2_camera_msgs
[1.696s] -- Up-to-date: /home/ekambehl/chess_ws/install/realsense2_camera_msgs/include/realsense2_camera_msgs/realsense2_camera_msgs/msg
[1.696s] -- Up-to-date: /home/ekambehl/chess_ws/install/realsense2_camera_msgs/include/realsense2_camera_msgs/realsense2_camera_msgs/msg/extrinsics.hpp
[1.697s] -- Up-to-date: /home/ekambehl/chess_ws/install/realsense2_camera_msgs/include/realsense2_camera_msgs/realsense2_camera_msgs/msg/imu_info.hpp
[1.697s] -- Up-to-date: /home/ekambehl/chess_ws/install/realsense2_camera_msgs/include/realsense2_camera_msgs/realsense2_camera_msgs/msg/metadata.hpp
[1.697s] -- Up-to-date: /home/ekambehl/chess_ws/install/realsense2_camera_msgs/include/realsense2_camera_msgs/realsense2_camera_msgs/msg/detail
[1.697s] -- Up-to-date: /home/ekambehl/chess_ws/install/realsense2_camera_msgs/include/realsense2_camera_msgs/realsense2_camera_msgs/msg/detail/extrinsics__struct.hpp
[1.697s] -- Up-to-date: /home/ekambehl/chess_ws/install/realsense2_camera_msgs/include/realsense2_camera_msgs/realsense2_camera_msgs/msg/detail/extrinsics__builder.hpp
[1.697s] -- Up-to-date: /home/ekambehl/chess_ws/install/realsense2_camera_msgs/include/realsense2_camera_msgs/realsense2_camera_msgs/msg/detail/metadata__traits.hpp
[1.697s] -- Up-to-date: /home/ekambehl/chess_ws/install/realsense2_camera_msgs/include/realsense2_camera_msgs/realsense2_camera_msgs/msg/detail/imu_info__builder.hpp
[1.697s] -- Up-to-date: /home/ekambehl/chess_ws/install/realsense2_camera_msgs/include/realsense2_camera_msgs/realsense2_camera_msgs/msg/detail/imu_info__traits.hpp
[1.697s] -- Up-to-date: /home/ekambehl/chess_ws/install/realsense2_camera_msgs/include/realsense2_camera_msgs/realsense2_camera_msgs/msg/detail/imu_info__struct.hpp
[1.697s] -- Up-to-date: /home/ekambehl/chess_ws/install/realsense2_camera_msgs/include/realsense2_camera_msgs/realsense2_camera_msgs/msg/detail/metadata__struct.hpp
[1.697s] -- Up-to-date: /home/ekambehl/chess_ws/install/realsense2_camera_msgs/include/realsense2_camera_msgs/realsense2_camera_msgs/msg/detail/metadata__builder.hpp
[1.697s] -- Up-to-date: /home/ekambehl/chess_ws/install/realsense2_camera_msgs/include/realsense2_camera_msgs/realsense2_camera_msgs/msg/detail/extrinsics__traits.hpp
[1.697s] -- Up-to-date: /home/ekambehl/chess_ws/install/realsense2_camera_msgs/include/realsense2_camera_msgs/realsense2_camera_msgs/srv
[1.697s] -- Up-to-date: /home/ekambehl/chess_ws/install/realsense2_camera_msgs/include/realsense2_camera_msgs/realsense2_camera_msgs/srv/device_info.hpp
[1.697s] -- Up-to-date: /home/ekambehl/chess_ws/install/realsense2_camera_msgs/include/realsense2_camera_msgs/realsense2_camera_msgs/srv/detail
[1.697s] -- Up-to-date: /home/ekambehl/chess_ws/install/realsense2_camera_msgs/include/realsense2_camera_msgs/realsense2_camera_msgs/srv/detail/device_info__builder.hpp
[1.698s] -- Up-to-date: /home/ekambehl/chess_ws/install/realsense2_camera_msgs/include/realsense2_camera_msgs/realsense2_camera_msgs/srv/detail/device_info__struct.hpp
[1.698s] -- Up-to-date: /home/ekambehl/chess_ws/install/realsense2_camera_msgs/include/realsense2_camera_msgs/realsense2_camera_msgs/srv/detail/device_info__traits.hpp
[1.698s] -- Up-to-date: /home/ekambehl/chess_ws/install/realsense2_camera_msgs/include/realsense2_camera_msgs/realsense2_camera_msgs
[1.698s] -- Up-to-date: /home/ekambehl/chess_ws/install/realsense2_camera_msgs/include/realsense2_camera_msgs/realsense2_camera_msgs/msg
[1.698s] -- Up-to-date: /home/ekambehl/chess_ws/install/realsense2_camera_msgs/include/realsense2_camera_msgs/realsense2_camera_msgs/msg/detail
[1.698s] -- Up-to-date: /home/ekambehl/chess_ws/install/realsense2_camera_msgs/include/realsense2_camera_msgs/realsense2_camera_msgs/msg/detail/extrinsics__rosidl_typesupport_fastrtps_cpp.hpp
[1.698s] -- Up-to-date: /home/ekambehl/chess_ws/install/realsense2_camera_msgs/include/realsense2_camera_msgs/realsense2_camera_msgs/msg/detail/imu_info__rosidl_typesupport_fastrtps_cpp.hpp
[1.698s] -- Up-to-date: /home/ekambehl/chess_ws/install/realsense2_camera_msgs/include/realsense2_camera_msgs/realsense2_camera_msgs/msg/detail/dds_fastrtps
[1.698s] -- Up-to-date: /home/ekambehl/chess_ws/install/realsense2_camera_msgs/include/realsense2_camera_msgs/realsense2_camera_msgs/msg/detail/metadata__rosidl_typesupport_fastrtps_cpp.hpp
[1.698s] -- Up-to-date: /home/ekambehl/chess_ws/install/realsense2_camera_msgs/include/realsense2_camera_msgs/realsense2_camera_msgs/msg/rosidl_typesupport_fastrtps_cpp__visibility_control.h
[1.698s] -- Up-to-date: /home/ekambehl/chess_ws/install/realsense2_camera_msgs/include/realsense2_camera_msgs/realsense2_camera_msgs/srv
[1.698s] -- Up-to-date: /home/ekambehl/chess_ws/install/realsense2_camera_msgs/include/realsense2_camera_msgs/realsense2_camera_msgs/srv/detail
[1.698s] -- Up-to-date: /home/ekambehl/chess_ws/install/realsense2_camera_msgs/include/realsense2_camera_msgs/realsense2_camera_msgs/srv/detail/dds_fastrtps
[1.698s] -- Up-to-date: /home/ekambehl/chess_ws/install/realsense2_camera_msgs/include/realsense2_camera_msgs/realsense2_camera_msgs/srv/detail/device_info__rosidl_typesupport_fastrtps_cpp.hpp
[1.698s] -- Installing: /home/ekambehl/chess_ws/install/realsense2_camera_msgs/lib/librealsense2_camera_msgs__rosidl_typesupport_fastrtps_cpp.so
[1.699s] -- Set runtime path of "/home/ekambehl/chess_ws/install/realsense2_camera_msgs/lib/librealsense2_camera_msgs__rosidl_typesupport_fastrtps_cpp.so" to ""
[1.699s] -- Up-to-date: /home/ekambehl/chess_ws/install/realsense2_camera_msgs/include/realsense2_camera_msgs/realsense2_camera_msgs
[1.699s] -- Up-to-date: /home/ekambehl/chess_ws/install/realsense2_camera_msgs/include/realsense2_camera_msgs/realsense2_camera_msgs/msg
[1.699s] -- Up-to-date: /home/ekambehl/chess_ws/install/realsense2_camera_msgs/include/realsense2_camera_msgs/realsense2_camera_msgs/msg/detail
[1.699s] -- Up-to-date: /home/ekambehl/chess_ws/install/realsense2_camera_msgs/include/realsense2_camera_msgs/realsense2_camera_msgs/msg/detail/imu_info__rosidl_typesupport_introspection_cpp.hpp
[1.699s] -- Up-to-date: /home/ekambehl/chess_ws/install/realsense2_camera_msgs/include/realsense2_camera_msgs/realsense2_camera_msgs/msg/detail/extrinsics__rosidl_typesupport_introspection_cpp.hpp
[1.699s] -- Up-to-date: /home/ekambehl/chess_ws/install/realsense2_camera_msgs/include/realsense2_camera_msgs/realsense2_camera_msgs/msg/detail/metadata__type_support.cpp
[1.699s] -- Up-to-date: /home/ekambehl/chess_ws/install/realsense2_camera_msgs/include/realsense2_camera_msgs/realsense2_camera_msgs/msg/detail/imu_info__type_support.cpp
[1.699s] -- Up-to-date: /home/ekambehl/chess_ws/install/realsense2_camera_msgs/include/realsense2_camera_msgs/realsense2_camera_msgs/msg/detail/metadata__rosidl_typesupport_introspection_cpp.hpp
[1.699s] -- Up-to-date: /home/ekambehl/chess_ws/install/realsense2_camera_msgs/include/realsense2_camera_msgs/realsense2_camera_msgs/msg/detail/extrinsics__type_support.cpp
[1.699s] -- Up-to-date: /home/ekambehl/chess_ws/install/realsense2_camera_msgs/include/realsense2_camera_msgs/realsense2_camera_msgs/srv
[1.699s] -- Up-to-date: /home/ekambehl/chess_ws/install/realsense2_camera_msgs/include/realsense2_camera_msgs/realsense2_camera_msgs/srv/detail
[1.699s] -- Up-to-date: /home/ekambehl/chess_ws/install/realsense2_camera_msgs/include/realsense2_camera_msgs/realsense2_camera_msgs/srv/detail/device_info__rosidl_typesupport_introspection_cpp.hpp
[1.699s] -- Up-to-date: /home/ekambehl/chess_ws/install/realsense2_camera_msgs/include/realsense2_camera_msgs/realsense2_camera_msgs/srv/detail/device_info__type_support.cpp
[1.700s] -- Installing: /home/ekambehl/chess_ws/install/realsense2_camera_msgs/lib/librealsense2_camera_msgs__rosidl_typesupport_introspection_cpp.so
[1.700s] -- Set runtime path of "/home/ekambehl/chess_ws/install/realsense2_camera_msgs/lib/librealsense2_camera_msgs__rosidl_typesupport_introspection_cpp.so" to ""
[1.700s] -- Installing: /home/ekambehl/chess_ws/install/realsense2_camera_msgs/lib/librealsense2_camera_msgs__rosidl_typesupport_cpp.so
[1.700s] -- Set runtime path of "/home/ekambehl/chess_ws/install/realsense2_camera_msgs/lib/librealsense2_camera_msgs__rosidl_typesupport_cpp.so" to ""
[1.700s] -- Up-to-date: /home/ekambehl/chess_ws/install/realsense2_camera_msgs/share/realsense2_camera_msgs/environment/pythonpath.sh
[1.700s] -- Up-to-date: /home/ekambehl/chess_ws/install/realsense2_camera_msgs/share/realsense2_camera_msgs/environment/pythonpath.dsv
[1.700s] -- Up-to-date: /home/ekambehl/chess_ws/install/realsense2_camera_msgs/local/lib/python3.10/dist-packages/realsense2_camera_msgs-4.51.1-py3.10.egg-info
[1.700s] -- Installing: /home/ekambehl/chess_ws/install/realsense2_camera_msgs/local/lib/python3.10/dist-packages/realsense2_camera_msgs-4.51.1-py3.10.egg-info/dependency_links.txt
[1.700s] -- Installing: /home/ekambehl/chess_ws/install/realsense2_camera_msgs/local/lib/python3.10/dist-packages/realsense2_camera_msgs-4.51.1-py3.10.egg-info/SOURCES.txt
[1.700s] -- Installing: /home/ekambehl/chess_ws/install/realsense2_camera_msgs/local/lib/python3.10/dist-packages/realsense2_camera_msgs-4.51.1-py3.10.egg-info/top_level.txt
[1.700s] -- Installing: /home/ekambehl/chess_ws/install/realsense2_camera_msgs/local/lib/python3.10/dist-packages/realsense2_camera_msgs-4.51.1-py3.10.egg-info/PKG-INFO
[1.700s] -- Up-to-date: /home/ekambehl/chess_ws/install/realsense2_camera_msgs/local/lib/python3.10/dist-packages/realsense2_camera_msgs
[1.700s] -- Up-to-date: /home/ekambehl/chess_ws/install/realsense2_camera_msgs/local/lib/python3.10/dist-packages/realsense2_camera_msgs/_realsense2_camera_msgs_s.ep.rosidl_typesupport_c.c
[1.700s] -- Installing: /home/ekambehl/chess_ws/install/realsense2_camera_msgs/local/lib/python3.10/dist-packages/realsense2_camera_msgs/realsense2_camera_msgs_s__rosidl_typesupport_c.cpython-310-x86_64-linux-gnu.so
[1.700s] -- Up-to-date: /home/ekambehl/chess_ws/install/realsense2_camera_msgs/local/lib/python3.10/dist-packages/realsense2_camera_msgs/msg
[1.700s] -- Up-to-date: /home/ekambehl/chess_ws/install/realsense2_camera_msgs/local/lib/python3.10/dist-packages/realsense2_camera_msgs/msg/_metadata_s.c
[1.700s] -- Up-to-date: /home/ekambehl/chess_ws/install/realsense2_camera_msgs/local/lib/python3.10/dist-packages/realsense2_camera_msgs/msg/_metadata.py
[1.700s] -- Up-to-date: /home/ekambehl/chess_ws/install/realsense2_camera_msgs/local/lib/python3.10/dist-packages/realsense2_camera_msgs/msg/_imu_info_s.c
[1.701s] -- Up-to-date: /home/ekambehl/chess_ws/install/realsense2_camera_msgs/local/lib/python3.10/dist-packages/realsense2_camera_msgs/msg/__init__.py
[1.701s] -- Up-to-date: /home/ekambehl/chess_ws/install/realsense2_camera_msgs/local/lib/python3.10/dist-packages/realsense2_camera_msgs/msg/_extrinsics_s.c
[1.701s] -- Up-to-date: /home/ekambehl/chess_ws/install/realsense2_camera_msgs/local/lib/python3.10/dist-packages/realsense2_camera_msgs/msg/_extrinsics.py
[1.701s] -- Up-to-date: /home/ekambehl/chess_ws/install/realsense2_camera_msgs/local/lib/python3.10/dist-packages/realsense2_camera_msgs/msg/_imu_info.py
[1.701s] -- Up-to-date: /home/ekambehl/chess_ws/install/realsense2_camera_msgs/local/lib/python3.10/dist-packages/realsense2_camera_msgs/srv
[1.701s] -- Up-to-date: /home/ekambehl/chess_ws/install/realsense2_camera_msgs/local/lib/python3.10/dist-packages/realsense2_camera_msgs/srv/_device_info.py
[1.701s] -- Up-to-date: /home/ekambehl/chess_ws/install/realsense2_camera_msgs/local/lib/python3.10/dist-packages/realsense2_camera_msgs/srv/_device_info_s.c
[1.701s] -- Up-to-date: /home/ekambehl/chess_ws/install/realsense2_camera_msgs/local/lib/python3.10/dist-packages/realsense2_camera_msgs/srv/__init__.py
[1.701s] -- Installing: /home/ekambehl/chess_ws/install/realsense2_camera_msgs/local/lib/python3.10/dist-packages/realsense2_camera_msgs/realsense2_camera_msgs_s__rosidl_typesupport_introspection_c.cpython-310-x86_64-linux-gnu.so
[1.701s] -- Installing: /home/ekambehl/chess_ws/install/realsense2_camera_msgs/local/lib/python3.10/dist-packages/realsense2_camera_msgs/realsense2_camera_msgs_s__rosidl_typesupport_fastrtps_c.cpython-310-x86_64-linux-gnu.so
[1.701s] -- Up-to-date: /home/ekambehl/chess_ws/install/realsense2_camera_msgs/local/lib/python3.10/dist-packages/realsense2_camera_msgs/_realsense2_camera_msgs_s.ep.rosidl_typesupport_fastrtps_c.c
[1.701s] -- Up-to-date: /home/ekambehl/chess_ws/install/realsense2_camera_msgs/local/lib/python3.10/dist-packages/realsense2_camera_msgs/__init__.py
[1.701s] -- Up-to-date: /home/ekambehl/chess_ws/install/realsense2_camera_msgs/local/lib/python3.10/dist-packages/realsense2_camera_msgs/_realsense2_camera_msgs_s.ep.rosidl_typesupport_introspection_c.c
[1.701s] -- Installing: /home/ekambehl/chess_ws/install/realsense2_camera_msgs/local/lib/python3.10/dist-packages/realsense2_camera_msgs/librealsense2_camera_msgs__rosidl_generator_py.so
[1.729s] Listing '/home/ekambehl/chess_ws/install/realsense2_camera_msgs/local/lib/python3.10/dist-packages/realsense2_camera_msgs'...
[1.729s] Listing '/home/ekambehl/chess_ws/install/realsense2_camera_msgs/local/lib/python3.10/dist-packages/realsense2_camera_msgs/msg'...
[1.729s] Listing '/home/ekambehl/chess_ws/install/realsense2_camera_msgs/local/lib/python3.10/dist-packages/realsense2_camera_msgs/srv'...
[1.733s] -- Installing: /home/ekambehl/chess_ws/install/realsense2_camera_msgs/local/lib/python3.10/dist-packages/realsense2_camera_msgs/realsense2_camera_msgs_s__rosidl_typesupport_fastrtps_c.cpython-310-x86_64-linux-gnu.so
[1.733s] -- Set runtime path of "/home/ekambehl/chess_ws/install/realsense2_camera_msgs/local/lib/python3.10/dist-packages/realsense2_camera_msgs/realsense2_camera_msgs_s__rosidl_typesupport_fastrtps_c.cpython-310-x86_64-linux-gnu.so" to ""
[1.734s] -- Installing: /home/ekambehl/chess_ws/install/realsense2_camera_msgs/local/lib/python3.10/dist-packages/realsense2_camera_msgs/realsense2_camera_msgs_s__rosidl_typesupport_introspection_c.cpython-310-x86_64-linux-gnu.so
[1.734s] -- Set runtime path of "/home/ekambehl/chess_ws/install/realsense2_camera_msgs/local/lib/python3.10/dist-packages/realsense2_camera_msgs/realsense2_camera_msgs_s__rosidl_typesupport_introspection_c.cpython-310-x86_64-linux-gnu.so" to ""
[1.734s] -- Installing: /home/ekambehl/chess_ws/install/realsense2_camera_msgs/local/lib/python3.10/dist-packages/realsense2_camera_msgs/realsense2_camera_msgs_s__rosidl_typesupport_c.cpython-310-x86_64-linux-gnu.so
[1.734s] -- Set runtime path of "/home/ekambehl/chess_ws/install/realsense2_camera_msgs/local/lib/python3.10/dist-packages/realsense2_camera_msgs/realsense2_camera_msgs_s__rosidl_typesupport_c.cpython-310-x86_64-linux-gnu.so" to ""
[1.734s] -- Installing: /home/ekambehl/chess_ws/install/realsense2_camera_msgs/lib/librealsense2_camera_msgs__rosidl_generator_py.so
[1.735s] -- Set runtime path of "/home/ekambehl/chess_ws/install/realsense2_camera_msgs/lib/librealsense2_camera_msgs__rosidl_generator_py.so" to ""
[1.735s] -- Up-to-date: /home/ekambehl/chess_ws/install/realsense2_camera_msgs/share/realsense2_camera_msgs/msg/IMUInfo.idl
[1.735s] -- Up-to-date: /home/ekambehl/chess_ws/install/realsense2_camera_msgs/share/realsense2_camera_msgs/msg/Extrinsics.idl
[1.735s] -- Up-to-date: /home/ekambehl/chess_ws/install/realsense2_camera_msgs/share/realsense2_camera_msgs/msg/Metadata.idl
[1.735s] -- Up-to-date: /home/ekambehl/chess_ws/install/realsense2_camera_msgs/share/realsense2_camera_msgs/srv/DeviceInfo.idl
[1.735s] -- Up-to-date: /home/ekambehl/chess_ws/install/realsense2_camera_msgs/share/realsense2_camera_msgs/msg/IMUInfo.msg
[1.735s] -- Up-to-date: /home/ekambehl/chess_ws/install/realsense2_camera_msgs/share/realsense2_camera_msgs/msg/Extrinsics.msg
[1.735s] -- Up-to-date: /home/ekambehl/chess_ws/install/realsense2_camera_msgs/share/realsense2_camera_msgs/msg/Metadata.msg
[1.736s] -- Up-to-date: /home/ekambehl/chess_ws/install/realsense2_camera_msgs/share/realsense2_camera_msgs/srv/DeviceInfo.srv
[1.736s] -- Up-to-date: /home/ekambehl/chess_ws/install/realsense2_camera_msgs/share/realsense2_camera_msgs/srv/DeviceInfo_Request.msg
[1.736s] -- Up-to-date: /home/ekambehl/chess_ws/install/realsense2_camera_msgs/share/realsense2_camera_msgs/srv/DeviceInfo_Response.msg
[1.736s] -- Up-to-date: /home/ekambehl/chess_ws/install/realsense2_camera_msgs/share/ament_index/resource_index/package_run_dependencies/realsense2_camera_msgs
[1.736s] -- Up-to-date: /home/ekambehl/chess_ws/install/realsense2_camera_msgs/share/ament_index/resource_index/parent_prefix_path/realsense2_camera_msgs
[1.736s] -- Up-to-date: /home/ekambehl/chess_ws/install/realsense2_camera_msgs/share/realsense2_camera_msgs/environment/ament_prefix_path.sh
[1.736s] -- Up-to-date: /home/ekambehl/chess_ws/install/realsense2_camera_msgs/share/realsense2_camera_msgs/environment/ament_prefix_path.dsv
[1.736s] -- Up-to-date: /home/ekambehl/chess_ws/install/realsense2_camera_msgs/share/realsense2_camera_msgs/environment/path.sh
[1.736s] -- Up-to-date: /home/ekambehl/chess_ws/install/realsense2_camera_msgs/share/realsense2_camera_msgs/environment/path.dsv
[1.736s] -- Up-to-date: /home/ekambehl/chess_ws/install/realsense2_camera_msgs/share/realsense2_camera_msgs/local_setup.bash
[1.736s] -- Up-to-date: /home/ekambehl/chess_ws/install/realsense2_camera_msgs/share/realsense2_camera_msgs/local_setup.sh
[1.736s] -- Up-to-date: /home/ekambehl/chess_ws/install/realsense2_camera_msgs/share/realsense2_camera_msgs/local_setup.zsh
[1.736s] -- Up-to-date: /home/ekambehl/chess_ws/install/realsense2_camera_msgs/share/realsense2_camera_msgs/local_setup.dsv
[1.736s] -- Installing: /home/ekambehl/chess_ws/install/realsense2_camera_msgs/share/realsense2_camera_msgs/package.dsv
[1.737s] -- Up-to-date: /home/ekambehl/chess_ws/install/realsense2_camera_msgs/share/ament_index/resource_index/packages/realsense2_camera_msgs
[1.737s] -- Up-to-date: /home/ekambehl/chess_ws/install/realsense2_camera_msgs/share/realsense2_camera_msgs/cmake/export_realsense2_camera_msgs__rosidl_generator_cExport.cmake
[1.737s] -- Up-to-date: /home/ekambehl/chess_ws/install/realsense2_camera_msgs/share/realsense2_camera_msgs/cmake/export_realsense2_camera_msgs__rosidl_generator_cExport-noconfig.cmake
[1.737s] -- Up-to-date: /home/ekambehl/chess_ws/install/realsense2_camera_msgs/share/realsense2_camera_msgs/cmake/export_realsense2_camera_msgs__rosidl_typesupport_fastrtps_cExport.cmake
[1.737s] -- Up-to-date: /home/ekambehl/chess_ws/install/realsense2_camera_msgs/share/realsense2_camera_msgs/cmake/export_realsense2_camera_msgs__rosidl_typesupport_fastrtps_cExport-noconfig.cmake
[1.737s] -- Up-to-date: /home/ekambehl/chess_ws/install/realsense2_camera_msgs/share/realsense2_camera_msgs/cmake/realsense2_camera_msgs__rosidl_typesupport_introspection_cExport.cmake
[1.737s] -- Up-to-date: /home/ekambehl/chess_ws/install/realsense2_camera_msgs/share/realsense2_camera_msgs/cmake/realsense2_camera_msgs__rosidl_typesupport_introspection_cExport-noconfig.cmake
[1.738s] -- Up-to-date: /home/ekambehl/chess_ws/install/realsense2_camera_msgs/share/realsense2_camera_msgs/cmake/realsense2_camera_msgs__rosidl_typesupport_cExport.cmake
[1.738s] -- Up-to-date: /home/ekambehl/chess_ws/install/realsense2_camera_msgs/share/realsense2_camera_msgs/cmake/realsense2_camera_msgs__rosidl_typesupport_cExport-noconfig.cmake
[1.738s] -- Up-to-date: /home/ekambehl/chess_ws/install/realsense2_camera_msgs/share/realsense2_camera_msgs/cmake/export_realsense2_camera_msgs__rosidl_generator_cppExport.cmake
[1.738s] -- Up-to-date: /home/ekambehl/chess_ws/install/realsense2_camera_msgs/share/realsense2_camera_msgs/cmake/export_realsense2_camera_msgs__rosidl_typesupport_fastrtps_cppExport.cmake
[1.738s] -- Up-to-date: /home/ekambehl/chess_ws/install/realsense2_camera_msgs/share/realsense2_camera_msgs/cmake/export_realsense2_camera_msgs__rosidl_typesupport_fastrtps_cppExport-noconfig.cmake
[1.738s] -- Up-to-date: /home/ekambehl/chess_ws/install/realsense2_camera_msgs/share/realsense2_camera_msgs/cmake/realsense2_camera_msgs__rosidl_typesupport_introspection_cppExport.cmake
[1.738s] -- Up-to-date: /home/ekambehl/chess_ws/install/realsense2_camera_msgs/share/realsense2_camera_msgs/cmake/realsense2_camera_msgs__rosidl_typesupport_introspection_cppExport-noconfig.cmake
[1.738s] -- Up-to-date: /home/ekambehl/chess_ws/install/realsense2_camera_msgs/share/realsense2_camera_msgs/cmake/realsense2_camera_msgs__rosidl_typesupport_cppExport.cmake
[1.739s] -- Up-to-date: /home/ekambehl/chess_ws/install/realsense2_camera_msgs/share/realsense2_camera_msgs/cmake/realsense2_camera_msgs__rosidl_typesupport_cppExport-noconfig.cmake
[1.739s] -- Up-to-date: /home/ekambehl/chess_ws/install/realsense2_camera_msgs/share/realsense2_camera_msgs/cmake/export_realsense2_camera_msgs__rosidl_generator_pyExport.cmake
[1.739s] -- Up-to-date: /home/ekambehl/chess_ws/install/realsense2_camera_msgs/share/realsense2_camera_msgs/cmake/export_realsense2_camera_msgs__rosidl_generator_pyExport-noconfig.cmake
[1.739s] -- Up-to-date: /home/ekambehl/chess_ws/install/realsense2_camera_msgs/share/realsense2_camera_msgs/cmake/rosidl_cmake-extras.cmake
[1.739s] -- Up-to-date: /home/ekambehl/chess_ws/install/realsense2_camera_msgs/share/realsense2_camera_msgs/cmake/ament_cmake_export_dependencies-extras.cmake
[1.739s] -- Up-to-date: /home/ekambehl/chess_ws/install/realsense2_camera_msgs/share/realsense2_camera_msgs/cmake/ament_cmake_export_include_directories-extras.cmake
[1.739s] -- Up-to-date: /home/ekambehl/chess_ws/install/realsense2_camera_msgs/share/realsense2_camera_msgs/cmake/ament_cmake_export_libraries-extras.cmake
[1.739s] -- Up-to-date: /home/ekambehl/chess_ws/install/realsense2_camera_msgs/share/realsense2_camera_msgs/cmake/ament_cmake_export_targets-extras.cmake
[1.739s] -- Up-to-date: /home/ekambehl/chess_ws/install/realsense2_camera_msgs/share/realsense2_camera_msgs/cmake/rosidl_cmake_export_typesupport_targets-extras.cmake
[1.739s] -- Up-to-date: /home/ekambehl/chess_ws/install/realsense2_camera_msgs/share/realsense2_camera_msgs/cmake/rosidl_cmake_export_typesupport_libraries-extras.cmake
[1.739s] -- Up-to-date: /home/ekambehl/chess_ws/install/realsense2_camera_msgs/share/realsense2_camera_msgs/cmake/realsense2_camera_msgsConfig.cmake
[1.740s] -- Up-to-date: /home/ekambehl/chess_ws/install/realsense2_camera_msgs/share/realsense2_camera_msgs/cmake/realsense2_camera_msgsConfig-version.cmake
[1.740s] -- Up-to-date: /home/ekambehl/chess_ws/install/realsense2_camera_msgs/share/realsense2_camera_msgs/package.xml
[1.742s] Invoked command in '/home/ekambehl/chess_ws/build/realsense2_camera_msgs' returned '0': CMAKE_PREFIX_PATH=${CMAKE_PREFIX_PATH}:/home/ekambehl/chess_ws/install/my_chess_controller:/home/ekambehl/ros_ws/install/my_robot_camera_driver:/home/ekambehl/ros2_ws/install/my_robot_camera_driver:/opt/ros/humble /usr/bin/cmake --install /home/ekambehl/chess_ws/build/realsense2_camera_msgs
