/home/ekambehl/chess_ws/install/my_chess_controller/lib/python3.10/site-packages/my_chess_controller/chess_pieces.py
/home/ekambehl/chess_ws/install/my_chess_controller/lib/python3.10/site-packages/my_chess_controller/board_state.py
/home/ekambehl/chess_ws/install/my_chess_controller/lib/python3.10/site-packages/my_chess_controller/blue_chess.py
/home/ekambehl/chess_ws/install/my_chess_controller/lib/python3.10/site-packages/my_chess_controller/__init__.py
/home/ekambehl/chess_ws/install/my_chess_controller/lib/python3.10/site-packages/my_chess_controller/depth_sub.py
/home/ekambehl/chess_ws/install/my_chess_controller/lib/python3.10/site-packages/my_chess_controller/keyBoard.py
/home/ekambehl/chess_ws/install/my_chess_controller/lib/python3.10/site-packages/my_chess_controller/__pycache__/chess_pieces.cpython-310.pyc
/home/ekambehl/chess_ws/install/my_chess_controller/lib/python3.10/site-packages/my_chess_controller/__pycache__/board_state.cpython-310.pyc
/home/ekambehl/chess_ws/install/my_chess_controller/lib/python3.10/site-packages/my_chess_controller/__pycache__/blue_chess.cpython-310.pyc
/home/ekambehl/chess_ws/install/my_chess_controller/lib/python3.10/site-packages/my_chess_controller/__pycache__/__init__.cpython-310.pyc
/home/ekambehl/chess_ws/install/my_chess_controller/lib/python3.10/site-packages/my_chess_controller/__pycache__/depth_sub.cpython-310.pyc
/home/ekambehl/chess_ws/install/my_chess_controller/lib/python3.10/site-packages/my_chess_controller/__pycache__/keyBoard.cpython-310.pyc
/home/ekambehl/chess_ws/install/my_chess_controller/share/ament_index/resource_index/packages/my_chess_controller
/home/ekambehl/chess_ws/install/my_chess_controller/share/my_chess_controller/package.xml
/home/ekambehl/chess_ws/install/my_chess_controller/lib/python3.10/site-packages/my_chess_controller-0.0.0-py3.10.egg-info/entry_points.txt
/home/ekambehl/chess_ws/install/my_chess_controller/lib/python3.10/site-packages/my_chess_controller-0.0.0-py3.10.egg-info/requires.txt
/home/ekambehl/chess_ws/install/my_chess_controller/lib/python3.10/site-packages/my_chess_controller-0.0.0-py3.10.egg-info/dependency_links.txt
/home/ekambehl/chess_ws/install/my_chess_controller/lib/python3.10/site-packages/my_chess_controller-0.0.0-py3.10.egg-info/zip-safe
/home/ekambehl/chess_ws/install/my_chess_controller/lib/python3.10/site-packages/my_chess_controller-0.0.0-py3.10.egg-info/SOURCES.txt
/home/ekambehl/chess_ws/install/my_chess_controller/lib/python3.10/site-packages/my_chess_controller-0.0.0-py3.10.egg-info/top_level.txt
/home/ekambehl/chess_ws/install/my_chess_controller/lib/python3.10/site-packages/my_chess_controller-0.0.0-py3.10.egg-info/PKG-INFO
/home/ekambehl/chess_ws/install/my_chess_controller/lib/my_chess_controller/blue_pieces
/home/ekambehl/chess_ws/install/my_chess_controller/lib/my_chess_controller/board_state
/home/ekambehl/chess_ws/install/my_chess_controller/lib/my_chess_controller/key_board
/home/ekambehl/chess_ws/install/my_chess_controller/lib/my_chess_controller/my_listner
/home/ekambehl/chess_ws/install/my_chess_controller/lib/my_chess_controller/red_pieces
