[0.983s] Invoking command in '/home/ekambehl/chess_ws/src/ROS-TCP-Endpoint-main-ros2': PYTHONPATH=/home/ekambehl/chess_ws/build/ros_tcp_endpoint/prefix_override:/home/ekambehl/chess_ws/install/ros_tcp_endpoint/lib/python3.10/site-packages:${PYTHONPATH} /usr/bin/python3 setup.py egg_info --egg-base ../../build/ros_tcp_endpoint build --build-base /home/ekambehl/chess_ws/build/ros_tcp_endpoint/build install --record /home/ekambehl/chess_ws/build/ros_tcp_endpoint/install.log --single-version-externally-managed
[1.273s] running egg_info
[1.273s] writing ../../build/ros_tcp_endpoint/ros_tcp_endpoint.egg-info/PKG-INFO
[1.273s] writing dependency_links to ../../build/ros_tcp_endpoint/ros_tcp_endpoint.egg-info/dependency_links.txt
[1.274s] writing entry points to ../../build/ros_tcp_endpoint/ros_tcp_endpoint.egg-info/entry_points.txt
[1.274s] writing requirements to ../../build/ros_tcp_endpoint/ros_tcp_endpoint.egg-info/requires.txt
[1.274s] writing top-level names to ../../build/ros_tcp_endpoint/ros_tcp_endpoint.egg-info/top_level.txt
[1.275s] reading manifest file '../../build/ros_tcp_endpoint/ros_tcp_endpoint.egg-info/SOURCES.txt'
[1.276s] adding license file 'LICENSE'
[1.276s] writing manifest file '../../build/ros_tcp_endpoint/ros_tcp_endpoint.egg-info/SOURCES.txt'
[1.277s] running build
[1.277s] running build_py
[1.280s] running install
[1.280s] running install_lib
[1.280s] running install_data
[1.280s] running install_egg_info
[1.281s] removing '/home/ekambehl/chess_ws/install/ros_tcp_endpoint/lib/python3.10/site-packages/ros_tcp_endpoint-0.0.1-py3.10.egg-info' (and everything under it)
[1.283s] Copying ../../build/ros_tcp_endpoint/ros_tcp_endpoint.egg-info to /home/ekambehl/chess_ws/install/ros_tcp_endpoint/lib/python3.10/site-packages/ros_tcp_endpoint-0.0.1-py3.10.egg-info
[1.284s] running install_scripts
[1.301s] Installing default_server_endpoint script to /home/ekambehl/chess_ws/install/ros_tcp_endpoint/lib/ros_tcp_endpoint
[1.302s] writing list of installed files to '/home/ekambehl/chess_ws/build/ros_tcp_endpoint/install.log'
[1.323s] Invoked command in '/home/ekambehl/chess_ws/src/ROS-TCP-Endpoint-main-ros2' returned '0': PYTHONPATH=/home/ekambehl/chess_ws/build/ros_tcp_endpoint/prefix_override:/home/ekambehl/chess_ws/install/ros_tcp_endpoint/lib/python3.10/site-packages:${PYTHONPATH} /usr/bin/python3 setup.py egg_info --egg-base ../../build/ros_tcp_endpoint build --build-base /home/ekambehl/chess_ws/build/ros_tcp_endpoint/build install --record /home/ekambehl/chess_ws/build/ros_tcp_endpoint/install.log --single-version-externally-managed
