[0.016s] Invoking command in '/home/ekambehl/chess_ws/build/realsense2_description': CMAKE_PREFIX_PATH=/home/ekambehl/chess_ws/install/realsense2_camera_msgs:/home/ekambehl/chess_ws/install/realsense2_description:/home/ekambehl/chess_ws/install/realsense2_camera:/home/ekambehl/ros_ws/install/realsense2_description:/home/ekambehl/ros_ws/install/realsense2_camera:/home/ekambehl/ros_ws/install/realsense2_camera_msgs:/home/ekambehl/ros2_ws/install/realsense2_description:/home/ekambehl/ros2_ws/install/realsense2_camera_msgs:/home/ekambehl/chess_ws/install/my_chess_controller:/home/ekambehl/ros_ws/install/my_robot_camera_driver:/home/ekambehl/ros2_ws/install/my_robot_camera_driver:/opt/ros/humble LD_LIBRARY_PATH=/home/ekambehl/chess_ws/install/realsense2_camera_msgs/lib:/home/ekambehl/chess_ws/install/realsense2_camera/lib:/home/ekambehl/ros_ws/install/realsense2_camera/lib:/home/ekambehl/ros_ws/install/realsense2_camera_msgs/lib:/home/ekambehl/ros2_ws/install/realsense2_camera_msgs/lib:/opt/ros/humble/opt/rviz_ogre_vendor/lib:/opt/ros/humble/lib/x86_64-linux-gnu:/opt/ros/humble/lib /usr/bin/cmake --build /home/ekambehl/chess_ws/build/realsense2_description -- -j16 -l16
[0.047s] Invoked command in '/home/ekambehl/chess_ws/build/realsense2_description' returned '0': CMAKE_PREFIX_PATH=/home/ekambehl/chess_ws/install/realsense2_camera_msgs:/home/ekambehl/chess_ws/install/realsense2_description:/home/ekambehl/chess_ws/install/realsense2_camera:/home/ekambehl/ros_ws/install/realsense2_description:/home/ekambehl/ros_ws/install/realsense2_camera:/home/ekambehl/ros_ws/install/realsense2_camera_msgs:/home/ekambehl/ros2_ws/install/realsense2_description:/home/ekambehl/ros2_ws/install/realsense2_camera_msgs:/home/ekambehl/chess_ws/install/my_chess_controller:/home/ekambehl/ros_ws/install/my_robot_camera_driver:/home/ekambehl/ros2_ws/install/my_robot_camera_driver:/opt/ros/humble LD_LIBRARY_PATH=/home/ekambehl/chess_ws/install/realsense2_camera_msgs/lib:/home/ekambehl/chess_ws/install/realsense2_camera/lib:/home/ekambehl/ros_ws/install/realsense2_camera/lib:/home/ekambehl/ros_ws/install/realsense2_camera_msgs/lib:/home/ekambehl/ros2_ws/install/realsense2_camera_msgs/lib:/opt/ros/humble/opt/rviz_ogre_vendor/lib:/opt/ros/humble/lib/x86_64-linux-gnu:/opt/ros/humble/lib /usr/bin/cmake --build /home/ekambehl/chess_ws/build/realsense2_description -- -j16 -l16
[0.070s] Invoking command in '/home/ekambehl/chess_ws/build/realsense2_description': CMAKE_PREFIX_PATH=/home/ekambehl/chess_ws/install/realsense2_camera_msgs:/home/ekambehl/chess_ws/install/realsense2_description:/home/ekambehl/chess_ws/install/realsense2_camera:/home/ekambehl/ros_ws/install/realsense2_description:/home/ekambehl/ros_ws/install/realsense2_camera:/home/ekambehl/ros_ws/install/realsense2_camera_msgs:/home/ekambehl/ros2_ws/install/realsense2_description:/home/ekambehl/ros2_ws/install/realsense2_camera_msgs:/home/ekambehl/chess_ws/install/my_chess_controller:/home/ekambehl/ros_ws/install/my_robot_camera_driver:/home/ekambehl/ros2_ws/install/my_robot_camera_driver:/opt/ros/humble LD_LIBRARY_PATH=/home/ekambehl/chess_ws/install/realsense2_camera_msgs/lib:/home/ekambehl/chess_ws/install/realsense2_camera/lib:/home/ekambehl/ros_ws/install/realsense2_camera/lib:/home/ekambehl/ros_ws/install/realsense2_camera_msgs/lib:/home/ekambehl/ros2_ws/install/realsense2_camera_msgs/lib:/opt/ros/humble/opt/rviz_ogre_vendor/lib:/opt/ros/humble/lib/x86_64-linux-gnu:/opt/ros/humble/lib /usr/bin/cmake --install /home/ekambehl/chess_ws/build/realsense2_description
[0.077s] -- Install configuration: ""
[0.077s] -- Up-to-date: /home/ekambehl/chess_ws/install/realsense2_description/share/realsense2_description/launch
[0.077s] -- Up-to-date: /home/ekambehl/chess_ws/install/realsense2_description/share/realsense2_description/launch/view_model.launch.py
[0.077s] -- Up-to-date: /home/ekambehl/chess_ws/install/realsense2_description/share/realsense2_description/launch/launch_utils.py
[0.078s] -- Up-to-date: /home/ekambehl/chess_ws/install/realsense2_description/share/realsense2_description/meshes
[0.078s] -- Up-to-date: /home/ekambehl/chess_ws/install/realsense2_description/share/realsense2_description/meshes/d435.dae
[0.078s] -- Up-to-date: /home/ekambehl/chess_ws/install/realsense2_description/share/realsense2_description/meshes/l515.dae
[0.078s] -- Up-to-date: /home/ekambehl/chess_ws/install/realsense2_description/share/realsense2_description/meshes/plug.stl
[0.078s] -- Up-to-date: /home/ekambehl/chess_ws/install/realsense2_description/share/realsense2_description/meshes/plug_collision.stl
[0.078s] -- Up-to-date: /home/ekambehl/chess_ws/install/realsense2_description/share/realsense2_description/meshes/d415.stl
[0.078s] -- Up-to-date: /home/ekambehl/chess_ws/install/realsense2_description/share/realsense2_description/meshes/d455.stl
[0.078s] -- Up-to-date: /home/ekambehl/chess_ws/install/realsense2_description/share/realsense2_description/rviz
[0.078s] -- Up-to-date: /home/ekambehl/chess_ws/install/realsense2_description/share/realsense2_description/rviz/urdf.rviz
[0.078s] -- Up-to-date: /home/ekambehl/chess_ws/install/realsense2_description/share/realsense2_description/urdf
[0.078s] -- Up-to-date: /home/ekambehl/chess_ws/install/realsense2_description/share/realsense2_description/urdf/_r430.urdf.xacro
[0.079s] -- Up-to-date: /home/ekambehl/chess_ws/install/realsense2_description/share/realsense2_description/urdf/_d435i_imu_modules.urdf.xacro
[0.079s] -- Up-to-date: /home/ekambehl/chess_ws/install/realsense2_description/share/realsense2_description/urdf/_d435i.urdf.xacro
[0.079s] -- Up-to-date: /home/ekambehl/chess_ws/install/realsense2_description/share/realsense2_description/urdf/_d435.urdf.xacro
[0.079s] -- Up-to-date: /home/ekambehl/chess_ws/install/realsense2_description/share/realsense2_description/urdf/test_d435i_camera.urdf.xacro
[0.079s] -- Up-to-date: /home/ekambehl/chess_ws/install/realsense2_description/share/realsense2_description/urdf/test_d435_multiple_cameras.urdf.xacro
[0.079s] -- Up-to-date: /home/ekambehl/chess_ws/install/realsense2_description/share/realsense2_description/urdf/_usb_plug.urdf.xacro
[0.079s] -- Up-to-date: /home/ekambehl/chess_ws/install/realsense2_description/share/realsense2_description/urdf/_r410.urdf.xacro
[0.079s] -- Up-to-date: /home/ekambehl/chess_ws/install/realsense2_description/share/realsense2_description/urdf/_d455.urdf.xacro
[0.079s] -- Up-to-date: /home/ekambehl/chess_ws/install/realsense2_description/share/realsense2_description/urdf/_l515.urdf.xacro
[0.079s] -- Up-to-date: /home/ekambehl/chess_ws/install/realsense2_description/share/realsense2_description/urdf/test_r430_camera.urdf.xacro
[0.079s] -- Up-to-date: /home/ekambehl/chess_ws/install/realsense2_description/share/realsense2_description/urdf/test_d455_camera.urdf.xacro
[0.079s] -- Up-to-date: /home/ekambehl/chess_ws/install/realsense2_description/share/realsense2_description/urdf/test_l515_camera.urdf.xacro
[0.079s] -- Up-to-date: /home/ekambehl/chess_ws/install/realsense2_description/share/realsense2_description/urdf/test_d435_camera.urdf.xacro
[0.079s] -- Up-to-date: /home/ekambehl/chess_ws/install/realsense2_description/share/realsense2_description/urdf/test_r410_camera.urdf.xacro
[0.079s] -- Up-to-date: /home/ekambehl/chess_ws/install/realsense2_description/share/realsense2_description/urdf/_materials.urdf.xacro
[0.079s] -- Up-to-date: /home/ekambehl/chess_ws/install/realsense2_description/share/realsense2_description/urdf/_d415.urdf.xacro
[0.079s] -- Up-to-date: /home/ekambehl/chess_ws/install/realsense2_description/share/realsense2_description/urdf/test_d415_camera.urdf.xacro
[0.079s] -- Up-to-date: /home/ekambehl/chess_ws/install/realsense2_description/share/ament_index/resource_index/package_run_dependencies/realsense2_description
[0.080s] -- Up-to-date: /home/ekambehl/chess_ws/install/realsense2_description/share/ament_index/resource_index/parent_prefix_path/realsense2_description
[0.080s] -- Up-to-date: /home/ekambehl/chess_ws/install/realsense2_description/share/realsense2_description/environment/ament_prefix_path.sh
[0.080s] -- Up-to-date: /home/ekambehl/chess_ws/install/realsense2_description/share/realsense2_description/environment/ament_prefix_path.dsv
[0.080s] -- Up-to-date: /home/ekambehl/chess_ws/install/realsense2_description/share/realsense2_description/environment/path.sh
[0.080s] -- Up-to-date: /home/ekambehl/chess_ws/install/realsense2_description/share/realsense2_description/environment/path.dsv
[0.080s] -- Up-to-date: /home/ekambehl/chess_ws/install/realsense2_description/share/realsense2_description/local_setup.bash
[0.080s] -- Up-to-date: /home/ekambehl/chess_ws/install/realsense2_description/share/realsense2_description/local_setup.sh
[0.080s] -- Up-to-date: /home/ekambehl/chess_ws/install/realsense2_description/share/realsense2_description/local_setup.zsh
[0.080s] -- Up-to-date: /home/ekambehl/chess_ws/install/realsense2_description/share/realsense2_description/local_setup.dsv
[0.080s] -- Installing: /home/ekambehl/chess_ws/install/realsense2_description/share/realsense2_description/package.dsv
[0.080s] -- Up-to-date: /home/ekambehl/chess_ws/install/realsense2_description/share/ament_index/resource_index/packages/realsense2_description
[0.080s] -- Up-to-date: /home/ekambehl/chess_ws/install/realsense2_description/share/realsense2_description/cmake/realsense2_descriptionConfig.cmake
[0.081s] -- Up-to-date: /home/ekambehl/chess_ws/install/realsense2_description/share/realsense2_description/cmake/realsense2_descriptionConfig-version.cmake
[0.081s] -- Up-to-date: /home/ekambehl/chess_ws/install/realsense2_description/share/realsense2_description/package.xml
[0.084s] Invoked command in '/home/ekambehl/chess_ws/build/realsense2_description' returned '0': CMAKE_PREFIX_PATH=/home/ekambehl/chess_ws/install/realsense2_camera_msgs:/home/ekambehl/chess_ws/install/realsense2_description:/home/ekambehl/chess_ws/install/realsense2_camera:/home/ekambehl/ros_ws/install/realsense2_description:/home/ekambehl/ros_ws/install/realsense2_camera:/home/ekambehl/ros_ws/install/realsense2_camera_msgs:/home/ekambehl/ros2_ws/install/realsense2_description:/home/ekambehl/ros2_ws/install/realsense2_camera_msgs:/home/ekambehl/chess_ws/install/my_chess_controller:/home/ekambehl/ros_ws/install/my_robot_camera_driver:/home/ekambehl/ros2_ws/install/my_robot_camera_driver:/opt/ros/humble LD_LIBRARY_PATH=/home/ekambehl/chess_ws/install/realsense2_camera_msgs/lib:/home/ekambehl/chess_ws/install/realsense2_camera/lib:/home/ekambehl/ros_ws/install/realsense2_camera/lib:/home/ekambehl/ros_ws/install/realsense2_camera_msgs/lib:/home/ekambehl/ros2_ws/install/realsense2_camera_msgs/lib:/opt/ros/humble/opt/rviz_ogre_vendor/lib:/opt/ros/humble/lib/x86_64-linux-gnu:/opt/ros/humble/lib /usr/bin/cmake --install /home/ekambehl/chess_ws/build/realsense2_description
