[0.086s] DEBUG:colcon:Command line arguments: ['/usr/bin/colcon', 'build']
[0.086s] DEBUG:colcon:Parsed command line arguments: Namespace(log_base=None, log_level=None, verb_name='build', build_base='build', install_base='install', merge_install=False, symlink_install=False, test_result_base=None, continue_on_error=False, executor='parallel', parallel_workers=16, event_handlers=None, ignore_user_meta=False, metas=['./colcon.meta'], base_paths=['.'], packages_ignore=None, packages_ignore_regex=None, paths=None, packages_up_to=None, packages_up_to_regex=None, packages_above=None, packages_above_and_dependencies=None, packages_above_depth=None, packages_select_by_dep=None, packages_skip_by_dep=None, packages_skip_up_to=None, packages_select_build_failed=False, packages_skip_build_finished=False, packages_select_test_failures=False, packages_skip_test_passed=False, packages_select=None, packages_skip=None, packages_select_regex=None, packages_skip_regex=None, packages_start=None, packages_end=None, allow_overriding=[], cmake_args=None, cmake_target=None, cmake_target_skip_unavailable=False, cmake_clean_cache=False, cmake_clean_first=False, cmake_force_configure=False, ament_cmake_args=None, catkin_cmake_args=None, catkin_skip_building_tests=False, verb_parser=<colcon_defaults.argument_parser.defaults.DefaultArgumentsDecorator object at 0x7fe6272b5300>, verb_extension=<colcon_core.verb.build.BuildVerb object at 0x7fe6272b4d90>, main=<bound method BuildVerb.main of <colcon_core.verb.build.BuildVerb object at 0x7fe6272b4d90>>)
[0.101s] Level 1:colcon.colcon_core.package_discovery:discover_packages(colcon_meta) check parameters
[0.101s] Level 1:colcon.colcon_core.package_discovery:discover_packages(recursive) check parameters
[0.101s] Level 1:colcon.colcon_core.package_discovery:discover_packages(ignore) check parameters
[0.101s] Level 1:colcon.colcon_core.package_discovery:discover_packages(path) check parameters
[0.101s] Level 1:colcon.colcon_core.package_discovery:discover_packages(colcon_meta) discover
[0.101s] Level 1:colcon.colcon_core.package_discovery:discover_packages(recursive) discover
[0.101s] INFO:colcon.colcon_core.package_discovery:Crawling recursively for packages in '/home/ekambehl/chess_ws/src'
[0.101s] Level 1:colcon.colcon_core.package_identification:_identify(.) by extensions ['ignore', 'ignore_ament_install']
[0.101s] Level 1:colcon.colcon_core.package_identification:_identify(.) by extension 'ignore'
[0.101s] Level 1:colcon.colcon_core.package_identification:_identify(.) by extension 'ignore_ament_install'
[0.101s] Level 1:colcon.colcon_core.package_identification:_identify(.) by extensions ['colcon_pkg']
[0.101s] Level 1:colcon.colcon_core.package_identification:_identify(.) by extension 'colcon_pkg'
[0.101s] Level 1:colcon.colcon_core.package_identification:_identify(.) by extensions ['colcon_meta']
[0.101s] Level 1:colcon.colcon_core.package_identification:_identify(.) by extension 'colcon_meta'
[0.101s] Level 1:colcon.colcon_core.package_identification:_identify(.) by extensions ['ros']
[0.101s] Level 1:colcon.colcon_core.package_identification:_identify(.) by extension 'ros'
[0.108s] Level 1:colcon.colcon_core.package_identification:_identify(.) by extensions ['cmake', 'python']
[0.108s] Level 1:colcon.colcon_core.package_identification:_identify(.) by extension 'cmake'
[0.108s] Level 1:colcon.colcon_core.package_identification:_identify(.) by extension 'python'
[0.108s] Level 1:colcon.colcon_core.package_identification:_identify(.) by extensions ['python_setup_py']
[0.108s] Level 1:colcon.colcon_core.package_identification:_identify(.) by extension 'python_setup_py'
[0.108s] Level 1:colcon.colcon_core.package_identification:_identify(build) by extensions ['ignore', 'ignore_ament_install']
[0.108s] Level 1:colcon.colcon_core.package_identification:_identify(build) by extension 'ignore'
[0.108s] Level 1:colcon.colcon_core.package_identification:_identify(build) ignored
[0.108s] Level 1:colcon.colcon_core.package_identification:_identify(install) by extensions ['ignore', 'ignore_ament_install']
[0.108s] Level 1:colcon.colcon_core.package_identification:_identify(install) by extension 'ignore'
[0.108s] Level 1:colcon.colcon_core.package_identification:_identify(install) ignored
[0.108s] Level 1:colcon.colcon_core.package_identification:_identify(log) by extensions ['ignore', 'ignore_ament_install']
[0.108s] Level 1:colcon.colcon_core.package_identification:_identify(log) by extension 'ignore'
[0.108s] Level 1:colcon.colcon_core.package_identification:_identify(log) ignored
[0.108s] Level 1:colcon.colcon_core.package_identification:_identify(my_chess_controller) by extensions ['ignore', 'ignore_ament_install']
[0.108s] Level 1:colcon.colcon_core.package_identification:_identify(my_chess_controller) by extension 'ignore'
[0.109s] Level 1:colcon.colcon_core.package_identification:_identify(my_chess_controller) by extension 'ignore_ament_install'
[0.109s] Level 1:colcon.colcon_core.package_identification:_identify(my_chess_controller) by extensions ['colcon_pkg']
[0.109s] Level 1:colcon.colcon_core.package_identification:_identify(my_chess_controller) by extension 'colcon_pkg'
[0.109s] Level 1:colcon.colcon_core.package_identification:_identify(my_chess_controller) by extensions ['colcon_meta']
[0.109s] Level 1:colcon.colcon_core.package_identification:_identify(my_chess_controller) by extension 'colcon_meta'
[0.109s] Level 1:colcon.colcon_core.package_identification:_identify(my_chess_controller) by extensions ['ros']
[0.109s] Level 1:colcon.colcon_core.package_identification:_identify(my_chess_controller) by extension 'ros'
[0.110s] DEBUG:colcon.colcon_core.package_identification:Package 'my_chess_controller' with type 'ros.ament_python' and name 'my_chess_controller'
[0.110s] Level 1:colcon.colcon_core.package_identification:_identify(realsense-ros) by extensions ['ignore', 'ignore_ament_install']
[0.110s] Level 1:colcon.colcon_core.package_identification:_identify(realsense-ros) by extension 'ignore'
[0.110s] Level 1:colcon.colcon_core.package_identification:_identify(realsense-ros) by extension 'ignore_ament_install'
[0.110s] Level 1:colcon.colcon_core.package_identification:_identify(realsense-ros) by extensions ['colcon_pkg']
[0.110s] Level 1:colcon.colcon_core.package_identification:_identify(realsense-ros) by extension 'colcon_pkg'
[0.110s] Level 1:colcon.colcon_core.package_identification:_identify(realsense-ros) by extensions ['colcon_meta']
[0.110s] Level 1:colcon.colcon_core.package_identification:_identify(realsense-ros) by extension 'colcon_meta'
[0.110s] Level 1:colcon.colcon_core.package_identification:_identify(realsense-ros) by extensions ['ros']
[0.111s] Level 1:colcon.colcon_core.package_identification:_identify(realsense-ros) by extension 'ros'
[0.111s] Level 1:colcon.colcon_core.package_identification:_identify(realsense-ros) by extensions ['cmake', 'python']
[0.111s] Level 1:colcon.colcon_core.package_identification:_identify(realsense-ros) by extension 'cmake'
[0.111s] Level 1:colcon.colcon_core.package_identification:_identify(realsense-ros) by extension 'python'
[0.111s] Level 1:colcon.colcon_core.package_identification:_identify(realsense-ros) by extensions ['python_setup_py']
[0.111s] Level 1:colcon.colcon_core.package_identification:_identify(realsense-ros) by extension 'python_setup_py'
[0.111s] Level 1:colcon.colcon_core.package_identification:_identify(realsense-ros/realsense2_camera) by extensions ['ignore', 'ignore_ament_install']
[0.111s] Level 1:colcon.colcon_core.package_identification:_identify(realsense-ros/realsense2_camera) by extension 'ignore'
[0.111s] Level 1:colcon.colcon_core.package_identification:_identify(realsense-ros/realsense2_camera) by extension 'ignore_ament_install'
[0.111s] Level 1:colcon.colcon_core.package_identification:_identify(realsense-ros/realsense2_camera) by extensions ['colcon_pkg']
[0.111s] Level 1:colcon.colcon_core.package_identification:_identify(realsense-ros/realsense2_camera) by extension 'colcon_pkg'
[0.111s] Level 1:colcon.colcon_core.package_identification:_identify(realsense-ros/realsense2_camera) by extensions ['colcon_meta']
[0.111s] Level 1:colcon.colcon_core.package_identification:_identify(realsense-ros/realsense2_camera) by extension 'colcon_meta'
[0.111s] Level 1:colcon.colcon_core.package_identification:_identify(realsense-ros/realsense2_camera) by extensions ['ros']
[0.111s] Level 1:colcon.colcon_core.package_identification:_identify(realsense-ros/realsense2_camera) by extension 'ros'
[0.112s] DEBUG:colcon.colcon_core.package_identification:Package 'realsense-ros/realsense2_camera' with type 'ros.ament_cmake' and name 'realsense2_camera'
[0.112s] Level 1:colcon.colcon_core.package_identification:_identify(realsense-ros/realsense2_camera_msgs) by extensions ['ignore', 'ignore_ament_install']
[0.112s] Level 1:colcon.colcon_core.package_identification:_identify(realsense-ros/realsense2_camera_msgs) by extension 'ignore'
[0.112s] Level 1:colcon.colcon_core.package_identification:_identify(realsense-ros/realsense2_camera_msgs) by extension 'ignore_ament_install'
[0.112s] Level 1:colcon.colcon_core.package_identification:_identify(realsense-ros/realsense2_camera_msgs) by extensions ['colcon_pkg']
[0.112s] Level 1:colcon.colcon_core.package_identification:_identify(realsense-ros/realsense2_camera_msgs) by extension 'colcon_pkg'
[0.112s] Level 1:colcon.colcon_core.package_identification:_identify(realsense-ros/realsense2_camera_msgs) by extensions ['colcon_meta']
[0.112s] Level 1:colcon.colcon_core.package_identification:_identify(realsense-ros/realsense2_camera_msgs) by extension 'colcon_meta'
[0.112s] Level 1:colcon.colcon_core.package_identification:_identify(realsense-ros/realsense2_camera_msgs) by extensions ['ros']
[0.112s] Level 1:colcon.colcon_core.package_identification:_identify(realsense-ros/realsense2_camera_msgs) by extension 'ros'
[0.112s] DEBUG:colcon.colcon_core.package_identification:Package 'realsense-ros/realsense2_camera_msgs' with type 'ros.ament_cmake' and name 'realsense2_camera_msgs'
[0.113s] Level 1:colcon.colcon_core.package_identification:_identify(realsense-ros/realsense2_description) by extensions ['ignore', 'ignore_ament_install']
[0.113s] Level 1:colcon.colcon_core.package_identification:_identify(realsense-ros/realsense2_description) by extension 'ignore'
[0.113s] Level 1:colcon.colcon_core.package_identification:_identify(realsense-ros/realsense2_description) by extension 'ignore_ament_install'
[0.113s] Level 1:colcon.colcon_core.package_identification:_identify(realsense-ros/realsense2_description) by extensions ['colcon_pkg']
[0.113s] Level 1:colcon.colcon_core.package_identification:_identify(realsense-ros/realsense2_description) by extension 'colcon_pkg'
[0.113s] Level 1:colcon.colcon_core.package_identification:_identify(realsense-ros/realsense2_description) by extensions ['colcon_meta']
[0.113s] Level 1:colcon.colcon_core.package_identification:_identify(realsense-ros/realsense2_description) by extension 'colcon_meta'
[0.113s] Level 1:colcon.colcon_core.package_identification:_identify(realsense-ros/realsense2_description) by extensions ['ros']
[0.113s] Level 1:colcon.colcon_core.package_identification:_identify(realsense-ros/realsense2_description) by extension 'ros'
[0.113s] DEBUG:colcon.colcon_core.package_identification:Package 'realsense-ros/realsense2_description' with type 'ros.ament_cmake' and name 'realsense2_description'
[0.113s] Level 1:colcon.colcon_core.package_identification:_identify(realsense-ros/scripts) by extensions ['ignore', 'ignore_ament_install']
[0.113s] Level 1:colcon.colcon_core.package_identification:_identify(realsense-ros/scripts) by extension 'ignore'
[0.113s] Level 1:colcon.colcon_core.package_identification:_identify(realsense-ros/scripts) by extension 'ignore_ament_install'
[0.113s] Level 1:colcon.colcon_core.package_identification:_identify(realsense-ros/scripts) by extensions ['colcon_pkg']
[0.113s] Level 1:colcon.colcon_core.package_identification:_identify(realsense-ros/scripts) by extension 'colcon_pkg'
[0.113s] Level 1:colcon.colcon_core.package_identification:_identify(realsense-ros/scripts) by extensions ['colcon_meta']
[0.113s] Level 1:colcon.colcon_core.package_identification:_identify(realsense-ros/scripts) by extension 'colcon_meta'
[0.113s] Level 1:colcon.colcon_core.package_identification:_identify(realsense-ros/scripts) by extensions ['ros']
[0.113s] Level 1:colcon.colcon_core.package_identification:_identify(realsense-ros/scripts) by extension 'ros'
[0.113s] Level 1:colcon.colcon_core.package_identification:_identify(realsense-ros/scripts) by extensions ['cmake', 'python']
[0.113s] Level 1:colcon.colcon_core.package_identification:_identify(realsense-ros/scripts) by extension 'cmake'
[0.113s] Level 1:colcon.colcon_core.package_identification:_identify(realsense-ros/scripts) by extension 'python'
[0.113s] Level 1:colcon.colcon_core.package_identification:_identify(realsense-ros/scripts) by extensions ['python_setup_py']
[0.114s] Level 1:colcon.colcon_core.package_identification:_identify(realsense-ros/scripts) by extension 'python_setup_py'
[0.114s] Level 1:colcon.colcon_core.package_discovery:discover_packages(recursive) using defaults
[0.114s] Level 1:colcon.colcon_core.package_discovery:discover_packages(ignore) discover
[0.114s] Level 1:colcon.colcon_core.package_discovery:discover_packages(ignore) using defaults
[0.114s] Level 1:colcon.colcon_core.package_discovery:discover_packages(path) discover
[0.114s] Level 1:colcon.colcon_core.package_discovery:discover_packages(path) using defaults
[0.127s] Level 1:colcon.colcon_core.package_discovery:discover_packages(prefix_path) check parameters
[0.127s] Level 1:colcon.colcon_core.package_discovery:discover_packages(prefix_path) discover
[0.129s] DEBUG:colcon.colcon_installed_package_information.package_discovery:Found 4 installed packages in /home/ekambehl/chess_ws/install
[0.129s] DEBUG:colcon.colcon_installed_package_information.package_discovery:Found 4 installed packages in /home/ekambehl/ros_ws/install
[0.130s] DEBUG:colcon.colcon_installed_package_information.package_discovery:Found 4 installed packages in /home/ekambehl/ros2_ws/install
[0.131s] DEBUG:colcon.colcon_installed_package_information.package_discovery:Found 272 installed packages in /opt/ros/humble
[0.132s] Level 1:colcon.colcon_core.package_discovery:discover_packages(prefix_path) using defaults
[0.164s] Level 5:colcon.colcon_core.verb:set package 'my_chess_controller' build argument 'cmake_args' from command line to 'None'
[0.164s] Level 5:colcon.colcon_core.verb:set package 'my_chess_controller' build argument 'cmake_target' from command line to 'None'
[0.164s] Level 5:colcon.colcon_core.verb:set package 'my_chess_controller' build argument 'cmake_target_skip_unavailable' from command line to 'False'
[0.164s] Level 5:colcon.colcon_core.verb:set package 'my_chess_controller' build argument 'cmake_clean_cache' from command line to 'False'
[0.164s] Level 5:colcon.colcon_core.verb:set package 'my_chess_controller' build argument 'cmake_clean_first' from command line to 'False'
[0.164s] Level 5:colcon.colcon_core.verb:set package 'my_chess_controller' build argument 'cmake_force_configure' from command line to 'False'
[0.164s] Level 5:colcon.colcon_core.verb:set package 'my_chess_controller' build argument 'ament_cmake_args' from command line to 'None'
[0.164s] Level 5:colcon.colcon_core.verb:set package 'my_chess_controller' build argument 'catkin_cmake_args' from command line to 'None'
[0.164s] Level 5:colcon.colcon_core.verb:set package 'my_chess_controller' build argument 'catkin_skip_building_tests' from command line to 'False'
[0.164s] DEBUG:colcon.colcon_core.verb:Building package 'my_chess_controller' with the following arguments: {'ament_cmake_args': None, 'build_base': '/home/ekambehl/chess_ws/src/build/my_chess_controller', 'catkin_cmake_args': None, 'catkin_skip_building_tests': False, 'cmake_args': None, 'cmake_clean_cache': False, 'cmake_clean_first': False, 'cmake_force_configure': False, 'cmake_target': None, 'cmake_target_skip_unavailable': False, 'install_base': '/home/ekambehl/chess_ws/src/install/my_chess_controller', 'merge_install': False, 'path': '/home/ekambehl/chess_ws/src/my_chess_controller', 'symlink_install': False, 'test_result_base': None}
[0.165s] Level 5:colcon.colcon_core.verb:set package 'realsense2_camera_msgs' build argument 'cmake_args' from command line to 'None'
[0.165s] Level 5:colcon.colcon_core.verb:set package 'realsense2_camera_msgs' build argument 'cmake_target' from command line to 'None'
[0.165s] Level 5:colcon.colcon_core.verb:set package 'realsense2_camera_msgs' build argument 'cmake_target_skip_unavailable' from command line to 'False'
[0.165s] Level 5:colcon.colcon_core.verb:set package 'realsense2_camera_msgs' build argument 'cmake_clean_cache' from command line to 'False'
[0.165s] Level 5:colcon.colcon_core.verb:set package 'realsense2_camera_msgs' build argument 'cmake_clean_first' from command line to 'False'
[0.165s] Level 5:colcon.colcon_core.verb:set package 'realsense2_camera_msgs' build argument 'cmake_force_configure' from command line to 'False'
[0.165s] Level 5:colcon.colcon_core.verb:set package 'realsense2_camera_msgs' build argument 'ament_cmake_args' from command line to 'None'
[0.165s] Level 5:colcon.colcon_core.verb:set package 'realsense2_camera_msgs' build argument 'catkin_cmake_args' from command line to 'None'
[0.165s] Level 5:colcon.colcon_core.verb:set package 'realsense2_camera_msgs' build argument 'catkin_skip_building_tests' from command line to 'False'
[0.165s] DEBUG:colcon.colcon_core.verb:Building package 'realsense2_camera_msgs' with the following arguments: {'ament_cmake_args': None, 'build_base': '/home/ekambehl/chess_ws/src/build/realsense2_camera_msgs', 'catkin_cmake_args': None, 'catkin_skip_building_tests': False, 'cmake_args': None, 'cmake_clean_cache': False, 'cmake_clean_first': False, 'cmake_force_configure': False, 'cmake_target': None, 'cmake_target_skip_unavailable': False, 'install_base': '/home/ekambehl/chess_ws/src/install/realsense2_camera_msgs', 'merge_install': False, 'path': '/home/ekambehl/chess_ws/src/realsense-ros/realsense2_camera_msgs', 'symlink_install': False, 'test_result_base': None}
[0.165s] Level 5:colcon.colcon_core.verb:set package 'realsense2_camera' build argument 'cmake_args' from command line to 'None'
[0.165s] Level 5:colcon.colcon_core.verb:set package 'realsense2_camera' build argument 'cmake_target' from command line to 'None'
[0.165s] Level 5:colcon.colcon_core.verb:set package 'realsense2_camera' build argument 'cmake_target_skip_unavailable' from command line to 'False'
[0.165s] Level 5:colcon.colcon_core.verb:set package 'realsense2_camera' build argument 'cmake_clean_cache' from command line to 'False'
[0.165s] Level 5:colcon.colcon_core.verb:set package 'realsense2_camera' build argument 'cmake_clean_first' from command line to 'False'
[0.165s] Level 5:colcon.colcon_core.verb:set package 'realsense2_camera' build argument 'cmake_force_configure' from command line to 'False'
[0.166s] Level 5:colcon.colcon_core.verb:set package 'realsense2_camera' build argument 'ament_cmake_args' from command line to 'None'
[0.166s] Level 5:colcon.colcon_core.verb:set package 'realsense2_camera' build argument 'catkin_cmake_args' from command line to 'None'
[0.166s] Level 5:colcon.colcon_core.verb:set package 'realsense2_camera' build argument 'catkin_skip_building_tests' from command line to 'False'
[0.166s] DEBUG:colcon.colcon_core.verb:Building package 'realsense2_camera' with the following arguments: {'ament_cmake_args': None, 'build_base': '/home/ekambehl/chess_ws/src/build/realsense2_camera', 'catkin_cmake_args': None, 'catkin_skip_building_tests': False, 'cmake_args': None, 'cmake_clean_cache': False, 'cmake_clean_first': False, 'cmake_force_configure': False, 'cmake_target': None, 'cmake_target_skip_unavailable': False, 'install_base': '/home/ekambehl/chess_ws/src/install/realsense2_camera', 'merge_install': False, 'path': '/home/ekambehl/chess_ws/src/realsense-ros/realsense2_camera', 'symlink_install': False, 'test_result_base': None}
[0.166s] Level 5:colcon.colcon_core.verb:set package 'realsense2_description' build argument 'cmake_args' from command line to 'None'
[0.166s] Level 5:colcon.colcon_core.verb:set package 'realsense2_description' build argument 'cmake_target' from command line to 'None'
[0.166s] Level 5:colcon.colcon_core.verb:set package 'realsense2_description' build argument 'cmake_target_skip_unavailable' from command line to 'False'
[0.166s] Level 5:colcon.colcon_core.verb:set package 'realsense2_description' build argument 'cmake_clean_cache' from command line to 'False'
[0.166s] Level 5:colcon.colcon_core.verb:set package 'realsense2_description' build argument 'cmake_clean_first' from command line to 'False'
[0.166s] Level 5:colcon.colcon_core.verb:set package 'realsense2_description' build argument 'cmake_force_configure' from command line to 'False'
[0.166s] Level 5:colcon.colcon_core.verb:set package 'realsense2_description' build argument 'ament_cmake_args' from command line to 'None'
[0.166s] Level 5:colcon.colcon_core.verb:set package 'realsense2_description' build argument 'catkin_cmake_args' from command line to 'None'
[0.166s] Level 5:colcon.colcon_core.verb:set package 'realsense2_description' build argument 'catkin_skip_building_tests' from command line to 'False'
[0.166s] DEBUG:colcon.colcon_core.verb:Building package 'realsense2_description' with the following arguments: {'ament_cmake_args': None, 'build_base': '/home/ekambehl/chess_ws/src/build/realsense2_description', 'catkin_cmake_args': None, 'catkin_skip_building_tests': False, 'cmake_args': None, 'cmake_clean_cache': False, 'cmake_clean_first': False, 'cmake_force_configure': False, 'cmake_target': None, 'cmake_target_skip_unavailable': False, 'install_base': '/home/ekambehl/chess_ws/src/install/realsense2_description', 'merge_install': False, 'path': '/home/ekambehl/chess_ws/src/realsense-ros/realsense2_description', 'symlink_install': False, 'test_result_base': None}
[0.167s] INFO:colcon.colcon_core.executor:Executing jobs using 'parallel' executor
[0.169s] DEBUG:colcon.colcon_parallel_executor.executor.parallel:run_until_complete
[0.169s] INFO:colcon.colcon_ros.task.ament_cmake.build:Building ROS package in '/home/ekambehl/chess_ws/src/realsense-ros/realsense2_camera_msgs' with build type 'ament_cmake'
[0.169s] INFO:colcon.colcon_cmake.task.cmake.build:Building CMake package in '/home/ekambehl/chess_ws/src/realsense-ros/realsense2_camera_msgs'
[0.171s] INFO:colcon.colcon_core.plugin_system:Skipping extension 'colcon_core.shell.bat': Not used on non-Windows systems
[0.171s] INFO:colcon.colcon_core.shell:Skip shell extension 'powershell' for command environment: Not usable outside of PowerShell
[0.171s] DEBUG:colcon.colcon_core.shell:Skip shell extension 'dsv' for command environment
[0.175s] INFO:colcon.colcon_ros.task.ament_python.build:Building ROS package in '/home/ekambehl/chess_ws/src/my_chess_controller' with build type 'ament_python'
[0.175s] Level 1:colcon.colcon_core.shell:create_environment_hook('my_chess_controller', 'ament_prefix_path')
[0.176s] INFO:colcon.colcon_core.shell:Creating environment hook '/home/ekambehl/chess_ws/src/install/my_chess_controller/share/my_chess_controller/hook/ament_prefix_path.ps1'
[0.176s] INFO:colcon.colcon_core.shell:Creating environment descriptor '/home/ekambehl/chess_ws/src/install/my_chess_controller/share/my_chess_controller/hook/ament_prefix_path.dsv'
[0.176s] INFO:colcon.colcon_core.shell:Creating environment hook '/home/ekambehl/chess_ws/src/install/my_chess_controller/share/my_chess_controller/hook/ament_prefix_path.sh'
[0.177s] INFO:colcon.colcon_core.shell:Skip shell extension 'powershell' for command environment: Not usable outside of PowerShell
[0.177s] DEBUG:colcon.colcon_core.shell:Skip shell extension 'dsv' for command environment
[0.182s] DEBUG:colcon.colcon_core.event_handler.log_command:Invoking command in '/home/ekambehl/chess_ws/src/build/realsense2_camera_msgs': CMAKE_PREFIX_PATH=${CMAKE_PREFIX_PATH}:/home/ekambehl/ros_ws/install/my_robot_camera_driver:/home/ekambehl/ros2_ws/install/my_robot_camera_driver:/opt/ros/humble /usr/bin/cmake /home/ekambehl/chess_ws/src/realsense-ros/realsense2_camera_msgs -DCMAKE_INSTALL_PREFIX=/home/ekambehl/chess_ws/src/install/realsense2_camera_msgs
[0.338s] INFO:colcon.colcon_core.task.python.build:Building Python package in '/home/ekambehl/chess_ws/src/my_chess_controller'
[0.339s] INFO:colcon.colcon_core.shell:Skip shell extension 'powershell' for command environment: Not usable outside of PowerShell
[0.339s] DEBUG:colcon.colcon_core.shell:Skip shell extension 'dsv' for command environment
[0.538s] DEBUG:colcon.colcon_core.event_handler.log_command:Invoking command in '/home/ekambehl/chess_ws/src/my_chess_controller': PYTHONPATH=/home/ekambehl/chess_ws/src/build/my_chess_controller/prefix_override:/home/ekambehl/chess_ws/src/install/my_chess_controller/lib/python3.10/site-packages:${PYTHONPATH} /usr/bin/python3 setup.py egg_info --egg-base ../build/my_chess_controller build --build-base /home/ekambehl/chess_ws/src/build/my_chess_controller/build install --record /home/ekambehl/chess_ws/src/build/my_chess_controller/install.log --single-version-externally-managed
[0.719s] DEBUG:colcon.colcon_core.event_handler.log_command:Invoked command in '/home/ekambehl/chess_ws/src/my_chess_controller' returned '0': PYTHONPATH=/home/ekambehl/chess_ws/src/build/my_chess_controller/prefix_override:/home/ekambehl/chess_ws/src/install/my_chess_controller/lib/python3.10/site-packages:${PYTHONPATH} /usr/bin/python3 setup.py egg_info --egg-base ../build/my_chess_controller build --build-base /home/ekambehl/chess_ws/src/build/my_chess_controller/build install --record /home/ekambehl/chess_ws/src/build/my_chess_controller/install.log --single-version-externally-managed
[0.722s] Level 1:colcon.colcon_core.environment:checking '/home/ekambehl/chess_ws/src/install/my_chess_controller' for CMake module files
[0.722s] Level 1:colcon.colcon_core.environment:checking '/home/ekambehl/chess_ws/src/install/my_chess_controller' for CMake config files
[0.722s] Level 1:colcon.colcon_core.environment:checking '/home/ekambehl/chess_ws/src/install/my_chess_controller/lib'
[0.722s] Level 1:colcon.colcon_core.environment:checking '/home/ekambehl/chess_ws/src/install/my_chess_controller/bin'
[0.723s] Level 1:colcon.colcon_core.environment:checking '/home/ekambehl/chess_ws/src/install/my_chess_controller/lib/pkgconfig/my_chess_controller.pc'
[0.723s] Level 1:colcon.colcon_core.environment:checking '/home/ekambehl/chess_ws/src/install/my_chess_controller/lib/python3.10/site-packages'
[0.723s] Level 1:colcon.colcon_core.shell:create_environment_hook('my_chess_controller', 'pythonpath')
[0.723s] INFO:colcon.colcon_core.shell:Creating environment hook '/home/ekambehl/chess_ws/src/install/my_chess_controller/share/my_chess_controller/hook/pythonpath.ps1'
[0.724s] INFO:colcon.colcon_core.shell:Creating environment descriptor '/home/ekambehl/chess_ws/src/install/my_chess_controller/share/my_chess_controller/hook/pythonpath.dsv'
[0.724s] INFO:colcon.colcon_core.shell:Creating environment hook '/home/ekambehl/chess_ws/src/install/my_chess_controller/share/my_chess_controller/hook/pythonpath.sh'
[0.724s] Level 1:colcon.colcon_core.environment:checking '/home/ekambehl/chess_ws/src/install/my_chess_controller/bin'
[0.724s] Level 1:colcon.colcon_core.environment:create_environment_scripts_only(my_chess_controller)
[0.725s] INFO:colcon.colcon_core.shell:Creating package script '/home/ekambehl/chess_ws/src/install/my_chess_controller/share/my_chess_controller/package.ps1'
[0.725s] INFO:colcon.colcon_core.shell:Creating package descriptor '/home/ekambehl/chess_ws/src/install/my_chess_controller/share/my_chess_controller/package.dsv'
[0.726s] INFO:colcon.colcon_core.shell:Creating package script '/home/ekambehl/chess_ws/src/install/my_chess_controller/share/my_chess_controller/package.sh'
[0.726s] INFO:colcon.colcon_core.shell:Creating package script '/home/ekambehl/chess_ws/src/install/my_chess_controller/share/my_chess_controller/package.bash'
[0.727s] INFO:colcon.colcon_core.shell:Creating package script '/home/ekambehl/chess_ws/src/install/my_chess_controller/share/my_chess_controller/package.zsh'
[0.727s] Level 1:colcon.colcon_core.environment:create_file_with_runtime_dependencies(/home/ekambehl/chess_ws/src/install/my_chess_controller/share/colcon-core/packages/my_chess_controller)
[1.192s] DEBUG:colcon.colcon_core.event_handler.log_command:Invoked command in '/home/ekambehl/chess_ws/src/build/realsense2_camera_msgs' returned '0': CMAKE_PREFIX_PATH=${CMAKE_PREFIX_PATH}:/home/ekambehl/ros_ws/install/my_robot_camera_driver:/home/ekambehl/ros2_ws/install/my_robot_camera_driver:/opt/ros/humble /usr/bin/cmake /home/ekambehl/chess_ws/src/realsense-ros/realsense2_camera_msgs -DCMAKE_INSTALL_PREFIX=/home/ekambehl/chess_ws/src/install/realsense2_camera_msgs
[1.193s] DEBUG:colcon.colcon_core.event_handler.log_command:Invoking command in '/home/ekambehl/chess_ws/src/build/realsense2_camera_msgs': CMAKE_PREFIX_PATH=${CMAKE_PREFIX_PATH}:/home/ekambehl/ros_ws/install/my_robot_camera_driver:/home/ekambehl/ros2_ws/install/my_robot_camera_driver:/opt/ros/humble /usr/bin/cmake --build /home/ekambehl/chess_ws/src/build/realsense2_camera_msgs -- -j16 -l16
[2.954s] DEBUG:colcon.colcon_core.event_handler.log_command:Invoked command in '/home/ekambehl/chess_ws/src/build/realsense2_camera_msgs' returned '0': CMAKE_PREFIX_PATH=${CMAKE_PREFIX_PATH}:/home/ekambehl/ros_ws/install/my_robot_camera_driver:/home/ekambehl/ros2_ws/install/my_robot_camera_driver:/opt/ros/humble /usr/bin/cmake --build /home/ekambehl/chess_ws/src/build/realsense2_camera_msgs -- -j16 -l16
[3.024s] DEBUG:colcon.colcon_core.event_handler.log_command:Invoking command in '/home/ekambehl/chess_ws/src/build/realsense2_camera_msgs': CMAKE_PREFIX_PATH=${CMAKE_PREFIX_PATH}:/home/ekambehl/ros_ws/install/my_robot_camera_driver:/home/ekambehl/ros2_ws/install/my_robot_camera_driver:/opt/ros/humble /usr/bin/cmake --install /home/ekambehl/chess_ws/src/build/realsense2_camera_msgs
[3.065s] Level 1:colcon.colcon_core.environment:create_environment_scripts_only(realsense2_camera_msgs)
[3.066s] Level 1:colcon.colcon_core.environment:checking '/home/ekambehl/chess_ws/src/install/realsense2_camera_msgs' for CMake module files
[3.067s] DEBUG:colcon.colcon_core.event_handler.log_command:Invoked command in '/home/ekambehl/chess_ws/src/build/realsense2_camera_msgs' returned '0': CMAKE_PREFIX_PATH=${CMAKE_PREFIX_PATH}:/home/ekambehl/ros_ws/install/my_robot_camera_driver:/home/ekambehl/ros2_ws/install/my_robot_camera_driver:/opt/ros/humble /usr/bin/cmake --install /home/ekambehl/chess_ws/src/build/realsense2_camera_msgs
[3.067s] Level 1:colcon.colcon_core.environment:checking '/home/ekambehl/chess_ws/src/install/realsense2_camera_msgs' for CMake config files
[3.067s] Level 1:colcon.colcon_core.shell:create_environment_hook('realsense2_camera_msgs', 'cmake_prefix_path')
[3.068s] INFO:colcon.colcon_core.shell:Creating environment hook '/home/ekambehl/chess_ws/src/install/realsense2_camera_msgs/share/realsense2_camera_msgs/hook/cmake_prefix_path.ps1'
[3.068s] INFO:colcon.colcon_core.shell:Creating environment descriptor '/home/ekambehl/chess_ws/src/install/realsense2_camera_msgs/share/realsense2_camera_msgs/hook/cmake_prefix_path.dsv'
[3.068s] INFO:colcon.colcon_core.shell:Creating environment hook '/home/ekambehl/chess_ws/src/install/realsense2_camera_msgs/share/realsense2_camera_msgs/hook/cmake_prefix_path.sh'
[3.069s] Level 1:colcon.colcon_core.environment:checking '/home/ekambehl/chess_ws/src/install/realsense2_camera_msgs/lib'
[3.069s] Level 1:colcon.colcon_core.shell:create_environment_hook('realsense2_camera_msgs', 'ld_library_path_lib')
[3.069s] INFO:colcon.colcon_core.shell:Creating environment hook '/home/ekambehl/chess_ws/src/install/realsense2_camera_msgs/share/realsense2_camera_msgs/hook/ld_library_path_lib.ps1'
[3.070s] INFO:colcon.colcon_core.shell:Creating environment descriptor '/home/ekambehl/chess_ws/src/install/realsense2_camera_msgs/share/realsense2_camera_msgs/hook/ld_library_path_lib.dsv'
[3.070s] INFO:colcon.colcon_core.shell:Creating environment hook '/home/ekambehl/chess_ws/src/install/realsense2_camera_msgs/share/realsense2_camera_msgs/hook/ld_library_path_lib.sh'
[3.070s] Level 1:colcon.colcon_core.environment:checking '/home/ekambehl/chess_ws/src/install/realsense2_camera_msgs/bin'
[3.070s] Level 1:colcon.colcon_core.environment:checking '/home/ekambehl/chess_ws/src/install/realsense2_camera_msgs/lib/pkgconfig/realsense2_camera_msgs.pc'
[3.071s] Level 1:colcon.colcon_core.environment:checking '/home/ekambehl/chess_ws/src/install/realsense2_camera_msgs/lib/python3.10/site-packages'
[3.071s] Level 1:colcon.colcon_core.environment:checking '/home/ekambehl/chess_ws/src/install/realsense2_camera_msgs/bin'
[3.071s] INFO:colcon.colcon_core.shell:Creating package script '/home/ekambehl/chess_ws/src/install/realsense2_camera_msgs/share/realsense2_camera_msgs/package.ps1'
[3.072s] INFO:colcon.colcon_core.shell:Creating package descriptor '/home/ekambehl/chess_ws/src/install/realsense2_camera_msgs/share/realsense2_camera_msgs/package.dsv'
[3.072s] INFO:colcon.colcon_core.shell:Creating package script '/home/ekambehl/chess_ws/src/install/realsense2_camera_msgs/share/realsense2_camera_msgs/package.sh'
[3.072s] INFO:colcon.colcon_core.shell:Creating package script '/home/ekambehl/chess_ws/src/install/realsense2_camera_msgs/share/realsense2_camera_msgs/package.bash'
[3.072s] INFO:colcon.colcon_core.shell:Creating package script '/home/ekambehl/chess_ws/src/install/realsense2_camera_msgs/share/realsense2_camera_msgs/package.zsh'
[3.072s] Level 1:colcon.colcon_core.environment:create_file_with_runtime_dependencies(/home/ekambehl/chess_ws/src/install/realsense2_camera_msgs/share/colcon-core/packages/realsense2_camera_msgs)
[3.139s] Level 1:colcon.colcon_core.environment:create_environment_scripts_only(realsense2_camera_msgs)
[3.140s] Level 1:colcon.colcon_core.environment:checking '/home/ekambehl/chess_ws/src/install/realsense2_camera_msgs' for CMake module files
[3.140s] Level 1:colcon.colcon_core.environment:checking '/home/ekambehl/chess_ws/src/install/realsense2_camera_msgs' for CMake config files
[3.140s] Level 1:colcon.colcon_core.shell:create_environment_hook('realsense2_camera_msgs', 'cmake_prefix_path')
[3.141s] INFO:colcon.colcon_core.shell:Creating environment hook '/home/ekambehl/chess_ws/src/install/realsense2_camera_msgs/share/realsense2_camera_msgs/hook/cmake_prefix_path.ps1'
[3.141s] INFO:colcon.colcon_core.shell:Creating environment descriptor '/home/ekambehl/chess_ws/src/install/realsense2_camera_msgs/share/realsense2_camera_msgs/hook/cmake_prefix_path.dsv'
[3.141s] INFO:colcon.colcon_core.shell:Creating environment hook '/home/ekambehl/chess_ws/src/install/realsense2_camera_msgs/share/realsense2_camera_msgs/hook/cmake_prefix_path.sh'
[3.142s] Level 1:colcon.colcon_core.environment:checking '/home/ekambehl/chess_ws/src/install/realsense2_camera_msgs/lib'
[3.142s] Level 1:colcon.colcon_core.shell:create_environment_hook('realsense2_camera_msgs', 'ld_library_path_lib')
[3.142s] INFO:colcon.colcon_core.shell:Creating environment hook '/home/ekambehl/chess_ws/src/install/realsense2_camera_msgs/share/realsense2_camera_msgs/hook/ld_library_path_lib.ps1'
[3.143s] INFO:colcon.colcon_core.shell:Creating environment descriptor '/home/ekambehl/chess_ws/src/install/realsense2_camera_msgs/share/realsense2_camera_msgs/hook/ld_library_path_lib.dsv'
[3.143s] INFO:colcon.colcon_core.shell:Creating environment hook '/home/ekambehl/chess_ws/src/install/realsense2_camera_msgs/share/realsense2_camera_msgs/hook/ld_library_path_lib.sh'
[3.143s] Level 1:colcon.colcon_core.environment:checking '/home/ekambehl/chess_ws/src/install/realsense2_camera_msgs/bin'
[3.143s] Level 1:colcon.colcon_core.environment:checking '/home/ekambehl/chess_ws/src/install/realsense2_camera_msgs/lib/pkgconfig/realsense2_camera_msgs.pc'
[3.143s] Level 1:colcon.colcon_core.environment:checking '/home/ekambehl/chess_ws/src/install/realsense2_camera_msgs/lib/python3.10/site-packages'
[3.143s] Level 1:colcon.colcon_core.environment:checking '/home/ekambehl/chess_ws/src/install/realsense2_camera_msgs/bin'
[3.144s] INFO:colcon.colcon_core.shell:Creating package script '/home/ekambehl/chess_ws/src/install/realsense2_camera_msgs/share/realsense2_camera_msgs/package.ps1'
[3.144s] INFO:colcon.colcon_core.shell:Creating package descriptor '/home/ekambehl/chess_ws/src/install/realsense2_camera_msgs/share/realsense2_camera_msgs/package.dsv'
[3.144s] INFO:colcon.colcon_core.shell:Creating package script '/home/ekambehl/chess_ws/src/install/realsense2_camera_msgs/share/realsense2_camera_msgs/package.sh'
[3.145s] INFO:colcon.colcon_core.shell:Creating package script '/home/ekambehl/chess_ws/src/install/realsense2_camera_msgs/share/realsense2_camera_msgs/package.bash'
[3.145s] INFO:colcon.colcon_core.shell:Creating package script '/home/ekambehl/chess_ws/src/install/realsense2_camera_msgs/share/realsense2_camera_msgs/package.zsh'
[3.145s] Level 1:colcon.colcon_core.environment:create_file_with_runtime_dependencies(/home/ekambehl/chess_ws/src/install/realsense2_camera_msgs/share/colcon-core/packages/realsense2_camera_msgs)
[3.145s] INFO:colcon.colcon_ros.task.ament_cmake.build:Building ROS package in '/home/ekambehl/chess_ws/src/realsense-ros/realsense2_camera' with build type 'ament_cmake'
[3.145s] INFO:colcon.colcon_cmake.task.cmake.build:Building CMake package in '/home/ekambehl/chess_ws/src/realsense-ros/realsense2_camera'
[3.146s] INFO:colcon.colcon_core.shell:Skip shell extension 'powershell' for command environment: Not usable outside of PowerShell
[3.146s] DEBUG:colcon.colcon_core.shell:Skip shell extension 'dsv' for command environment
[3.150s] INFO:colcon.colcon_ros.task.ament_cmake.build:Building ROS package in '/home/ekambehl/chess_ws/src/realsense-ros/realsense2_description' with build type 'ament_cmake'
[3.150s] INFO:colcon.colcon_cmake.task.cmake.build:Building CMake package in '/home/ekambehl/chess_ws/src/realsense-ros/realsense2_description'
[3.151s] INFO:colcon.colcon_core.shell:Skip shell extension 'powershell' for command environment: Not usable outside of PowerShell
[3.151s] DEBUG:colcon.colcon_core.shell:Skip shell extension 'dsv' for command environment
[3.155s] DEBUG:colcon.colcon_core.event_handler.log_command:Invoking command in '/home/ekambehl/chess_ws/src/build/realsense2_camera': AMENT_PREFIX_PATH=/home/ekambehl/chess_ws/src/install/realsense2_camera_msgs:${AMENT_PREFIX_PATH} CMAKE_PREFIX_PATH=/home/ekambehl/chess_ws/src/install/realsense2_camera_msgs:/home/ekambehl/chess_ws/install/realsense2_description:/home/ekambehl/chess_ws/install/realsense2_camera:/home/ekambehl/chess_ws/install/realsense2_camera_msgs:/home/ekambehl/ros_ws/install/realsense2_description:/home/ekambehl/ros_ws/install/realsense2_camera:/home/ekambehl/ros_ws/install/realsense2_camera_msgs:/home/ekambehl/ros2_ws/install/realsense2_description:/home/ekambehl/ros2_ws/install/realsense2_camera_msgs:/home/ekambehl/ros_ws/install/my_robot_camera_driver:/home/ekambehl/ros2_ws/install/my_robot_camera_driver:/opt/ros/humble LD_LIBRARY_PATH=/home/ekambehl/chess_ws/src/install/realsense2_camera_msgs/lib:${LD_LIBRARY_PATH} PYTHONPATH=/home/ekambehl/chess_ws/src/install/realsense2_camera_msgs/local/lib/python3.10/dist-packages:${PYTHONPATH} /usr/bin/cmake /home/ekambehl/chess_ws/src/realsense-ros/realsense2_camera -DCMAKE_INSTALL_PREFIX=/home/ekambehl/chess_ws/src/install/realsense2_camera
[3.158s] DEBUG:colcon.colcon_core.event_handler.log_command:Invoking command in '/home/ekambehl/chess_ws/src/build/realsense2_description': AMENT_PREFIX_PATH=/home/ekambehl/chess_ws/src/install/realsense2_camera_msgs:${AMENT_PREFIX_PATH} CMAKE_PREFIX_PATH=/home/ekambehl/chess_ws/src/install/realsense2_camera_msgs:/home/ekambehl/chess_ws/install/realsense2_description:/home/ekambehl/chess_ws/install/realsense2_camera:/home/ekambehl/chess_ws/install/realsense2_camera_msgs:/home/ekambehl/ros_ws/install/realsense2_description:/home/ekambehl/ros_ws/install/realsense2_camera:/home/ekambehl/ros_ws/install/realsense2_camera_msgs:/home/ekambehl/ros2_ws/install/realsense2_description:/home/ekambehl/ros2_ws/install/realsense2_camera_msgs:/home/ekambehl/ros_ws/install/my_robot_camera_driver:/home/ekambehl/ros2_ws/install/my_robot_camera_driver:/opt/ros/humble LD_LIBRARY_PATH=/home/ekambehl/chess_ws/src/install/realsense2_camera_msgs/lib:${LD_LIBRARY_PATH} PYTHONPATH=/home/ekambehl/chess_ws/src/install/realsense2_camera_msgs/local/lib/python3.10/dist-packages:${PYTHONPATH} /usr/bin/cmake /home/ekambehl/chess_ws/src/realsense-ros/realsense2_description -DCMAKE_INSTALL_PREFIX=/home/ekambehl/chess_ws/src/install/realsense2_description
[3.530s] DEBUG:colcon.colcon_core.event_handler.log_command:Invoked command in '/home/ekambehl/chess_ws/src/build/realsense2_description' returned '0': AMENT_PREFIX_PATH=/home/ekambehl/chess_ws/src/install/realsense2_camera_msgs:${AMENT_PREFIX_PATH} CMAKE_PREFIX_PATH=/home/ekambehl/chess_ws/src/install/realsense2_camera_msgs:/home/ekambehl/chess_ws/install/realsense2_description:/home/ekambehl/chess_ws/install/realsense2_camera:/home/ekambehl/chess_ws/install/realsense2_camera_msgs:/home/ekambehl/ros_ws/install/realsense2_description:/home/ekambehl/ros_ws/install/realsense2_camera:/home/ekambehl/ros_ws/install/realsense2_camera_msgs:/home/ekambehl/ros2_ws/install/realsense2_description:/home/ekambehl/ros2_ws/install/realsense2_camera_msgs:/home/ekambehl/ros_ws/install/my_robot_camera_driver:/home/ekambehl/ros2_ws/install/my_robot_camera_driver:/opt/ros/humble LD_LIBRARY_PATH=/home/ekambehl/chess_ws/src/install/realsense2_camera_msgs/lib:${LD_LIBRARY_PATH} PYTHONPATH=/home/ekambehl/chess_ws/src/install/realsense2_camera_msgs/local/lib/python3.10/dist-packages:${PYTHONPATH} /usr/bin/cmake /home/ekambehl/chess_ws/src/realsense-ros/realsense2_description -DCMAKE_INSTALL_PREFIX=/home/ekambehl/chess_ws/src/install/realsense2_description
[3.532s] DEBUG:colcon.colcon_core.event_handler.log_command:Invoking command in '/home/ekambehl/chess_ws/src/build/realsense2_description': AMENT_PREFIX_PATH=/home/ekambehl/chess_ws/src/install/realsense2_camera_msgs:${AMENT_PREFIX_PATH} CMAKE_PREFIX_PATH=/home/ekambehl/chess_ws/src/install/realsense2_camera_msgs:/home/ekambehl/chess_ws/install/realsense2_description:/home/ekambehl/chess_ws/install/realsense2_camera:/home/ekambehl/chess_ws/install/realsense2_camera_msgs:/home/ekambehl/ros_ws/install/realsense2_description:/home/ekambehl/ros_ws/install/realsense2_camera:/home/ekambehl/ros_ws/install/realsense2_camera_msgs:/home/ekambehl/ros2_ws/install/realsense2_description:/home/ekambehl/ros2_ws/install/realsense2_camera_msgs:/home/ekambehl/ros_ws/install/my_robot_camera_driver:/home/ekambehl/ros2_ws/install/my_robot_camera_driver:/opt/ros/humble LD_LIBRARY_PATH=/home/ekambehl/chess_ws/src/install/realsense2_camera_msgs/lib:${LD_LIBRARY_PATH} PYTHONPATH=/home/ekambehl/chess_ws/src/install/realsense2_camera_msgs/local/lib/python3.10/dist-packages:${PYTHONPATH} /usr/bin/cmake --build /home/ekambehl/chess_ws/src/build/realsense2_description -- -j16 -l16
[3.553s] DEBUG:colcon.colcon_core.event_handler.log_command:Invoked command in '/home/ekambehl/chess_ws/src/build/realsense2_description' returned '0': AMENT_PREFIX_PATH=/home/ekambehl/chess_ws/src/install/realsense2_camera_msgs:${AMENT_PREFIX_PATH} CMAKE_PREFIX_PATH=/home/ekambehl/chess_ws/src/install/realsense2_camera_msgs:/home/ekambehl/chess_ws/install/realsense2_description:/home/ekambehl/chess_ws/install/realsense2_camera:/home/ekambehl/chess_ws/install/realsense2_camera_msgs:/home/ekambehl/ros_ws/install/realsense2_description:/home/ekambehl/ros_ws/install/realsense2_camera:/home/ekambehl/ros_ws/install/realsense2_camera_msgs:/home/ekambehl/ros2_ws/install/realsense2_description:/home/ekambehl/ros2_ws/install/realsense2_camera_msgs:/home/ekambehl/ros_ws/install/my_robot_camera_driver:/home/ekambehl/ros2_ws/install/my_robot_camera_driver:/opt/ros/humble LD_LIBRARY_PATH=/home/ekambehl/chess_ws/src/install/realsense2_camera_msgs/lib:${LD_LIBRARY_PATH} PYTHONPATH=/home/ekambehl/chess_ws/src/install/realsense2_camera_msgs/local/lib/python3.10/dist-packages:${PYTHONPATH} /usr/bin/cmake --build /home/ekambehl/chess_ws/src/build/realsense2_description -- -j16 -l16
[3.564s] DEBUG:colcon.colcon_core.event_handler.log_command:Invoking command in '/home/ekambehl/chess_ws/src/build/realsense2_description': AMENT_PREFIX_PATH=/home/ekambehl/chess_ws/src/install/realsense2_camera_msgs:${AMENT_PREFIX_PATH} CMAKE_PREFIX_PATH=/home/ekambehl/chess_ws/src/install/realsense2_camera_msgs:/home/ekambehl/chess_ws/install/realsense2_description:/home/ekambehl/chess_ws/install/realsense2_camera:/home/ekambehl/chess_ws/install/realsense2_camera_msgs:/home/ekambehl/ros_ws/install/realsense2_description:/home/ekambehl/ros_ws/install/realsense2_camera:/home/ekambehl/ros_ws/install/realsense2_camera_msgs:/home/ekambehl/ros2_ws/install/realsense2_description:/home/ekambehl/ros2_ws/install/realsense2_camera_msgs:/home/ekambehl/ros_ws/install/my_robot_camera_driver:/home/ekambehl/ros2_ws/install/my_robot_camera_driver:/opt/ros/humble LD_LIBRARY_PATH=/home/ekambehl/chess_ws/src/install/realsense2_camera_msgs/lib:${LD_LIBRARY_PATH} PYTHONPATH=/home/ekambehl/chess_ws/src/install/realsense2_camera_msgs/local/lib/python3.10/dist-packages:${PYTHONPATH} /usr/bin/cmake --install /home/ekambehl/chess_ws/src/build/realsense2_description
[3.606s] Level 1:colcon.colcon_core.environment:create_environment_scripts_only(realsense2_description)
[3.608s] Level 1:colcon.colcon_core.environment:checking '/home/ekambehl/chess_ws/src/install/realsense2_description' for CMake module files
[3.608s] DEBUG:colcon.colcon_core.event_handler.log_command:Invoked command in '/home/ekambehl/chess_ws/src/build/realsense2_description' returned '0': AMENT_PREFIX_PATH=/home/ekambehl/chess_ws/src/install/realsense2_camera_msgs:${AMENT_PREFIX_PATH} CMAKE_PREFIX_PATH=/home/ekambehl/chess_ws/src/install/realsense2_camera_msgs:/home/ekambehl/chess_ws/install/realsense2_description:/home/ekambehl/chess_ws/install/realsense2_camera:/home/ekambehl/chess_ws/install/realsense2_camera_msgs:/home/ekambehl/ros_ws/install/realsense2_description:/home/ekambehl/ros_ws/install/realsense2_camera:/home/ekambehl/ros_ws/install/realsense2_camera_msgs:/home/ekambehl/ros2_ws/install/realsense2_description:/home/ekambehl/ros2_ws/install/realsense2_camera_msgs:/home/ekambehl/ros_ws/install/my_robot_camera_driver:/home/ekambehl/ros2_ws/install/my_robot_camera_driver:/opt/ros/humble LD_LIBRARY_PATH=/home/ekambehl/chess_ws/src/install/realsense2_camera_msgs/lib:${LD_LIBRARY_PATH} PYTHONPATH=/home/ekambehl/chess_ws/src/install/realsense2_camera_msgs/local/lib/python3.10/dist-packages:${PYTHONPATH} /usr/bin/cmake --install /home/ekambehl/chess_ws/src/build/realsense2_description
[3.608s] Level 1:colcon.colcon_core.environment:checking '/home/ekambehl/chess_ws/src/install/realsense2_description' for CMake config files
[3.608s] Level 1:colcon.colcon_core.shell:create_environment_hook('realsense2_description', 'cmake_prefix_path')
[3.609s] INFO:colcon.colcon_core.shell:Creating environment hook '/home/ekambehl/chess_ws/src/install/realsense2_description/share/realsense2_description/hook/cmake_prefix_path.ps1'
[3.609s] INFO:colcon.colcon_core.shell:Creating environment descriptor '/home/ekambehl/chess_ws/src/install/realsense2_description/share/realsense2_description/hook/cmake_prefix_path.dsv'
[3.609s] INFO:colcon.colcon_core.shell:Creating environment hook '/home/ekambehl/chess_ws/src/install/realsense2_description/share/realsense2_description/hook/cmake_prefix_path.sh'
[3.610s] Level 1:colcon.colcon_core.environment:checking '/home/ekambehl/chess_ws/src/install/realsense2_description/bin'
[3.610s] Level 1:colcon.colcon_core.environment:checking '/home/ekambehl/chess_ws/src/install/realsense2_description/lib/pkgconfig/realsense2_description.pc'
[3.610s] Level 1:colcon.colcon_core.environment:checking '/home/ekambehl/chess_ws/src/install/realsense2_description/lib/python3.10/site-packages'
[3.610s] Level 1:colcon.colcon_core.environment:checking '/home/ekambehl/chess_ws/src/install/realsense2_description/bin'
[3.611s] INFO:colcon.colcon_core.shell:Creating package script '/home/ekambehl/chess_ws/src/install/realsense2_description/share/realsense2_description/package.ps1'
[3.611s] INFO:colcon.colcon_core.shell:Creating package descriptor '/home/ekambehl/chess_ws/src/install/realsense2_description/share/realsense2_description/package.dsv'
[3.611s] INFO:colcon.colcon_core.shell:Creating package script '/home/ekambehl/chess_ws/src/install/realsense2_description/share/realsense2_description/package.sh'
[3.611s] INFO:colcon.colcon_core.shell:Creating package script '/home/ekambehl/chess_ws/src/install/realsense2_description/share/realsense2_description/package.bash'
[3.611s] INFO:colcon.colcon_core.shell:Creating package script '/home/ekambehl/chess_ws/src/install/realsense2_description/share/realsense2_description/package.zsh'
[3.612s] Level 1:colcon.colcon_core.environment:create_file_with_runtime_dependencies(/home/ekambehl/chess_ws/src/install/realsense2_description/share/colcon-core/packages/realsense2_description)
[3.624s] Level 1:colcon.colcon_core.environment:create_environment_scripts_only(realsense2_description)
[3.626s] Level 1:colcon.colcon_core.environment:checking '/home/ekambehl/chess_ws/src/install/realsense2_description' for CMake module files
[3.626s] Level 1:colcon.colcon_core.environment:checking '/home/ekambehl/chess_ws/src/install/realsense2_description' for CMake config files
[3.626s] Level 1:colcon.colcon_core.shell:create_environment_hook('realsense2_description', 'cmake_prefix_path')
[3.627s] INFO:colcon.colcon_core.shell:Creating environment hook '/home/ekambehl/chess_ws/src/install/realsense2_description/share/realsense2_description/hook/cmake_prefix_path.ps1'
[3.627s] INFO:colcon.colcon_core.shell:Creating environment descriptor '/home/ekambehl/chess_ws/src/install/realsense2_description/share/realsense2_description/hook/cmake_prefix_path.dsv'
[3.627s] INFO:colcon.colcon_core.shell:Creating environment hook '/home/ekambehl/chess_ws/src/install/realsense2_description/share/realsense2_description/hook/cmake_prefix_path.sh'
[3.627s] Level 1:colcon.colcon_core.environment:checking '/home/ekambehl/chess_ws/src/install/realsense2_description/bin'
[3.627s] Level 1:colcon.colcon_core.environment:checking '/home/ekambehl/chess_ws/src/install/realsense2_description/lib/pkgconfig/realsense2_description.pc'
[3.628s] Level 1:colcon.colcon_core.environment:checking '/home/ekambehl/chess_ws/src/install/realsense2_description/lib/python3.10/site-packages'
[3.628s] Level 1:colcon.colcon_core.environment:checking '/home/ekambehl/chess_ws/src/install/realsense2_description/bin'
[3.628s] INFO:colcon.colcon_core.shell:Creating package script '/home/ekambehl/chess_ws/src/install/realsense2_description/share/realsense2_description/package.ps1'
[3.629s] INFO:colcon.colcon_core.shell:Creating package descriptor '/home/ekambehl/chess_ws/src/install/realsense2_description/share/realsense2_description/package.dsv'
[3.629s] INFO:colcon.colcon_core.shell:Creating package script '/home/ekambehl/chess_ws/src/install/realsense2_description/share/realsense2_description/package.sh'
[3.629s] INFO:colcon.colcon_core.shell:Creating package script '/home/ekambehl/chess_ws/src/install/realsense2_description/share/realsense2_description/package.bash'
[3.629s] INFO:colcon.colcon_core.shell:Creating package script '/home/ekambehl/chess_ws/src/install/realsense2_description/share/realsense2_description/package.zsh'
[3.629s] Level 1:colcon.colcon_core.environment:create_file_with_runtime_dependencies(/home/ekambehl/chess_ws/src/install/realsense2_description/share/colcon-core/packages/realsense2_description)
[4.461s] DEBUG:colcon.colcon_core.event_handler.log_command:Invoked command in '/home/ekambehl/chess_ws/src/build/realsense2_camera' returned '0': AMENT_PREFIX_PATH=/home/ekambehl/chess_ws/src/install/realsense2_camera_msgs:${AMENT_PREFIX_PATH} CMAKE_PREFIX_PATH=/home/ekambehl/chess_ws/src/install/realsense2_camera_msgs:/home/ekambehl/chess_ws/install/realsense2_description:/home/ekambehl/chess_ws/install/realsense2_camera:/home/ekambehl/chess_ws/install/realsense2_camera_msgs:/home/ekambehl/ros_ws/install/realsense2_description:/home/ekambehl/ros_ws/install/realsense2_camera:/home/ekambehl/ros_ws/install/realsense2_camera_msgs:/home/ekambehl/ros2_ws/install/realsense2_description:/home/ekambehl/ros2_ws/install/realsense2_camera_msgs:/home/ekambehl/ros_ws/install/my_robot_camera_driver:/home/ekambehl/ros2_ws/install/my_robot_camera_driver:/opt/ros/humble LD_LIBRARY_PATH=/home/ekambehl/chess_ws/src/install/realsense2_camera_msgs/lib:${LD_LIBRARY_PATH} PYTHONPATH=/home/ekambehl/chess_ws/src/install/realsense2_camera_msgs/local/lib/python3.10/dist-packages:${PYTHONPATH} /usr/bin/cmake /home/ekambehl/chess_ws/src/realsense-ros/realsense2_camera -DCMAKE_INSTALL_PREFIX=/home/ekambehl/chess_ws/src/install/realsense2_camera
[4.462s] DEBUG:colcon.colcon_core.event_handler.log_command:Invoking command in '/home/ekambehl/chess_ws/src/build/realsense2_camera': AMENT_PREFIX_PATH=/home/ekambehl/chess_ws/src/install/realsense2_camera_msgs:${AMENT_PREFIX_PATH} CMAKE_PREFIX_PATH=/home/ekambehl/chess_ws/src/install/realsense2_camera_msgs:/home/ekambehl/chess_ws/install/realsense2_description:/home/ekambehl/chess_ws/install/realsense2_camera:/home/ekambehl/chess_ws/install/realsense2_camera_msgs:/home/ekambehl/ros_ws/install/realsense2_description:/home/ekambehl/ros_ws/install/realsense2_camera:/home/ekambehl/ros_ws/install/realsense2_camera_msgs:/home/ekambehl/ros2_ws/install/realsense2_description:/home/ekambehl/ros2_ws/install/realsense2_camera_msgs:/home/ekambehl/ros_ws/install/my_robot_camera_driver:/home/ekambehl/ros2_ws/install/my_robot_camera_driver:/opt/ros/humble LD_LIBRARY_PATH=/home/ekambehl/chess_ws/src/install/realsense2_camera_msgs/lib:${LD_LIBRARY_PATH} PYTHONPATH=/home/ekambehl/chess_ws/src/install/realsense2_camera_msgs/local/lib/python3.10/dist-packages:${PYTHONPATH} /usr/bin/cmake --build /home/ekambehl/chess_ws/src/build/realsense2_camera -- -j16 -l16
[17.040s] DEBUG:colcon.colcon_core.event_handler.log_command:Invoked command in '/home/ekambehl/chess_ws/src/build/realsense2_camera' returned '0': AMENT_PREFIX_PATH=/home/ekambehl/chess_ws/src/install/realsense2_camera_msgs:${AMENT_PREFIX_PATH} CMAKE_PREFIX_PATH=/home/ekambehl/chess_ws/src/install/realsense2_camera_msgs:/home/ekambehl/chess_ws/install/realsense2_description:/home/ekambehl/chess_ws/install/realsense2_camera:/home/ekambehl/chess_ws/install/realsense2_camera_msgs:/home/ekambehl/ros_ws/install/realsense2_description:/home/ekambehl/ros_ws/install/realsense2_camera:/home/ekambehl/ros_ws/install/realsense2_camera_msgs:/home/ekambehl/ros2_ws/install/realsense2_description:/home/ekambehl/ros2_ws/install/realsense2_camera_msgs:/home/ekambehl/ros_ws/install/my_robot_camera_driver:/home/ekambehl/ros2_ws/install/my_robot_camera_driver:/opt/ros/humble LD_LIBRARY_PATH=/home/ekambehl/chess_ws/src/install/realsense2_camera_msgs/lib:${LD_LIBRARY_PATH} PYTHONPATH=/home/ekambehl/chess_ws/src/install/realsense2_camera_msgs/local/lib/python3.10/dist-packages:${PYTHONPATH} /usr/bin/cmake --build /home/ekambehl/chess_ws/src/build/realsense2_camera -- -j16 -l16
[17.070s] DEBUG:colcon.colcon_core.event_handler.log_command:Invoking command in '/home/ekambehl/chess_ws/src/build/realsense2_camera': AMENT_PREFIX_PATH=/home/ekambehl/chess_ws/src/install/realsense2_camera_msgs:${AMENT_PREFIX_PATH} CMAKE_PREFIX_PATH=/home/ekambehl/chess_ws/src/install/realsense2_camera_msgs:/home/ekambehl/chess_ws/install/realsense2_description:/home/ekambehl/chess_ws/install/realsense2_camera:/home/ekambehl/chess_ws/install/realsense2_camera_msgs:/home/ekambehl/ros_ws/install/realsense2_description:/home/ekambehl/ros_ws/install/realsense2_camera:/home/ekambehl/ros_ws/install/realsense2_camera_msgs:/home/ekambehl/ros2_ws/install/realsense2_description:/home/ekambehl/ros2_ws/install/realsense2_camera_msgs:/home/ekambehl/ros_ws/install/my_robot_camera_driver:/home/ekambehl/ros2_ws/install/my_robot_camera_driver:/opt/ros/humble LD_LIBRARY_PATH=/home/ekambehl/chess_ws/src/install/realsense2_camera_msgs/lib:${LD_LIBRARY_PATH} PYTHONPATH=/home/ekambehl/chess_ws/src/install/realsense2_camera_msgs/local/lib/python3.10/dist-packages:${PYTHONPATH} /usr/bin/cmake --install /home/ekambehl/chess_ws/src/build/realsense2_camera
[17.078s] Level 1:colcon.colcon_core.environment:create_environment_scripts_only(realsense2_camera)
[17.079s] Level 1:colcon.colcon_core.environment:checking '/home/ekambehl/chess_ws/src/install/realsense2_camera' for CMake module files
[17.080s] DEBUG:colcon.colcon_core.event_handler.log_command:Invoked command in '/home/ekambehl/chess_ws/src/build/realsense2_camera' returned '0': AMENT_PREFIX_PATH=/home/ekambehl/chess_ws/src/install/realsense2_camera_msgs:${AMENT_PREFIX_PATH} CMAKE_PREFIX_PATH=/home/ekambehl/chess_ws/src/install/realsense2_camera_msgs:/home/ekambehl/chess_ws/install/realsense2_description:/home/ekambehl/chess_ws/install/realsense2_camera:/home/ekambehl/chess_ws/install/realsense2_camera_msgs:/home/ekambehl/ros_ws/install/realsense2_description:/home/ekambehl/ros_ws/install/realsense2_camera:/home/ekambehl/ros_ws/install/realsense2_camera_msgs:/home/ekambehl/ros2_ws/install/realsense2_description:/home/ekambehl/ros2_ws/install/realsense2_camera_msgs:/home/ekambehl/ros_ws/install/my_robot_camera_driver:/home/ekambehl/ros2_ws/install/my_robot_camera_driver:/opt/ros/humble LD_LIBRARY_PATH=/home/ekambehl/chess_ws/src/install/realsense2_camera_msgs/lib:${LD_LIBRARY_PATH} PYTHONPATH=/home/ekambehl/chess_ws/src/install/realsense2_camera_msgs/local/lib/python3.10/dist-packages:${PYTHONPATH} /usr/bin/cmake --install /home/ekambehl/chess_ws/src/build/realsense2_camera
[17.080s] Level 1:colcon.colcon_core.environment:checking '/home/ekambehl/chess_ws/src/install/realsense2_camera' for CMake config files
[17.080s] Level 1:colcon.colcon_core.shell:create_environment_hook('realsense2_camera', 'cmake_prefix_path')
[17.081s] INFO:colcon.colcon_core.shell:Creating environment hook '/home/ekambehl/chess_ws/src/install/realsense2_camera/share/realsense2_camera/hook/cmake_prefix_path.ps1'
[17.081s] INFO:colcon.colcon_core.shell:Creating environment descriptor '/home/ekambehl/chess_ws/src/install/realsense2_camera/share/realsense2_camera/hook/cmake_prefix_path.dsv'
[17.081s] INFO:colcon.colcon_core.shell:Creating environment hook '/home/ekambehl/chess_ws/src/install/realsense2_camera/share/realsense2_camera/hook/cmake_prefix_path.sh'
[17.081s] Level 1:colcon.colcon_core.environment:checking '/home/ekambehl/chess_ws/src/install/realsense2_camera/lib'
[17.081s] Level 1:colcon.colcon_core.shell:create_environment_hook('realsense2_camera', 'ld_library_path_lib')
[17.082s] INFO:colcon.colcon_core.shell:Creating environment hook '/home/ekambehl/chess_ws/src/install/realsense2_camera/share/realsense2_camera/hook/ld_library_path_lib.ps1'
[17.082s] INFO:colcon.colcon_core.shell:Creating environment descriptor '/home/ekambehl/chess_ws/src/install/realsense2_camera/share/realsense2_camera/hook/ld_library_path_lib.dsv'
[17.082s] INFO:colcon.colcon_core.shell:Creating environment hook '/home/ekambehl/chess_ws/src/install/realsense2_camera/share/realsense2_camera/hook/ld_library_path_lib.sh'
[17.083s] Level 1:colcon.colcon_core.environment:checking '/home/ekambehl/chess_ws/src/install/realsense2_camera/bin'
[17.083s] Level 1:colcon.colcon_core.environment:checking '/home/ekambehl/chess_ws/src/install/realsense2_camera/lib/pkgconfig/realsense2_camera.pc'
[17.083s] Level 1:colcon.colcon_core.environment:checking '/home/ekambehl/chess_ws/src/install/realsense2_camera/lib/python3.10/site-packages'
[17.083s] Level 1:colcon.colcon_core.environment:checking '/home/ekambehl/chess_ws/src/install/realsense2_camera/bin'
[17.084s] INFO:colcon.colcon_core.shell:Creating package script '/home/ekambehl/chess_ws/src/install/realsense2_camera/share/realsense2_camera/package.ps1'
[17.084s] INFO:colcon.colcon_core.shell:Creating package descriptor '/home/ekambehl/chess_ws/src/install/realsense2_camera/share/realsense2_camera/package.dsv'
[17.084s] INFO:colcon.colcon_core.shell:Creating package script '/home/ekambehl/chess_ws/src/install/realsense2_camera/share/realsense2_camera/package.sh'
[17.084s] INFO:colcon.colcon_core.shell:Creating package script '/home/ekambehl/chess_ws/src/install/realsense2_camera/share/realsense2_camera/package.bash'
[17.084s] INFO:colcon.colcon_core.shell:Creating package script '/home/ekambehl/chess_ws/src/install/realsense2_camera/share/realsense2_camera/package.zsh'
[17.085s] Level 1:colcon.colcon_core.environment:create_file_with_runtime_dependencies(/home/ekambehl/chess_ws/src/install/realsense2_camera/share/colcon-core/packages/realsense2_camera)
[17.113s] Level 1:colcon.colcon_core.environment:create_environment_scripts_only(realsense2_camera)
[17.114s] Level 1:colcon.colcon_core.environment:checking '/home/ekambehl/chess_ws/src/install/realsense2_camera' for CMake module files
[17.115s] Level 1:colcon.colcon_core.environment:checking '/home/ekambehl/chess_ws/src/install/realsense2_camera' for CMake config files
[17.115s] Level 1:colcon.colcon_core.shell:create_environment_hook('realsense2_camera', 'cmake_prefix_path')
[17.116s] INFO:colcon.colcon_core.shell:Creating environment hook '/home/ekambehl/chess_ws/src/install/realsense2_camera/share/realsense2_camera/hook/cmake_prefix_path.ps1'
[17.116s] INFO:colcon.colcon_core.shell:Creating environment descriptor '/home/ekambehl/chess_ws/src/install/realsense2_camera/share/realsense2_camera/hook/cmake_prefix_path.dsv'
[17.116s] INFO:colcon.colcon_core.shell:Creating environment hook '/home/ekambehl/chess_ws/src/install/realsense2_camera/share/realsense2_camera/hook/cmake_prefix_path.sh'
[17.116s] Level 1:colcon.colcon_core.environment:checking '/home/ekambehl/chess_ws/src/install/realsense2_camera/lib'
[17.116s] Level 1:colcon.colcon_core.shell:create_environment_hook('realsense2_camera', 'ld_library_path_lib')
[17.117s] INFO:colcon.colcon_core.shell:Creating environment hook '/home/ekambehl/chess_ws/src/install/realsense2_camera/share/realsense2_camera/hook/ld_library_path_lib.ps1'
[17.117s] INFO:colcon.colcon_core.shell:Creating environment descriptor '/home/ekambehl/chess_ws/src/install/realsense2_camera/share/realsense2_camera/hook/ld_library_path_lib.dsv'
[17.117s] INFO:colcon.colcon_core.shell:Creating environment hook '/home/ekambehl/chess_ws/src/install/realsense2_camera/share/realsense2_camera/hook/ld_library_path_lib.sh'
[17.117s] Level 1:colcon.colcon_core.environment:checking '/home/ekambehl/chess_ws/src/install/realsense2_camera/bin'
[17.117s] Level 1:colcon.colcon_core.environment:checking '/home/ekambehl/chess_ws/src/install/realsense2_camera/lib/pkgconfig/realsense2_camera.pc'
[17.117s] Level 1:colcon.colcon_core.environment:checking '/home/ekambehl/chess_ws/src/install/realsense2_camera/lib/python3.10/site-packages'
[17.118s] Level 1:colcon.colcon_core.environment:checking '/home/ekambehl/chess_ws/src/install/realsense2_camera/bin'
[17.118s] INFO:colcon.colcon_core.shell:Creating package script '/home/ekambehl/chess_ws/src/install/realsense2_camera/share/realsense2_camera/package.ps1'
[17.119s] INFO:colcon.colcon_core.shell:Creating package descriptor '/home/ekambehl/chess_ws/src/install/realsense2_camera/share/realsense2_camera/package.dsv'
[17.119s] INFO:colcon.colcon_core.shell:Creating package script '/home/ekambehl/chess_ws/src/install/realsense2_camera/share/realsense2_camera/package.sh'
[17.119s] INFO:colcon.colcon_core.shell:Creating package script '/home/ekambehl/chess_ws/src/install/realsense2_camera/share/realsense2_camera/package.bash'
[17.119s] INFO:colcon.colcon_core.shell:Creating package script '/home/ekambehl/chess_ws/src/install/realsense2_camera/share/realsense2_camera/package.zsh'
[17.120s] Level 1:colcon.colcon_core.environment:create_file_with_runtime_dependencies(/home/ekambehl/chess_ws/src/install/realsense2_camera/share/colcon-core/packages/realsense2_camera)
[17.120s] DEBUG:colcon.colcon_parallel_executor.executor.parallel:closing loop
[17.120s] DEBUG:colcon.colcon_parallel_executor.executor.parallel:loop closed
[17.120s] DEBUG:colcon.colcon_parallel_executor.executor.parallel:run_until_complete finished with '0'
[17.120s] DEBUG:colcon.colcon_core.event_reactor:joining thread
[17.124s] INFO:colcon.colcon_core.plugin_system:Skipping extension 'colcon_notification.desktop_notification.terminal_notifier': Not used on non-Darwin systems
[17.124s] INFO:colcon.colcon_core.plugin_system:Skipping extension 'colcon_notification.desktop_notification.win32': Not used on non-Windows systems
[17.124s] INFO:colcon.colcon_notification.desktop_notification:Sending desktop notification using 'notify2'
[17.131s] DEBUG:colcon.colcon_core.event_reactor:joined thread
[17.132s] INFO:colcon.colcon_core.shell:Creating prefix script '/home/ekambehl/chess_ws/src/install/local_setup.ps1'
[17.133s] INFO:colcon.colcon_core.shell:Creating prefix util module '/home/ekambehl/chess_ws/src/install/_local_setup_util_ps1.py'
[17.133s] INFO:colcon.colcon_core.shell:Creating prefix chain script '/home/ekambehl/chess_ws/src/install/setup.ps1'
[17.134s] INFO:colcon.colcon_core.shell:Creating prefix script '/home/ekambehl/chess_ws/src/install/local_setup.sh'
[17.134s] INFO:colcon.colcon_core.shell:Creating prefix util module '/home/ekambehl/chess_ws/src/install/_local_setup_util_sh.py'
[17.135s] INFO:colcon.colcon_core.shell:Creating prefix chain script '/home/ekambehl/chess_ws/src/install/setup.sh'
[17.135s] INFO:colcon.colcon_core.shell:Creating prefix script '/home/ekambehl/chess_ws/src/install/local_setup.bash'
[17.136s] INFO:colcon.colcon_core.shell:Creating prefix chain script '/home/ekambehl/chess_ws/src/install/setup.bash'
[17.136s] INFO:colcon.colcon_core.shell:Creating prefix script '/home/ekambehl/chess_ws/src/install/local_setup.zsh'
[17.137s] INFO:colcon.colcon_core.shell:Creating prefix chain script '/home/ekambehl/chess_ws/src/install/setup.zsh'
