[0.089s] DEBUG:colcon:Command line arguments: ['/usr/bin/colcon', 'build']
[0.089s] DEBUG:colcon:Parsed command line arguments: Namespace(log_base=None, log_level=None, verb_name='build', build_base='build', install_base='install', merge_install=False, symlink_install=False, test_result_base=None, continue_on_error=False, executor='parallel', parallel_workers=16, event_handlers=None, ignore_user_meta=False, metas=['./colcon.meta'], base_paths=['.'], packages_ignore=None, packages_ignore_regex=None, paths=None, packages_up_to=None, packages_up_to_regex=None, packages_above=None, packages_above_and_dependencies=None, packages_above_depth=None, packages_select_by_dep=None, packages_skip_by_dep=None, packages_skip_up_to=None, packages_select_build_failed=False, packages_skip_build_finished=False, packages_select_test_failures=False, packages_skip_test_passed=False, packages_select=None, packages_skip=None, packages_select_regex=None, packages_skip_regex=None, packages_start=None, packages_end=None, allow_overriding=[], cmake_args=None, cmake_target=None, cmake_target_skip_unavailable=False, cmake_clean_cache=False, cmake_clean_first=False, cmake_force_configure=False, ament_cmake_args=None, catkin_cmake_args=None, catkin_skip_building_tests=False, verb_parser=<colcon_defaults.argument_parser.defaults.DefaultArgumentsDecorator object at 0x7f43d7449750>, verb_extension=<colcon_core.verb.build.BuildVerb object at 0x7f43d74491e0>, main=<bound method BuildVerb.main of <colcon_core.verb.build.BuildVerb object at 0x7f43d74491e0>>)
[0.105s] Level 1:colcon.colcon_core.package_discovery:discover_packages(colcon_meta) check parameters
[0.105s] Level 1:colcon.colcon_core.package_discovery:discover_packages(recursive) check parameters
[0.105s] Level 1:colcon.colcon_core.package_discovery:discover_packages(ignore) check parameters
[0.105s] Level 1:colcon.colcon_core.package_discovery:discover_packages(path) check parameters
[0.105s] Level 1:colcon.colcon_core.package_discovery:discover_packages(colcon_meta) discover
[0.105s] Level 1:colcon.colcon_core.package_discovery:discover_packages(recursive) discover
[0.105s] INFO:colcon.colcon_core.package_discovery:Crawling recursively for packages in '/home/ekambehl/chess_ws'
[0.105s] Level 1:colcon.colcon_core.package_identification:_identify(.) by extensions ['ignore', 'ignore_ament_install']
[0.105s] Level 1:colcon.colcon_core.package_identification:_identify(.) by extension 'ignore'
[0.105s] Level 1:colcon.colcon_core.package_identification:_identify(.) by extension 'ignore_ament_install'
[0.105s] Level 1:colcon.colcon_core.package_identification:_identify(.) by extensions ['colcon_pkg']
[0.105s] Level 1:colcon.colcon_core.package_identification:_identify(.) by extension 'colcon_pkg'
[0.105s] Level 1:colcon.colcon_core.package_identification:_identify(.) by extensions ['colcon_meta']
[0.105s] Level 1:colcon.colcon_core.package_identification:_identify(.) by extension 'colcon_meta'
[0.105s] Level 1:colcon.colcon_core.package_identification:_identify(.) by extensions ['ros']
[0.105s] Level 1:colcon.colcon_core.package_identification:_identify(.) by extension 'ros'
[0.112s] Level 1:colcon.colcon_core.package_identification:_identify(.) by extensions ['cmake', 'python']
[0.112s] Level 1:colcon.colcon_core.package_identification:_identify(.) by extension 'cmake'
[0.112s] Level 1:colcon.colcon_core.package_identification:_identify(.) by extension 'python'
[0.112s] Level 1:colcon.colcon_core.package_identification:_identify(.) by extensions ['python_setup_py']
[0.112s] Level 1:colcon.colcon_core.package_identification:_identify(.) by extension 'python_setup_py'
[0.112s] Level 1:colcon.colcon_core.package_identification:_identify(build) by extensions ['ignore', 'ignore_ament_install']
[0.112s] Level 1:colcon.colcon_core.package_identification:_identify(build) by extension 'ignore'
[0.112s] Level 1:colcon.colcon_core.package_identification:_identify(build) ignored
[0.112s] Level 1:colcon.colcon_core.package_identification:_identify(install) by extensions ['ignore', 'ignore_ament_install']
[0.112s] Level 1:colcon.colcon_core.package_identification:_identify(install) by extension 'ignore'
[0.112s] Level 1:colcon.colcon_core.package_identification:_identify(install) ignored
[0.112s] Level 1:colcon.colcon_core.package_identification:_identify(log) by extensions ['ignore', 'ignore_ament_install']
[0.112s] Level 1:colcon.colcon_core.package_identification:_identify(log) by extension 'ignore'
[0.112s] Level 1:colcon.colcon_core.package_identification:_identify(log) ignored
[0.112s] Level 1:colcon.colcon_core.package_identification:_identify(src) by extensions ['ignore', 'ignore_ament_install']
[0.112s] Level 1:colcon.colcon_core.package_identification:_identify(src) by extension 'ignore'
[0.113s] Level 1:colcon.colcon_core.package_identification:_identify(src) by extension 'ignore_ament_install'
[0.113s] Level 1:colcon.colcon_core.package_identification:_identify(src) by extensions ['colcon_pkg']
[0.113s] Level 1:colcon.colcon_core.package_identification:_identify(src) by extension 'colcon_pkg'
[0.113s] Level 1:colcon.colcon_core.package_identification:_identify(src) by extensions ['colcon_meta']
[0.113s] Level 1:colcon.colcon_core.package_identification:_identify(src) by extension 'colcon_meta'
[0.113s] Level 1:colcon.colcon_core.package_identification:_identify(src) by extensions ['ros']
[0.113s] Level 1:colcon.colcon_core.package_identification:_identify(src) by extension 'ros'
[0.113s] Level 1:colcon.colcon_core.package_identification:_identify(src) by extensions ['cmake', 'python']
[0.113s] Level 1:colcon.colcon_core.package_identification:_identify(src) by extension 'cmake'
[0.113s] Level 1:colcon.colcon_core.package_identification:_identify(src) by extension 'python'
[0.113s] Level 1:colcon.colcon_core.package_identification:_identify(src) by extensions ['python_setup_py']
[0.113s] Level 1:colcon.colcon_core.package_identification:_identify(src) by extension 'python_setup_py'
[0.113s] Level 1:colcon.colcon_core.package_identification:_identify(src/build) by extensions ['ignore', 'ignore_ament_install']
[0.113s] Level 1:colcon.colcon_core.package_identification:_identify(src/build) by extension 'ignore'
[0.113s] Level 1:colcon.colcon_core.package_identification:_identify(src/build) ignored
[0.113s] Level 1:colcon.colcon_core.package_identification:_identify(src/install) by extensions ['ignore', 'ignore_ament_install']
[0.113s] Level 1:colcon.colcon_core.package_identification:_identify(src/install) by extension 'ignore'
[0.113s] Level 1:colcon.colcon_core.package_identification:_identify(src/install) ignored
[0.113s] Level 1:colcon.colcon_core.package_identification:_identify(src/log) by extensions ['ignore', 'ignore_ament_install']
[0.113s] Level 1:colcon.colcon_core.package_identification:_identify(src/log) by extension 'ignore'
[0.113s] Level 1:colcon.colcon_core.package_identification:_identify(src/log) ignored
[0.113s] Level 1:colcon.colcon_core.package_identification:_identify(src/my_chess_controller) by extensions ['ignore', 'ignore_ament_install']
[0.113s] Level 1:colcon.colcon_core.package_identification:_identify(src/my_chess_controller) by extension 'ignore'
[0.113s] Level 1:colcon.colcon_core.package_identification:_identify(src/my_chess_controller) by extension 'ignore_ament_install'
[0.113s] Level 1:colcon.colcon_core.package_identification:_identify(src/my_chess_controller) by extensions ['colcon_pkg']
[0.113s] Level 1:colcon.colcon_core.package_identification:_identify(src/my_chess_controller) by extension 'colcon_pkg'
[0.113s] Level 1:colcon.colcon_core.package_identification:_identify(src/my_chess_controller) by extensions ['colcon_meta']
[0.113s] Level 1:colcon.colcon_core.package_identification:_identify(src/my_chess_controller) by extension 'colcon_meta'
[0.113s] Level 1:colcon.colcon_core.package_identification:_identify(src/my_chess_controller) by extensions ['ros']
[0.113s] Level 1:colcon.colcon_core.package_identification:_identify(src/my_chess_controller) by extension 'ros'
[0.115s] DEBUG:colcon.colcon_core.package_identification:Package 'src/my_chess_controller' with type 'ros.ament_python' and name 'my_chess_controller'
[0.115s] Level 1:colcon.colcon_core.package_identification:_identify(src/realsense-ros) by extensions ['ignore', 'ignore_ament_install']
[0.115s] Level 1:colcon.colcon_core.package_identification:_identify(src/realsense-ros) by extension 'ignore'
[0.115s] Level 1:colcon.colcon_core.package_identification:_identify(src/realsense-ros) by extension 'ignore_ament_install'
[0.115s] Level 1:colcon.colcon_core.package_identification:_identify(src/realsense-ros) by extensions ['colcon_pkg']
[0.115s] Level 1:colcon.colcon_core.package_identification:_identify(src/realsense-ros) by extension 'colcon_pkg'
[0.115s] Level 1:colcon.colcon_core.package_identification:_identify(src/realsense-ros) by extensions ['colcon_meta']
[0.115s] Level 1:colcon.colcon_core.package_identification:_identify(src/realsense-ros) by extension 'colcon_meta'
[0.115s] Level 1:colcon.colcon_core.package_identification:_identify(src/realsense-ros) by extensions ['ros']
[0.115s] Level 1:colcon.colcon_core.package_identification:_identify(src/realsense-ros) by extension 'ros'
[0.115s] Level 1:colcon.colcon_core.package_identification:_identify(src/realsense-ros) by extensions ['cmake', 'python']
[0.115s] Level 1:colcon.colcon_core.package_identification:_identify(src/realsense-ros) by extension 'cmake'
[0.115s] Level 1:colcon.colcon_core.package_identification:_identify(src/realsense-ros) by extension 'python'
[0.115s] Level 1:colcon.colcon_core.package_identification:_identify(src/realsense-ros) by extensions ['python_setup_py']
[0.115s] Level 1:colcon.colcon_core.package_identification:_identify(src/realsense-ros) by extension 'python_setup_py'
[0.115s] Level 1:colcon.colcon_core.package_identification:_identify(src/realsense-ros/realsense2_camera) by extensions ['ignore', 'ignore_ament_install']
[0.116s] Level 1:colcon.colcon_core.package_identification:_identify(src/realsense-ros/realsense2_camera) by extension 'ignore'
[0.116s] Level 1:colcon.colcon_core.package_identification:_identify(src/realsense-ros/realsense2_camera) by extension 'ignore_ament_install'
[0.116s] Level 1:colcon.colcon_core.package_identification:_identify(src/realsense-ros/realsense2_camera) by extensions ['colcon_pkg']
[0.116s] Level 1:colcon.colcon_core.package_identification:_identify(src/realsense-ros/realsense2_camera) by extension 'colcon_pkg'
[0.116s] Level 1:colcon.colcon_core.package_identification:_identify(src/realsense-ros/realsense2_camera) by extensions ['colcon_meta']
[0.116s] Level 1:colcon.colcon_core.package_identification:_identify(src/realsense-ros/realsense2_camera) by extension 'colcon_meta'
[0.116s] Level 1:colcon.colcon_core.package_identification:_identify(src/realsense-ros/realsense2_camera) by extensions ['ros']
[0.116s] Level 1:colcon.colcon_core.package_identification:_identify(src/realsense-ros/realsense2_camera) by extension 'ros'
[0.117s] DEBUG:colcon.colcon_core.package_identification:Package 'src/realsense-ros/realsense2_camera' with type 'ros.ament_cmake' and name 'realsense2_camera'
[0.117s] Level 1:colcon.colcon_core.package_identification:_identify(src/realsense-ros/realsense2_camera_msgs) by extensions ['ignore', 'ignore_ament_install']
[0.117s] Level 1:colcon.colcon_core.package_identification:_identify(src/realsense-ros/realsense2_camera_msgs) by extension 'ignore'
[0.117s] Level 1:colcon.colcon_core.package_identification:_identify(src/realsense-ros/realsense2_camera_msgs) by extension 'ignore_ament_install'
[0.117s] Level 1:colcon.colcon_core.package_identification:_identify(src/realsense-ros/realsense2_camera_msgs) by extensions ['colcon_pkg']
[0.117s] Level 1:colcon.colcon_core.package_identification:_identify(src/realsense-ros/realsense2_camera_msgs) by extension 'colcon_pkg'
[0.117s] Level 1:colcon.colcon_core.package_identification:_identify(src/realsense-ros/realsense2_camera_msgs) by extensions ['colcon_meta']
[0.117s] Level 1:colcon.colcon_core.package_identification:_identify(src/realsense-ros/realsense2_camera_msgs) by extension 'colcon_meta'
[0.117s] Level 1:colcon.colcon_core.package_identification:_identify(src/realsense-ros/realsense2_camera_msgs) by extensions ['ros']
[0.117s] Level 1:colcon.colcon_core.package_identification:_identify(src/realsense-ros/realsense2_camera_msgs) by extension 'ros'
[0.117s] DEBUG:colcon.colcon_core.package_identification:Package 'src/realsense-ros/realsense2_camera_msgs' with type 'ros.ament_cmake' and name 'realsense2_camera_msgs'
[0.117s] Level 1:colcon.colcon_core.package_identification:_identify(src/realsense-ros/realsense2_description) by extensions ['ignore', 'ignore_ament_install']
[0.117s] Level 1:colcon.colcon_core.package_identification:_identify(src/realsense-ros/realsense2_description) by extension 'ignore'
[0.117s] Level 1:colcon.colcon_core.package_identification:_identify(src/realsense-ros/realsense2_description) by extension 'ignore_ament_install'
[0.117s] Level 1:colcon.colcon_core.package_identification:_identify(src/realsense-ros/realsense2_description) by extensions ['colcon_pkg']
[0.117s] Level 1:colcon.colcon_core.package_identification:_identify(src/realsense-ros/realsense2_description) by extension 'colcon_pkg'
[0.117s] Level 1:colcon.colcon_core.package_identification:_identify(src/realsense-ros/realsense2_description) by extensions ['colcon_meta']
[0.117s] Level 1:colcon.colcon_core.package_identification:_identify(src/realsense-ros/realsense2_description) by extension 'colcon_meta'
[0.117s] Level 1:colcon.colcon_core.package_identification:_identify(src/realsense-ros/realsense2_description) by extensions ['ros']
[0.118s] Level 1:colcon.colcon_core.package_identification:_identify(src/realsense-ros/realsense2_description) by extension 'ros'
[0.118s] DEBUG:colcon.colcon_core.package_identification:Package 'src/realsense-ros/realsense2_description' with type 'ros.ament_cmake' and name 'realsense2_description'
[0.118s] Level 1:colcon.colcon_core.package_identification:_identify(src/realsense-ros/scripts) by extensions ['ignore', 'ignore_ament_install']
[0.118s] Level 1:colcon.colcon_core.package_identification:_identify(src/realsense-ros/scripts) by extension 'ignore'
[0.118s] Level 1:colcon.colcon_core.package_identification:_identify(src/realsense-ros/scripts) by extension 'ignore_ament_install'
[0.118s] Level 1:colcon.colcon_core.package_identification:_identify(src/realsense-ros/scripts) by extensions ['colcon_pkg']
[0.118s] Level 1:colcon.colcon_core.package_identification:_identify(src/realsense-ros/scripts) by extension 'colcon_pkg'
[0.118s] Level 1:colcon.colcon_core.package_identification:_identify(src/realsense-ros/scripts) by extensions ['colcon_meta']
[0.118s] Level 1:colcon.colcon_core.package_identification:_identify(src/realsense-ros/scripts) by extension 'colcon_meta'
[0.118s] Level 1:colcon.colcon_core.package_identification:_identify(src/realsense-ros/scripts) by extensions ['ros']
[0.118s] Level 1:colcon.colcon_core.package_identification:_identify(src/realsense-ros/scripts) by extension 'ros'
[0.118s] Level 1:colcon.colcon_core.package_identification:_identify(src/realsense-ros/scripts) by extensions ['cmake', 'python']
[0.118s] Level 1:colcon.colcon_core.package_identification:_identify(src/realsense-ros/scripts) by extension 'cmake'
[0.118s] Level 1:colcon.colcon_core.package_identification:_identify(src/realsense-ros/scripts) by extension 'python'
[0.118s] Level 1:colcon.colcon_core.package_identification:_identify(src/realsense-ros/scripts) by extensions ['python_setup_py']
[0.118s] Level 1:colcon.colcon_core.package_identification:_identify(src/realsense-ros/scripts) by extension 'python_setup_py'
[0.118s] Level 1:colcon.colcon_core.package_discovery:discover_packages(recursive) using defaults
[0.118s] Level 1:colcon.colcon_core.package_discovery:discover_packages(ignore) discover
[0.118s] Level 1:colcon.colcon_core.package_discovery:discover_packages(ignore) using defaults
[0.118s] Level 1:colcon.colcon_core.package_discovery:discover_packages(path) discover
[0.118s] Level 1:colcon.colcon_core.package_discovery:discover_packages(path) using defaults
[0.133s] Level 1:colcon.colcon_core.package_discovery:discover_packages(prefix_path) check parameters
[0.133s] Level 1:colcon.colcon_core.package_discovery:discover_packages(prefix_path) discover
[0.134s] DEBUG:colcon.colcon_installed_package_information.package_discovery:Found 4 installed packages in /home/ekambehl/chess_ws/install
[0.135s] DEBUG:colcon.colcon_installed_package_information.package_discovery:Found 4 installed packages in /home/ekambehl/ros_ws/install
[0.135s] DEBUG:colcon.colcon_installed_package_information.package_discovery:Found 4 installed packages in /home/ekambehl/ros2_ws/install
[0.136s] DEBUG:colcon.colcon_installed_package_information.package_discovery:Found 272 installed packages in /opt/ros/humble
[0.137s] Level 1:colcon.colcon_core.package_discovery:discover_packages(prefix_path) using defaults
[0.169s] Level 5:colcon.colcon_core.verb:set package 'my_chess_controller' build argument 'cmake_args' from command line to 'None'
[0.169s] Level 5:colcon.colcon_core.verb:set package 'my_chess_controller' build argument 'cmake_target' from command line to 'None'
[0.169s] Level 5:colcon.colcon_core.verb:set package 'my_chess_controller' build argument 'cmake_target_skip_unavailable' from command line to 'False'
[0.169s] Level 5:colcon.colcon_core.verb:set package 'my_chess_controller' build argument 'cmake_clean_cache' from command line to 'False'
[0.169s] Level 5:colcon.colcon_core.verb:set package 'my_chess_controller' build argument 'cmake_clean_first' from command line to 'False'
[0.169s] Level 5:colcon.colcon_core.verb:set package 'my_chess_controller' build argument 'cmake_force_configure' from command line to 'False'
[0.169s] Level 5:colcon.colcon_core.verb:set package 'my_chess_controller' build argument 'ament_cmake_args' from command line to 'None'
[0.169s] Level 5:colcon.colcon_core.verb:set package 'my_chess_controller' build argument 'catkin_cmake_args' from command line to 'None'
[0.169s] Level 5:colcon.colcon_core.verb:set package 'my_chess_controller' build argument 'catkin_skip_building_tests' from command line to 'False'
[0.169s] DEBUG:colcon.colcon_core.verb:Building package 'my_chess_controller' with the following arguments: {'ament_cmake_args': None, 'build_base': '/home/ekambehl/chess_ws/build/my_chess_controller', 'catkin_cmake_args': None, 'catkin_skip_building_tests': False, 'cmake_args': None, 'cmake_clean_cache': False, 'cmake_clean_first': False, 'cmake_force_configure': False, 'cmake_target': None, 'cmake_target_skip_unavailable': False, 'install_base': '/home/ekambehl/chess_ws/install/my_chess_controller', 'merge_install': False, 'path': '/home/ekambehl/chess_ws/src/my_chess_controller', 'symlink_install': False, 'test_result_base': None}
[0.170s] Level 5:colcon.colcon_core.verb:set package 'realsense2_camera_msgs' build argument 'cmake_args' from command line to 'None'
[0.170s] Level 5:colcon.colcon_core.verb:set package 'realsense2_camera_msgs' build argument 'cmake_target' from command line to 'None'
[0.170s] Level 5:colcon.colcon_core.verb:set package 'realsense2_camera_msgs' build argument 'cmake_target_skip_unavailable' from command line to 'False'
[0.170s] Level 5:colcon.colcon_core.verb:set package 'realsense2_camera_msgs' build argument 'cmake_clean_cache' from command line to 'False'
[0.170s] Level 5:colcon.colcon_core.verb:set package 'realsense2_camera_msgs' build argument 'cmake_clean_first' from command line to 'False'
[0.170s] Level 5:colcon.colcon_core.verb:set package 'realsense2_camera_msgs' build argument 'cmake_force_configure' from command line to 'False'
[0.170s] Level 5:colcon.colcon_core.verb:set package 'realsense2_camera_msgs' build argument 'ament_cmake_args' from command line to 'None'
[0.170s] Level 5:colcon.colcon_core.verb:set package 'realsense2_camera_msgs' build argument 'catkin_cmake_args' from command line to 'None'
[0.170s] Level 5:colcon.colcon_core.verb:set package 'realsense2_camera_msgs' build argument 'catkin_skip_building_tests' from command line to 'False'
[0.170s] DEBUG:colcon.colcon_core.verb:Building package 'realsense2_camera_msgs' with the following arguments: {'ament_cmake_args': None, 'build_base': '/home/ekambehl/chess_ws/build/realsense2_camera_msgs', 'catkin_cmake_args': None, 'catkin_skip_building_tests': False, 'cmake_args': None, 'cmake_clean_cache': False, 'cmake_clean_first': False, 'cmake_force_configure': False, 'cmake_target': None, 'cmake_target_skip_unavailable': False, 'install_base': '/home/ekambehl/chess_ws/install/realsense2_camera_msgs', 'merge_install': False, 'path': '/home/ekambehl/chess_ws/src/realsense-ros/realsense2_camera_msgs', 'symlink_install': False, 'test_result_base': None}
[0.171s] Level 5:colcon.colcon_core.verb:set package 'realsense2_camera' build argument 'cmake_args' from command line to 'None'
[0.171s] Level 5:colcon.colcon_core.verb:set package 'realsense2_camera' build argument 'cmake_target' from command line to 'None'
[0.171s] Level 5:colcon.colcon_core.verb:set package 'realsense2_camera' build argument 'cmake_target_skip_unavailable' from command line to 'False'
[0.171s] Level 5:colcon.colcon_core.verb:set package 'realsense2_camera' build argument 'cmake_clean_cache' from command line to 'False'
[0.171s] Level 5:colcon.colcon_core.verb:set package 'realsense2_camera' build argument 'cmake_clean_first' from command line to 'False'
[0.171s] Level 5:colcon.colcon_core.verb:set package 'realsense2_camera' build argument 'cmake_force_configure' from command line to 'False'
[0.171s] Level 5:colcon.colcon_core.verb:set package 'realsense2_camera' build argument 'ament_cmake_args' from command line to 'None'
[0.171s] Level 5:colcon.colcon_core.verb:set package 'realsense2_camera' build argument 'catkin_cmake_args' from command line to 'None'
[0.171s] Level 5:colcon.colcon_core.verb:set package 'realsense2_camera' build argument 'catkin_skip_building_tests' from command line to 'False'
[0.171s] DEBUG:colcon.colcon_core.verb:Building package 'realsense2_camera' with the following arguments: {'ament_cmake_args': None, 'build_base': '/home/ekambehl/chess_ws/build/realsense2_camera', 'catkin_cmake_args': None, 'catkin_skip_building_tests': False, 'cmake_args': None, 'cmake_clean_cache': False, 'cmake_clean_first': False, 'cmake_force_configure': False, 'cmake_target': None, 'cmake_target_skip_unavailable': False, 'install_base': '/home/ekambehl/chess_ws/install/realsense2_camera', 'merge_install': False, 'path': '/home/ekambehl/chess_ws/src/realsense-ros/realsense2_camera', 'symlink_install': False, 'test_result_base': None}
[0.171s] Level 5:colcon.colcon_core.verb:set package 'realsense2_description' build argument 'cmake_args' from command line to 'None'
[0.171s] Level 5:colcon.colcon_core.verb:set package 'realsense2_description' build argument 'cmake_target' from command line to 'None'
[0.171s] Level 5:colcon.colcon_core.verb:set package 'realsense2_description' build argument 'cmake_target_skip_unavailable' from command line to 'False'
[0.171s] Level 5:colcon.colcon_core.verb:set package 'realsense2_description' build argument 'cmake_clean_cache' from command line to 'False'
[0.171s] Level 5:colcon.colcon_core.verb:set package 'realsense2_description' build argument 'cmake_clean_first' from command line to 'False'
[0.171s] Level 5:colcon.colcon_core.verb:set package 'realsense2_description' build argument 'cmake_force_configure' from command line to 'False'
[0.171s] Level 5:colcon.colcon_core.verb:set package 'realsense2_description' build argument 'ament_cmake_args' from command line to 'None'
[0.171s] Level 5:colcon.colcon_core.verb:set package 'realsense2_description' build argument 'catkin_cmake_args' from command line to 'None'
[0.171s] Level 5:colcon.colcon_core.verb:set package 'realsense2_description' build argument 'catkin_skip_building_tests' from command line to 'False'
[0.172s] DEBUG:colcon.colcon_core.verb:Building package 'realsense2_description' with the following arguments: {'ament_cmake_args': None, 'build_base': '/home/ekambehl/chess_ws/build/realsense2_description', 'catkin_cmake_args': None, 'catkin_skip_building_tests': False, 'cmake_args': None, 'cmake_clean_cache': False, 'cmake_clean_first': False, 'cmake_force_configure': False, 'cmake_target': None, 'cmake_target_skip_unavailable': False, 'install_base': '/home/ekambehl/chess_ws/install/realsense2_description', 'merge_install': False, 'path': '/home/ekambehl/chess_ws/src/realsense-ros/realsense2_description', 'symlink_install': False, 'test_result_base': None}
[0.172s] INFO:colcon.colcon_core.executor:Executing jobs using 'parallel' executor
[0.174s] DEBUG:colcon.colcon_parallel_executor.executor.parallel:run_until_complete
[0.174s] INFO:colcon.colcon_ros.task.ament_cmake.build:Building ROS package in '/home/ekambehl/chess_ws/src/realsense-ros/realsense2_camera_msgs' with build type 'ament_cmake'
[0.174s] INFO:colcon.colcon_cmake.task.cmake.build:Building CMake package in '/home/ekambehl/chess_ws/src/realsense-ros/realsense2_camera_msgs'
[0.177s] INFO:colcon.colcon_core.plugin_system:Skipping extension 'colcon_core.shell.bat': Not used on non-Windows systems
[0.177s] INFO:colcon.colcon_core.shell:Skip shell extension 'powershell' for command environment: Not usable outside of PowerShell
[0.177s] DEBUG:colcon.colcon_core.shell:Skip shell extension 'dsv' for command environment
[0.181s] INFO:colcon.colcon_ros.task.ament_python.build:Building ROS package in '/home/ekambehl/chess_ws/src/my_chess_controller' with build type 'ament_python'
[0.181s] Level 1:colcon.colcon_core.shell:create_environment_hook('my_chess_controller', 'ament_prefix_path')
[0.181s] INFO:colcon.colcon_core.shell:Creating environment hook '/home/ekambehl/chess_ws/install/my_chess_controller/share/my_chess_controller/hook/ament_prefix_path.ps1'
[0.182s] INFO:colcon.colcon_core.shell:Creating environment descriptor '/home/ekambehl/chess_ws/install/my_chess_controller/share/my_chess_controller/hook/ament_prefix_path.dsv'
[0.182s] INFO:colcon.colcon_core.shell:Creating environment hook '/home/ekambehl/chess_ws/install/my_chess_controller/share/my_chess_controller/hook/ament_prefix_path.sh'
[0.183s] INFO:colcon.colcon_core.shell:Skip shell extension 'powershell' for command environment: Not usable outside of PowerShell
[0.183s] DEBUG:colcon.colcon_core.shell:Skip shell extension 'dsv' for command environment
[0.189s] DEBUG:colcon.colcon_core.event_handler.log_command:Invoking command in '/home/ekambehl/chess_ws/build/realsense2_camera_msgs': CMAKE_PREFIX_PATH=${CMAKE_PREFIX_PATH}:/home/ekambehl/chess_ws/install/my_chess_controller:/home/ekambehl/ros_ws/install/my_robot_camera_driver:/home/ekambehl/ros2_ws/install/my_robot_camera_driver:/opt/ros/humble /usr/bin/cmake --build /home/ekambehl/chess_ws/build/realsense2_camera_msgs -- -j16 -l16
[0.361s] INFO:colcon.colcon_core.task.python.build:Building Python package in '/home/ekambehl/chess_ws/src/my_chess_controller'
[0.362s] INFO:colcon.colcon_core.shell:Skip shell extension 'powershell' for command environment: Not usable outside of PowerShell
[0.362s] DEBUG:colcon.colcon_core.shell:Skip shell extension 'dsv' for command environment
[0.409s] DEBUG:colcon.colcon_core.event_handler.log_command:Invoked command in '/home/ekambehl/chess_ws/build/realsense2_camera_msgs' returned '0': CMAKE_PREFIX_PATH=${CMAKE_PREFIX_PATH}:/home/ekambehl/chess_ws/install/my_chess_controller:/home/ekambehl/ros_ws/install/my_robot_camera_driver:/home/ekambehl/ros2_ws/install/my_robot_camera_driver:/opt/ros/humble /usr/bin/cmake --build /home/ekambehl/chess_ws/build/realsense2_camera_msgs -- -j16 -l16
[0.471s] DEBUG:colcon.colcon_core.event_handler.log_command:Invoking command in '/home/ekambehl/chess_ws/build/realsense2_camera_msgs': CMAKE_PREFIX_PATH=${CMAKE_PREFIX_PATH}:/home/ekambehl/chess_ws/install/my_chess_controller:/home/ekambehl/ros_ws/install/my_robot_camera_driver:/home/ekambehl/ros2_ws/install/my_robot_camera_driver:/opt/ros/humble /usr/bin/cmake --install /home/ekambehl/chess_ws/build/realsense2_camera_msgs
[0.504s] Level 1:colcon.colcon_core.environment:create_environment_scripts_only(realsense2_camera_msgs)
[0.505s] DEBUG:colcon.colcon_core.event_handler.log_command:Invoked command in '/home/ekambehl/chess_ws/build/realsense2_camera_msgs' returned '0': CMAKE_PREFIX_PATH=${CMAKE_PREFIX_PATH}:/home/ekambehl/chess_ws/install/my_chess_controller:/home/ekambehl/ros_ws/install/my_robot_camera_driver:/home/ekambehl/ros2_ws/install/my_robot_camera_driver:/opt/ros/humble /usr/bin/cmake --install /home/ekambehl/chess_ws/build/realsense2_camera_msgs
[0.507s] Level 1:colcon.colcon_core.environment:checking '/home/ekambehl/chess_ws/install/realsense2_camera_msgs' for CMake module files
[0.508s] Level 1:colcon.colcon_core.environment:checking '/home/ekambehl/chess_ws/install/realsense2_camera_msgs' for CMake config files
[0.508s] Level 1:colcon.colcon_core.shell:create_environment_hook('realsense2_camera_msgs', 'cmake_prefix_path')
[0.509s] INFO:colcon.colcon_core.shell:Creating environment hook '/home/ekambehl/chess_ws/install/realsense2_camera_msgs/share/realsense2_camera_msgs/hook/cmake_prefix_path.ps1'
[0.509s] INFO:colcon.colcon_core.shell:Creating environment descriptor '/home/ekambehl/chess_ws/install/realsense2_camera_msgs/share/realsense2_camera_msgs/hook/cmake_prefix_path.dsv'
[0.509s] INFO:colcon.colcon_core.shell:Creating environment hook '/home/ekambehl/chess_ws/install/realsense2_camera_msgs/share/realsense2_camera_msgs/hook/cmake_prefix_path.sh'
[0.510s] Level 1:colcon.colcon_core.environment:checking '/home/ekambehl/chess_ws/install/realsense2_camera_msgs/lib'
[0.510s] Level 1:colcon.colcon_core.shell:create_environment_hook('realsense2_camera_msgs', 'ld_library_path_lib')
[0.511s] INFO:colcon.colcon_core.shell:Creating environment hook '/home/ekambehl/chess_ws/install/realsense2_camera_msgs/share/realsense2_camera_msgs/hook/ld_library_path_lib.ps1'
[0.511s] INFO:colcon.colcon_core.shell:Creating environment descriptor '/home/ekambehl/chess_ws/install/realsense2_camera_msgs/share/realsense2_camera_msgs/hook/ld_library_path_lib.dsv'
[0.511s] INFO:colcon.colcon_core.shell:Creating environment hook '/home/ekambehl/chess_ws/install/realsense2_camera_msgs/share/realsense2_camera_msgs/hook/ld_library_path_lib.sh'
[0.511s] Level 1:colcon.colcon_core.environment:checking '/home/ekambehl/chess_ws/install/realsense2_camera_msgs/bin'
[0.511s] Level 1:colcon.colcon_core.environment:checking '/home/ekambehl/chess_ws/install/realsense2_camera_msgs/lib/pkgconfig/realsense2_camera_msgs.pc'
[0.511s] Level 1:colcon.colcon_core.environment:checking '/home/ekambehl/chess_ws/install/realsense2_camera_msgs/lib/python3.10/site-packages'
[0.511s] Level 1:colcon.colcon_core.environment:checking '/home/ekambehl/chess_ws/install/realsense2_camera_msgs/bin'
[0.512s] INFO:colcon.colcon_core.shell:Creating package script '/home/ekambehl/chess_ws/install/realsense2_camera_msgs/share/realsense2_camera_msgs/package.ps1'
[0.512s] INFO:colcon.colcon_core.shell:Creating package descriptor '/home/ekambehl/chess_ws/install/realsense2_camera_msgs/share/realsense2_camera_msgs/package.dsv'
[0.513s] INFO:colcon.colcon_core.shell:Creating package script '/home/ekambehl/chess_ws/install/realsense2_camera_msgs/share/realsense2_camera_msgs/package.sh'
[0.513s] INFO:colcon.colcon_core.shell:Creating package script '/home/ekambehl/chess_ws/install/realsense2_camera_msgs/share/realsense2_camera_msgs/package.bash'
[0.513s] INFO:colcon.colcon_core.shell:Creating package script '/home/ekambehl/chess_ws/install/realsense2_camera_msgs/share/realsense2_camera_msgs/package.zsh'
[0.514s] Level 1:colcon.colcon_core.environment:create_file_with_runtime_dependencies(/home/ekambehl/chess_ws/install/realsense2_camera_msgs/share/colcon-core/packages/realsense2_camera_msgs)
[0.574s] Level 1:colcon.colcon_core.environment:create_environment_scripts_only(realsense2_camera_msgs)
[0.575s] Level 1:colcon.colcon_core.environment:checking '/home/ekambehl/chess_ws/install/realsense2_camera_msgs' for CMake module files
[0.575s] Level 1:colcon.colcon_core.environment:checking '/home/ekambehl/chess_ws/install/realsense2_camera_msgs' for CMake config files
[0.576s] Level 1:colcon.colcon_core.shell:create_environment_hook('realsense2_camera_msgs', 'cmake_prefix_path')
[0.576s] INFO:colcon.colcon_core.shell:Creating environment hook '/home/ekambehl/chess_ws/install/realsense2_camera_msgs/share/realsense2_camera_msgs/hook/cmake_prefix_path.ps1'
[0.577s] INFO:colcon.colcon_core.shell:Creating environment descriptor '/home/ekambehl/chess_ws/install/realsense2_camera_msgs/share/realsense2_camera_msgs/hook/cmake_prefix_path.dsv'
[0.577s] INFO:colcon.colcon_core.shell:Creating environment hook '/home/ekambehl/chess_ws/install/realsense2_camera_msgs/share/realsense2_camera_msgs/hook/cmake_prefix_path.sh'
[0.578s] Level 1:colcon.colcon_core.environment:checking '/home/ekambehl/chess_ws/install/realsense2_camera_msgs/lib'
[0.578s] Level 1:colcon.colcon_core.shell:create_environment_hook('realsense2_camera_msgs', 'ld_library_path_lib')
[0.579s] INFO:colcon.colcon_core.shell:Creating environment hook '/home/ekambehl/chess_ws/install/realsense2_camera_msgs/share/realsense2_camera_msgs/hook/ld_library_path_lib.ps1'
[0.579s] INFO:colcon.colcon_core.shell:Creating environment descriptor '/home/ekambehl/chess_ws/install/realsense2_camera_msgs/share/realsense2_camera_msgs/hook/ld_library_path_lib.dsv'
[0.579s] INFO:colcon.colcon_core.shell:Creating environment hook '/home/ekambehl/chess_ws/install/realsense2_camera_msgs/share/realsense2_camera_msgs/hook/ld_library_path_lib.sh'
[0.579s] Level 1:colcon.colcon_core.environment:checking '/home/ekambehl/chess_ws/install/realsense2_camera_msgs/bin'
[0.579s] Level 1:colcon.colcon_core.environment:checking '/home/ekambehl/chess_ws/install/realsense2_camera_msgs/lib/pkgconfig/realsense2_camera_msgs.pc'
[0.579s] Level 1:colcon.colcon_core.environment:checking '/home/ekambehl/chess_ws/install/realsense2_camera_msgs/lib/python3.10/site-packages'
[0.579s] Level 1:colcon.colcon_core.environment:checking '/home/ekambehl/chess_ws/install/realsense2_camera_msgs/bin'
[0.580s] INFO:colcon.colcon_core.shell:Creating package script '/home/ekambehl/chess_ws/install/realsense2_camera_msgs/share/realsense2_camera_msgs/package.ps1'
[0.580s] INFO:colcon.colcon_core.shell:Creating package descriptor '/home/ekambehl/chess_ws/install/realsense2_camera_msgs/share/realsense2_camera_msgs/package.dsv'
[0.581s] INFO:colcon.colcon_core.shell:Creating package script '/home/ekambehl/chess_ws/install/realsense2_camera_msgs/share/realsense2_camera_msgs/package.sh'
[0.581s] INFO:colcon.colcon_core.shell:Creating package script '/home/ekambehl/chess_ws/install/realsense2_camera_msgs/share/realsense2_camera_msgs/package.bash'
[0.581s] INFO:colcon.colcon_core.shell:Creating package script '/home/ekambehl/chess_ws/install/realsense2_camera_msgs/share/realsense2_camera_msgs/package.zsh'
[0.581s] Level 1:colcon.colcon_core.environment:create_file_with_runtime_dependencies(/home/ekambehl/chess_ws/install/realsense2_camera_msgs/share/colcon-core/packages/realsense2_camera_msgs)
[0.582s] INFO:colcon.colcon_ros.task.ament_cmake.build:Building ROS package in '/home/ekambehl/chess_ws/src/realsense-ros/realsense2_camera' with build type 'ament_cmake'
[0.582s] INFO:colcon.colcon_cmake.task.cmake.build:Building CMake package in '/home/ekambehl/chess_ws/src/realsense-ros/realsense2_camera'
[0.583s] INFO:colcon.colcon_core.shell:Skip shell extension 'powershell' for command environment: Not usable outside of PowerShell
[0.583s] DEBUG:colcon.colcon_core.shell:Skip shell extension 'dsv' for command environment
[0.586s] INFO:colcon.colcon_ros.task.ament_cmake.build:Building ROS package in '/home/ekambehl/chess_ws/src/realsense-ros/realsense2_description' with build type 'ament_cmake'
[0.586s] INFO:colcon.colcon_cmake.task.cmake.build:Building CMake package in '/home/ekambehl/chess_ws/src/realsense-ros/realsense2_description'
[0.587s] INFO:colcon.colcon_core.shell:Skip shell extension 'powershell' for command environment: Not usable outside of PowerShell
[0.587s] DEBUG:colcon.colcon_core.shell:Skip shell extension 'dsv' for command environment
[0.592s] DEBUG:colcon.colcon_core.event_handler.log_command:Invoking command in '/home/ekambehl/chess_ws/src/my_chess_controller': PYTHONPATH=/home/ekambehl/chess_ws/build/my_chess_controller/prefix_override:/home/ekambehl/chess_ws/install/my_chess_controller/lib/python3.10/site-packages:${PYTHONPATH} /usr/bin/python3 setup.py egg_info --egg-base ../../build/my_chess_controller build --build-base /home/ekambehl/chess_ws/build/my_chess_controller/build install --record /home/ekambehl/chess_ws/build/my_chess_controller/install.log --single-version-externally-managed
[0.594s] DEBUG:colcon.colcon_core.event_handler.log_command:Invoking command in '/home/ekambehl/chess_ws/build/realsense2_camera': CMAKE_PREFIX_PATH=/home/ekambehl/chess_ws/install/realsense2_camera_msgs:/home/ekambehl/chess_ws/install/realsense2_description:/home/ekambehl/chess_ws/install/realsense2_camera:/home/ekambehl/ros_ws/install/realsense2_description:/home/ekambehl/ros_ws/install/realsense2_camera:/home/ekambehl/ros_ws/install/realsense2_camera_msgs:/home/ekambehl/ros2_ws/install/realsense2_description:/home/ekambehl/ros2_ws/install/realsense2_camera_msgs:/home/ekambehl/chess_ws/install/my_chess_controller:/home/ekambehl/ros_ws/install/my_robot_camera_driver:/home/ekambehl/ros2_ws/install/my_robot_camera_driver:/opt/ros/humble LD_LIBRARY_PATH=/home/ekambehl/chess_ws/install/realsense2_camera_msgs/lib:/home/ekambehl/chess_ws/install/realsense2_camera/lib:/home/ekambehl/ros_ws/install/realsense2_camera/lib:/home/ekambehl/ros_ws/install/realsense2_camera_msgs/lib:/home/ekambehl/ros2_ws/install/realsense2_camera_msgs/lib:/opt/ros/humble/opt/rviz_ogre_vendor/lib:/opt/ros/humble/lib/x86_64-linux-gnu:/opt/ros/humble/lib /usr/bin/cmake --build /home/ekambehl/chess_ws/build/realsense2_camera -- -j16 -l16
[0.595s] DEBUG:colcon.colcon_core.event_handler.log_command:Invoking command in '/home/ekambehl/chess_ws/build/realsense2_description': CMAKE_PREFIX_PATH=/home/ekambehl/chess_ws/install/realsense2_camera_msgs:/home/ekambehl/chess_ws/install/realsense2_description:/home/ekambehl/chess_ws/install/realsense2_camera:/home/ekambehl/ros_ws/install/realsense2_description:/home/ekambehl/ros_ws/install/realsense2_camera:/home/ekambehl/ros_ws/install/realsense2_camera_msgs:/home/ekambehl/ros2_ws/install/realsense2_description:/home/ekambehl/ros2_ws/install/realsense2_camera_msgs:/home/ekambehl/chess_ws/install/my_chess_controller:/home/ekambehl/ros_ws/install/my_robot_camera_driver:/home/ekambehl/ros2_ws/install/my_robot_camera_driver:/opt/ros/humble LD_LIBRARY_PATH=/home/ekambehl/chess_ws/install/realsense2_camera_msgs/lib:/home/ekambehl/chess_ws/install/realsense2_camera/lib:/home/ekambehl/ros_ws/install/realsense2_camera/lib:/home/ekambehl/ros_ws/install/realsense2_camera_msgs/lib:/home/ekambehl/ros2_ws/install/realsense2_camera_msgs/lib:/opt/ros/humble/opt/rviz_ogre_vendor/lib:/opt/ros/humble/lib/x86_64-linux-gnu:/opt/ros/humble/lib /usr/bin/cmake --build /home/ekambehl/chess_ws/build/realsense2_description -- -j16 -l16
[0.616s] DEBUG:colcon.colcon_core.event_handler.log_command:Invoked command in '/home/ekambehl/chess_ws/build/realsense2_description' returned '0': CMAKE_PREFIX_PATH=/home/ekambehl/chess_ws/install/realsense2_camera_msgs:/home/ekambehl/chess_ws/install/realsense2_description:/home/ekambehl/chess_ws/install/realsense2_camera:/home/ekambehl/ros_ws/install/realsense2_description:/home/ekambehl/ros_ws/install/realsense2_camera:/home/ekambehl/ros_ws/install/realsense2_camera_msgs:/home/ekambehl/ros2_ws/install/realsense2_description:/home/ekambehl/ros2_ws/install/realsense2_camera_msgs:/home/ekambehl/chess_ws/install/my_chess_controller:/home/ekambehl/ros_ws/install/my_robot_camera_driver:/home/ekambehl/ros2_ws/install/my_robot_camera_driver:/opt/ros/humble LD_LIBRARY_PATH=/home/ekambehl/chess_ws/install/realsense2_camera_msgs/lib:/home/ekambehl/chess_ws/install/realsense2_camera/lib:/home/ekambehl/ros_ws/install/realsense2_camera/lib:/home/ekambehl/ros_ws/install/realsense2_camera_msgs/lib:/home/ekambehl/ros2_ws/install/realsense2_camera_msgs/lib:/opt/ros/humble/opt/rviz_ogre_vendor/lib:/opt/ros/humble/lib/x86_64-linux-gnu:/opt/ros/humble/lib /usr/bin/cmake --build /home/ekambehl/chess_ws/build/realsense2_description -- -j16 -l16
[0.628s] DEBUG:colcon.colcon_core.event_handler.log_command:Invoking command in '/home/ekambehl/chess_ws/build/realsense2_description': CMAKE_PREFIX_PATH=/home/ekambehl/chess_ws/install/realsense2_camera_msgs:/home/ekambehl/chess_ws/install/realsense2_description:/home/ekambehl/chess_ws/install/realsense2_camera:/home/ekambehl/ros_ws/install/realsense2_description:/home/ekambehl/ros_ws/install/realsense2_camera:/home/ekambehl/ros_ws/install/realsense2_camera_msgs:/home/ekambehl/ros2_ws/install/realsense2_description:/home/ekambehl/ros2_ws/install/realsense2_camera_msgs:/home/ekambehl/chess_ws/install/my_chess_controller:/home/ekambehl/ros_ws/install/my_robot_camera_driver:/home/ekambehl/ros2_ws/install/my_robot_camera_driver:/opt/ros/humble LD_LIBRARY_PATH=/home/ekambehl/chess_ws/install/realsense2_camera_msgs/lib:/home/ekambehl/chess_ws/install/realsense2_camera/lib:/home/ekambehl/ros_ws/install/realsense2_camera/lib:/home/ekambehl/ros_ws/install/realsense2_camera_msgs/lib:/home/ekambehl/ros2_ws/install/realsense2_camera_msgs/lib:/opt/ros/humble/opt/rviz_ogre_vendor/lib:/opt/ros/humble/lib/x86_64-linux-gnu:/opt/ros/humble/lib /usr/bin/cmake --install /home/ekambehl/chess_ws/build/realsense2_description
[0.633s] Level 1:colcon.colcon_core.environment:create_environment_scripts_only(realsense2_description)
[0.635s] Level 1:colcon.colcon_core.environment:checking '/home/ekambehl/chess_ws/install/realsense2_description' for CMake module files
[0.635s] DEBUG:colcon.colcon_core.event_handler.log_command:Invoked command in '/home/ekambehl/chess_ws/build/realsense2_description' returned '0': CMAKE_PREFIX_PATH=/home/ekambehl/chess_ws/install/realsense2_camera_msgs:/home/ekambehl/chess_ws/install/realsense2_description:/home/ekambehl/chess_ws/install/realsense2_camera:/home/ekambehl/ros_ws/install/realsense2_description:/home/ekambehl/ros_ws/install/realsense2_camera:/home/ekambehl/ros_ws/install/realsense2_camera_msgs:/home/ekambehl/ros2_ws/install/realsense2_description:/home/ekambehl/ros2_ws/install/realsense2_camera_msgs:/home/ekambehl/chess_ws/install/my_chess_controller:/home/ekambehl/ros_ws/install/my_robot_camera_driver:/home/ekambehl/ros2_ws/install/my_robot_camera_driver:/opt/ros/humble LD_LIBRARY_PATH=/home/ekambehl/chess_ws/install/realsense2_camera_msgs/lib:/home/ekambehl/chess_ws/install/realsense2_camera/lib:/home/ekambehl/ros_ws/install/realsense2_camera/lib:/home/ekambehl/ros_ws/install/realsense2_camera_msgs/lib:/home/ekambehl/ros2_ws/install/realsense2_camera_msgs/lib:/opt/ros/humble/opt/rviz_ogre_vendor/lib:/opt/ros/humble/lib/x86_64-linux-gnu:/opt/ros/humble/lib /usr/bin/cmake --install /home/ekambehl/chess_ws/build/realsense2_description
[0.635s] Level 1:colcon.colcon_core.environment:checking '/home/ekambehl/chess_ws/install/realsense2_description' for CMake config files
[0.635s] Level 1:colcon.colcon_core.shell:create_environment_hook('realsense2_description', 'cmake_prefix_path')
[0.636s] INFO:colcon.colcon_core.shell:Creating environment hook '/home/ekambehl/chess_ws/install/realsense2_description/share/realsense2_description/hook/cmake_prefix_path.ps1'
[0.636s] INFO:colcon.colcon_core.shell:Creating environment descriptor '/home/ekambehl/chess_ws/install/realsense2_description/share/realsense2_description/hook/cmake_prefix_path.dsv'
[0.637s] INFO:colcon.colcon_core.shell:Creating environment hook '/home/ekambehl/chess_ws/install/realsense2_description/share/realsense2_description/hook/cmake_prefix_path.sh'
[0.637s] Level 1:colcon.colcon_core.environment:checking '/home/ekambehl/chess_ws/install/realsense2_description/bin'
[0.637s] Level 1:colcon.colcon_core.environment:checking '/home/ekambehl/chess_ws/install/realsense2_description/lib/pkgconfig/realsense2_description.pc'
[0.637s] Level 1:colcon.colcon_core.environment:checking '/home/ekambehl/chess_ws/install/realsense2_description/lib/python3.10/site-packages'
[0.637s] Level 1:colcon.colcon_core.environment:checking '/home/ekambehl/chess_ws/install/realsense2_description/bin'
[0.638s] INFO:colcon.colcon_core.shell:Creating package script '/home/ekambehl/chess_ws/install/realsense2_description/share/realsense2_description/package.ps1'
[0.638s] INFO:colcon.colcon_core.shell:Creating package descriptor '/home/ekambehl/chess_ws/install/realsense2_description/share/realsense2_description/package.dsv'
[0.639s] INFO:colcon.colcon_core.shell:Creating package script '/home/ekambehl/chess_ws/install/realsense2_description/share/realsense2_description/package.sh'
[0.639s] INFO:colcon.colcon_core.shell:Creating package script '/home/ekambehl/chess_ws/install/realsense2_description/share/realsense2_description/package.bash'
[0.639s] INFO:colcon.colcon_core.shell:Creating package script '/home/ekambehl/chess_ws/install/realsense2_description/share/realsense2_description/package.zsh'
[0.639s] Level 1:colcon.colcon_core.environment:create_file_with_runtime_dependencies(/home/ekambehl/chess_ws/install/realsense2_description/share/colcon-core/packages/realsense2_description)
[0.640s] DEBUG:colcon.colcon_core.event_handler.log_command:Invoked command in '/home/ekambehl/chess_ws/build/realsense2_camera' returned '0': CMAKE_PREFIX_PATH=/home/ekambehl/chess_ws/install/realsense2_camera_msgs:/home/ekambehl/chess_ws/install/realsense2_description:/home/ekambehl/chess_ws/install/realsense2_camera:/home/ekambehl/ros_ws/install/realsense2_description:/home/ekambehl/ros_ws/install/realsense2_camera:/home/ekambehl/ros_ws/install/realsense2_camera_msgs:/home/ekambehl/ros2_ws/install/realsense2_description:/home/ekambehl/ros2_ws/install/realsense2_camera_msgs:/home/ekambehl/chess_ws/install/my_chess_controller:/home/ekambehl/ros_ws/install/my_robot_camera_driver:/home/ekambehl/ros2_ws/install/my_robot_camera_driver:/opt/ros/humble LD_LIBRARY_PATH=/home/ekambehl/chess_ws/install/realsense2_camera_msgs/lib:/home/ekambehl/chess_ws/install/realsense2_camera/lib:/home/ekambehl/ros_ws/install/realsense2_camera/lib:/home/ekambehl/ros_ws/install/realsense2_camera_msgs/lib:/home/ekambehl/ros2_ws/install/realsense2_camera_msgs/lib:/opt/ros/humble/opt/rviz_ogre_vendor/lib:/opt/ros/humble/lib/x86_64-linux-gnu:/opt/ros/humble/lib /usr/bin/cmake --build /home/ekambehl/chess_ws/build/realsense2_camera -- -j16 -l16
[0.651s] Level 1:colcon.colcon_core.environment:create_environment_scripts_only(realsense2_description)
[0.652s] Level 1:colcon.colcon_core.environment:checking '/home/ekambehl/chess_ws/install/realsense2_description' for CMake module files
[0.652s] Level 1:colcon.colcon_core.environment:checking '/home/ekambehl/chess_ws/install/realsense2_description' for CMake config files
[0.653s] Level 1:colcon.colcon_core.shell:create_environment_hook('realsense2_description', 'cmake_prefix_path')
[0.653s] INFO:colcon.colcon_core.shell:Creating environment hook '/home/ekambehl/chess_ws/install/realsense2_description/share/realsense2_description/hook/cmake_prefix_path.ps1'
[0.654s] INFO:colcon.colcon_core.shell:Creating environment descriptor '/home/ekambehl/chess_ws/install/realsense2_description/share/realsense2_description/hook/cmake_prefix_path.dsv'
[0.654s] INFO:colcon.colcon_core.shell:Creating environment hook '/home/ekambehl/chess_ws/install/realsense2_description/share/realsense2_description/hook/cmake_prefix_path.sh'
[0.654s] Level 1:colcon.colcon_core.environment:checking '/home/ekambehl/chess_ws/install/realsense2_description/bin'
[0.654s] Level 1:colcon.colcon_core.environment:checking '/home/ekambehl/chess_ws/install/realsense2_description/lib/pkgconfig/realsense2_description.pc'
[0.654s] Level 1:colcon.colcon_core.environment:checking '/home/ekambehl/chess_ws/install/realsense2_description/lib/python3.10/site-packages'
[0.654s] Level 1:colcon.colcon_core.environment:checking '/home/ekambehl/chess_ws/install/realsense2_description/bin'
[0.655s] INFO:colcon.colcon_core.shell:Creating package script '/home/ekambehl/chess_ws/install/realsense2_description/share/realsense2_description/package.ps1'
[0.655s] INFO:colcon.colcon_core.shell:Creating package descriptor '/home/ekambehl/chess_ws/install/realsense2_description/share/realsense2_description/package.dsv'
[0.656s] INFO:colcon.colcon_core.shell:Creating package script '/home/ekambehl/chess_ws/install/realsense2_description/share/realsense2_description/package.sh'
[0.656s] INFO:colcon.colcon_core.shell:Creating package script '/home/ekambehl/chess_ws/install/realsense2_description/share/realsense2_description/package.bash'
[0.656s] INFO:colcon.colcon_core.shell:Creating package script '/home/ekambehl/chess_ws/install/realsense2_description/share/realsense2_description/package.zsh'
[0.656s] Level 1:colcon.colcon_core.environment:create_file_with_runtime_dependencies(/home/ekambehl/chess_ws/install/realsense2_description/share/colcon-core/packages/realsense2_description)
[0.669s] DEBUG:colcon.colcon_core.event_handler.log_command:Invoking command in '/home/ekambehl/chess_ws/build/realsense2_camera': CMAKE_PREFIX_PATH=/home/ekambehl/chess_ws/install/realsense2_camera_msgs:/home/ekambehl/chess_ws/install/realsense2_description:/home/ekambehl/chess_ws/install/realsense2_camera:/home/ekambehl/ros_ws/install/realsense2_description:/home/ekambehl/ros_ws/install/realsense2_camera:/home/ekambehl/ros_ws/install/realsense2_camera_msgs:/home/ekambehl/ros2_ws/install/realsense2_description:/home/ekambehl/ros2_ws/install/realsense2_camera_msgs:/home/ekambehl/chess_ws/install/my_chess_controller:/home/ekambehl/ros_ws/install/my_robot_camera_driver:/home/ekambehl/ros2_ws/install/my_robot_camera_driver:/opt/ros/humble LD_LIBRARY_PATH=/home/ekambehl/chess_ws/install/realsense2_camera_msgs/lib:/home/ekambehl/chess_ws/install/realsense2_camera/lib:/home/ekambehl/ros_ws/install/realsense2_camera/lib:/home/ekambehl/ros_ws/install/realsense2_camera_msgs/lib:/home/ekambehl/ros2_ws/install/realsense2_camera_msgs/lib:/opt/ros/humble/opt/rviz_ogre_vendor/lib:/opt/ros/humble/lib/x86_64-linux-gnu:/opt/ros/humble/lib /usr/bin/cmake --install /home/ekambehl/chess_ws/build/realsense2_camera
[0.675s] Level 1:colcon.colcon_core.environment:create_environment_scripts_only(realsense2_camera)
[0.677s] Level 1:colcon.colcon_core.environment:checking '/home/ekambehl/chess_ws/install/realsense2_camera' for CMake module files
[0.678s] DEBUG:colcon.colcon_core.event_handler.log_command:Invoked command in '/home/ekambehl/chess_ws/build/realsense2_camera' returned '0': CMAKE_PREFIX_PATH=/home/ekambehl/chess_ws/install/realsense2_camera_msgs:/home/ekambehl/chess_ws/install/realsense2_description:/home/ekambehl/chess_ws/install/realsense2_camera:/home/ekambehl/ros_ws/install/realsense2_description:/home/ekambehl/ros_ws/install/realsense2_camera:/home/ekambehl/ros_ws/install/realsense2_camera_msgs:/home/ekambehl/ros2_ws/install/realsense2_description:/home/ekambehl/ros2_ws/install/realsense2_camera_msgs:/home/ekambehl/chess_ws/install/my_chess_controller:/home/ekambehl/ros_ws/install/my_robot_camera_driver:/home/ekambehl/ros2_ws/install/my_robot_camera_driver:/opt/ros/humble LD_LIBRARY_PATH=/home/ekambehl/chess_ws/install/realsense2_camera_msgs/lib:/home/ekambehl/chess_ws/install/realsense2_camera/lib:/home/ekambehl/ros_ws/install/realsense2_camera/lib:/home/ekambehl/ros_ws/install/realsense2_camera_msgs/lib:/home/ekambehl/ros2_ws/install/realsense2_camera_msgs/lib:/opt/ros/humble/opt/rviz_ogre_vendor/lib:/opt/ros/humble/lib/x86_64-linux-gnu:/opt/ros/humble/lib /usr/bin/cmake --install /home/ekambehl/chess_ws/build/realsense2_camera
[0.678s] Level 1:colcon.colcon_core.environment:checking '/home/ekambehl/chess_ws/install/realsense2_camera' for CMake config files
[0.678s] Level 1:colcon.colcon_core.shell:create_environment_hook('realsense2_camera', 'cmake_prefix_path')
[0.679s] INFO:colcon.colcon_core.shell:Creating environment hook '/home/ekambehl/chess_ws/install/realsense2_camera/share/realsense2_camera/hook/cmake_prefix_path.ps1'
[0.679s] INFO:colcon.colcon_core.shell:Creating environment descriptor '/home/ekambehl/chess_ws/install/realsense2_camera/share/realsense2_camera/hook/cmake_prefix_path.dsv'
[0.679s] INFO:colcon.colcon_core.shell:Creating environment hook '/home/ekambehl/chess_ws/install/realsense2_camera/share/realsense2_camera/hook/cmake_prefix_path.sh'
[0.679s] Level 1:colcon.colcon_core.environment:checking '/home/ekambehl/chess_ws/install/realsense2_camera/lib'
[0.680s] Level 1:colcon.colcon_core.shell:create_environment_hook('realsense2_camera', 'ld_library_path_lib')
[0.680s] INFO:colcon.colcon_core.shell:Creating environment hook '/home/ekambehl/chess_ws/install/realsense2_camera/share/realsense2_camera/hook/ld_library_path_lib.ps1'
[0.680s] INFO:colcon.colcon_core.shell:Creating environment descriptor '/home/ekambehl/chess_ws/install/realsense2_camera/share/realsense2_camera/hook/ld_library_path_lib.dsv'
[0.681s] INFO:colcon.colcon_core.shell:Creating environment hook '/home/ekambehl/chess_ws/install/realsense2_camera/share/realsense2_camera/hook/ld_library_path_lib.sh'
[0.681s] Level 1:colcon.colcon_core.environment:checking '/home/ekambehl/chess_ws/install/realsense2_camera/bin'
[0.681s] Level 1:colcon.colcon_core.environment:checking '/home/ekambehl/chess_ws/install/realsense2_camera/lib/pkgconfig/realsense2_camera.pc'
[0.681s] Level 1:colcon.colcon_core.environment:checking '/home/ekambehl/chess_ws/install/realsense2_camera/lib/python3.10/site-packages'
[0.681s] Level 1:colcon.colcon_core.environment:checking '/home/ekambehl/chess_ws/install/realsense2_camera/bin'
[0.682s] INFO:colcon.colcon_core.shell:Creating package script '/home/ekambehl/chess_ws/install/realsense2_camera/share/realsense2_camera/package.ps1'
[0.682s] INFO:colcon.colcon_core.shell:Creating package descriptor '/home/ekambehl/chess_ws/install/realsense2_camera/share/realsense2_camera/package.dsv'
[0.682s] INFO:colcon.colcon_core.shell:Creating package script '/home/ekambehl/chess_ws/install/realsense2_camera/share/realsense2_camera/package.sh'
[0.683s] INFO:colcon.colcon_core.shell:Creating package script '/home/ekambehl/chess_ws/install/realsense2_camera/share/realsense2_camera/package.bash'
[0.683s] INFO:colcon.colcon_core.shell:Creating package script '/home/ekambehl/chess_ws/install/realsense2_camera/share/realsense2_camera/package.zsh'
[0.683s] Level 1:colcon.colcon_core.environment:create_file_with_runtime_dependencies(/home/ekambehl/chess_ws/install/realsense2_camera/share/colcon-core/packages/realsense2_camera)
[0.713s] Level 1:colcon.colcon_core.environment:create_environment_scripts_only(realsense2_camera)
[0.714s] Level 1:colcon.colcon_core.environment:checking '/home/ekambehl/chess_ws/install/realsense2_camera' for CMake module files
[0.714s] Level 1:colcon.colcon_core.environment:checking '/home/ekambehl/chess_ws/install/realsense2_camera' for CMake config files
[0.714s] Level 1:colcon.colcon_core.shell:create_environment_hook('realsense2_camera', 'cmake_prefix_path')
[0.715s] INFO:colcon.colcon_core.shell:Creating environment hook '/home/ekambehl/chess_ws/install/realsense2_camera/share/realsense2_camera/hook/cmake_prefix_path.ps1'
[0.715s] INFO:colcon.colcon_core.shell:Creating environment descriptor '/home/ekambehl/chess_ws/install/realsense2_camera/share/realsense2_camera/hook/cmake_prefix_path.dsv'
[0.716s] INFO:colcon.colcon_core.shell:Creating environment hook '/home/ekambehl/chess_ws/install/realsense2_camera/share/realsense2_camera/hook/cmake_prefix_path.sh'
[0.716s] Level 1:colcon.colcon_core.environment:checking '/home/ekambehl/chess_ws/install/realsense2_camera/lib'
[0.716s] Level 1:colcon.colcon_core.shell:create_environment_hook('realsense2_camera', 'ld_library_path_lib')
[0.717s] INFO:colcon.colcon_core.shell:Creating environment hook '/home/ekambehl/chess_ws/install/realsense2_camera/share/realsense2_camera/hook/ld_library_path_lib.ps1'
[0.717s] INFO:colcon.colcon_core.shell:Creating environment descriptor '/home/ekambehl/chess_ws/install/realsense2_camera/share/realsense2_camera/hook/ld_library_path_lib.dsv'
[0.717s] INFO:colcon.colcon_core.shell:Creating environment hook '/home/ekambehl/chess_ws/install/realsense2_camera/share/realsense2_camera/hook/ld_library_path_lib.sh'
[0.717s] Level 1:colcon.colcon_core.environment:checking '/home/ekambehl/chess_ws/install/realsense2_camera/bin'
[0.717s] Level 1:colcon.colcon_core.environment:checking '/home/ekambehl/chess_ws/install/realsense2_camera/lib/pkgconfig/realsense2_camera.pc'
[0.717s] Level 1:colcon.colcon_core.environment:checking '/home/ekambehl/chess_ws/install/realsense2_camera/lib/python3.10/site-packages'
[0.717s] Level 1:colcon.colcon_core.environment:checking '/home/ekambehl/chess_ws/install/realsense2_camera/bin'
[0.718s] INFO:colcon.colcon_core.shell:Creating package script '/home/ekambehl/chess_ws/install/realsense2_camera/share/realsense2_camera/package.ps1'
[0.718s] INFO:colcon.colcon_core.shell:Creating package descriptor '/home/ekambehl/chess_ws/install/realsense2_camera/share/realsense2_camera/package.dsv'
[0.719s] INFO:colcon.colcon_core.shell:Creating package script '/home/ekambehl/chess_ws/install/realsense2_camera/share/realsense2_camera/package.sh'
[0.719s] INFO:colcon.colcon_core.shell:Creating package script '/home/ekambehl/chess_ws/install/realsense2_camera/share/realsense2_camera/package.bash'
[0.719s] INFO:colcon.colcon_core.shell:Creating package script '/home/ekambehl/chess_ws/install/realsense2_camera/share/realsense2_camera/package.zsh'
[0.719s] Level 1:colcon.colcon_core.environment:create_file_with_runtime_dependencies(/home/ekambehl/chess_ws/install/realsense2_camera/share/colcon-core/packages/realsense2_camera)
[0.788s] Level 1:colcon.colcon_core.environment:checking '/home/ekambehl/chess_ws/install/my_chess_controller' for CMake module files
[0.789s] DEBUG:colcon.colcon_core.event_handler.log_command:Invoked command in '/home/ekambehl/chess_ws/src/my_chess_controller' returned '0': PYTHONPATH=/home/ekambehl/chess_ws/build/my_chess_controller/prefix_override:/home/ekambehl/chess_ws/install/my_chess_controller/lib/python3.10/site-packages:${PYTHONPATH} /usr/bin/python3 setup.py egg_info --egg-base ../../build/my_chess_controller build --build-base /home/ekambehl/chess_ws/build/my_chess_controller/build install --record /home/ekambehl/chess_ws/build/my_chess_controller/install.log --single-version-externally-managed
[0.789s] Level 1:colcon.colcon_core.environment:checking '/home/ekambehl/chess_ws/install/my_chess_controller' for CMake config files
[0.789s] Level 1:colcon.colcon_core.environment:checking '/home/ekambehl/chess_ws/install/my_chess_controller/lib'
[0.789s] Level 1:colcon.colcon_core.environment:checking '/home/ekambehl/chess_ws/install/my_chess_controller/bin'
[0.789s] Level 1:colcon.colcon_core.environment:checking '/home/ekambehl/chess_ws/install/my_chess_controller/lib/pkgconfig/my_chess_controller.pc'
[0.789s] Level 1:colcon.colcon_core.environment:checking '/home/ekambehl/chess_ws/install/my_chess_controller/lib/python3.10/site-packages'
[0.789s] Level 1:colcon.colcon_core.shell:create_environment_hook('my_chess_controller', 'pythonpath')
[0.790s] INFO:colcon.colcon_core.shell:Creating environment hook '/home/ekambehl/chess_ws/install/my_chess_controller/share/my_chess_controller/hook/pythonpath.ps1'
[0.790s] INFO:colcon.colcon_core.shell:Creating environment descriptor '/home/ekambehl/chess_ws/install/my_chess_controller/share/my_chess_controller/hook/pythonpath.dsv'
[0.791s] INFO:colcon.colcon_core.shell:Creating environment hook '/home/ekambehl/chess_ws/install/my_chess_controller/share/my_chess_controller/hook/pythonpath.sh'
[0.791s] Level 1:colcon.colcon_core.environment:checking '/home/ekambehl/chess_ws/install/my_chess_controller/bin'
[0.791s] Level 1:colcon.colcon_core.environment:create_environment_scripts_only(my_chess_controller)
[0.792s] INFO:colcon.colcon_core.shell:Creating package script '/home/ekambehl/chess_ws/install/my_chess_controller/share/my_chess_controller/package.ps1'
[0.792s] INFO:colcon.colcon_core.shell:Creating package descriptor '/home/ekambehl/chess_ws/install/my_chess_controller/share/my_chess_controller/package.dsv'
[0.792s] INFO:colcon.colcon_core.shell:Creating package script '/home/ekambehl/chess_ws/install/my_chess_controller/share/my_chess_controller/package.sh'
[0.792s] INFO:colcon.colcon_core.shell:Creating package script '/home/ekambehl/chess_ws/install/my_chess_controller/share/my_chess_controller/package.bash'
[0.792s] INFO:colcon.colcon_core.shell:Creating package script '/home/ekambehl/chess_ws/install/my_chess_controller/share/my_chess_controller/package.zsh'
[0.793s] Level 1:colcon.colcon_core.environment:create_file_with_runtime_dependencies(/home/ekambehl/chess_ws/install/my_chess_controller/share/colcon-core/packages/my_chess_controller)
[0.793s] DEBUG:colcon.colcon_parallel_executor.executor.parallel:closing loop
[0.793s] DEBUG:colcon.colcon_parallel_executor.executor.parallel:loop closed
[0.793s] DEBUG:colcon.colcon_parallel_executor.executor.parallel:run_until_complete finished with '0'
[0.793s] DEBUG:colcon.colcon_core.event_reactor:joining thread
[0.797s] INFO:colcon.colcon_core.plugin_system:Skipping extension 'colcon_notification.desktop_notification.terminal_notifier': Not used on non-Darwin systems
[0.797s] INFO:colcon.colcon_core.plugin_system:Skipping extension 'colcon_notification.desktop_notification.win32': Not used on non-Windows systems
[0.797s] INFO:colcon.colcon_notification.desktop_notification:Sending desktop notification using 'notify2'
[0.804s] DEBUG:colcon.colcon_core.event_reactor:joined thread
[0.804s] INFO:colcon.colcon_core.shell:Creating prefix script '/home/ekambehl/chess_ws/install/local_setup.ps1'
[0.805s] INFO:colcon.colcon_core.shell:Creating prefix util module '/home/ekambehl/chess_ws/install/_local_setup_util_ps1.py'
[0.806s] INFO:colcon.colcon_core.shell:Creating prefix chain script '/home/ekambehl/chess_ws/install/setup.ps1'
[0.807s] INFO:colcon.colcon_core.shell:Creating prefix script '/home/ekambehl/chess_ws/install/local_setup.sh'
[0.807s] INFO:colcon.colcon_core.shell:Creating prefix util module '/home/ekambehl/chess_ws/install/_local_setup_util_sh.py'
[0.807s] INFO:colcon.colcon_core.shell:Creating prefix chain script '/home/ekambehl/chess_ws/install/setup.sh'
[0.808s] INFO:colcon.colcon_core.shell:Creating prefix script '/home/ekambehl/chess_ws/install/local_setup.bash'
[0.808s] INFO:colcon.colcon_core.shell:Creating prefix chain script '/home/ekambehl/chess_ws/install/setup.bash'
[0.809s] INFO:colcon.colcon_core.shell:Creating prefix script '/home/ekambehl/chess_ws/install/local_setup.zsh'
[0.810s] INFO:colcon.colcon_core.shell:Creating prefix chain script '/home/ekambehl/chess_ws/install/setup.zsh'
