[0.007s] Invoking command in '/home/ekambehl/chess_ws/build/realsense2_camera': AMENT_PREFIX_PATH=/home/ekambehl/chess_ws/install/realsense2_camera_msgs:${AMENT_PREFIX_PATH} CMAKE_PREFIX_PATH=/home/ekambehl/chess_ws/install/realsense2_camera_msgs:/opt/ros/humble LD_LIBRARY_PATH=/home/ekambehl/chess_ws/install/realsense2_camera_msgs/lib:${LD_LIBRARY_PATH} PYTHONPATH=/home/ekambehl/chess_ws/install/realsense2_camera_msgs/local/lib/python3.10/dist-packages:${PYTHONPATH} /usr/bin/cmake --build /home/ekambehl/chess_ws/build/realsense2_camera -- -j16 -l16
[0.035s] [ 12%] Built target realsense2_camera_node
[0.047s] [100%] Built target realsense2_camera
[0.052s] Invoked command in '/home/ekambehl/chess_ws/build/realsense2_camera' returned '0': AMENT_PREFIX_PATH=/home/ekambehl/chess_ws/install/realsense2_camera_msgs:${AMENT_PREFIX_PATH} CMAKE_PREFIX_PATH=/home/ekambehl/chess_ws/install/realsense2_camera_msgs:/opt/ros/humble LD_LIBRARY_PATH=/home/ekambehl/chess_ws/install/realsense2_camera_msgs/lib:${LD_LIBRARY_PATH} PYTHONPATH=/home/ekambehl/chess_ws/install/realsense2_camera_msgs/local/lib/python3.10/dist-packages:${PYTHONPATH} /usr/bin/cmake --build /home/ekambehl/chess_ws/build/realsense2_camera -- -j16 -l16
[0.074s] Invoking command in '/home/ekambehl/chess_ws/build/realsense2_camera': AMENT_PREFIX_PATH=/home/ekambehl/chess_ws/install/realsense2_camera_msgs:${AMENT_PREFIX_PATH} CMAKE_PREFIX_PATH=/home/ekambehl/chess_ws/install/realsense2_camera_msgs:/opt/ros/humble LD_LIBRARY_PATH=/home/ekambehl/chess_ws/install/realsense2_camera_msgs/lib:${LD_LIBRARY_PATH} PYTHONPATH=/home/ekambehl/chess_ws/install/realsense2_camera_msgs/local/lib/python3.10/dist-packages:${PYTHONPATH} /usr/bin/cmake --install /home/ekambehl/chess_ws/build/realsense2_camera
[0.078s] -- Install configuration: "Release"
[0.078s] -- Up-to-date: /home/ekambehl/chess_ws/install/realsense2_camera/lib/realsense2_camera/realsense2_camera_node
[0.078s] -- Up-to-date: /home/ekambehl/chess_ws/install/realsense2_camera/lib/librealsense2_camera.so
[0.078s] -- Up-to-date: /home/ekambehl/chess_ws/install/realsense2_camera/include
[0.078s] -- Up-to-date: /home/ekambehl/chess_ws/install/realsense2_camera/include/named_filter.h
[0.078s] -- Up-to-date: /home/ekambehl/chess_ws/install/realsense2_camera/include/dynamic_params.h
[0.078s] -- Up-to-date: /home/ekambehl/chess_ws/install/realsense2_camera/include/sensor_params.h
[0.078s] -- Up-to-date: /home/ekambehl/chess_ws/install/realsense2_camera/include/ros_param_backend.h
[0.078s] -- Up-to-date: /home/ekambehl/chess_ws/install/realsense2_camera/include/ros_sensor.h
[0.078s] -- Up-to-date: /home/ekambehl/chess_ws/install/realsense2_camera/include/image_publisher.h
[0.078s] -- Up-to-date: /home/ekambehl/chess_ws/install/realsense2_camera/include/ros_utils.h
[0.078s] -- Up-to-date: /home/ekambehl/chess_ws/install/realsense2_camera/include/realsense_node_factory.h
[0.078s] -- Up-to-date: /home/ekambehl/chess_ws/install/realsense2_camera/include/profile_manager.h
[0.078s] -- Up-to-date: /home/ekambehl/chess_ws/install/realsense2_camera/include/t265_realsense_node.h
[0.078s] -- Up-to-date: /home/ekambehl/chess_ws/install/realsense2_camera/include/base_realsense_node.h
[0.078s] -- Up-to-date: /home/ekambehl/chess_ws/install/realsense2_camera/include/constants.h
[0.079s] -- Up-to-date: /home/ekambehl/chess_ws/install/realsense2_camera/share/realsense2_camera/launch
[0.079s] -- Up-to-date: /home/ekambehl/chess_ws/install/realsense2_camera/share/realsense2_camera/launch/rs_multi_camera_launch.py
[0.079s] -- Up-to-date: /home/ekambehl/chess_ws/install/realsense2_camera/share/realsense2_camera/launch/default.rviz
[0.079s] -- Up-to-date: /home/ekambehl/chess_ws/install/realsense2_camera/share/realsense2_camera/launch/rs_d400_and_t265_launch.py
[0.079s] -- Up-to-date: /home/ekambehl/chess_ws/install/realsense2_camera/share/realsense2_camera/launch/rs_launch.py
[0.079s] -- Up-to-date: /home/ekambehl/chess_ws/install/realsense2_camera/share/realsense2_camera/launch/rs_intra_process_demo_launch.py
[0.079s] -- Up-to-date: /home/ekambehl/chess_ws/install/realsense2_camera/share/realsense2_camera/environment/library_path.sh
[0.079s] -- Up-to-date: /home/ekambehl/chess_ws/install/realsense2_camera/share/realsense2_camera/environment/library_path.dsv
[0.079s] -- Up-to-date: /home/ekambehl/chess_ws/install/realsense2_camera/share/ament_index/resource_index/package_run_dependencies/realsense2_camera
[0.079s] -- Up-to-date: /home/ekambehl/chess_ws/install/realsense2_camera/share/ament_index/resource_index/parent_prefix_path/realsense2_camera
[0.079s] -- Up-to-date: /home/ekambehl/chess_ws/install/realsense2_camera/share/realsense2_camera/environment/ament_prefix_path.sh
[0.079s] -- Up-to-date: /home/ekambehl/chess_ws/install/realsense2_camera/share/realsense2_camera/environment/ament_prefix_path.dsv
[0.079s] -- Up-to-date: /home/ekambehl/chess_ws/install/realsense2_camera/share/realsense2_camera/environment/path.sh
[0.079s] -- Up-to-date: /home/ekambehl/chess_ws/install/realsense2_camera/share/realsense2_camera/environment/path.dsv
[0.079s] -- Up-to-date: /home/ekambehl/chess_ws/install/realsense2_camera/share/realsense2_camera/local_setup.bash
[0.079s] -- Up-to-date: /home/ekambehl/chess_ws/install/realsense2_camera/share/realsense2_camera/local_setup.sh
[0.079s] -- Up-to-date: /home/ekambehl/chess_ws/install/realsense2_camera/share/realsense2_camera/local_setup.zsh
[0.079s] -- Up-to-date: /home/ekambehl/chess_ws/install/realsense2_camera/share/realsense2_camera/local_setup.dsv
[0.080s] -- Installing: /home/ekambehl/chess_ws/install/realsense2_camera/share/realsense2_camera/package.dsv
[0.080s] -- Up-to-date: /home/ekambehl/chess_ws/install/realsense2_camera/share/ament_index/resource_index/packages/realsense2_camera
[0.080s] -- Up-to-date: /home/ekambehl/chess_ws/install/realsense2_camera/share/ament_index/resource_index/rclcpp_components/realsense2_camera
[0.080s] -- Up-to-date: /home/ekambehl/chess_ws/install/realsense2_camera/share/realsense2_camera/cmake/ament_cmake_export_include_directories-extras.cmake
[0.080s] -- Up-to-date: /home/ekambehl/chess_ws/install/realsense2_camera/share/realsense2_camera/cmake/ament_cmake_export_libraries-extras.cmake
[0.080s] -- Up-to-date: /home/ekambehl/chess_ws/install/realsense2_camera/share/realsense2_camera/cmake/ament_cmake_export_dependencies-extras.cmake
[0.080s] -- Up-to-date: /home/ekambehl/chess_ws/install/realsense2_camera/share/realsense2_camera/cmake/realsense2_cameraConfig.cmake
[0.080s] -- Up-to-date: /home/ekambehl/chess_ws/install/realsense2_camera/share/realsense2_camera/cmake/realsense2_cameraConfig-version.cmake
[0.080s] -- Up-to-date: /home/ekambehl/chess_ws/install/realsense2_camera/share/realsense2_camera/package.xml
[0.082s] Invoked command in '/home/ekambehl/chess_ws/build/realsense2_camera' returned '0': AMENT_PREFIX_PATH=/home/ekambehl/chess_ws/install/realsense2_camera_msgs:${AMENT_PREFIX_PATH} CMAKE_PREFIX_PATH=/home/ekambehl/chess_ws/install/realsense2_camera_msgs:/opt/ros/humble LD_LIBRARY_PATH=/home/ekambehl/chess_ws/install/realsense2_camera_msgs/lib:${LD_LIBRARY_PATH} PYTHONPATH=/home/ekambehl/chess_ws/install/realsense2_camera_msgs/local/lib/python3.10/dist-packages:${PYTHONPATH} /usr/bin/cmake --install /home/ekambehl/chess_ws/build/realsense2_camera
