[0.110s] DEBUG:colcon:Command line arguments: ['/usr/bin/colcon', 'build']
[0.110s] DEBUG:colcon:Parsed command line arguments: Namespace(log_base=None, log_level=None, verb_name='build', build_base='build', install_base='install', merge_install=False, symlink_install=False, test_result_base=None, continue_on_error=False, executor='parallel', parallel_workers=16, event_handlers=None, ignore_user_meta=False, metas=['./colcon.meta'], base_paths=['.'], packages_ignore=None, packages_ignore_regex=None, paths=None, packages_up_to=None, packages_up_to_regex=None, packages_above=None, packages_above_and_dependencies=None, packages_above_depth=None, packages_select_by_dep=None, packages_skip_by_dep=None, packages_skip_up_to=None, packages_select_build_failed=False, packages_skip_build_finished=False, packages_select_test_failures=False, packages_skip_test_passed=False, packages_select=None, packages_skip=None, packages_select_regex=None, packages_skip_regex=None, packages_start=None, packages_end=None, allow_overriding=[], cmake_args=None, cmake_target=None, cmake_target_skip_unavailable=False, cmake_clean_cache=False, cmake_clean_first=False, cmake_force_configure=False, ament_cmake_args=None, catkin_cmake_args=None, catkin_skip_building_tests=False, verb_parser=<colcon_defaults.argument_parser.defaults.DefaultArgumentsDecorator object at 0x7f3e30135420>, verb_extension=<colcon_core.verb.build.BuildVerb object at 0x7f3e30134eb0>, main=<bound method BuildVerb.main of <colcon_core.verb.build.BuildVerb object at 0x7f3e30134eb0>>)
[0.129s] Level 1:colcon.colcon_core.package_discovery:discover_packages(colcon_meta) check parameters
[0.129s] Level 1:colcon.colcon_core.package_discovery:discover_packages(recursive) check parameters
[0.129s] Level 1:colcon.colcon_core.package_discovery:discover_packages(ignore) check parameters
[0.129s] Level 1:colcon.colcon_core.package_discovery:discover_packages(path) check parameters
[0.129s] Level 1:colcon.colcon_core.package_discovery:discover_packages(colcon_meta) discover
[0.129s] Level 1:colcon.colcon_core.package_discovery:discover_packages(recursive) discover
[0.129s] INFO:colcon.colcon_core.package_discovery:Crawling recursively for packages in '/home/ekambehl/chess_ws'
[0.130s] Level 1:colcon.colcon_core.package_identification:_identify(.) by extensions ['ignore', 'ignore_ament_install']
[0.130s] Level 1:colcon.colcon_core.package_identification:_identify(.) by extension 'ignore'
[0.130s] Level 1:colcon.colcon_core.package_identification:_identify(.) by extension 'ignore_ament_install'
[0.130s] Level 1:colcon.colcon_core.package_identification:_identify(.) by extensions ['colcon_pkg']
[0.130s] Level 1:colcon.colcon_core.package_identification:_identify(.) by extension 'colcon_pkg'
[0.130s] Level 1:colcon.colcon_core.package_identification:_identify(.) by extensions ['colcon_meta']
[0.130s] Level 1:colcon.colcon_core.package_identification:_identify(.) by extension 'colcon_meta'
[0.130s] Level 1:colcon.colcon_core.package_identification:_identify(.) by extensions ['ros']
[0.130s] Level 1:colcon.colcon_core.package_identification:_identify(.) by extension 'ros'
[0.138s] Level 1:colcon.colcon_core.package_identification:_identify(.) by extensions ['cmake', 'python']
[0.138s] Level 1:colcon.colcon_core.package_identification:_identify(.) by extension 'cmake'
[0.138s] Level 1:colcon.colcon_core.package_identification:_identify(.) by extension 'python'
[0.138s] Level 1:colcon.colcon_core.package_identification:_identify(.) by extensions ['python_setup_py']
[0.138s] Level 1:colcon.colcon_core.package_identification:_identify(.) by extension 'python_setup_py'
[0.138s] Level 1:colcon.colcon_core.package_identification:_identify(build) by extensions ['ignore', 'ignore_ament_install']
[0.138s] Level 1:colcon.colcon_core.package_identification:_identify(build) by extension 'ignore'
[0.138s] Level 1:colcon.colcon_core.package_identification:_identify(build) ignored
[0.138s] Level 1:colcon.colcon_core.package_identification:_identify(install) by extensions ['ignore', 'ignore_ament_install']
[0.138s] Level 1:colcon.colcon_core.package_identification:_identify(install) by extension 'ignore'
[0.138s] Level 1:colcon.colcon_core.package_identification:_identify(install) ignored
[0.138s] Level 1:colcon.colcon_core.package_identification:_identify(log) by extensions ['ignore', 'ignore_ament_install']
[0.138s] Level 1:colcon.colcon_core.package_identification:_identify(log) by extension 'ignore'
[0.138s] Level 1:colcon.colcon_core.package_identification:_identify(log) ignored
[0.139s] Level 1:colcon.colcon_core.package_identification:_identify(src) by extensions ['ignore', 'ignore_ament_install']
[0.139s] Level 1:colcon.colcon_core.package_identification:_identify(src) by extension 'ignore'
[0.139s] Level 1:colcon.colcon_core.package_identification:_identify(src) by extension 'ignore_ament_install'
[0.139s] Level 1:colcon.colcon_core.package_identification:_identify(src) by extensions ['colcon_pkg']
[0.139s] Level 1:colcon.colcon_core.package_identification:_identify(src) by extension 'colcon_pkg'
[0.139s] Level 1:colcon.colcon_core.package_identification:_identify(src) by extensions ['colcon_meta']
[0.139s] Level 1:colcon.colcon_core.package_identification:_identify(src) by extension 'colcon_meta'
[0.139s] Level 1:colcon.colcon_core.package_identification:_identify(src) by extensions ['ros']
[0.139s] Level 1:colcon.colcon_core.package_identification:_identify(src) by extension 'ros'
[0.139s] Level 1:colcon.colcon_core.package_identification:_identify(src) by extensions ['cmake', 'python']
[0.139s] Level 1:colcon.colcon_core.package_identification:_identify(src) by extension 'cmake'
[0.139s] Level 1:colcon.colcon_core.package_identification:_identify(src) by extension 'python'
[0.139s] Level 1:colcon.colcon_core.package_identification:_identify(src) by extensions ['python_setup_py']
[0.139s] Level 1:colcon.colcon_core.package_identification:_identify(src) by extension 'python_setup_py'
[0.139s] Level 1:colcon.colcon_core.package_identification:_identify(src/build) by extensions ['ignore', 'ignore_ament_install']
[0.139s] Level 1:colcon.colcon_core.package_identification:_identify(src/build) by extension 'ignore'
[0.139s] Level 1:colcon.colcon_core.package_identification:_identify(src/build) ignored
[0.139s] Level 1:colcon.colcon_core.package_identification:_identify(src/install) by extensions ['ignore', 'ignore_ament_install']
[0.139s] Level 1:colcon.colcon_core.package_identification:_identify(src/install) by extension 'ignore'
[0.139s] Level 1:colcon.colcon_core.package_identification:_identify(src/install) ignored
[0.139s] Level 1:colcon.colcon_core.package_identification:_identify(src/log) by extensions ['ignore', 'ignore_ament_install']
[0.139s] Level 1:colcon.colcon_core.package_identification:_identify(src/log) by extension 'ignore'
[0.139s] Level 1:colcon.colcon_core.package_identification:_identify(src/log) ignored
[0.139s] Level 1:colcon.colcon_core.package_identification:_identify(src/my_chess_controller) by extensions ['ignore', 'ignore_ament_install']
[0.139s] Level 1:colcon.colcon_core.package_identification:_identify(src/my_chess_controller) by extension 'ignore'
[0.139s] Level 1:colcon.colcon_core.package_identification:_identify(src/my_chess_controller) by extension 'ignore_ament_install'
[0.139s] Level 1:colcon.colcon_core.package_identification:_identify(src/my_chess_controller) by extensions ['colcon_pkg']
[0.139s] Level 1:colcon.colcon_core.package_identification:_identify(src/my_chess_controller) by extension 'colcon_pkg'
[0.139s] Level 1:colcon.colcon_core.package_identification:_identify(src/my_chess_controller) by extensions ['colcon_meta']
[0.139s] Level 1:colcon.colcon_core.package_identification:_identify(src/my_chess_controller) by extension 'colcon_meta'
[0.140s] Level 1:colcon.colcon_core.package_identification:_identify(src/my_chess_controller) by extensions ['ros']
[0.140s] Level 1:colcon.colcon_core.package_identification:_identify(src/my_chess_controller) by extension 'ros'
[0.142s] DEBUG:colcon.colcon_core.package_identification:Package 'src/my_chess_controller' with type 'ros.ament_python' and name 'my_chess_controller'
[0.142s] Level 1:colcon.colcon_core.package_identification:_identify(src/realsense-ros) by extensions ['ignore', 'ignore_ament_install']
[0.142s] Level 1:colcon.colcon_core.package_identification:_identify(src/realsense-ros) by extension 'ignore'
[0.142s] Level 1:colcon.colcon_core.package_identification:_identify(src/realsense-ros) by extension 'ignore_ament_install'
[0.142s] Level 1:colcon.colcon_core.package_identification:_identify(src/realsense-ros) by extensions ['colcon_pkg']
[0.142s] Level 1:colcon.colcon_core.package_identification:_identify(src/realsense-ros) by extension 'colcon_pkg'
[0.142s] Level 1:colcon.colcon_core.package_identification:_identify(src/realsense-ros) by extensions ['colcon_meta']
[0.142s] Level 1:colcon.colcon_core.package_identification:_identify(src/realsense-ros) by extension 'colcon_meta'
[0.142s] Level 1:colcon.colcon_core.package_identification:_identify(src/realsense-ros) by extensions ['ros']
[0.142s] Level 1:colcon.colcon_core.package_identification:_identify(src/realsense-ros) by extension 'ros'
[0.142s] Level 1:colcon.colcon_core.package_identification:_identify(src/realsense-ros) by extensions ['cmake', 'python']
[0.142s] Level 1:colcon.colcon_core.package_identification:_identify(src/realsense-ros) by extension 'cmake'
[0.142s] Level 1:colcon.colcon_core.package_identification:_identify(src/realsense-ros) by extension 'python'
[0.142s] Level 1:colcon.colcon_core.package_identification:_identify(src/realsense-ros) by extensions ['python_setup_py']
[0.142s] Level 1:colcon.colcon_core.package_identification:_identify(src/realsense-ros) by extension 'python_setup_py'
[0.142s] Level 1:colcon.colcon_core.package_identification:_identify(src/realsense-ros/realsense2_camera) by extensions ['ignore', 'ignore_ament_install']
[0.142s] Level 1:colcon.colcon_core.package_identification:_identify(src/realsense-ros/realsense2_camera) by extension 'ignore'
[0.142s] Level 1:colcon.colcon_core.package_identification:_identify(src/realsense-ros/realsense2_camera) by extension 'ignore_ament_install'
[0.142s] Level 1:colcon.colcon_core.package_identification:_identify(src/realsense-ros/realsense2_camera) by extensions ['colcon_pkg']
[0.142s] Level 1:colcon.colcon_core.package_identification:_identify(src/realsense-ros/realsense2_camera) by extension 'colcon_pkg'
[0.142s] Level 1:colcon.colcon_core.package_identification:_identify(src/realsense-ros/realsense2_camera) by extensions ['colcon_meta']
[0.142s] Level 1:colcon.colcon_core.package_identification:_identify(src/realsense-ros/realsense2_camera) by extension 'colcon_meta'
[0.142s] Level 1:colcon.colcon_core.package_identification:_identify(src/realsense-ros/realsense2_camera) by extensions ['ros']
[0.142s] Level 1:colcon.colcon_core.package_identification:_identify(src/realsense-ros/realsense2_camera) by extension 'ros'
[0.144s] DEBUG:colcon.colcon_core.package_identification:Package 'src/realsense-ros/realsense2_camera' with type 'ros.ament_cmake' and name 'realsense2_camera'
[0.144s] Level 1:colcon.colcon_core.package_identification:_identify(src/realsense-ros/realsense2_camera_msgs) by extensions ['ignore', 'ignore_ament_install']
[0.144s] Level 1:colcon.colcon_core.package_identification:_identify(src/realsense-ros/realsense2_camera_msgs) by extension 'ignore'
[0.144s] Level 1:colcon.colcon_core.package_identification:_identify(src/realsense-ros/realsense2_camera_msgs) by extension 'ignore_ament_install'
[0.144s] Level 1:colcon.colcon_core.package_identification:_identify(src/realsense-ros/realsense2_camera_msgs) by extensions ['colcon_pkg']
[0.144s] Level 1:colcon.colcon_core.package_identification:_identify(src/realsense-ros/realsense2_camera_msgs) by extension 'colcon_pkg'
[0.144s] Level 1:colcon.colcon_core.package_identification:_identify(src/realsense-ros/realsense2_camera_msgs) by extensions ['colcon_meta']
[0.144s] Level 1:colcon.colcon_core.package_identification:_identify(src/realsense-ros/realsense2_camera_msgs) by extension 'colcon_meta'
[0.144s] Level 1:colcon.colcon_core.package_identification:_identify(src/realsense-ros/realsense2_camera_msgs) by extensions ['ros']
[0.144s] Level 1:colcon.colcon_core.package_identification:_identify(src/realsense-ros/realsense2_camera_msgs) by extension 'ros'
[0.144s] DEBUG:colcon.colcon_core.package_identification:Package 'src/realsense-ros/realsense2_camera_msgs' with type 'ros.ament_cmake' and name 'realsense2_camera_msgs'
[0.144s] Level 1:colcon.colcon_core.package_identification:_identify(src/realsense-ros/realsense2_description) by extensions ['ignore', 'ignore_ament_install']
[0.144s] Level 1:colcon.colcon_core.package_identification:_identify(src/realsense-ros/realsense2_description) by extension 'ignore'
[0.145s] Level 1:colcon.colcon_core.package_identification:_identify(src/realsense-ros/realsense2_description) by extension 'ignore_ament_install'
[0.145s] Level 1:colcon.colcon_core.package_identification:_identify(src/realsense-ros/realsense2_description) by extensions ['colcon_pkg']
[0.145s] Level 1:colcon.colcon_core.package_identification:_identify(src/realsense-ros/realsense2_description) by extension 'colcon_pkg'
[0.145s] Level 1:colcon.colcon_core.package_identification:_identify(src/realsense-ros/realsense2_description) by extensions ['colcon_meta']
[0.145s] Level 1:colcon.colcon_core.package_identification:_identify(src/realsense-ros/realsense2_description) by extension 'colcon_meta'
[0.145s] Level 1:colcon.colcon_core.package_identification:_identify(src/realsense-ros/realsense2_description) by extensions ['ros']
[0.145s] Level 1:colcon.colcon_core.package_identification:_identify(src/realsense-ros/realsense2_description) by extension 'ros'
[0.145s] DEBUG:colcon.colcon_core.package_identification:Package 'src/realsense-ros/realsense2_description' with type 'ros.ament_cmake' and name 'realsense2_description'
[0.145s] Level 1:colcon.colcon_core.package_identification:_identify(src/realsense-ros/scripts) by extensions ['ignore', 'ignore_ament_install']
[0.145s] Level 1:colcon.colcon_core.package_identification:_identify(src/realsense-ros/scripts) by extension 'ignore'
[0.145s] Level 1:colcon.colcon_core.package_identification:_identify(src/realsense-ros/scripts) by extension 'ignore_ament_install'
[0.145s] Level 1:colcon.colcon_core.package_identification:_identify(src/realsense-ros/scripts) by extensions ['colcon_pkg']
[0.145s] Level 1:colcon.colcon_core.package_identification:_identify(src/realsense-ros/scripts) by extension 'colcon_pkg'
[0.145s] Level 1:colcon.colcon_core.package_identification:_identify(src/realsense-ros/scripts) by extensions ['colcon_meta']
[0.145s] Level 1:colcon.colcon_core.package_identification:_identify(src/realsense-ros/scripts) by extension 'colcon_meta'
[0.146s] Level 1:colcon.colcon_core.package_identification:_identify(src/realsense-ros/scripts) by extensions ['ros']
[0.146s] Level 1:colcon.colcon_core.package_identification:_identify(src/realsense-ros/scripts) by extension 'ros'
[0.146s] Level 1:colcon.colcon_core.package_identification:_identify(src/realsense-ros/scripts) by extensions ['cmake', 'python']
[0.146s] Level 1:colcon.colcon_core.package_identification:_identify(src/realsense-ros/scripts) by extension 'cmake'
[0.146s] Level 1:colcon.colcon_core.package_identification:_identify(src/realsense-ros/scripts) by extension 'python'
[0.146s] Level 1:colcon.colcon_core.package_identification:_identify(src/realsense-ros/scripts) by extensions ['python_setup_py']
[0.146s] Level 1:colcon.colcon_core.package_identification:_identify(src/realsense-ros/scripts) by extension 'python_setup_py'
[0.146s] Level 1:colcon.colcon_core.package_discovery:discover_packages(recursive) using defaults
[0.146s] Level 1:colcon.colcon_core.package_discovery:discover_packages(ignore) discover
[0.146s] Level 1:colcon.colcon_core.package_discovery:discover_packages(ignore) using defaults
[0.146s] Level 1:colcon.colcon_core.package_discovery:discover_packages(path) discover
[0.146s] Level 1:colcon.colcon_core.package_discovery:discover_packages(path) using defaults
[0.163s] Level 1:colcon.colcon_core.package_discovery:discover_packages(prefix_path) check parameters
[0.163s] Level 1:colcon.colcon_core.package_discovery:discover_packages(prefix_path) discover
[0.165s] DEBUG:colcon.colcon_installed_package_information.package_discovery:Found 4 installed packages in /home/ekambehl/chess_ws/install
[0.165s] DEBUG:colcon.colcon_installed_package_information.package_discovery:Found 4 installed packages in /home/ekambehl/ros_ws/install
[0.166s] DEBUG:colcon.colcon_installed_package_information.package_discovery:Found 4 installed packages in /home/ekambehl/ros2_ws/install
[0.168s] DEBUG:colcon.colcon_installed_package_information.package_discovery:Found 272 installed packages in /opt/ros/humble
[0.169s] Level 1:colcon.colcon_core.package_discovery:discover_packages(prefix_path) using defaults
[0.208s] Level 5:colcon.colcon_core.verb:set package 'my_chess_controller' build argument 'cmake_args' from command line to 'None'
[0.208s] Level 5:colcon.colcon_core.verb:set package 'my_chess_controller' build argument 'cmake_target' from command line to 'None'
[0.208s] Level 5:colcon.colcon_core.verb:set package 'my_chess_controller' build argument 'cmake_target_skip_unavailable' from command line to 'False'
[0.208s] Level 5:colcon.colcon_core.verb:set package 'my_chess_controller' build argument 'cmake_clean_cache' from command line to 'False'
[0.208s] Level 5:colcon.colcon_core.verb:set package 'my_chess_controller' build argument 'cmake_clean_first' from command line to 'False'
[0.208s] Level 5:colcon.colcon_core.verb:set package 'my_chess_controller' build argument 'cmake_force_configure' from command line to 'False'
[0.208s] Level 5:colcon.colcon_core.verb:set package 'my_chess_controller' build argument 'ament_cmake_args' from command line to 'None'
[0.208s] Level 5:colcon.colcon_core.verb:set package 'my_chess_controller' build argument 'catkin_cmake_args' from command line to 'None'
[0.208s] Level 5:colcon.colcon_core.verb:set package 'my_chess_controller' build argument 'catkin_skip_building_tests' from command line to 'False'
[0.208s] DEBUG:colcon.colcon_core.verb:Building package 'my_chess_controller' with the following arguments: {'ament_cmake_args': None, 'build_base': '/home/ekambehl/chess_ws/build/my_chess_controller', 'catkin_cmake_args': None, 'catkin_skip_building_tests': False, 'cmake_args': None, 'cmake_clean_cache': False, 'cmake_clean_first': False, 'cmake_force_configure': False, 'cmake_target': None, 'cmake_target_skip_unavailable': False, 'install_base': '/home/ekambehl/chess_ws/install/my_chess_controller', 'merge_install': False, 'path': '/home/ekambehl/chess_ws/src/my_chess_controller', 'symlink_install': False, 'test_result_base': None}
[0.209s] Level 5:colcon.colcon_core.verb:set package 'realsense2_camera_msgs' build argument 'cmake_args' from command line to 'None'
[0.209s] Level 5:colcon.colcon_core.verb:set package 'realsense2_camera_msgs' build argument 'cmake_target' from command line to 'None'
[0.209s] Level 5:colcon.colcon_core.verb:set package 'realsense2_camera_msgs' build argument 'cmake_target_skip_unavailable' from command line to 'False'
[0.209s] Level 5:colcon.colcon_core.verb:set package 'realsense2_camera_msgs' build argument 'cmake_clean_cache' from command line to 'False'
[0.209s] Level 5:colcon.colcon_core.verb:set package 'realsense2_camera_msgs' build argument 'cmake_clean_first' from command line to 'False'
[0.209s] Level 5:colcon.colcon_core.verb:set package 'realsense2_camera_msgs' build argument 'cmake_force_configure' from command line to 'False'
[0.209s] Level 5:colcon.colcon_core.verb:set package 'realsense2_camera_msgs' build argument 'ament_cmake_args' from command line to 'None'
[0.209s] Level 5:colcon.colcon_core.verb:set package 'realsense2_camera_msgs' build argument 'catkin_cmake_args' from command line to 'None'
[0.209s] Level 5:colcon.colcon_core.verb:set package 'realsense2_camera_msgs' build argument 'catkin_skip_building_tests' from command line to 'False'
[0.209s] DEBUG:colcon.colcon_core.verb:Building package 'realsense2_camera_msgs' with the following arguments: {'ament_cmake_args': None, 'build_base': '/home/ekambehl/chess_ws/build/realsense2_camera_msgs', 'catkin_cmake_args': None, 'catkin_skip_building_tests': False, 'cmake_args': None, 'cmake_clean_cache': False, 'cmake_clean_first': False, 'cmake_force_configure': False, 'cmake_target': None, 'cmake_target_skip_unavailable': False, 'install_base': '/home/ekambehl/chess_ws/install/realsense2_camera_msgs', 'merge_install': False, 'path': '/home/ekambehl/chess_ws/src/realsense-ros/realsense2_camera_msgs', 'symlink_install': False, 'test_result_base': None}
[0.209s] Level 5:colcon.colcon_core.verb:set package 'realsense2_camera' build argument 'cmake_args' from command line to 'None'
[0.209s] Level 5:colcon.colcon_core.verb:set package 'realsense2_camera' build argument 'cmake_target' from command line to 'None'
[0.209s] Level 5:colcon.colcon_core.verb:set package 'realsense2_camera' build argument 'cmake_target_skip_unavailable' from command line to 'False'
[0.209s] Level 5:colcon.colcon_core.verb:set package 'realsense2_camera' build argument 'cmake_clean_cache' from command line to 'False'
[0.209s] Level 5:colcon.colcon_core.verb:set package 'realsense2_camera' build argument 'cmake_clean_first' from command line to 'False'
[0.209s] Level 5:colcon.colcon_core.verb:set package 'realsense2_camera' build argument 'cmake_force_configure' from command line to 'False'
[0.209s] Level 5:colcon.colcon_core.verb:set package 'realsense2_camera' build argument 'ament_cmake_args' from command line to 'None'
[0.209s] Level 5:colcon.colcon_core.verb:set package 'realsense2_camera' build argument 'catkin_cmake_args' from command line to 'None'
[0.209s] Level 5:colcon.colcon_core.verb:set package 'realsense2_camera' build argument 'catkin_skip_building_tests' from command line to 'False'
[0.210s] DEBUG:colcon.colcon_core.verb:Building package 'realsense2_camera' with the following arguments: {'ament_cmake_args': None, 'build_base': '/home/ekambehl/chess_ws/build/realsense2_camera', 'catkin_cmake_args': None, 'catkin_skip_building_tests': False, 'cmake_args': None, 'cmake_clean_cache': False, 'cmake_clean_first': False, 'cmake_force_configure': False, 'cmake_target': None, 'cmake_target_skip_unavailable': False, 'install_base': '/home/ekambehl/chess_ws/install/realsense2_camera', 'merge_install': False, 'path': '/home/ekambehl/chess_ws/src/realsense-ros/realsense2_camera', 'symlink_install': False, 'test_result_base': None}
[0.210s] Level 5:colcon.colcon_core.verb:set package 'realsense2_description' build argument 'cmake_args' from command line to 'None'
[0.210s] Level 5:colcon.colcon_core.verb:set package 'realsense2_description' build argument 'cmake_target' from command line to 'None'
[0.210s] Level 5:colcon.colcon_core.verb:set package 'realsense2_description' build argument 'cmake_target_skip_unavailable' from command line to 'False'
[0.210s] Level 5:colcon.colcon_core.verb:set package 'realsense2_description' build argument 'cmake_clean_cache' from command line to 'False'
[0.210s] Level 5:colcon.colcon_core.verb:set package 'realsense2_description' build argument 'cmake_clean_first' from command line to 'False'
[0.210s] Level 5:colcon.colcon_core.verb:set package 'realsense2_description' build argument 'cmake_force_configure' from command line to 'False'
[0.210s] Level 5:colcon.colcon_core.verb:set package 'realsense2_description' build argument 'ament_cmake_args' from command line to 'None'
[0.210s] Level 5:colcon.colcon_core.verb:set package 'realsense2_description' build argument 'catkin_cmake_args' from command line to 'None'
[0.210s] Level 5:colcon.colcon_core.verb:set package 'realsense2_description' build argument 'catkin_skip_building_tests' from command line to 'False'
[0.210s] DEBUG:colcon.colcon_core.verb:Building package 'realsense2_description' with the following arguments: {'ament_cmake_args': None, 'build_base': '/home/ekambehl/chess_ws/build/realsense2_description', 'catkin_cmake_args': None, 'catkin_skip_building_tests': False, 'cmake_args': None, 'cmake_clean_cache': False, 'cmake_clean_first': False, 'cmake_force_configure': False, 'cmake_target': None, 'cmake_target_skip_unavailable': False, 'install_base': '/home/ekambehl/chess_ws/install/realsense2_description', 'merge_install': False, 'path': '/home/ekambehl/chess_ws/src/realsense-ros/realsense2_description', 'symlink_install': False, 'test_result_base': None}
[0.211s] INFO:colcon.colcon_core.executor:Executing jobs using 'parallel' executor
[0.214s] DEBUG:colcon.colcon_parallel_executor.executor.parallel:run_until_complete
[0.214s] INFO:colcon.colcon_ros.task.ament_cmake.build:Building ROS package in '/home/ekambehl/chess_ws/src/realsense-ros/realsense2_camera_msgs' with build type 'ament_cmake'
[0.214s] INFO:colcon.colcon_cmake.task.cmake.build:Building CMake package in '/home/ekambehl/chess_ws/src/realsense-ros/realsense2_camera_msgs'
[0.217s] INFO:colcon.colcon_core.plugin_system:Skipping extension 'colcon_core.shell.bat': Not used on non-Windows systems
[0.218s] INFO:colcon.colcon_core.shell:Skip shell extension 'powershell' for command environment: Not usable outside of PowerShell
[0.218s] DEBUG:colcon.colcon_core.shell:Skip shell extension 'dsv' for command environment
[0.222s] INFO:colcon.colcon_ros.task.ament_python.build:Building ROS package in '/home/ekambehl/chess_ws/src/my_chess_controller' with build type 'ament_python'
[0.223s] Level 1:colcon.colcon_core.shell:create_environment_hook('my_chess_controller', 'ament_prefix_path')
[0.224s] INFO:colcon.colcon_core.shell:Creating environment hook '/home/ekambehl/chess_ws/install/my_chess_controller/share/my_chess_controller/hook/ament_prefix_path.ps1'
[0.224s] INFO:colcon.colcon_core.shell:Creating environment descriptor '/home/ekambehl/chess_ws/install/my_chess_controller/share/my_chess_controller/hook/ament_prefix_path.dsv'
[0.224s] INFO:colcon.colcon_core.shell:Creating environment hook '/home/ekambehl/chess_ws/install/my_chess_controller/share/my_chess_controller/hook/ament_prefix_path.sh'
[0.226s] INFO:colcon.colcon_core.shell:Skip shell extension 'powershell' for command environment: Not usable outside of PowerShell
[0.226s] DEBUG:colcon.colcon_core.shell:Skip shell extension 'dsv' for command environment
[0.236s] DEBUG:colcon.colcon_core.event_handler.log_command:Invoking command in '/home/ekambehl/chess_ws/build/realsense2_camera_msgs': CMAKE_PREFIX_PATH=${CMAKE_PREFIX_PATH}:/home/ekambehl/chess_ws/install/my_chess_controller:/home/ekambehl/ros_ws/install/my_robot_camera_driver:/home/ekambehl/ros2_ws/install/my_robot_camera_driver:/opt/ros/humble /usr/bin/cmake --build /home/ekambehl/chess_ws/build/realsense2_camera_msgs -- -j16 -l16
[0.506s] INFO:colcon.colcon_core.task.python.build:Building Python package in '/home/ekambehl/chess_ws/src/my_chess_controller'
[0.507s] INFO:colcon.colcon_core.shell:Skip shell extension 'powershell' for command environment: Not usable outside of PowerShell
[0.507s] DEBUG:colcon.colcon_core.shell:Skip shell extension 'dsv' for command environment
[0.584s] DEBUG:colcon.colcon_core.event_handler.log_command:Invoked command in '/home/ekambehl/chess_ws/build/realsense2_camera_msgs' returned '0': CMAKE_PREFIX_PATH=${CMAKE_PREFIX_PATH}:/home/ekambehl/chess_ws/install/my_chess_controller:/home/ekambehl/ros_ws/install/my_robot_camera_driver:/home/ekambehl/ros2_ws/install/my_robot_camera_driver:/opt/ros/humble /usr/bin/cmake --build /home/ekambehl/chess_ws/build/realsense2_camera_msgs -- -j16 -l16
[0.687s] DEBUG:colcon.colcon_core.event_handler.log_command:Invoking command in '/home/ekambehl/chess_ws/build/realsense2_camera_msgs': CMAKE_PREFIX_PATH=${CMAKE_PREFIX_PATH}:/home/ekambehl/chess_ws/install/my_chess_controller:/home/ekambehl/ros_ws/install/my_robot_camera_driver:/home/ekambehl/ros2_ws/install/my_robot_camera_driver:/opt/ros/humble /usr/bin/cmake --install /home/ekambehl/chess_ws/build/realsense2_camera_msgs
[0.736s] Level 1:colcon.colcon_core.environment:create_environment_scripts_only(realsense2_camera_msgs)
[0.737s] DEBUG:colcon.colcon_core.event_handler.log_command:Invoked command in '/home/ekambehl/chess_ws/build/realsense2_camera_msgs' returned '0': CMAKE_PREFIX_PATH=${CMAKE_PREFIX_PATH}:/home/ekambehl/chess_ws/install/my_chess_controller:/home/ekambehl/ros_ws/install/my_robot_camera_driver:/home/ekambehl/ros2_ws/install/my_robot_camera_driver:/opt/ros/humble /usr/bin/cmake --install /home/ekambehl/chess_ws/build/realsense2_camera_msgs
[0.741s] Level 1:colcon.colcon_core.environment:checking '/home/ekambehl/chess_ws/install/realsense2_camera_msgs' for CMake module files
[0.741s] Level 1:colcon.colcon_core.environment:checking '/home/ekambehl/chess_ws/install/realsense2_camera_msgs' for CMake config files
[0.742s] Level 1:colcon.colcon_core.shell:create_environment_hook('realsense2_camera_msgs', 'cmake_prefix_path')
[0.744s] INFO:colcon.colcon_core.shell:Creating environment hook '/home/ekambehl/chess_ws/install/realsense2_camera_msgs/share/realsense2_camera_msgs/hook/cmake_prefix_path.ps1'
[0.744s] INFO:colcon.colcon_core.shell:Creating environment descriptor '/home/ekambehl/chess_ws/install/realsense2_camera_msgs/share/realsense2_camera_msgs/hook/cmake_prefix_path.dsv'
[0.744s] INFO:colcon.colcon_core.shell:Creating environment hook '/home/ekambehl/chess_ws/install/realsense2_camera_msgs/share/realsense2_camera_msgs/hook/cmake_prefix_path.sh'
[0.745s] Level 1:colcon.colcon_core.environment:checking '/home/ekambehl/chess_ws/install/realsense2_camera_msgs/lib'
[0.745s] Level 1:colcon.colcon_core.shell:create_environment_hook('realsense2_camera_msgs', 'ld_library_path_lib')
[0.746s] INFO:colcon.colcon_core.shell:Creating environment hook '/home/ekambehl/chess_ws/install/realsense2_camera_msgs/share/realsense2_camera_msgs/hook/ld_library_path_lib.ps1'
[0.747s] INFO:colcon.colcon_core.shell:Creating environment descriptor '/home/ekambehl/chess_ws/install/realsense2_camera_msgs/share/realsense2_camera_msgs/hook/ld_library_path_lib.dsv'
[0.747s] INFO:colcon.colcon_core.shell:Creating environment hook '/home/ekambehl/chess_ws/install/realsense2_camera_msgs/share/realsense2_camera_msgs/hook/ld_library_path_lib.sh'
[0.747s] Level 1:colcon.colcon_core.environment:checking '/home/ekambehl/chess_ws/install/realsense2_camera_msgs/bin'
[0.747s] Level 1:colcon.colcon_core.environment:checking '/home/ekambehl/chess_ws/install/realsense2_camera_msgs/lib/pkgconfig/realsense2_camera_msgs.pc'
[0.748s] Level 1:colcon.colcon_core.environment:checking '/home/ekambehl/chess_ws/install/realsense2_camera_msgs/lib/python3.10/site-packages'
[0.748s] Level 1:colcon.colcon_core.environment:checking '/home/ekambehl/chess_ws/install/realsense2_camera_msgs/bin'
[0.749s] INFO:colcon.colcon_core.shell:Creating package script '/home/ekambehl/chess_ws/install/realsense2_camera_msgs/share/realsense2_camera_msgs/package.ps1'
[0.750s] INFO:colcon.colcon_core.shell:Creating package descriptor '/home/ekambehl/chess_ws/install/realsense2_camera_msgs/share/realsense2_camera_msgs/package.dsv'
[0.750s] INFO:colcon.colcon_core.shell:Creating package script '/home/ekambehl/chess_ws/install/realsense2_camera_msgs/share/realsense2_camera_msgs/package.sh'
[0.751s] INFO:colcon.colcon_core.shell:Creating package script '/home/ekambehl/chess_ws/install/realsense2_camera_msgs/share/realsense2_camera_msgs/package.bash'
[0.751s] INFO:colcon.colcon_core.shell:Creating package script '/home/ekambehl/chess_ws/install/realsense2_camera_msgs/share/realsense2_camera_msgs/package.zsh'
[0.752s] Level 1:colcon.colcon_core.environment:create_file_with_runtime_dependencies(/home/ekambehl/chess_ws/install/realsense2_camera_msgs/share/colcon-core/packages/realsense2_camera_msgs)
[0.853s] DEBUG:colcon.colcon_core.event_handler.log_command:Invoking command in '/home/ekambehl/chess_ws/src/my_chess_controller': PYTHONPATH=/home/ekambehl/chess_ws/build/my_chess_controller/prefix_override:/home/ekambehl/chess_ws/install/my_chess_controller/lib/python3.10/site-packages:${PYTHONPATH} /usr/bin/python3 setup.py egg_info --egg-base ../../build/my_chess_controller build --build-base /home/ekambehl/chess_ws/build/my_chess_controller/build install --record /home/ekambehl/chess_ws/build/my_chess_controller/install.log --single-version-externally-managed
[0.859s] Level 1:colcon.colcon_core.environment:create_environment_scripts_only(realsense2_camera_msgs)
[0.860s] Level 1:colcon.colcon_core.environment:checking '/home/ekambehl/chess_ws/install/realsense2_camera_msgs' for CMake module files
[0.861s] Level 1:colcon.colcon_core.environment:checking '/home/ekambehl/chess_ws/install/realsense2_camera_msgs' for CMake config files
[0.862s] Level 1:colcon.colcon_core.shell:create_environment_hook('realsense2_camera_msgs', 'cmake_prefix_path')
[0.863s] INFO:colcon.colcon_core.shell:Creating environment hook '/home/ekambehl/chess_ws/install/realsense2_camera_msgs/share/realsense2_camera_msgs/hook/cmake_prefix_path.ps1'
[0.863s] INFO:colcon.colcon_core.shell:Creating environment descriptor '/home/ekambehl/chess_ws/install/realsense2_camera_msgs/share/realsense2_camera_msgs/hook/cmake_prefix_path.dsv'
[0.864s] INFO:colcon.colcon_core.shell:Creating environment hook '/home/ekambehl/chess_ws/install/realsense2_camera_msgs/share/realsense2_camera_msgs/hook/cmake_prefix_path.sh'
[0.864s] Level 1:colcon.colcon_core.environment:checking '/home/ekambehl/chess_ws/install/realsense2_camera_msgs/lib'
[0.864s] Level 1:colcon.colcon_core.shell:create_environment_hook('realsense2_camera_msgs', 'ld_library_path_lib')
[0.865s] INFO:colcon.colcon_core.shell:Creating environment hook '/home/ekambehl/chess_ws/install/realsense2_camera_msgs/share/realsense2_camera_msgs/hook/ld_library_path_lib.ps1'
[0.866s] INFO:colcon.colcon_core.shell:Creating environment descriptor '/home/ekambehl/chess_ws/install/realsense2_camera_msgs/share/realsense2_camera_msgs/hook/ld_library_path_lib.dsv'
[0.866s] INFO:colcon.colcon_core.shell:Creating environment hook '/home/ekambehl/chess_ws/install/realsense2_camera_msgs/share/realsense2_camera_msgs/hook/ld_library_path_lib.sh'
[0.866s] Level 1:colcon.colcon_core.environment:checking '/home/ekambehl/chess_ws/install/realsense2_camera_msgs/bin'
[0.866s] Level 1:colcon.colcon_core.environment:checking '/home/ekambehl/chess_ws/install/realsense2_camera_msgs/lib/pkgconfig/realsense2_camera_msgs.pc'
[0.866s] Level 1:colcon.colcon_core.environment:checking '/home/ekambehl/chess_ws/install/realsense2_camera_msgs/lib/python3.10/site-packages'
[0.867s] Level 1:colcon.colcon_core.environment:checking '/home/ekambehl/chess_ws/install/realsense2_camera_msgs/bin'
[0.868s] INFO:colcon.colcon_core.shell:Creating package script '/home/ekambehl/chess_ws/install/realsense2_camera_msgs/share/realsense2_camera_msgs/package.ps1'
[0.868s] INFO:colcon.colcon_core.shell:Creating package descriptor '/home/ekambehl/chess_ws/install/realsense2_camera_msgs/share/realsense2_camera_msgs/package.dsv'
[0.868s] INFO:colcon.colcon_core.shell:Creating package script '/home/ekambehl/chess_ws/install/realsense2_camera_msgs/share/realsense2_camera_msgs/package.sh'
[0.869s] INFO:colcon.colcon_core.shell:Creating package script '/home/ekambehl/chess_ws/install/realsense2_camera_msgs/share/realsense2_camera_msgs/package.bash'
[0.869s] INFO:colcon.colcon_core.shell:Creating package script '/home/ekambehl/chess_ws/install/realsense2_camera_msgs/share/realsense2_camera_msgs/package.zsh'
[0.869s] Level 1:colcon.colcon_core.environment:create_file_with_runtime_dependencies(/home/ekambehl/chess_ws/install/realsense2_camera_msgs/share/colcon-core/packages/realsense2_camera_msgs)
[0.869s] INFO:colcon.colcon_ros.task.ament_cmake.build:Building ROS package in '/home/ekambehl/chess_ws/src/realsense-ros/realsense2_camera' with build type 'ament_cmake'
[0.870s] INFO:colcon.colcon_cmake.task.cmake.build:Building CMake package in '/home/ekambehl/chess_ws/src/realsense-ros/realsense2_camera'
[0.871s] INFO:colcon.colcon_core.shell:Skip shell extension 'powershell' for command environment: Not usable outside of PowerShell
[0.871s] DEBUG:colcon.colcon_core.shell:Skip shell extension 'dsv' for command environment
[0.877s] INFO:colcon.colcon_ros.task.ament_cmake.build:Building ROS package in '/home/ekambehl/chess_ws/src/realsense-ros/realsense2_description' with build type 'ament_cmake'
[0.877s] INFO:colcon.colcon_cmake.task.cmake.build:Building CMake package in '/home/ekambehl/chess_ws/src/realsense-ros/realsense2_description'
[0.878s] INFO:colcon.colcon_core.shell:Skip shell extension 'powershell' for command environment: Not usable outside of PowerShell
[0.878s] DEBUG:colcon.colcon_core.shell:Skip shell extension 'dsv' for command environment
[0.889s] DEBUG:colcon.colcon_core.event_handler.log_command:Invoking command in '/home/ekambehl/chess_ws/build/realsense2_camera': CMAKE_PREFIX_PATH=/home/ekambehl/chess_ws/install/realsense2_camera_msgs:/home/ekambehl/chess_ws/install/realsense2_description:/home/ekambehl/chess_ws/install/realsense2_camera:/home/ekambehl/ros_ws/install/realsense2_description:/home/ekambehl/ros_ws/install/realsense2_camera:/home/ekambehl/ros_ws/install/realsense2_camera_msgs:/home/ekambehl/ros2_ws/install/realsense2_description:/home/ekambehl/ros2_ws/install/realsense2_camera_msgs:/home/ekambehl/chess_ws/install/my_chess_controller:/home/ekambehl/ros_ws/install/my_robot_camera_driver:/home/ekambehl/ros2_ws/install/my_robot_camera_driver:/opt/ros/humble LD_LIBRARY_PATH=/home/ekambehl/chess_ws/install/realsense2_camera_msgs/lib:/home/ekambehl/chess_ws/install/realsense2_camera/lib:/home/ekambehl/ros_ws/install/realsense2_camera/lib:/home/ekambehl/ros_ws/install/realsense2_camera_msgs/lib:/home/ekambehl/ros2_ws/install/realsense2_camera_msgs/lib:/opt/ros/humble/opt/rviz_ogre_vendor/lib:/opt/ros/humble/lib/x86_64-linux-gnu:/opt/ros/humble/lib /usr/bin/cmake --build /home/ekambehl/chess_ws/build/realsense2_camera -- -j16 -l16
[0.893s] DEBUG:colcon.colcon_core.event_handler.log_command:Invoking command in '/home/ekambehl/chess_ws/build/realsense2_description': CMAKE_PREFIX_PATH=/home/ekambehl/chess_ws/install/realsense2_camera_msgs:/home/ekambehl/chess_ws/install/realsense2_description:/home/ekambehl/chess_ws/install/realsense2_camera:/home/ekambehl/ros_ws/install/realsense2_description:/home/ekambehl/ros_ws/install/realsense2_camera:/home/ekambehl/ros_ws/install/realsense2_camera_msgs:/home/ekambehl/ros2_ws/install/realsense2_description:/home/ekambehl/ros2_ws/install/realsense2_camera_msgs:/home/ekambehl/chess_ws/install/my_chess_controller:/home/ekambehl/ros_ws/install/my_robot_camera_driver:/home/ekambehl/ros2_ws/install/my_robot_camera_driver:/opt/ros/humble LD_LIBRARY_PATH=/home/ekambehl/chess_ws/install/realsense2_camera_msgs/lib:/home/ekambehl/chess_ws/install/realsense2_camera/lib:/home/ekambehl/ros_ws/install/realsense2_camera/lib:/home/ekambehl/ros_ws/install/realsense2_camera_msgs/lib:/home/ekambehl/ros2_ws/install/realsense2_camera_msgs/lib:/opt/ros/humble/opt/rviz_ogre_vendor/lib:/opt/ros/humble/lib/x86_64-linux-gnu:/opt/ros/humble/lib /usr/bin/cmake --build /home/ekambehl/chess_ws/build/realsense2_description -- -j16 -l16
[0.927s] DEBUG:colcon.colcon_core.event_handler.log_command:Invoked command in '/home/ekambehl/chess_ws/build/realsense2_description' returned '0': CMAKE_PREFIX_PATH=/home/ekambehl/chess_ws/install/realsense2_camera_msgs:/home/ekambehl/chess_ws/install/realsense2_description:/home/ekambehl/chess_ws/install/realsense2_camera:/home/ekambehl/ros_ws/install/realsense2_description:/home/ekambehl/ros_ws/install/realsense2_camera:/home/ekambehl/ros_ws/install/realsense2_camera_msgs:/home/ekambehl/ros2_ws/install/realsense2_description:/home/ekambehl/ros2_ws/install/realsense2_camera_msgs:/home/ekambehl/chess_ws/install/my_chess_controller:/home/ekambehl/ros_ws/install/my_robot_camera_driver:/home/ekambehl/ros2_ws/install/my_robot_camera_driver:/opt/ros/humble LD_LIBRARY_PATH=/home/ekambehl/chess_ws/install/realsense2_camera_msgs/lib:/home/ekambehl/chess_ws/install/realsense2_camera/lib:/home/ekambehl/ros_ws/install/realsense2_camera/lib:/home/ekambehl/ros_ws/install/realsense2_camera_msgs/lib:/home/ekambehl/ros2_ws/install/realsense2_camera_msgs/lib:/opt/ros/humble/opt/rviz_ogre_vendor/lib:/opt/ros/humble/lib/x86_64-linux-gnu:/opt/ros/humble/lib /usr/bin/cmake --build /home/ekambehl/chess_ws/build/realsense2_description -- -j16 -l16
[0.951s] DEBUG:colcon.colcon_core.event_handler.log_command:Invoking command in '/home/ekambehl/chess_ws/build/realsense2_description': CMAKE_PREFIX_PATH=/home/ekambehl/chess_ws/install/realsense2_camera_msgs:/home/ekambehl/chess_ws/install/realsense2_description:/home/ekambehl/chess_ws/install/realsense2_camera:/home/ekambehl/ros_ws/install/realsense2_description:/home/ekambehl/ros_ws/install/realsense2_camera:/home/ekambehl/ros_ws/install/realsense2_camera_msgs:/home/ekambehl/ros2_ws/install/realsense2_description:/home/ekambehl/ros2_ws/install/realsense2_camera_msgs:/home/ekambehl/chess_ws/install/my_chess_controller:/home/ekambehl/ros_ws/install/my_robot_camera_driver:/home/ekambehl/ros2_ws/install/my_robot_camera_driver:/opt/ros/humble LD_LIBRARY_PATH=/home/ekambehl/chess_ws/install/realsense2_camera_msgs/lib:/home/ekambehl/chess_ws/install/realsense2_camera/lib:/home/ekambehl/ros_ws/install/realsense2_camera/lib:/home/ekambehl/ros_ws/install/realsense2_camera_msgs/lib:/home/ekambehl/ros2_ws/install/realsense2_camera_msgs/lib:/opt/ros/humble/opt/rviz_ogre_vendor/lib:/opt/ros/humble/lib/x86_64-linux-gnu:/opt/ros/humble/lib /usr/bin/cmake --install /home/ekambehl/chess_ws/build/realsense2_description
[0.960s] Level 1:colcon.colcon_core.environment:create_environment_scripts_only(realsense2_description)
[0.963s] Level 1:colcon.colcon_core.environment:checking '/home/ekambehl/chess_ws/install/realsense2_description' for CMake module files
[0.963s] DEBUG:colcon.colcon_core.event_handler.log_command:Invoked command in '/home/ekambehl/chess_ws/build/realsense2_description' returned '0': CMAKE_PREFIX_PATH=/home/ekambehl/chess_ws/install/realsense2_camera_msgs:/home/ekambehl/chess_ws/install/realsense2_description:/home/ekambehl/chess_ws/install/realsense2_camera:/home/ekambehl/ros_ws/install/realsense2_description:/home/ekambehl/ros_ws/install/realsense2_camera:/home/ekambehl/ros_ws/install/realsense2_camera_msgs:/home/ekambehl/ros2_ws/install/realsense2_description:/home/ekambehl/ros2_ws/install/realsense2_camera_msgs:/home/ekambehl/chess_ws/install/my_chess_controller:/home/ekambehl/ros_ws/install/my_robot_camera_driver:/home/ekambehl/ros2_ws/install/my_robot_camera_driver:/opt/ros/humble LD_LIBRARY_PATH=/home/ekambehl/chess_ws/install/realsense2_camera_msgs/lib:/home/ekambehl/chess_ws/install/realsense2_camera/lib:/home/ekambehl/ros_ws/install/realsense2_camera/lib:/home/ekambehl/ros_ws/install/realsense2_camera_msgs/lib:/home/ekambehl/ros2_ws/install/realsense2_camera_msgs/lib:/opt/ros/humble/opt/rviz_ogre_vendor/lib:/opt/ros/humble/lib/x86_64-linux-gnu:/opt/ros/humble/lib /usr/bin/cmake --install /home/ekambehl/chess_ws/build/realsense2_description
[0.963s] Level 1:colcon.colcon_core.environment:checking '/home/ekambehl/chess_ws/install/realsense2_description' for CMake config files
[0.964s] Level 1:colcon.colcon_core.shell:create_environment_hook('realsense2_description', 'cmake_prefix_path')
[0.965s] INFO:colcon.colcon_core.shell:Creating environment hook '/home/ekambehl/chess_ws/install/realsense2_description/share/realsense2_description/hook/cmake_prefix_path.ps1'
[0.965s] INFO:colcon.colcon_core.shell:Creating environment descriptor '/home/ekambehl/chess_ws/install/realsense2_description/share/realsense2_description/hook/cmake_prefix_path.dsv'
[0.966s] INFO:colcon.colcon_core.shell:Creating environment hook '/home/ekambehl/chess_ws/install/realsense2_description/share/realsense2_description/hook/cmake_prefix_path.sh'
[0.966s] Level 1:colcon.colcon_core.environment:checking '/home/ekambehl/chess_ws/install/realsense2_description/bin'
[0.966s] Level 1:colcon.colcon_core.environment:checking '/home/ekambehl/chess_ws/install/realsense2_description/lib/pkgconfig/realsense2_description.pc'
[0.966s] Level 1:colcon.colcon_core.environment:checking '/home/ekambehl/chess_ws/install/realsense2_description/lib/python3.10/site-packages'
[0.966s] Level 1:colcon.colcon_core.environment:checking '/home/ekambehl/chess_ws/install/realsense2_description/bin'
[0.968s] INFO:colcon.colcon_core.shell:Creating package script '/home/ekambehl/chess_ws/install/realsense2_description/share/realsense2_description/package.ps1'
[0.969s] INFO:colcon.colcon_core.shell:Creating package descriptor '/home/ekambehl/chess_ws/install/realsense2_description/share/realsense2_description/package.dsv'
[0.969s] INFO:colcon.colcon_core.shell:Creating package script '/home/ekambehl/chess_ws/install/realsense2_description/share/realsense2_description/package.sh'
[0.969s] INFO:colcon.colcon_core.shell:Creating package script '/home/ekambehl/chess_ws/install/realsense2_description/share/realsense2_description/package.bash'
[0.970s] INFO:colcon.colcon_core.shell:Creating package script '/home/ekambehl/chess_ws/install/realsense2_description/share/realsense2_description/package.zsh'
[0.970s] Level 1:colcon.colcon_core.environment:create_file_with_runtime_dependencies(/home/ekambehl/chess_ws/install/realsense2_description/share/colcon-core/packages/realsense2_description)
[0.972s] DEBUG:colcon.colcon_core.event_handler.log_command:Invoked command in '/home/ekambehl/chess_ws/build/realsense2_camera' returned '0': CMAKE_PREFIX_PATH=/home/ekambehl/chess_ws/install/realsense2_camera_msgs:/home/ekambehl/chess_ws/install/realsense2_description:/home/ekambehl/chess_ws/install/realsense2_camera:/home/ekambehl/ros_ws/install/realsense2_description:/home/ekambehl/ros_ws/install/realsense2_camera:/home/ekambehl/ros_ws/install/realsense2_camera_msgs:/home/ekambehl/ros2_ws/install/realsense2_description:/home/ekambehl/ros2_ws/install/realsense2_camera_msgs:/home/ekambehl/chess_ws/install/my_chess_controller:/home/ekambehl/ros_ws/install/my_robot_camera_driver:/home/ekambehl/ros2_ws/install/my_robot_camera_driver:/opt/ros/humble LD_LIBRARY_PATH=/home/ekambehl/chess_ws/install/realsense2_camera_msgs/lib:/home/ekambehl/chess_ws/install/realsense2_camera/lib:/home/ekambehl/ros_ws/install/realsense2_camera/lib:/home/ekambehl/ros_ws/install/realsense2_camera_msgs/lib:/home/ekambehl/ros2_ws/install/realsense2_camera_msgs/lib:/opt/ros/humble/opt/rviz_ogre_vendor/lib:/opt/ros/humble/lib/x86_64-linux-gnu:/opt/ros/humble/lib /usr/bin/cmake --build /home/ekambehl/chess_ws/build/realsense2_camera -- -j16 -l16
[0.994s] Level 1:colcon.colcon_core.environment:create_environment_scripts_only(realsense2_description)
[0.996s] Level 1:colcon.colcon_core.environment:checking '/home/ekambehl/chess_ws/install/realsense2_description' for CMake module files
[0.996s] Level 1:colcon.colcon_core.environment:checking '/home/ekambehl/chess_ws/install/realsense2_description' for CMake config files
[0.997s] Level 1:colcon.colcon_core.shell:create_environment_hook('realsense2_description', 'cmake_prefix_path')
[0.998s] INFO:colcon.colcon_core.shell:Creating environment hook '/home/ekambehl/chess_ws/install/realsense2_description/share/realsense2_description/hook/cmake_prefix_path.ps1'
[0.998s] INFO:colcon.colcon_core.shell:Creating environment descriptor '/home/ekambehl/chess_ws/install/realsense2_description/share/realsense2_description/hook/cmake_prefix_path.dsv'
[0.999s] INFO:colcon.colcon_core.shell:Creating environment hook '/home/ekambehl/chess_ws/install/realsense2_description/share/realsense2_description/hook/cmake_prefix_path.sh'
[0.999s] Level 1:colcon.colcon_core.environment:checking '/home/ekambehl/chess_ws/install/realsense2_description/bin'
[0.999s] Level 1:colcon.colcon_core.environment:checking '/home/ekambehl/chess_ws/install/realsense2_description/lib/pkgconfig/realsense2_description.pc'
[0.999s] Level 1:colcon.colcon_core.environment:checking '/home/ekambehl/chess_ws/install/realsense2_description/lib/python3.10/site-packages'
[1.000s] Level 1:colcon.colcon_core.environment:checking '/home/ekambehl/chess_ws/install/realsense2_description/bin'
[1.001s] INFO:colcon.colcon_core.shell:Creating package script '/home/ekambehl/chess_ws/install/realsense2_description/share/realsense2_description/package.ps1'
[1.001s] INFO:colcon.colcon_core.shell:Creating package descriptor '/home/ekambehl/chess_ws/install/realsense2_description/share/realsense2_description/package.dsv'
[1.002s] INFO:colcon.colcon_core.shell:Creating package script '/home/ekambehl/chess_ws/install/realsense2_description/share/realsense2_description/package.sh'
[1.002s] INFO:colcon.colcon_core.shell:Creating package script '/home/ekambehl/chess_ws/install/realsense2_description/share/realsense2_description/package.bash'
[1.002s] INFO:colcon.colcon_core.shell:Creating package script '/home/ekambehl/chess_ws/install/realsense2_description/share/realsense2_description/package.zsh'
[1.003s] Level 1:colcon.colcon_core.environment:create_file_with_runtime_dependencies(/home/ekambehl/chess_ws/install/realsense2_description/share/colcon-core/packages/realsense2_description)
[1.022s] DEBUG:colcon.colcon_core.event_handler.log_command:Invoking command in '/home/ekambehl/chess_ws/build/realsense2_camera': CMAKE_PREFIX_PATH=/home/ekambehl/chess_ws/install/realsense2_camera_msgs:/home/ekambehl/chess_ws/install/realsense2_description:/home/ekambehl/chess_ws/install/realsense2_camera:/home/ekambehl/ros_ws/install/realsense2_description:/home/ekambehl/ros_ws/install/realsense2_camera:/home/ekambehl/ros_ws/install/realsense2_camera_msgs:/home/ekambehl/ros2_ws/install/realsense2_description:/home/ekambehl/ros2_ws/install/realsense2_camera_msgs:/home/ekambehl/chess_ws/install/my_chess_controller:/home/ekambehl/ros_ws/install/my_robot_camera_driver:/home/ekambehl/ros2_ws/install/my_robot_camera_driver:/opt/ros/humble LD_LIBRARY_PATH=/home/ekambehl/chess_ws/install/realsense2_camera_msgs/lib:/home/ekambehl/chess_ws/install/realsense2_camera/lib:/home/ekambehl/ros_ws/install/realsense2_camera/lib:/home/ekambehl/ros_ws/install/realsense2_camera_msgs/lib:/home/ekambehl/ros2_ws/install/realsense2_camera_msgs/lib:/opt/ros/humble/opt/rviz_ogre_vendor/lib:/opt/ros/humble/lib/x86_64-linux-gnu:/opt/ros/humble/lib /usr/bin/cmake --install /home/ekambehl/chess_ws/build/realsense2_camera
[1.032s] Level 1:colcon.colcon_core.environment:create_environment_scripts_only(realsense2_camera)
[1.034s] Level 1:colcon.colcon_core.environment:checking '/home/ekambehl/chess_ws/install/realsense2_camera' for CMake module files
[1.034s] DEBUG:colcon.colcon_core.event_handler.log_command:Invoked command in '/home/ekambehl/chess_ws/build/realsense2_camera' returned '0': CMAKE_PREFIX_PATH=/home/ekambehl/chess_ws/install/realsense2_camera_msgs:/home/ekambehl/chess_ws/install/realsense2_description:/home/ekambehl/chess_ws/install/realsense2_camera:/home/ekambehl/ros_ws/install/realsense2_description:/home/ekambehl/ros_ws/install/realsense2_camera:/home/ekambehl/ros_ws/install/realsense2_camera_msgs:/home/ekambehl/ros2_ws/install/realsense2_description:/home/ekambehl/ros2_ws/install/realsense2_camera_msgs:/home/ekambehl/chess_ws/install/my_chess_controller:/home/ekambehl/ros_ws/install/my_robot_camera_driver:/home/ekambehl/ros2_ws/install/my_robot_camera_driver:/opt/ros/humble LD_LIBRARY_PATH=/home/ekambehl/chess_ws/install/realsense2_camera_msgs/lib:/home/ekambehl/chess_ws/install/realsense2_camera/lib:/home/ekambehl/ros_ws/install/realsense2_camera/lib:/home/ekambehl/ros_ws/install/realsense2_camera_msgs/lib:/home/ekambehl/ros2_ws/install/realsense2_camera_msgs/lib:/opt/ros/humble/opt/rviz_ogre_vendor/lib:/opt/ros/humble/lib/x86_64-linux-gnu:/opt/ros/humble/lib /usr/bin/cmake --install /home/ekambehl/chess_ws/build/realsense2_camera
[1.035s] Level 1:colcon.colcon_core.environment:checking '/home/ekambehl/chess_ws/install/realsense2_camera' for CMake config files
[1.035s] Level 1:colcon.colcon_core.shell:create_environment_hook('realsense2_camera', 'cmake_prefix_path')
[1.037s] INFO:colcon.colcon_core.shell:Creating environment hook '/home/ekambehl/chess_ws/install/realsense2_camera/share/realsense2_camera/hook/cmake_prefix_path.ps1'
[1.037s] INFO:colcon.colcon_core.shell:Creating environment descriptor '/home/ekambehl/chess_ws/install/realsense2_camera/share/realsense2_camera/hook/cmake_prefix_path.dsv'
[1.038s] INFO:colcon.colcon_core.shell:Creating environment hook '/home/ekambehl/chess_ws/install/realsense2_camera/share/realsense2_camera/hook/cmake_prefix_path.sh'
[1.038s] Level 1:colcon.colcon_core.environment:checking '/home/ekambehl/chess_ws/install/realsense2_camera/lib'
[1.038s] Level 1:colcon.colcon_core.shell:create_environment_hook('realsense2_camera', 'ld_library_path_lib')
[1.039s] INFO:colcon.colcon_core.shell:Creating environment hook '/home/ekambehl/chess_ws/install/realsense2_camera/share/realsense2_camera/hook/ld_library_path_lib.ps1'
[1.040s] INFO:colcon.colcon_core.shell:Creating environment descriptor '/home/ekambehl/chess_ws/install/realsense2_camera/share/realsense2_camera/hook/ld_library_path_lib.dsv'
[1.040s] INFO:colcon.colcon_core.shell:Creating environment hook '/home/ekambehl/chess_ws/install/realsense2_camera/share/realsense2_camera/hook/ld_library_path_lib.sh'
[1.040s] Level 1:colcon.colcon_core.environment:checking '/home/ekambehl/chess_ws/install/realsense2_camera/bin'
[1.040s] Level 1:colcon.colcon_core.environment:checking '/home/ekambehl/chess_ws/install/realsense2_camera/lib/pkgconfig/realsense2_camera.pc'
[1.040s] Level 1:colcon.colcon_core.environment:checking '/home/ekambehl/chess_ws/install/realsense2_camera/lib/python3.10/site-packages'
[1.041s] Level 1:colcon.colcon_core.environment:checking '/home/ekambehl/chess_ws/install/realsense2_camera/bin'
[1.042s] INFO:colcon.colcon_core.shell:Creating package script '/home/ekambehl/chess_ws/install/realsense2_camera/share/realsense2_camera/package.ps1'
[1.042s] INFO:colcon.colcon_core.shell:Creating package descriptor '/home/ekambehl/chess_ws/install/realsense2_camera/share/realsense2_camera/package.dsv'
[1.043s] INFO:colcon.colcon_core.shell:Creating package script '/home/ekambehl/chess_ws/install/realsense2_camera/share/realsense2_camera/package.sh'
[1.043s] INFO:colcon.colcon_core.shell:Creating package script '/home/ekambehl/chess_ws/install/realsense2_camera/share/realsense2_camera/package.bash'
[1.043s] INFO:colcon.colcon_core.shell:Creating package script '/home/ekambehl/chess_ws/install/realsense2_camera/share/realsense2_camera/package.zsh'
[1.043s] Level 1:colcon.colcon_core.environment:create_file_with_runtime_dependencies(/home/ekambehl/chess_ws/install/realsense2_camera/share/colcon-core/packages/realsense2_camera)
[1.092s] Level 1:colcon.colcon_core.environment:create_environment_scripts_only(realsense2_camera)
[1.094s] Level 1:colcon.colcon_core.environment:checking '/home/ekambehl/chess_ws/install/realsense2_camera' for CMake module files
[1.094s] Level 1:colcon.colcon_core.environment:checking '/home/ekambehl/chess_ws/install/realsense2_camera' for CMake config files
[1.094s] Level 1:colcon.colcon_core.shell:create_environment_hook('realsense2_camera', 'cmake_prefix_path')
[1.095s] INFO:colcon.colcon_core.shell:Creating environment hook '/home/ekambehl/chess_ws/install/realsense2_camera/share/realsense2_camera/hook/cmake_prefix_path.ps1'
[1.095s] INFO:colcon.colcon_core.shell:Creating environment descriptor '/home/ekambehl/chess_ws/install/realsense2_camera/share/realsense2_camera/hook/cmake_prefix_path.dsv'
[1.096s] INFO:colcon.colcon_core.shell:Creating environment hook '/home/ekambehl/chess_ws/install/realsense2_camera/share/realsense2_camera/hook/cmake_prefix_path.sh'
[1.096s] Level 1:colcon.colcon_core.environment:checking '/home/ekambehl/chess_ws/install/realsense2_camera/lib'
[1.096s] Level 1:colcon.colcon_core.shell:create_environment_hook('realsense2_camera', 'ld_library_path_lib')
[1.097s] INFO:colcon.colcon_core.shell:Creating environment hook '/home/ekambehl/chess_ws/install/realsense2_camera/share/realsense2_camera/hook/ld_library_path_lib.ps1'
[1.098s] INFO:colcon.colcon_core.shell:Creating environment descriptor '/home/ekambehl/chess_ws/install/realsense2_camera/share/realsense2_camera/hook/ld_library_path_lib.dsv'
[1.098s] INFO:colcon.colcon_core.shell:Creating environment hook '/home/ekambehl/chess_ws/install/realsense2_camera/share/realsense2_camera/hook/ld_library_path_lib.sh'
[1.098s] Level 1:colcon.colcon_core.environment:checking '/home/ekambehl/chess_ws/install/realsense2_camera/bin'
[1.098s] Level 1:colcon.colcon_core.environment:checking '/home/ekambehl/chess_ws/install/realsense2_camera/lib/pkgconfig/realsense2_camera.pc'
[1.098s] Level 1:colcon.colcon_core.environment:checking '/home/ekambehl/chess_ws/install/realsense2_camera/lib/python3.10/site-packages'
[1.098s] Level 1:colcon.colcon_core.environment:checking '/home/ekambehl/chess_ws/install/realsense2_camera/bin'
[1.100s] INFO:colcon.colcon_core.shell:Creating package script '/home/ekambehl/chess_ws/install/realsense2_camera/share/realsense2_camera/package.ps1'
[1.100s] INFO:colcon.colcon_core.shell:Creating package descriptor '/home/ekambehl/chess_ws/install/realsense2_camera/share/realsense2_camera/package.dsv'
[1.100s] INFO:colcon.colcon_core.shell:Creating package script '/home/ekambehl/chess_ws/install/realsense2_camera/share/realsense2_camera/package.sh'
[1.101s] INFO:colcon.colcon_core.shell:Creating package script '/home/ekambehl/chess_ws/install/realsense2_camera/share/realsense2_camera/package.bash'
[1.101s] INFO:colcon.colcon_core.shell:Creating package script '/home/ekambehl/chess_ws/install/realsense2_camera/share/realsense2_camera/package.zsh'
[1.101s] Level 1:colcon.colcon_core.environment:create_file_with_runtime_dependencies(/home/ekambehl/chess_ws/install/realsense2_camera/share/colcon-core/packages/realsense2_camera)
[1.172s] Level 1:colcon.colcon_core.environment:checking '/home/ekambehl/chess_ws/install/my_chess_controller' for CMake module files
[1.173s] DEBUG:colcon.colcon_core.event_handler.log_command:Invoked command in '/home/ekambehl/chess_ws/src/my_chess_controller' returned '0': PYTHONPATH=/home/ekambehl/chess_ws/build/my_chess_controller/prefix_override:/home/ekambehl/chess_ws/install/my_chess_controller/lib/python3.10/site-packages:${PYTHONPATH} /usr/bin/python3 setup.py egg_info --egg-base ../../build/my_chess_controller build --build-base /home/ekambehl/chess_ws/build/my_chess_controller/build install --record /home/ekambehl/chess_ws/build/my_chess_controller/install.log --single-version-externally-managed
[1.174s] Level 1:colcon.colcon_core.environment:checking '/home/ekambehl/chess_ws/install/my_chess_controller' for CMake config files
[1.174s] Level 1:colcon.colcon_core.environment:checking '/home/ekambehl/chess_ws/install/my_chess_controller/lib'
[1.174s] Level 1:colcon.colcon_core.environment:checking '/home/ekambehl/chess_ws/install/my_chess_controller/bin'
[1.174s] Level 1:colcon.colcon_core.environment:checking '/home/ekambehl/chess_ws/install/my_chess_controller/lib/pkgconfig/my_chess_controller.pc'
[1.174s] Level 1:colcon.colcon_core.environment:checking '/home/ekambehl/chess_ws/install/my_chess_controller/lib/python3.10/site-packages'
[1.174s] Level 1:colcon.colcon_core.shell:create_environment_hook('my_chess_controller', 'pythonpath')
[1.175s] INFO:colcon.colcon_core.shell:Creating environment hook '/home/ekambehl/chess_ws/install/my_chess_controller/share/my_chess_controller/hook/pythonpath.ps1'
[1.175s] INFO:colcon.colcon_core.shell:Creating environment descriptor '/home/ekambehl/chess_ws/install/my_chess_controller/share/my_chess_controller/hook/pythonpath.dsv'
[1.176s] INFO:colcon.colcon_core.shell:Creating environment hook '/home/ekambehl/chess_ws/install/my_chess_controller/share/my_chess_controller/hook/pythonpath.sh'
[1.176s] Level 1:colcon.colcon_core.environment:checking '/home/ekambehl/chess_ws/install/my_chess_controller/bin'
[1.176s] Level 1:colcon.colcon_core.environment:create_environment_scripts_only(my_chess_controller)
[1.177s] INFO:colcon.colcon_core.shell:Creating package script '/home/ekambehl/chess_ws/install/my_chess_controller/share/my_chess_controller/package.ps1'
[1.178s] INFO:colcon.colcon_core.shell:Creating package descriptor '/home/ekambehl/chess_ws/install/my_chess_controller/share/my_chess_controller/package.dsv'
[1.178s] INFO:colcon.colcon_core.shell:Creating package script '/home/ekambehl/chess_ws/install/my_chess_controller/share/my_chess_controller/package.sh'
[1.178s] INFO:colcon.colcon_core.shell:Creating package script '/home/ekambehl/chess_ws/install/my_chess_controller/share/my_chess_controller/package.bash'
[1.178s] INFO:colcon.colcon_core.shell:Creating package script '/home/ekambehl/chess_ws/install/my_chess_controller/share/my_chess_controller/package.zsh'
[1.179s] Level 1:colcon.colcon_core.environment:create_file_with_runtime_dependencies(/home/ekambehl/chess_ws/install/my_chess_controller/share/colcon-core/packages/my_chess_controller)
[1.179s] DEBUG:colcon.colcon_parallel_executor.executor.parallel:closing loop
[1.179s] DEBUG:colcon.colcon_parallel_executor.executor.parallel:loop closed
[1.179s] DEBUG:colcon.colcon_parallel_executor.executor.parallel:run_until_complete finished with '0'
[1.179s] DEBUG:colcon.colcon_core.event_reactor:joining thread
[1.185s] INFO:colcon.colcon_core.plugin_system:Skipping extension 'colcon_notification.desktop_notification.terminal_notifier': Not used on non-Darwin systems
[1.185s] INFO:colcon.colcon_core.plugin_system:Skipping extension 'colcon_notification.desktop_notification.win32': Not used on non-Windows systems
[1.185s] INFO:colcon.colcon_notification.desktop_notification:Sending desktop notification using 'notify2'
[1.198s] DEBUG:colcon.colcon_core.event_reactor:joined thread
[1.200s] INFO:colcon.colcon_core.shell:Creating prefix script '/home/ekambehl/chess_ws/install/local_setup.ps1'
[1.201s] INFO:colcon.colcon_core.shell:Creating prefix util module '/home/ekambehl/chess_ws/install/_local_setup_util_ps1.py'
[1.203s] INFO:colcon.colcon_core.shell:Creating prefix chain script '/home/ekambehl/chess_ws/install/setup.ps1'
[1.204s] INFO:colcon.colcon_core.shell:Creating prefix script '/home/ekambehl/chess_ws/install/local_setup.sh'
[1.205s] INFO:colcon.colcon_core.shell:Creating prefix util module '/home/ekambehl/chess_ws/install/_local_setup_util_sh.py'
[1.205s] INFO:colcon.colcon_core.shell:Creating prefix chain script '/home/ekambehl/chess_ws/install/setup.sh'
[1.207s] INFO:colcon.colcon_core.shell:Creating prefix script '/home/ekambehl/chess_ws/install/local_setup.bash'
[1.207s] INFO:colcon.colcon_core.shell:Creating prefix chain script '/home/ekambehl/chess_ws/install/setup.bash'
[1.208s] INFO:colcon.colcon_core.shell:Creating prefix script '/home/ekambehl/chess_ws/install/local_setup.zsh'
[1.209s] INFO:colcon.colcon_core.shell:Creating prefix chain script '/home/ekambehl/chess_ws/install/setup.zsh'
