[0.149s] DEBUG:colcon:Command line arguments: ['/usr/bin/colcon', 'build']
[0.149s] DEBUG:colcon:Parsed command line arguments: Namespace(log_base=None, log_level=None, verb_name='build', build_base='build', install_base='install', merge_install=False, symlink_install=False, test_result_base=None, continue_on_error=False, executor='parallel', parallel_workers=16, event_handlers=None, ignore_user_meta=False, metas=['./colcon.meta'], base_paths=['.'], packages_ignore=None, packages_ignore_regex=None, paths=None, packages_up_to=None, packages_up_to_regex=None, packages_above=None, packages_above_and_dependencies=None, packages_above_depth=None, packages_select_by_dep=None, packages_skip_by_dep=None, packages_skip_up_to=None, packages_select_build_failed=False, packages_skip_build_finished=False, packages_select_test_failures=False, packages_skip_test_passed=False, packages_select=None, packages_skip=None, packages_select_regex=None, packages_skip_regex=None, packages_start=None, packages_end=None, allow_overriding=[], cmake_args=None, cmake_target=None, cmake_target_skip_unavailable=False, cmake_clean_cache=False, cmake_clean_first=False, cmake_force_configure=False, ament_cmake_args=None, catkin_cmake_args=None, catkin_skip_building_tests=False, verb_parser=<colcon_defaults.argument_parser.defaults.DefaultArgumentsDecorator object at 0x7f2b82359600>, verb_extension=<colcon_core.verb.build.BuildVerb object at 0x7f2b82359090>, main=<bound method BuildVerb.main of <colcon_core.verb.build.BuildVerb object at 0x7f2b82359090>>)
[0.180s] Level 1:colcon.colcon_core.package_discovery:discover_packages(colcon_meta) check parameters
[0.180s] Level 1:colcon.colcon_core.package_discovery:discover_packages(recursive) check parameters
[0.180s] Level 1:colcon.colcon_core.package_discovery:discover_packages(ignore) check parameters
[0.180s] Level 1:colcon.colcon_core.package_discovery:discover_packages(path) check parameters
[0.180s] Level 1:colcon.colcon_core.package_discovery:discover_packages(colcon_meta) discover
[0.180s] Level 1:colcon.colcon_core.package_discovery:discover_packages(recursive) discover
[0.180s] INFO:colcon.colcon_core.package_discovery:Crawling recursively for packages in '/home/ekambehl/chess_ws'
[0.181s] Level 1:colcon.colcon_core.package_identification:_identify(.) by extensions ['ignore', 'ignore_ament_install']
[0.181s] Level 1:colcon.colcon_core.package_identification:_identify(.) by extension 'ignore'
[0.181s] Level 1:colcon.colcon_core.package_identification:_identify(.) by extension 'ignore_ament_install'
[0.181s] Level 1:colcon.colcon_core.package_identification:_identify(.) by extensions ['colcon_pkg']
[0.181s] Level 1:colcon.colcon_core.package_identification:_identify(.) by extension 'colcon_pkg'
[0.181s] Level 1:colcon.colcon_core.package_identification:_identify(.) by extensions ['colcon_meta']
[0.181s] Level 1:colcon.colcon_core.package_identification:_identify(.) by extension 'colcon_meta'
[0.181s] Level 1:colcon.colcon_core.package_identification:_identify(.) by extensions ['ros']
[0.181s] Level 1:colcon.colcon_core.package_identification:_identify(.) by extension 'ros'
[0.193s] Level 1:colcon.colcon_core.package_identification:_identify(.) by extensions ['cmake', 'python']
[0.193s] Level 1:colcon.colcon_core.package_identification:_identify(.) by extension 'cmake'
[0.193s] Level 1:colcon.colcon_core.package_identification:_identify(.) by extension 'python'
[0.193s] Level 1:colcon.colcon_core.package_identification:_identify(.) by extensions ['python_setup_py']
[0.193s] Level 1:colcon.colcon_core.package_identification:_identify(.) by extension 'python_setup_py'
[0.193s] Level 1:colcon.colcon_core.package_identification:_identify(build) by extensions ['ignore', 'ignore_ament_install']
[0.193s] Level 1:colcon.colcon_core.package_identification:_identify(build) by extension 'ignore'
[0.193s] Level 1:colcon.colcon_core.package_identification:_identify(build) ignored
[0.194s] Level 1:colcon.colcon_core.package_identification:_identify(install) by extensions ['ignore', 'ignore_ament_install']
[0.194s] Level 1:colcon.colcon_core.package_identification:_identify(install) by extension 'ignore'
[0.194s] Level 1:colcon.colcon_core.package_identification:_identify(install) ignored
[0.194s] Level 1:colcon.colcon_core.package_identification:_identify(log) by extensions ['ignore', 'ignore_ament_install']
[0.194s] Level 1:colcon.colcon_core.package_identification:_identify(log) by extension 'ignore'
[0.194s] Level 1:colcon.colcon_core.package_identification:_identify(log) ignored
[0.194s] Level 1:colcon.colcon_core.package_identification:_identify(src) by extensions ['ignore', 'ignore_ament_install']
[0.194s] Level 1:colcon.colcon_core.package_identification:_identify(src) by extension 'ignore'
[0.194s] Level 1:colcon.colcon_core.package_identification:_identify(src) by extension 'ignore_ament_install'
[0.194s] Level 1:colcon.colcon_core.package_identification:_identify(src) by extensions ['colcon_pkg']
[0.194s] Level 1:colcon.colcon_core.package_identification:_identify(src) by extension 'colcon_pkg'
[0.194s] Level 1:colcon.colcon_core.package_identification:_identify(src) by extensions ['colcon_meta']
[0.194s] Level 1:colcon.colcon_core.package_identification:_identify(src) by extension 'colcon_meta'
[0.194s] Level 1:colcon.colcon_core.package_identification:_identify(src) by extensions ['ros']
[0.194s] Level 1:colcon.colcon_core.package_identification:_identify(src) by extension 'ros'
[0.194s] Level 1:colcon.colcon_core.package_identification:_identify(src) by extensions ['cmake', 'python']
[0.194s] Level 1:colcon.colcon_core.package_identification:_identify(src) by extension 'cmake'
[0.194s] Level 1:colcon.colcon_core.package_identification:_identify(src) by extension 'python'
[0.194s] Level 1:colcon.colcon_core.package_identification:_identify(src) by extensions ['python_setup_py']
[0.194s] Level 1:colcon.colcon_core.package_identification:_identify(src) by extension 'python_setup_py'
[0.194s] Level 1:colcon.colcon_core.package_identification:_identify(src/build) by extensions ['ignore', 'ignore_ament_install']
[0.194s] Level 1:colcon.colcon_core.package_identification:_identify(src/build) by extension 'ignore'
[0.194s] Level 1:colcon.colcon_core.package_identification:_identify(src/build) ignored
[0.194s] Level 1:colcon.colcon_core.package_identification:_identify(src/install) by extensions ['ignore', 'ignore_ament_install']
[0.195s] Level 1:colcon.colcon_core.package_identification:_identify(src/install) by extension 'ignore'
[0.195s] Level 1:colcon.colcon_core.package_identification:_identify(src/install) ignored
[0.195s] Level 1:colcon.colcon_core.package_identification:_identify(src/log) by extensions ['ignore', 'ignore_ament_install']
[0.195s] Level 1:colcon.colcon_core.package_identification:_identify(src/log) by extension 'ignore'
[0.195s] Level 1:colcon.colcon_core.package_identification:_identify(src/log) ignored
[0.195s] Level 1:colcon.colcon_core.package_identification:_identify(src/my_chess_controller) by extensions ['ignore', 'ignore_ament_install']
[0.195s] Level 1:colcon.colcon_core.package_identification:_identify(src/my_chess_controller) by extension 'ignore'
[0.195s] Level 1:colcon.colcon_core.package_identification:_identify(src/my_chess_controller) by extension 'ignore_ament_install'
[0.195s] Level 1:colcon.colcon_core.package_identification:_identify(src/my_chess_controller) by extensions ['colcon_pkg']
[0.195s] Level 1:colcon.colcon_core.package_identification:_identify(src/my_chess_controller) by extension 'colcon_pkg'
[0.195s] Level 1:colcon.colcon_core.package_identification:_identify(src/my_chess_controller) by extensions ['colcon_meta']
[0.195s] Level 1:colcon.colcon_core.package_identification:_identify(src/my_chess_controller) by extension 'colcon_meta'
[0.195s] Level 1:colcon.colcon_core.package_identification:_identify(src/my_chess_controller) by extensions ['ros']
[0.195s] Level 1:colcon.colcon_core.package_identification:_identify(src/my_chess_controller) by extension 'ros'
[0.197s] DEBUG:colcon.colcon_core.package_identification:Package 'src/my_chess_controller' with type 'ros.ament_python' and name 'my_chess_controller'
[0.197s] Level 1:colcon.colcon_core.package_identification:_identify(src/realsense-ros) by extensions ['ignore', 'ignore_ament_install']
[0.197s] Level 1:colcon.colcon_core.package_identification:_identify(src/realsense-ros) by extension 'ignore'
[0.197s] Level 1:colcon.colcon_core.package_identification:_identify(src/realsense-ros) by extension 'ignore_ament_install'
[0.197s] Level 1:colcon.colcon_core.package_identification:_identify(src/realsense-ros) by extensions ['colcon_pkg']
[0.197s] Level 1:colcon.colcon_core.package_identification:_identify(src/realsense-ros) by extension 'colcon_pkg'
[0.197s] Level 1:colcon.colcon_core.package_identification:_identify(src/realsense-ros) by extensions ['colcon_meta']
[0.197s] Level 1:colcon.colcon_core.package_identification:_identify(src/realsense-ros) by extension 'colcon_meta'
[0.197s] Level 1:colcon.colcon_core.package_identification:_identify(src/realsense-ros) by extensions ['ros']
[0.197s] Level 1:colcon.colcon_core.package_identification:_identify(src/realsense-ros) by extension 'ros'
[0.198s] Level 1:colcon.colcon_core.package_identification:_identify(src/realsense-ros) by extensions ['cmake', 'python']
[0.198s] Level 1:colcon.colcon_core.package_identification:_identify(src/realsense-ros) by extension 'cmake'
[0.198s] Level 1:colcon.colcon_core.package_identification:_identify(src/realsense-ros) by extension 'python'
[0.198s] Level 1:colcon.colcon_core.package_identification:_identify(src/realsense-ros) by extensions ['python_setup_py']
[0.198s] Level 1:colcon.colcon_core.package_identification:_identify(src/realsense-ros) by extension 'python_setup_py'
[0.198s] Level 1:colcon.colcon_core.package_identification:_identify(src/realsense-ros/realsense2_camera) by extensions ['ignore', 'ignore_ament_install']
[0.198s] Level 1:colcon.colcon_core.package_identification:_identify(src/realsense-ros/realsense2_camera) by extension 'ignore'
[0.198s] Level 1:colcon.colcon_core.package_identification:_identify(src/realsense-ros/realsense2_camera) by extension 'ignore_ament_install'
[0.198s] Level 1:colcon.colcon_core.package_identification:_identify(src/realsense-ros/realsense2_camera) by extensions ['colcon_pkg']
[0.198s] Level 1:colcon.colcon_core.package_identification:_identify(src/realsense-ros/realsense2_camera) by extension 'colcon_pkg'
[0.198s] Level 1:colcon.colcon_core.package_identification:_identify(src/realsense-ros/realsense2_camera) by extensions ['colcon_meta']
[0.198s] Level 1:colcon.colcon_core.package_identification:_identify(src/realsense-ros/realsense2_camera) by extension 'colcon_meta'
[0.198s] Level 1:colcon.colcon_core.package_identification:_identify(src/realsense-ros/realsense2_camera) by extensions ['ros']
[0.198s] Level 1:colcon.colcon_core.package_identification:_identify(src/realsense-ros/realsense2_camera) by extension 'ros'
[0.199s] DEBUG:colcon.colcon_core.package_identification:Package 'src/realsense-ros/realsense2_camera' with type 'ros.ament_cmake' and name 'realsense2_camera'
[0.199s] Level 1:colcon.colcon_core.package_identification:_identify(src/realsense-ros/realsense2_camera_msgs) by extensions ['ignore', 'ignore_ament_install']
[0.199s] Level 1:colcon.colcon_core.package_identification:_identify(src/realsense-ros/realsense2_camera_msgs) by extension 'ignore'
[0.199s] Level 1:colcon.colcon_core.package_identification:_identify(src/realsense-ros/realsense2_camera_msgs) by extension 'ignore_ament_install'
[0.199s] Level 1:colcon.colcon_core.package_identification:_identify(src/realsense-ros/realsense2_camera_msgs) by extensions ['colcon_pkg']
[0.199s] Level 1:colcon.colcon_core.package_identification:_identify(src/realsense-ros/realsense2_camera_msgs) by extension 'colcon_pkg'
[0.199s] Level 1:colcon.colcon_core.package_identification:_identify(src/realsense-ros/realsense2_camera_msgs) by extensions ['colcon_meta']
[0.199s] Level 1:colcon.colcon_core.package_identification:_identify(src/realsense-ros/realsense2_camera_msgs) by extension 'colcon_meta'
[0.199s] Level 1:colcon.colcon_core.package_identification:_identify(src/realsense-ros/realsense2_camera_msgs) by extensions ['ros']
[0.199s] Level 1:colcon.colcon_core.package_identification:_identify(src/realsense-ros/realsense2_camera_msgs) by extension 'ros'
[0.200s] DEBUG:colcon.colcon_core.package_identification:Package 'src/realsense-ros/realsense2_camera_msgs' with type 'ros.ament_cmake' and name 'realsense2_camera_msgs'
[0.200s] Level 1:colcon.colcon_core.package_identification:_identify(src/realsense-ros/realsense2_description) by extensions ['ignore', 'ignore_ament_install']
[0.200s] Level 1:colcon.colcon_core.package_identification:_identify(src/realsense-ros/realsense2_description) by extension 'ignore'
[0.200s] Level 1:colcon.colcon_core.package_identification:_identify(src/realsense-ros/realsense2_description) by extension 'ignore_ament_install'
[0.200s] Level 1:colcon.colcon_core.package_identification:_identify(src/realsense-ros/realsense2_description) by extensions ['colcon_pkg']
[0.200s] Level 1:colcon.colcon_core.package_identification:_identify(src/realsense-ros/realsense2_description) by extension 'colcon_pkg'
[0.200s] Level 1:colcon.colcon_core.package_identification:_identify(src/realsense-ros/realsense2_description) by extensions ['colcon_meta']
[0.200s] Level 1:colcon.colcon_core.package_identification:_identify(src/realsense-ros/realsense2_description) by extension 'colcon_meta'
[0.200s] Level 1:colcon.colcon_core.package_identification:_identify(src/realsense-ros/realsense2_description) by extensions ['ros']
[0.200s] Level 1:colcon.colcon_core.package_identification:_identify(src/realsense-ros/realsense2_description) by extension 'ros'
[0.201s] DEBUG:colcon.colcon_core.package_identification:Package 'src/realsense-ros/realsense2_description' with type 'ros.ament_cmake' and name 'realsense2_description'
[0.201s] Level 1:colcon.colcon_core.package_identification:_identify(src/realsense-ros/scripts) by extensions ['ignore', 'ignore_ament_install']
[0.201s] Level 1:colcon.colcon_core.package_identification:_identify(src/realsense-ros/scripts) by extension 'ignore'
[0.201s] Level 1:colcon.colcon_core.package_identification:_identify(src/realsense-ros/scripts) by extension 'ignore_ament_install'
[0.201s] Level 1:colcon.colcon_core.package_identification:_identify(src/realsense-ros/scripts) by extensions ['colcon_pkg']
[0.201s] Level 1:colcon.colcon_core.package_identification:_identify(src/realsense-ros/scripts) by extension 'colcon_pkg'
[0.201s] Level 1:colcon.colcon_core.package_identification:_identify(src/realsense-ros/scripts) by extensions ['colcon_meta']
[0.201s] Level 1:colcon.colcon_core.package_identification:_identify(src/realsense-ros/scripts) by extension 'colcon_meta'
[0.201s] Level 1:colcon.colcon_core.package_identification:_identify(src/realsense-ros/scripts) by extensions ['ros']
[0.201s] Level 1:colcon.colcon_core.package_identification:_identify(src/realsense-ros/scripts) by extension 'ros'
[0.201s] Level 1:colcon.colcon_core.package_identification:_identify(src/realsense-ros/scripts) by extensions ['cmake', 'python']
[0.201s] Level 1:colcon.colcon_core.package_identification:_identify(src/realsense-ros/scripts) by extension 'cmake'
[0.201s] Level 1:colcon.colcon_core.package_identification:_identify(src/realsense-ros/scripts) by extension 'python'
[0.201s] Level 1:colcon.colcon_core.package_identification:_identify(src/realsense-ros/scripts) by extensions ['python_setup_py']
[0.201s] Level 1:colcon.colcon_core.package_identification:_identify(src/realsense-ros/scripts) by extension 'python_setup_py'
[0.201s] Level 1:colcon.colcon_core.package_discovery:discover_packages(recursive) using defaults
[0.201s] Level 1:colcon.colcon_core.package_discovery:discover_packages(ignore) discover
[0.201s] Level 1:colcon.colcon_core.package_discovery:discover_packages(ignore) using defaults
[0.201s] Level 1:colcon.colcon_core.package_discovery:discover_packages(path) discover
[0.201s] Level 1:colcon.colcon_core.package_discovery:discover_packages(path) using defaults
[0.233s] Level 1:colcon.colcon_core.package_discovery:discover_packages(prefix_path) check parameters
[0.234s] Level 1:colcon.colcon_core.package_discovery:discover_packages(prefix_path) discover
[0.237s] DEBUG:colcon.colcon_installed_package_information.package_discovery:Found 4 installed packages in /home/ekambehl/chess_ws/install
[0.237s] DEBUG:colcon.colcon_installed_package_information.package_discovery:Found 4 installed packages in /home/ekambehl/ros_ws/install
[0.238s] DEBUG:colcon.colcon_installed_package_information.package_discovery:Found 4 installed packages in /home/ekambehl/ros2_ws/install
[0.240s] DEBUG:colcon.colcon_installed_package_information.package_discovery:Found 272 installed packages in /opt/ros/humble
[0.241s] Level 1:colcon.colcon_core.package_discovery:discover_packages(prefix_path) using defaults
[0.285s] Level 5:colcon.colcon_core.verb:set package 'my_chess_controller' build argument 'cmake_args' from command line to 'None'
[0.285s] Level 5:colcon.colcon_core.verb:set package 'my_chess_controller' build argument 'cmake_target' from command line to 'None'
[0.285s] Level 5:colcon.colcon_core.verb:set package 'my_chess_controller' build argument 'cmake_target_skip_unavailable' from command line to 'False'
[0.285s] Level 5:colcon.colcon_core.verb:set package 'my_chess_controller' build argument 'cmake_clean_cache' from command line to 'False'
[0.285s] Level 5:colcon.colcon_core.verb:set package 'my_chess_controller' build argument 'cmake_clean_first' from command line to 'False'
[0.285s] Level 5:colcon.colcon_core.verb:set package 'my_chess_controller' build argument 'cmake_force_configure' from command line to 'False'
[0.285s] Level 5:colcon.colcon_core.verb:set package 'my_chess_controller' build argument 'ament_cmake_args' from command line to 'None'
[0.285s] Level 5:colcon.colcon_core.verb:set package 'my_chess_controller' build argument 'catkin_cmake_args' from command line to 'None'
[0.285s] Level 5:colcon.colcon_core.verb:set package 'my_chess_controller' build argument 'catkin_skip_building_tests' from command line to 'False'
[0.286s] DEBUG:colcon.colcon_core.verb:Building package 'my_chess_controller' with the following arguments: {'ament_cmake_args': None, 'build_base': '/home/ekambehl/chess_ws/build/my_chess_controller', 'catkin_cmake_args': None, 'catkin_skip_building_tests': False, 'cmake_args': None, 'cmake_clean_cache': False, 'cmake_clean_first': False, 'cmake_force_configure': False, 'cmake_target': None, 'cmake_target_skip_unavailable': False, 'install_base': '/home/ekambehl/chess_ws/install/my_chess_controller', 'merge_install': False, 'path': '/home/ekambehl/chess_ws/src/my_chess_controller', 'symlink_install': False, 'test_result_base': None}
[0.286s] Level 5:colcon.colcon_core.verb:set package 'realsense2_camera_msgs' build argument 'cmake_args' from command line to 'None'
[0.286s] Level 5:colcon.colcon_core.verb:set package 'realsense2_camera_msgs' build argument 'cmake_target' from command line to 'None'
[0.287s] Level 5:colcon.colcon_core.verb:set package 'realsense2_camera_msgs' build argument 'cmake_target_skip_unavailable' from command line to 'False'
[0.287s] Level 5:colcon.colcon_core.verb:set package 'realsense2_camera_msgs' build argument 'cmake_clean_cache' from command line to 'False'
[0.287s] Level 5:colcon.colcon_core.verb:set package 'realsense2_camera_msgs' build argument 'cmake_clean_first' from command line to 'False'
[0.287s] Level 5:colcon.colcon_core.verb:set package 'realsense2_camera_msgs' build argument 'cmake_force_configure' from command line to 'False'
[0.287s] Level 5:colcon.colcon_core.verb:set package 'realsense2_camera_msgs' build argument 'ament_cmake_args' from command line to 'None'
[0.287s] Level 5:colcon.colcon_core.verb:set package 'realsense2_camera_msgs' build argument 'catkin_cmake_args' from command line to 'None'
[0.287s] Level 5:colcon.colcon_core.verb:set package 'realsense2_camera_msgs' build argument 'catkin_skip_building_tests' from command line to 'False'
[0.287s] DEBUG:colcon.colcon_core.verb:Building package 'realsense2_camera_msgs' with the following arguments: {'ament_cmake_args': None, 'build_base': '/home/ekambehl/chess_ws/build/realsense2_camera_msgs', 'catkin_cmake_args': None, 'catkin_skip_building_tests': False, 'cmake_args': None, 'cmake_clean_cache': False, 'cmake_clean_first': False, 'cmake_force_configure': False, 'cmake_target': None, 'cmake_target_skip_unavailable': False, 'install_base': '/home/ekambehl/chess_ws/install/realsense2_camera_msgs', 'merge_install': False, 'path': '/home/ekambehl/chess_ws/src/realsense-ros/realsense2_camera_msgs', 'symlink_install': False, 'test_result_base': None}
[0.288s] Level 5:colcon.colcon_core.verb:set package 'realsense2_camera' build argument 'cmake_args' from command line to 'None'
[0.288s] Level 5:colcon.colcon_core.verb:set package 'realsense2_camera' build argument 'cmake_target' from command line to 'None'
[0.288s] Level 5:colcon.colcon_core.verb:set package 'realsense2_camera' build argument 'cmake_target_skip_unavailable' from command line to 'False'
[0.288s] Level 5:colcon.colcon_core.verb:set package 'realsense2_camera' build argument 'cmake_clean_cache' from command line to 'False'
[0.288s] Level 5:colcon.colcon_core.verb:set package 'realsense2_camera' build argument 'cmake_clean_first' from command line to 'False'
[0.288s] Level 5:colcon.colcon_core.verb:set package 'realsense2_camera' build argument 'cmake_force_configure' from command line to 'False'
[0.288s] Level 5:colcon.colcon_core.verb:set package 'realsense2_camera' build argument 'ament_cmake_args' from command line to 'None'
[0.288s] Level 5:colcon.colcon_core.verb:set package 'realsense2_camera' build argument 'catkin_cmake_args' from command line to 'None'
[0.288s] Level 5:colcon.colcon_core.verb:set package 'realsense2_camera' build argument 'catkin_skip_building_tests' from command line to 'False'
[0.288s] DEBUG:colcon.colcon_core.verb:Building package 'realsense2_camera' with the following arguments: {'ament_cmake_args': None, 'build_base': '/home/ekambehl/chess_ws/build/realsense2_camera', 'catkin_cmake_args': None, 'catkin_skip_building_tests': False, 'cmake_args': None, 'cmake_clean_cache': False, 'cmake_clean_first': False, 'cmake_force_configure': False, 'cmake_target': None, 'cmake_target_skip_unavailable': False, 'install_base': '/home/ekambehl/chess_ws/install/realsense2_camera', 'merge_install': False, 'path': '/home/ekambehl/chess_ws/src/realsense-ros/realsense2_camera', 'symlink_install': False, 'test_result_base': None}
[0.290s] Level 5:colcon.colcon_core.verb:set package 'realsense2_description' build argument 'cmake_args' from command line to 'None'
[0.290s] Level 5:colcon.colcon_core.verb:set package 'realsense2_description' build argument 'cmake_target' from command line to 'None'
[0.290s] Level 5:colcon.colcon_core.verb:set package 'realsense2_description' build argument 'cmake_target_skip_unavailable' from command line to 'False'
[0.290s] Level 5:colcon.colcon_core.verb:set package 'realsense2_description' build argument 'cmake_clean_cache' from command line to 'False'
[0.290s] Level 5:colcon.colcon_core.verb:set package 'realsense2_description' build argument 'cmake_clean_first' from command line to 'False'
[0.290s] Level 5:colcon.colcon_core.verb:set package 'realsense2_description' build argument 'cmake_force_configure' from command line to 'False'
[0.290s] Level 5:colcon.colcon_core.verb:set package 'realsense2_description' build argument 'ament_cmake_args' from command line to 'None'
[0.290s] Level 5:colcon.colcon_core.verb:set package 'realsense2_description' build argument 'catkin_cmake_args' from command line to 'None'
[0.290s] Level 5:colcon.colcon_core.verb:set package 'realsense2_description' build argument 'catkin_skip_building_tests' from command line to 'False'
[0.290s] DEBUG:colcon.colcon_core.verb:Building package 'realsense2_description' with the following arguments: {'ament_cmake_args': None, 'build_base': '/home/ekambehl/chess_ws/build/realsense2_description', 'catkin_cmake_args': None, 'catkin_skip_building_tests': False, 'cmake_args': None, 'cmake_clean_cache': False, 'cmake_clean_first': False, 'cmake_force_configure': False, 'cmake_target': None, 'cmake_target_skip_unavailable': False, 'install_base': '/home/ekambehl/chess_ws/install/realsense2_description', 'merge_install': False, 'path': '/home/ekambehl/chess_ws/src/realsense-ros/realsense2_description', 'symlink_install': False, 'test_result_base': None}
[0.291s] INFO:colcon.colcon_core.executor:Executing jobs using 'parallel' executor
[0.296s] DEBUG:colcon.colcon_parallel_executor.executor.parallel:run_until_complete
[0.297s] INFO:colcon.colcon_ros.task.ament_cmake.build:Building ROS package in '/home/ekambehl/chess_ws/src/realsense-ros/realsense2_camera_msgs' with build type 'ament_cmake'
[0.297s] INFO:colcon.colcon_cmake.task.cmake.build:Building CMake package in '/home/ekambehl/chess_ws/src/realsense-ros/realsense2_camera_msgs'
[0.302s] INFO:colcon.colcon_core.plugin_system:Skipping extension 'colcon_core.shell.bat': Not used on non-Windows systems
[0.303s] INFO:colcon.colcon_core.shell:Skip shell extension 'powershell' for command environment: Not usable outside of PowerShell
[0.303s] DEBUG:colcon.colcon_core.shell:Skip shell extension 'dsv' for command environment
[0.309s] INFO:colcon.colcon_ros.task.ament_python.build:Building ROS package in '/home/ekambehl/chess_ws/src/my_chess_controller' with build type 'ament_python'
[0.309s] Level 1:colcon.colcon_core.shell:create_environment_hook('my_chess_controller', 'ament_prefix_path')
[0.310s] INFO:colcon.colcon_core.shell:Creating environment hook '/home/ekambehl/chess_ws/install/my_chess_controller/share/my_chess_controller/hook/ament_prefix_path.ps1'
[0.311s] INFO:colcon.colcon_core.shell:Creating environment descriptor '/home/ekambehl/chess_ws/install/my_chess_controller/share/my_chess_controller/hook/ament_prefix_path.dsv'
[0.311s] INFO:colcon.colcon_core.shell:Creating environment hook '/home/ekambehl/chess_ws/install/my_chess_controller/share/my_chess_controller/hook/ament_prefix_path.sh'
[0.312s] INFO:colcon.colcon_core.shell:Skip shell extension 'powershell' for command environment: Not usable outside of PowerShell
[0.312s] DEBUG:colcon.colcon_core.shell:Skip shell extension 'dsv' for command environment
[0.319s] DEBUG:colcon.colcon_core.event_handler.log_command:Invoking command in '/home/ekambehl/chess_ws/build/realsense2_camera_msgs': CMAKE_PREFIX_PATH=${CMAKE_PREFIX_PATH}:/home/ekambehl/chess_ws/install/my_chess_controller:/home/ekambehl/ros_ws/install/my_robot_camera_driver:/home/ekambehl/ros2_ws/install/my_robot_camera_driver:/opt/ros/humble /usr/bin/cmake --build /home/ekambehl/chess_ws/build/realsense2_camera_msgs -- -j16 -l16
[0.627s] INFO:colcon.colcon_core.task.python.build:Building Python package in '/home/ekambehl/chess_ws/src/my_chess_controller'
[0.629s] INFO:colcon.colcon_core.shell:Skip shell extension 'powershell' for command environment: Not usable outside of PowerShell
[0.629s] DEBUG:colcon.colcon_core.shell:Skip shell extension 'dsv' for command environment
[1.027s] DEBUG:colcon.colcon_core.event_handler.log_command:Invoking command in '/home/ekambehl/chess_ws/src/my_chess_controller': PYTHONPATH=/home/ekambehl/chess_ws/build/my_chess_controller/prefix_override:/home/ekambehl/chess_ws/install/my_chess_controller/lib/python3.10/site-packages:${PYTHONPATH} /usr/bin/python3 setup.py egg_info --egg-base ../../build/my_chess_controller build --build-base /home/ekambehl/chess_ws/build/my_chess_controller/build install --record /home/ekambehl/chess_ws/build/my_chess_controller/install.log --single-version-externally-managed
[1.033s] DEBUG:colcon.colcon_core.event_handler.log_command:Invoked command in '/home/ekambehl/chess_ws/build/realsense2_camera_msgs' returned '0': CMAKE_PREFIX_PATH=${CMAKE_PREFIX_PATH}:/home/ekambehl/chess_ws/install/my_chess_controller:/home/ekambehl/ros_ws/install/my_robot_camera_driver:/home/ekambehl/ros2_ws/install/my_robot_camera_driver:/opt/ros/humble /usr/bin/cmake --build /home/ekambehl/chess_ws/build/realsense2_camera_msgs -- -j16 -l16
[1.135s] DEBUG:colcon.colcon_core.event_handler.log_command:Invoking command in '/home/ekambehl/chess_ws/build/realsense2_camera_msgs': CMAKE_PREFIX_PATH=${CMAKE_PREFIX_PATH}:/home/ekambehl/chess_ws/install/my_chess_controller:/home/ekambehl/ros_ws/install/my_robot_camera_driver:/home/ekambehl/ros2_ws/install/my_robot_camera_driver:/opt/ros/humble /usr/bin/cmake --install /home/ekambehl/chess_ws/build/realsense2_camera_msgs
[1.192s] Level 1:colcon.colcon_core.environment:create_environment_scripts_only(realsense2_camera_msgs)
[1.193s] DEBUG:colcon.colcon_core.event_handler.log_command:Invoked command in '/home/ekambehl/chess_ws/build/realsense2_camera_msgs' returned '0': CMAKE_PREFIX_PATH=${CMAKE_PREFIX_PATH}:/home/ekambehl/chess_ws/install/my_chess_controller:/home/ekambehl/ros_ws/install/my_robot_camera_driver:/home/ekambehl/ros2_ws/install/my_robot_camera_driver:/opt/ros/humble /usr/bin/cmake --install /home/ekambehl/chess_ws/build/realsense2_camera_msgs
[1.196s] Level 1:colcon.colcon_core.environment:checking '/home/ekambehl/chess_ws/install/realsense2_camera_msgs' for CMake module files
[1.196s] Level 1:colcon.colcon_core.environment:checking '/home/ekambehl/chess_ws/install/realsense2_camera_msgs' for CMake config files
[1.197s] Level 1:colcon.colcon_core.shell:create_environment_hook('realsense2_camera_msgs', 'cmake_prefix_path')
[1.198s] INFO:colcon.colcon_core.shell:Creating environment hook '/home/ekambehl/chess_ws/install/realsense2_camera_msgs/share/realsense2_camera_msgs/hook/cmake_prefix_path.ps1'
[1.198s] INFO:colcon.colcon_core.shell:Creating environment descriptor '/home/ekambehl/chess_ws/install/realsense2_camera_msgs/share/realsense2_camera_msgs/hook/cmake_prefix_path.dsv'
[1.198s] INFO:colcon.colcon_core.shell:Creating environment hook '/home/ekambehl/chess_ws/install/realsense2_camera_msgs/share/realsense2_camera_msgs/hook/cmake_prefix_path.sh'
[1.199s] Level 1:colcon.colcon_core.environment:checking '/home/ekambehl/chess_ws/install/realsense2_camera_msgs/lib'
[1.199s] Level 1:colcon.colcon_core.shell:create_environment_hook('realsense2_camera_msgs', 'ld_library_path_lib')
[1.200s] INFO:colcon.colcon_core.shell:Creating environment hook '/home/ekambehl/chess_ws/install/realsense2_camera_msgs/share/realsense2_camera_msgs/hook/ld_library_path_lib.ps1'
[1.201s] INFO:colcon.colcon_core.shell:Creating environment descriptor '/home/ekambehl/chess_ws/install/realsense2_camera_msgs/share/realsense2_camera_msgs/hook/ld_library_path_lib.dsv'
[1.201s] INFO:colcon.colcon_core.shell:Creating environment hook '/home/ekambehl/chess_ws/install/realsense2_camera_msgs/share/realsense2_camera_msgs/hook/ld_library_path_lib.sh'
[1.201s] Level 1:colcon.colcon_core.environment:checking '/home/ekambehl/chess_ws/install/realsense2_camera_msgs/bin'
[1.201s] Level 1:colcon.colcon_core.environment:checking '/home/ekambehl/chess_ws/install/realsense2_camera_msgs/lib/pkgconfig/realsense2_camera_msgs.pc'
[1.201s] Level 1:colcon.colcon_core.environment:checking '/home/ekambehl/chess_ws/install/realsense2_camera_msgs/lib/python3.10/site-packages'
[1.201s] Level 1:colcon.colcon_core.environment:checking '/home/ekambehl/chess_ws/install/realsense2_camera_msgs/bin'
[1.203s] INFO:colcon.colcon_core.shell:Creating package script '/home/ekambehl/chess_ws/install/realsense2_camera_msgs/share/realsense2_camera_msgs/package.ps1'
[1.203s] INFO:colcon.colcon_core.shell:Creating package descriptor '/home/ekambehl/chess_ws/install/realsense2_camera_msgs/share/realsense2_camera_msgs/package.dsv'
[1.204s] INFO:colcon.colcon_core.shell:Creating package script '/home/ekambehl/chess_ws/install/realsense2_camera_msgs/share/realsense2_camera_msgs/package.sh'
[1.205s] INFO:colcon.colcon_core.shell:Creating package script '/home/ekambehl/chess_ws/install/realsense2_camera_msgs/share/realsense2_camera_msgs/package.bash'
[1.206s] INFO:colcon.colcon_core.shell:Creating package script '/home/ekambehl/chess_ws/install/realsense2_camera_msgs/share/realsense2_camera_msgs/package.zsh'
[1.206s] Level 1:colcon.colcon_core.environment:create_file_with_runtime_dependencies(/home/ekambehl/chess_ws/install/realsense2_camera_msgs/share/colcon-core/packages/realsense2_camera_msgs)
[1.308s] Level 1:colcon.colcon_core.environment:create_environment_scripts_only(realsense2_camera_msgs)
[1.310s] Level 1:colcon.colcon_core.environment:checking '/home/ekambehl/chess_ws/install/realsense2_camera_msgs' for CMake module files
[1.312s] Level 1:colcon.colcon_core.environment:checking '/home/ekambehl/chess_ws/install/realsense2_camera_msgs' for CMake config files
[1.312s] Level 1:colcon.colcon_core.shell:create_environment_hook('realsense2_camera_msgs', 'cmake_prefix_path')
[1.313s] INFO:colcon.colcon_core.shell:Creating environment hook '/home/ekambehl/chess_ws/install/realsense2_camera_msgs/share/realsense2_camera_msgs/hook/cmake_prefix_path.ps1'
[1.314s] INFO:colcon.colcon_core.shell:Creating environment descriptor '/home/ekambehl/chess_ws/install/realsense2_camera_msgs/share/realsense2_camera_msgs/hook/cmake_prefix_path.dsv'
[1.316s] INFO:colcon.colcon_core.shell:Creating environment hook '/home/ekambehl/chess_ws/install/realsense2_camera_msgs/share/realsense2_camera_msgs/hook/cmake_prefix_path.sh'
[1.316s] Level 1:colcon.colcon_core.environment:checking '/home/ekambehl/chess_ws/install/realsense2_camera_msgs/lib'
[1.316s] Level 1:colcon.colcon_core.shell:create_environment_hook('realsense2_camera_msgs', 'ld_library_path_lib')
[1.317s] INFO:colcon.colcon_core.shell:Creating environment hook '/home/ekambehl/chess_ws/install/realsense2_camera_msgs/share/realsense2_camera_msgs/hook/ld_library_path_lib.ps1'
[1.318s] INFO:colcon.colcon_core.shell:Creating environment descriptor '/home/ekambehl/chess_ws/install/realsense2_camera_msgs/share/realsense2_camera_msgs/hook/ld_library_path_lib.dsv'
[1.318s] INFO:colcon.colcon_core.shell:Creating environment hook '/home/ekambehl/chess_ws/install/realsense2_camera_msgs/share/realsense2_camera_msgs/hook/ld_library_path_lib.sh'
[1.318s] Level 1:colcon.colcon_core.environment:checking '/home/ekambehl/chess_ws/install/realsense2_camera_msgs/bin'
[1.318s] Level 1:colcon.colcon_core.environment:checking '/home/ekambehl/chess_ws/install/realsense2_camera_msgs/lib/pkgconfig/realsense2_camera_msgs.pc'
[1.318s] Level 1:colcon.colcon_core.environment:checking '/home/ekambehl/chess_ws/install/realsense2_camera_msgs/lib/python3.10/site-packages'
[1.318s] Level 1:colcon.colcon_core.environment:checking '/home/ekambehl/chess_ws/install/realsense2_camera_msgs/bin'
[1.320s] INFO:colcon.colcon_core.shell:Creating package script '/home/ekambehl/chess_ws/install/realsense2_camera_msgs/share/realsense2_camera_msgs/package.ps1'
[1.320s] INFO:colcon.colcon_core.shell:Creating package descriptor '/home/ekambehl/chess_ws/install/realsense2_camera_msgs/share/realsense2_camera_msgs/package.dsv'
[1.321s] INFO:colcon.colcon_core.shell:Creating package script '/home/ekambehl/chess_ws/install/realsense2_camera_msgs/share/realsense2_camera_msgs/package.sh'
[1.321s] INFO:colcon.colcon_core.shell:Creating package script '/home/ekambehl/chess_ws/install/realsense2_camera_msgs/share/realsense2_camera_msgs/package.bash'
[1.321s] INFO:colcon.colcon_core.shell:Creating package script '/home/ekambehl/chess_ws/install/realsense2_camera_msgs/share/realsense2_camera_msgs/package.zsh'
[1.321s] Level 1:colcon.colcon_core.environment:create_file_with_runtime_dependencies(/home/ekambehl/chess_ws/install/realsense2_camera_msgs/share/colcon-core/packages/realsense2_camera_msgs)
[1.322s] INFO:colcon.colcon_ros.task.ament_cmake.build:Building ROS package in '/home/ekambehl/chess_ws/src/realsense-ros/realsense2_camera' with build type 'ament_cmake'
[1.322s] INFO:colcon.colcon_cmake.task.cmake.build:Building CMake package in '/home/ekambehl/chess_ws/src/realsense-ros/realsense2_camera'
[1.323s] INFO:colcon.colcon_core.shell:Skip shell extension 'powershell' for command environment: Not usable outside of PowerShell
[1.323s] DEBUG:colcon.colcon_core.shell:Skip shell extension 'dsv' for command environment
[1.330s] INFO:colcon.colcon_ros.task.ament_cmake.build:Building ROS package in '/home/ekambehl/chess_ws/src/realsense-ros/realsense2_description' with build type 'ament_cmake'
[1.330s] INFO:colcon.colcon_cmake.task.cmake.build:Building CMake package in '/home/ekambehl/chess_ws/src/realsense-ros/realsense2_description'
[1.331s] INFO:colcon.colcon_core.shell:Skip shell extension 'powershell' for command environment: Not usable outside of PowerShell
[1.331s] DEBUG:colcon.colcon_core.shell:Skip shell extension 'dsv' for command environment
[1.345s] DEBUG:colcon.colcon_core.event_handler.log_command:Invoking command in '/home/ekambehl/chess_ws/build/realsense2_camera': CMAKE_PREFIX_PATH=/home/ekambehl/chess_ws/install/realsense2_camera_msgs:/home/ekambehl/chess_ws/install/realsense2_description:/home/ekambehl/chess_ws/install/realsense2_camera:/home/ekambehl/ros_ws/install/realsense2_description:/home/ekambehl/ros_ws/install/realsense2_camera:/home/ekambehl/ros_ws/install/realsense2_camera_msgs:/home/ekambehl/ros2_ws/install/realsense2_description:/home/ekambehl/ros2_ws/install/realsense2_camera_msgs:/home/ekambehl/chess_ws/install/my_chess_controller:/home/ekambehl/ros_ws/install/my_robot_camera_driver:/home/ekambehl/ros2_ws/install/my_robot_camera_driver:/opt/ros/humble LD_LIBRARY_PATH=/home/ekambehl/chess_ws/install/realsense2_camera_msgs/lib:/home/ekambehl/chess_ws/install/realsense2_camera/lib:/home/ekambehl/ros_ws/install/realsense2_camera/lib:/home/ekambehl/ros_ws/install/realsense2_camera_msgs/lib:/home/ekambehl/ros2_ws/install/realsense2_camera_msgs/lib:/opt/ros/humble/opt/rviz_ogre_vendor/lib:/opt/ros/humble/lib/x86_64-linux-gnu:/opt/ros/humble/lib /usr/bin/cmake --build /home/ekambehl/chess_ws/build/realsense2_camera -- -j16 -l16
[1.349s] DEBUG:colcon.colcon_core.event_handler.log_command:Invoking command in '/home/ekambehl/chess_ws/build/realsense2_description': CMAKE_PREFIX_PATH=/home/ekambehl/chess_ws/install/realsense2_camera_msgs:/home/ekambehl/chess_ws/install/realsense2_description:/home/ekambehl/chess_ws/install/realsense2_camera:/home/ekambehl/ros_ws/install/realsense2_description:/home/ekambehl/ros_ws/install/realsense2_camera:/home/ekambehl/ros_ws/install/realsense2_camera_msgs:/home/ekambehl/ros2_ws/install/realsense2_description:/home/ekambehl/ros2_ws/install/realsense2_camera_msgs:/home/ekambehl/chess_ws/install/my_chess_controller:/home/ekambehl/ros_ws/install/my_robot_camera_driver:/home/ekambehl/ros2_ws/install/my_robot_camera_driver:/opt/ros/humble LD_LIBRARY_PATH=/home/ekambehl/chess_ws/install/realsense2_camera_msgs/lib:/home/ekambehl/chess_ws/install/realsense2_camera/lib:/home/ekambehl/ros_ws/install/realsense2_camera/lib:/home/ekambehl/ros_ws/install/realsense2_camera_msgs/lib:/home/ekambehl/ros2_ws/install/realsense2_camera_msgs/lib:/opt/ros/humble/opt/rviz_ogre_vendor/lib:/opt/ros/humble/lib/x86_64-linux-gnu:/opt/ros/humble/lib /usr/bin/cmake --build /home/ekambehl/chess_ws/build/realsense2_description -- -j16 -l16
[1.393s] Level 1:colcon.colcon_core.environment:checking '/home/ekambehl/chess_ws/install/my_chess_controller' for CMake module files
[1.394s] DEBUG:colcon.colcon_core.event_handler.log_command:Invoked command in '/home/ekambehl/chess_ws/src/my_chess_controller' returned '0': PYTHONPATH=/home/ekambehl/chess_ws/build/my_chess_controller/prefix_override:/home/ekambehl/chess_ws/install/my_chess_controller/lib/python3.10/site-packages:${PYTHONPATH} /usr/bin/python3 setup.py egg_info --egg-base ../../build/my_chess_controller build --build-base /home/ekambehl/chess_ws/build/my_chess_controller/build install --record /home/ekambehl/chess_ws/build/my_chess_controller/install.log --single-version-externally-managed
[1.394s] Level 1:colcon.colcon_core.environment:checking '/home/ekambehl/chess_ws/install/my_chess_controller' for CMake config files
[1.394s] Level 1:colcon.colcon_core.environment:checking '/home/ekambehl/chess_ws/install/my_chess_controller/lib'
[1.395s] Level 1:colcon.colcon_core.environment:checking '/home/ekambehl/chess_ws/install/my_chess_controller/bin'
[1.395s] Level 1:colcon.colcon_core.environment:checking '/home/ekambehl/chess_ws/install/my_chess_controller/lib/pkgconfig/my_chess_controller.pc'
[1.395s] Level 1:colcon.colcon_core.environment:checking '/home/ekambehl/chess_ws/install/my_chess_controller/lib/python3.10/site-packages'
[1.395s] Level 1:colcon.colcon_core.shell:create_environment_hook('my_chess_controller', 'pythonpath')
[1.397s] INFO:colcon.colcon_core.shell:Creating environment hook '/home/ekambehl/chess_ws/install/my_chess_controller/share/my_chess_controller/hook/pythonpath.ps1'
[1.398s] INFO:colcon.colcon_core.shell:Creating environment descriptor '/home/ekambehl/chess_ws/install/my_chess_controller/share/my_chess_controller/hook/pythonpath.dsv'
[1.398s] INFO:colcon.colcon_core.shell:Creating environment hook '/home/ekambehl/chess_ws/install/my_chess_controller/share/my_chess_controller/hook/pythonpath.sh'
[1.399s] Level 1:colcon.colcon_core.environment:checking '/home/ekambehl/chess_ws/install/my_chess_controller/bin'
[1.399s] Level 1:colcon.colcon_core.environment:create_environment_scripts_only(my_chess_controller)
[1.401s] INFO:colcon.colcon_core.shell:Creating package script '/home/ekambehl/chess_ws/install/my_chess_controller/share/my_chess_controller/package.ps1'
[1.402s] INFO:colcon.colcon_core.shell:Creating package descriptor '/home/ekambehl/chess_ws/install/my_chess_controller/share/my_chess_controller/package.dsv'
[1.402s] INFO:colcon.colcon_core.shell:Creating package script '/home/ekambehl/chess_ws/install/my_chess_controller/share/my_chess_controller/package.sh'
[1.402s] INFO:colcon.colcon_core.shell:Creating package script '/home/ekambehl/chess_ws/install/my_chess_controller/share/my_chess_controller/package.bash'
[1.403s] INFO:colcon.colcon_core.shell:Creating package script '/home/ekambehl/chess_ws/install/my_chess_controller/share/my_chess_controller/package.zsh'
[1.403s] Level 1:colcon.colcon_core.environment:create_file_with_runtime_dependencies(/home/ekambehl/chess_ws/install/my_chess_controller/share/colcon-core/packages/my_chess_controller)
[1.404s] DEBUG:colcon.colcon_core.event_handler.log_command:Invoked command in '/home/ekambehl/chess_ws/build/realsense2_description' returned '0': CMAKE_PREFIX_PATH=/home/ekambehl/chess_ws/install/realsense2_camera_msgs:/home/ekambehl/chess_ws/install/realsense2_description:/home/ekambehl/chess_ws/install/realsense2_camera:/home/ekambehl/ros_ws/install/realsense2_description:/home/ekambehl/ros_ws/install/realsense2_camera:/home/ekambehl/ros_ws/install/realsense2_camera_msgs:/home/ekambehl/ros2_ws/install/realsense2_description:/home/ekambehl/ros2_ws/install/realsense2_camera_msgs:/home/ekambehl/chess_ws/install/my_chess_controller:/home/ekambehl/ros_ws/install/my_robot_camera_driver:/home/ekambehl/ros2_ws/install/my_robot_camera_driver:/opt/ros/humble LD_LIBRARY_PATH=/home/ekambehl/chess_ws/install/realsense2_camera_msgs/lib:/home/ekambehl/chess_ws/install/realsense2_camera/lib:/home/ekambehl/ros_ws/install/realsense2_camera/lib:/home/ekambehl/ros_ws/install/realsense2_camera_msgs/lib:/home/ekambehl/ros2_ws/install/realsense2_camera_msgs/lib:/opt/ros/humble/opt/rviz_ogre_vendor/lib:/opt/ros/humble/lib/x86_64-linux-gnu:/opt/ros/humble/lib /usr/bin/cmake --build /home/ekambehl/chess_ws/build/realsense2_description -- -j16 -l16
[1.433s] DEBUG:colcon.colcon_core.event_handler.log_command:Invoking command in '/home/ekambehl/chess_ws/build/realsense2_description': CMAKE_PREFIX_PATH=/home/ekambehl/chess_ws/install/realsense2_camera_msgs:/home/ekambehl/chess_ws/install/realsense2_description:/home/ekambehl/chess_ws/install/realsense2_camera:/home/ekambehl/ros_ws/install/realsense2_description:/home/ekambehl/ros_ws/install/realsense2_camera:/home/ekambehl/ros_ws/install/realsense2_camera_msgs:/home/ekambehl/ros2_ws/install/realsense2_description:/home/ekambehl/ros2_ws/install/realsense2_camera_msgs:/home/ekambehl/chess_ws/install/my_chess_controller:/home/ekambehl/ros_ws/install/my_robot_camera_driver:/home/ekambehl/ros2_ws/install/my_robot_camera_driver:/opt/ros/humble LD_LIBRARY_PATH=/home/ekambehl/chess_ws/install/realsense2_camera_msgs/lib:/home/ekambehl/chess_ws/install/realsense2_camera/lib:/home/ekambehl/ros_ws/install/realsense2_camera/lib:/home/ekambehl/ros_ws/install/realsense2_camera_msgs/lib:/home/ekambehl/ros2_ws/install/realsense2_camera_msgs/lib:/opt/ros/humble/opt/rviz_ogre_vendor/lib:/opt/ros/humble/lib/x86_64-linux-gnu:/opt/ros/humble/lib /usr/bin/cmake --install /home/ekambehl/chess_ws/build/realsense2_description
[1.446s] Level 1:colcon.colcon_core.environment:create_environment_scripts_only(realsense2_description)
[1.448s] Level 1:colcon.colcon_core.environment:checking '/home/ekambehl/chess_ws/install/realsense2_description' for CMake module files
[1.448s] DEBUG:colcon.colcon_core.event_handler.log_command:Invoked command in '/home/ekambehl/chess_ws/build/realsense2_description' returned '0': CMAKE_PREFIX_PATH=/home/ekambehl/chess_ws/install/realsense2_camera_msgs:/home/ekambehl/chess_ws/install/realsense2_description:/home/ekambehl/chess_ws/install/realsense2_camera:/home/ekambehl/ros_ws/install/realsense2_description:/home/ekambehl/ros_ws/install/realsense2_camera:/home/ekambehl/ros_ws/install/realsense2_camera_msgs:/home/ekambehl/ros2_ws/install/realsense2_description:/home/ekambehl/ros2_ws/install/realsense2_camera_msgs:/home/ekambehl/chess_ws/install/my_chess_controller:/home/ekambehl/ros_ws/install/my_robot_camera_driver:/home/ekambehl/ros2_ws/install/my_robot_camera_driver:/opt/ros/humble LD_LIBRARY_PATH=/home/ekambehl/chess_ws/install/realsense2_camera_msgs/lib:/home/ekambehl/chess_ws/install/realsense2_camera/lib:/home/ekambehl/ros_ws/install/realsense2_camera/lib:/home/ekambehl/ros_ws/install/realsense2_camera_msgs/lib:/home/ekambehl/ros2_ws/install/realsense2_camera_msgs/lib:/opt/ros/humble/opt/rviz_ogre_vendor/lib:/opt/ros/humble/lib/x86_64-linux-gnu:/opt/ros/humble/lib /usr/bin/cmake --install /home/ekambehl/chess_ws/build/realsense2_description
[1.449s] Level 1:colcon.colcon_core.environment:checking '/home/ekambehl/chess_ws/install/realsense2_description' for CMake config files
[1.449s] Level 1:colcon.colcon_core.shell:create_environment_hook('realsense2_description', 'cmake_prefix_path')
[1.450s] INFO:colcon.colcon_core.shell:Creating environment hook '/home/ekambehl/chess_ws/install/realsense2_description/share/realsense2_description/hook/cmake_prefix_path.ps1'
[1.451s] INFO:colcon.colcon_core.shell:Creating environment descriptor '/home/ekambehl/chess_ws/install/realsense2_description/share/realsense2_description/hook/cmake_prefix_path.dsv'
[1.452s] INFO:colcon.colcon_core.shell:Creating environment hook '/home/ekambehl/chess_ws/install/realsense2_description/share/realsense2_description/hook/cmake_prefix_path.sh'
[1.452s] Level 1:colcon.colcon_core.environment:checking '/home/ekambehl/chess_ws/install/realsense2_description/bin'
[1.452s] Level 1:colcon.colcon_core.environment:checking '/home/ekambehl/chess_ws/install/realsense2_description/lib/pkgconfig/realsense2_description.pc'
[1.452s] Level 1:colcon.colcon_core.environment:checking '/home/ekambehl/chess_ws/install/realsense2_description/lib/python3.10/site-packages'
[1.452s] Level 1:colcon.colcon_core.environment:checking '/home/ekambehl/chess_ws/install/realsense2_description/bin'
[1.454s] INFO:colcon.colcon_core.shell:Creating package script '/home/ekambehl/chess_ws/install/realsense2_description/share/realsense2_description/package.ps1'
[1.454s] INFO:colcon.colcon_core.shell:Creating package descriptor '/home/ekambehl/chess_ws/install/realsense2_description/share/realsense2_description/package.dsv'
[1.455s] INFO:colcon.colcon_core.shell:Creating package script '/home/ekambehl/chess_ws/install/realsense2_description/share/realsense2_description/package.sh'
[1.455s] INFO:colcon.colcon_core.shell:Creating package script '/home/ekambehl/chess_ws/install/realsense2_description/share/realsense2_description/package.bash'
[1.455s] INFO:colcon.colcon_core.shell:Creating package script '/home/ekambehl/chess_ws/install/realsense2_description/share/realsense2_description/package.zsh'
[1.455s] Level 1:colcon.colcon_core.environment:create_file_with_runtime_dependencies(/home/ekambehl/chess_ws/install/realsense2_description/share/colcon-core/packages/realsense2_description)
[1.457s] DEBUG:colcon.colcon_core.event_handler.log_command:Invoked command in '/home/ekambehl/chess_ws/build/realsense2_camera' returned '0': CMAKE_PREFIX_PATH=/home/ekambehl/chess_ws/install/realsense2_camera_msgs:/home/ekambehl/chess_ws/install/realsense2_description:/home/ekambehl/chess_ws/install/realsense2_camera:/home/ekambehl/ros_ws/install/realsense2_description:/home/ekambehl/ros_ws/install/realsense2_camera:/home/ekambehl/ros_ws/install/realsense2_camera_msgs:/home/ekambehl/ros2_ws/install/realsense2_description:/home/ekambehl/ros2_ws/install/realsense2_camera_msgs:/home/ekambehl/chess_ws/install/my_chess_controller:/home/ekambehl/ros_ws/install/my_robot_camera_driver:/home/ekambehl/ros2_ws/install/my_robot_camera_driver:/opt/ros/humble LD_LIBRARY_PATH=/home/ekambehl/chess_ws/install/realsense2_camera_msgs/lib:/home/ekambehl/chess_ws/install/realsense2_camera/lib:/home/ekambehl/ros_ws/install/realsense2_camera/lib:/home/ekambehl/ros_ws/install/realsense2_camera_msgs/lib:/home/ekambehl/ros2_ws/install/realsense2_camera_msgs/lib:/opt/ros/humble/opt/rviz_ogre_vendor/lib:/opt/ros/humble/lib/x86_64-linux-gnu:/opt/ros/humble/lib /usr/bin/cmake --build /home/ekambehl/chess_ws/build/realsense2_camera -- -j16 -l16
[1.477s] Level 1:colcon.colcon_core.environment:create_environment_scripts_only(realsense2_description)
[1.481s] Level 1:colcon.colcon_core.environment:checking '/home/ekambehl/chess_ws/install/realsense2_description' for CMake module files
[1.482s] Level 1:colcon.colcon_core.environment:checking '/home/ekambehl/chess_ws/install/realsense2_description' for CMake config files
[1.482s] Level 1:colcon.colcon_core.shell:create_environment_hook('realsense2_description', 'cmake_prefix_path')
[1.483s] INFO:colcon.colcon_core.shell:Creating environment hook '/home/ekambehl/chess_ws/install/realsense2_description/share/realsense2_description/hook/cmake_prefix_path.ps1'
[1.484s] INFO:colcon.colcon_core.shell:Creating environment descriptor '/home/ekambehl/chess_ws/install/realsense2_description/share/realsense2_description/hook/cmake_prefix_path.dsv'
[1.484s] INFO:colcon.colcon_core.shell:Creating environment hook '/home/ekambehl/chess_ws/install/realsense2_description/share/realsense2_description/hook/cmake_prefix_path.sh'
[1.484s] Level 1:colcon.colcon_core.environment:checking '/home/ekambehl/chess_ws/install/realsense2_description/bin'
[1.484s] Level 1:colcon.colcon_core.environment:checking '/home/ekambehl/chess_ws/install/realsense2_description/lib/pkgconfig/realsense2_description.pc'
[1.485s] Level 1:colcon.colcon_core.environment:checking '/home/ekambehl/chess_ws/install/realsense2_description/lib/python3.10/site-packages'
[1.485s] Level 1:colcon.colcon_core.environment:checking '/home/ekambehl/chess_ws/install/realsense2_description/bin'
[1.486s] INFO:colcon.colcon_core.shell:Creating package script '/home/ekambehl/chess_ws/install/realsense2_description/share/realsense2_description/package.ps1'
[1.486s] INFO:colcon.colcon_core.shell:Creating package descriptor '/home/ekambehl/chess_ws/install/realsense2_description/share/realsense2_description/package.dsv'
[1.487s] INFO:colcon.colcon_core.shell:Creating package script '/home/ekambehl/chess_ws/install/realsense2_description/share/realsense2_description/package.sh'
[1.487s] INFO:colcon.colcon_core.shell:Creating package script '/home/ekambehl/chess_ws/install/realsense2_description/share/realsense2_description/package.bash'
[1.487s] INFO:colcon.colcon_core.shell:Creating package script '/home/ekambehl/chess_ws/install/realsense2_description/share/realsense2_description/package.zsh'
[1.488s] Level 1:colcon.colcon_core.environment:create_file_with_runtime_dependencies(/home/ekambehl/chess_ws/install/realsense2_description/share/colcon-core/packages/realsense2_description)
[1.500s] DEBUG:colcon.colcon_core.event_handler.log_command:Invoking command in '/home/ekambehl/chess_ws/build/realsense2_camera': CMAKE_PREFIX_PATH=/home/ekambehl/chess_ws/install/realsense2_camera_msgs:/home/ekambehl/chess_ws/install/realsense2_description:/home/ekambehl/chess_ws/install/realsense2_camera:/home/ekambehl/ros_ws/install/realsense2_description:/home/ekambehl/ros_ws/install/realsense2_camera:/home/ekambehl/ros_ws/install/realsense2_camera_msgs:/home/ekambehl/ros2_ws/install/realsense2_description:/home/ekambehl/ros2_ws/install/realsense2_camera_msgs:/home/ekambehl/chess_ws/install/my_chess_controller:/home/ekambehl/ros_ws/install/my_robot_camera_driver:/home/ekambehl/ros2_ws/install/my_robot_camera_driver:/opt/ros/humble LD_LIBRARY_PATH=/home/ekambehl/chess_ws/install/realsense2_camera_msgs/lib:/home/ekambehl/chess_ws/install/realsense2_camera/lib:/home/ekambehl/ros_ws/install/realsense2_camera/lib:/home/ekambehl/ros_ws/install/realsense2_camera_msgs/lib:/home/ekambehl/ros2_ws/install/realsense2_camera_msgs/lib:/opt/ros/humble/opt/rviz_ogre_vendor/lib:/opt/ros/humble/lib/x86_64-linux-gnu:/opt/ros/humble/lib /usr/bin/cmake --install /home/ekambehl/chess_ws/build/realsense2_camera
[1.512s] Level 1:colcon.colcon_core.environment:create_environment_scripts_only(realsense2_camera)
[1.513s] Level 1:colcon.colcon_core.environment:checking '/home/ekambehl/chess_ws/install/realsense2_camera' for CMake module files
[1.514s] DEBUG:colcon.colcon_core.event_handler.log_command:Invoked command in '/home/ekambehl/chess_ws/build/realsense2_camera' returned '0': CMAKE_PREFIX_PATH=/home/ekambehl/chess_ws/install/realsense2_camera_msgs:/home/ekambehl/chess_ws/install/realsense2_description:/home/ekambehl/chess_ws/install/realsense2_camera:/home/ekambehl/ros_ws/install/realsense2_description:/home/ekambehl/ros_ws/install/realsense2_camera:/home/ekambehl/ros_ws/install/realsense2_camera_msgs:/home/ekambehl/ros2_ws/install/realsense2_description:/home/ekambehl/ros2_ws/install/realsense2_camera_msgs:/home/ekambehl/chess_ws/install/my_chess_controller:/home/ekambehl/ros_ws/install/my_robot_camera_driver:/home/ekambehl/ros2_ws/install/my_robot_camera_driver:/opt/ros/humble LD_LIBRARY_PATH=/home/ekambehl/chess_ws/install/realsense2_camera_msgs/lib:/home/ekambehl/chess_ws/install/realsense2_camera/lib:/home/ekambehl/ros_ws/install/realsense2_camera/lib:/home/ekambehl/ros_ws/install/realsense2_camera_msgs/lib:/home/ekambehl/ros2_ws/install/realsense2_camera_msgs/lib:/opt/ros/humble/opt/rviz_ogre_vendor/lib:/opt/ros/humble/lib/x86_64-linux-gnu:/opt/ros/humble/lib /usr/bin/cmake --install /home/ekambehl/chess_ws/build/realsense2_camera
[1.514s] Level 1:colcon.colcon_core.environment:checking '/home/ekambehl/chess_ws/install/realsense2_camera' for CMake config files
[1.515s] Level 1:colcon.colcon_core.shell:create_environment_hook('realsense2_camera', 'cmake_prefix_path')
[1.516s] INFO:colcon.colcon_core.shell:Creating environment hook '/home/ekambehl/chess_ws/install/realsense2_camera/share/realsense2_camera/hook/cmake_prefix_path.ps1'
[1.517s] INFO:colcon.colcon_core.shell:Creating environment descriptor '/home/ekambehl/chess_ws/install/realsense2_camera/share/realsense2_camera/hook/cmake_prefix_path.dsv'
[1.517s] INFO:colcon.colcon_core.shell:Creating environment hook '/home/ekambehl/chess_ws/install/realsense2_camera/share/realsense2_camera/hook/cmake_prefix_path.sh'
[1.517s] Level 1:colcon.colcon_core.environment:checking '/home/ekambehl/chess_ws/install/realsense2_camera/lib'
[1.517s] Level 1:colcon.colcon_core.shell:create_environment_hook('realsense2_camera', 'ld_library_path_lib')
[1.519s] INFO:colcon.colcon_core.shell:Creating environment hook '/home/ekambehl/chess_ws/install/realsense2_camera/share/realsense2_camera/hook/ld_library_path_lib.ps1'
[1.520s] INFO:colcon.colcon_core.shell:Creating environment descriptor '/home/ekambehl/chess_ws/install/realsense2_camera/share/realsense2_camera/hook/ld_library_path_lib.dsv'
[1.520s] INFO:colcon.colcon_core.shell:Creating environment hook '/home/ekambehl/chess_ws/install/realsense2_camera/share/realsense2_camera/hook/ld_library_path_lib.sh'
[1.520s] Level 1:colcon.colcon_core.environment:checking '/home/ekambehl/chess_ws/install/realsense2_camera/bin'
[1.520s] Level 1:colcon.colcon_core.environment:checking '/home/ekambehl/chess_ws/install/realsense2_camera/lib/pkgconfig/realsense2_camera.pc'
[1.520s] Level 1:colcon.colcon_core.environment:checking '/home/ekambehl/chess_ws/install/realsense2_camera/lib/python3.10/site-packages'
[1.520s] Level 1:colcon.colcon_core.environment:checking '/home/ekambehl/chess_ws/install/realsense2_camera/bin'
[1.522s] INFO:colcon.colcon_core.shell:Creating package script '/home/ekambehl/chess_ws/install/realsense2_camera/share/realsense2_camera/package.ps1'
[1.522s] INFO:colcon.colcon_core.shell:Creating package descriptor '/home/ekambehl/chess_ws/install/realsense2_camera/share/realsense2_camera/package.dsv'
[1.523s] INFO:colcon.colcon_core.shell:Creating package script '/home/ekambehl/chess_ws/install/realsense2_camera/share/realsense2_camera/package.sh'
[1.523s] INFO:colcon.colcon_core.shell:Creating package script '/home/ekambehl/chess_ws/install/realsense2_camera/share/realsense2_camera/package.bash'
[1.523s] INFO:colcon.colcon_core.shell:Creating package script '/home/ekambehl/chess_ws/install/realsense2_camera/share/realsense2_camera/package.zsh'
[1.523s] Level 1:colcon.colcon_core.environment:create_file_with_runtime_dependencies(/home/ekambehl/chess_ws/install/realsense2_camera/share/colcon-core/packages/realsense2_camera)
[1.566s] Level 1:colcon.colcon_core.environment:create_environment_scripts_only(realsense2_camera)
[1.569s] Level 1:colcon.colcon_core.environment:checking '/home/ekambehl/chess_ws/install/realsense2_camera' for CMake module files
[1.570s] Level 1:colcon.colcon_core.environment:checking '/home/ekambehl/chess_ws/install/realsense2_camera' for CMake config files
[1.570s] Level 1:colcon.colcon_core.shell:create_environment_hook('realsense2_camera', 'cmake_prefix_path')
[1.571s] INFO:colcon.colcon_core.shell:Creating environment hook '/home/ekambehl/chess_ws/install/realsense2_camera/share/realsense2_camera/hook/cmake_prefix_path.ps1'
[1.572s] INFO:colcon.colcon_core.shell:Creating environment descriptor '/home/ekambehl/chess_ws/install/realsense2_camera/share/realsense2_camera/hook/cmake_prefix_path.dsv'
[1.572s] INFO:colcon.colcon_core.shell:Creating environment hook '/home/ekambehl/chess_ws/install/realsense2_camera/share/realsense2_camera/hook/cmake_prefix_path.sh'
[1.572s] Level 1:colcon.colcon_core.environment:checking '/home/ekambehl/chess_ws/install/realsense2_camera/lib'
[1.572s] Level 1:colcon.colcon_core.shell:create_environment_hook('realsense2_camera', 'ld_library_path_lib')
[1.573s] INFO:colcon.colcon_core.shell:Creating environment hook '/home/ekambehl/chess_ws/install/realsense2_camera/share/realsense2_camera/hook/ld_library_path_lib.ps1'
[1.573s] INFO:colcon.colcon_core.shell:Creating environment descriptor '/home/ekambehl/chess_ws/install/realsense2_camera/share/realsense2_camera/hook/ld_library_path_lib.dsv'
[1.574s] INFO:colcon.colcon_core.shell:Creating environment hook '/home/ekambehl/chess_ws/install/realsense2_camera/share/realsense2_camera/hook/ld_library_path_lib.sh'
[1.574s] Level 1:colcon.colcon_core.environment:checking '/home/ekambehl/chess_ws/install/realsense2_camera/bin'
[1.574s] Level 1:colcon.colcon_core.environment:checking '/home/ekambehl/chess_ws/install/realsense2_camera/lib/pkgconfig/realsense2_camera.pc'
[1.574s] Level 1:colcon.colcon_core.environment:checking '/home/ekambehl/chess_ws/install/realsense2_camera/lib/python3.10/site-packages'
[1.574s] Level 1:colcon.colcon_core.environment:checking '/home/ekambehl/chess_ws/install/realsense2_camera/bin'
[1.575s] INFO:colcon.colcon_core.shell:Creating package script '/home/ekambehl/chess_ws/install/realsense2_camera/share/realsense2_camera/package.ps1'
[1.575s] INFO:colcon.colcon_core.shell:Creating package descriptor '/home/ekambehl/chess_ws/install/realsense2_camera/share/realsense2_camera/package.dsv'
[1.576s] INFO:colcon.colcon_core.shell:Creating package script '/home/ekambehl/chess_ws/install/realsense2_camera/share/realsense2_camera/package.sh'
[1.576s] INFO:colcon.colcon_core.shell:Creating package script '/home/ekambehl/chess_ws/install/realsense2_camera/share/realsense2_camera/package.bash'
[1.576s] INFO:colcon.colcon_core.shell:Creating package script '/home/ekambehl/chess_ws/install/realsense2_camera/share/realsense2_camera/package.zsh'
[1.576s] Level 1:colcon.colcon_core.environment:create_file_with_runtime_dependencies(/home/ekambehl/chess_ws/install/realsense2_camera/share/colcon-core/packages/realsense2_camera)
[1.576s] DEBUG:colcon.colcon_parallel_executor.executor.parallel:closing loop
[1.577s] DEBUG:colcon.colcon_parallel_executor.executor.parallel:loop closed
[1.577s] DEBUG:colcon.colcon_parallel_executor.executor.parallel:run_until_complete finished with '0'
[1.577s] DEBUG:colcon.colcon_core.event_reactor:joining thread
[1.585s] INFO:colcon.colcon_core.plugin_system:Skipping extension 'colcon_notification.desktop_notification.terminal_notifier': Not used on non-Darwin systems
[1.585s] INFO:colcon.colcon_core.plugin_system:Skipping extension 'colcon_notification.desktop_notification.win32': Not used on non-Windows systems
[1.585s] INFO:colcon.colcon_notification.desktop_notification:Sending desktop notification using 'notify2'
[1.599s] DEBUG:colcon.colcon_core.event_reactor:joined thread
[1.603s] INFO:colcon.colcon_core.shell:Creating prefix script '/home/ekambehl/chess_ws/install/local_setup.ps1'
[1.606s] INFO:colcon.colcon_core.shell:Creating prefix util module '/home/ekambehl/chess_ws/install/_local_setup_util_ps1.py'
[1.607s] INFO:colcon.colcon_core.shell:Creating prefix chain script '/home/ekambehl/chess_ws/install/setup.ps1'
[1.609s] INFO:colcon.colcon_core.shell:Creating prefix script '/home/ekambehl/chess_ws/install/local_setup.sh'
[1.609s] INFO:colcon.colcon_core.shell:Creating prefix util module '/home/ekambehl/chess_ws/install/_local_setup_util_sh.py'
[1.610s] INFO:colcon.colcon_core.shell:Creating prefix chain script '/home/ekambehl/chess_ws/install/setup.sh'
[1.612s] INFO:colcon.colcon_core.shell:Creating prefix script '/home/ekambehl/chess_ws/install/local_setup.bash'
[1.613s] INFO:colcon.colcon_core.shell:Creating prefix chain script '/home/ekambehl/chess_ws/install/setup.bash'
[1.615s] INFO:colcon.colcon_core.shell:Creating prefix script '/home/ekambehl/chess_ws/install/local_setup.zsh'
[1.615s] INFO:colcon.colcon_core.shell:Creating prefix chain script '/home/ekambehl/chess_ws/install/setup.zsh'
